[0.063s] Invoking command in '/home/dev/ros2_ws/build/my_msg_types': CMAKE_PREFIX_PATH=${CMAKE_PREFIX_PATH}:/home/dev/ros2_ws/install/my_python_subscriber:/opt/ros/foxy /usr/bin/cmake --build /home/dev/ros2_ws/build/my_msg_types -- -j2 -l2
[0.182s] [  3%] Built target my_msg_types__cpp
[0.196s] [ 12%] Built target my_msg_types__rosidl_generator_c
[0.244s] [ 22%] Built target my_msg_types__rosidl_typesupport_introspection_cpp
[0.246s] [ 32%] Built target my_msg_types__rosidl_typesupport_cpp
[0.288s] [ 41%] Built target my_msg_types__rosidl_typesupport_fastrtps_cpp
[0.322s] [ 51%] Built target my_msg_types__rosidl_typesupport_introspection_c
[0.336s] [ 61%] Built target my_msg_types__rosidl_typesupport_c
[0.393s] [ 70%] Built target my_msg_types__rosidl_typesupport_fastrtps_c
[0.436s] [ 70%] Built target my_msg_types
[0.473s] [ 74%] Built target my_msg_types__py
[0.564s] [ 80%] Built target my_msg_types__python
[0.659s] [ 93%] Built target my_msg_types__rosidl_typesupport_introspection_c__pyext
[0.659s] [ 93%] Built target my_msg_types__rosidl_typesupport_c__pyext
[0.702s] [100%] Built target my_msg_types__rosidl_typesupport_fastrtps_c__pyext
[0.725s] Invoked command in '/home/dev/ros2_ws/build/my_msg_types' returned '0': CMAKE_PREFIX_PATH=${CMAKE_PREFIX_PATH}:/home/dev/ros2_ws/install/my_python_subscriber:/opt/ros/foxy /usr/bin/cmake --build /home/dev/ros2_ws/build/my_msg_types -- -j2 -l2
[0.829s] Invoking command in '/home/dev/ros2_ws/build/my_msg_types': CMAKE_PREFIX_PATH=${CMAKE_PREFIX_PATH}:/home/dev/ros2_ws/install/my_python_subscriber:/opt/ros/foxy /usr/bin/cmake --install /home/dev/ros2_ws/build/my_msg_types
[0.847s] -- Install configuration: ""
[0.847s] -- Up-to-date: /home/dev/ros2_ws/install/my_msg_types/share/ament_index/resource_index/rosidl_interfaces/my_msg_types
[0.847s] -- Up-to-date: /home/dev/ros2_ws/install/my_msg_types/include/my_msg_types
[0.847s] -- Up-to-date: /home/dev/ros2_ws/install/my_msg_types/include/my_msg_types/msg
[0.848s] -- Up-to-date: /home/dev/ros2_ws/install/my_msg_types/include/my_msg_types/msg/my_msg.h
[0.848s] -- Up-to-date: /home/dev/ros2_ws/install/my_msg_types/include/my_msg_types/msg/rosidl_generator_c__visibility_control.h
[0.848s] -- Up-to-date: /home/dev/ros2_ws/install/my_msg_types/include/my_msg_types/msg/detail
[0.848s] -- Up-to-date: /home/dev/ros2_ws/install/my_msg_types/include/my_msg_types/msg/detail/my_msg__type_support.h
[0.848s] -- Up-to-date: /home/dev/ros2_ws/install/my_msg_types/include/my_msg_types/msg/detail/my_msg__functions.h
[0.848s] -- Up-to-date: /home/dev/ros2_ws/install/my_msg_types/include/my_msg_types/msg/detail/my_msg__struct.h
[0.849s] -- Up-to-date: /home/dev/ros2_ws/install/my_msg_types/include/my_msg_types/msg/detail/my_msg__functions.c
[0.849s] -- Up-to-date: /home/dev/ros2_ws/install/my_msg_types/share/my_msg_types/environment/library_path.sh
[0.849s] -- Up-to-date: /home/dev/ros2_ws/install/my_msg_types/share/my_msg_types/environment/library_path.dsv
[0.849s] -- Up-to-date: /home/dev/ros2_ws/install/my_msg_types/lib/libmy_msg_types__rosidl_generator_c.so
[0.849s] -- Up-to-date: /home/dev/ros2_ws/install/my_msg_types/include/my_msg_types
[0.850s] -- Up-to-date: /home/dev/ros2_ws/install/my_msg_types/include/my_msg_types/msg
[0.850s] -- Up-to-date: /home/dev/ros2_ws/install/my_msg_types/include/my_msg_types/msg/rosidl_typesupport_fastrtps_c__visibility_control.h
[0.850s] -- Up-to-date: /home/dev/ros2_ws/install/my_msg_types/include/my_msg_types/msg/detail
[0.851s] -- Up-to-date: /home/dev/ros2_ws/install/my_msg_types/include/my_msg_types/msg/detail/my_msg__rosidl_typesupport_fastrtps_c.h
[0.851s] -- Up-to-date: /home/dev/ros2_ws/install/my_msg_types/lib/libmy_msg_types__rosidl_typesupport_fastrtps_c.so
[0.851s] -- Up-to-date: /home/dev/ros2_ws/install/my_msg_types/include/my_msg_types
[0.851s] -- Up-to-date: /home/dev/ros2_ws/install/my_msg_types/include/my_msg_types/msg
[0.851s] -- Up-to-date: /home/dev/ros2_ws/install/my_msg_types/include/my_msg_types/msg/detail
[0.852s] -- Up-to-date: /home/dev/ros2_ws/install/my_msg_types/include/my_msg_types/msg/detail/dds_fastrtps
[0.852s] -- Up-to-date: /home/dev/ros2_ws/install/my_msg_types/include/my_msg_types/msg/detail/my_msg__rosidl_typesupport_fastrtps_cpp.hpp
[0.852s] -- Up-to-date: /home/dev/ros2_ws/install/my_msg_types/include/my_msg_types/msg/rosidl_typesupport_fastrtps_cpp__visibility_control.h
[0.852s] -- Up-to-date: /home/dev/ros2_ws/install/my_msg_types/lib/libmy_msg_types__rosidl_typesupport_fastrtps_cpp.so
[0.853s] -- Up-to-date: /home/dev/ros2_ws/install/my_msg_types/include/my_msg_types
[0.853s] -- Up-to-date: /home/dev/ros2_ws/install/my_msg_types/include/my_msg_types/msg
[0.853s] -- Up-to-date: /home/dev/ros2_ws/install/my_msg_types/include/my_msg_types/msg/rosidl_typesupport_introspection_c__visibility_control.h
[0.853s] -- Up-to-date: /home/dev/ros2_ws/install/my_msg_types/include/my_msg_types/msg/detail
[0.853s] -- Up-to-date: /home/dev/ros2_ws/install/my_msg_types/include/my_msg_types/msg/detail/my_msg__rosidl_typesupport_introspection_c.h
[0.853s] -- Up-to-date: /home/dev/ros2_ws/install/my_msg_types/include/my_msg_types/msg/detail/my_msg__type_support.c
[0.854s] -- Up-to-date: /home/dev/ros2_ws/install/my_msg_types/lib/libmy_msg_types__rosidl_typesupport_introspection_c.so
[0.854s] -- Up-to-date: /home/dev/ros2_ws/install/my_msg_types/lib/libmy_msg_types__rosidl_typesupport_c.so
[0.855s] -- Up-to-date: /home/dev/ros2_ws/install/my_msg_types/include/my_msg_types
[0.855s] -- Up-to-date: /home/dev/ros2_ws/install/my_msg_types/include/my_msg_types/msg
[0.855s] -- Up-to-date: /home/dev/ros2_ws/install/my_msg_types/include/my_msg_types/msg/my_msg.hpp
[0.855s] -- Up-to-date: /home/dev/ros2_ws/install/my_msg_types/include/my_msg_types/msg/detail
[0.856s] -- Up-to-date: /home/dev/ros2_ws/install/my_msg_types/include/my_msg_types/msg/detail/my_msg__builder.hpp
[0.856s] -- Up-to-date: /home/dev/ros2_ws/install/my_msg_types/include/my_msg_types/msg/detail/my_msg__struct.hpp
[0.856s] -- Up-to-date: /home/dev/ros2_ws/install/my_msg_types/include/my_msg_types/msg/detail/my_msg__traits.hpp
[0.856s] -- Up-to-date: /home/dev/ros2_ws/install/my_msg_types/include/my_msg_types
[0.856s] -- Up-to-date: /home/dev/ros2_ws/install/my_msg_types/include/my_msg_types/msg
[0.856s] -- Up-to-date: /home/dev/ros2_ws/install/my_msg_types/include/my_msg_types/msg/detail
[0.857s] -- Up-to-date: /home/dev/ros2_ws/install/my_msg_types/include/my_msg_types/msg/detail/my_msg__rosidl_typesupport_introspection_cpp.hpp
[0.857s] -- Up-to-date: /home/dev/ros2_ws/install/my_msg_types/include/my_msg_types/msg/detail/my_msg__type_support.cpp
[0.857s] -- Up-to-date: /home/dev/ros2_ws/install/my_msg_types/lib/libmy_msg_types__rosidl_typesupport_introspection_cpp.so
[0.857s] -- Up-to-date: /home/dev/ros2_ws/install/my_msg_types/lib/libmy_msg_types__rosidl_typesupport_cpp.so
[0.857s] -- Up-to-date: /home/dev/ros2_ws/install/my_msg_types/share/my_msg_types/environment/pythonpath.sh
[0.858s] -- Up-to-date: /home/dev/ros2_ws/install/my_msg_types/share/my_msg_types/environment/pythonpath.dsv
[0.858s] -- Up-to-date: /home/dev/ros2_ws/install/my_msg_types/lib/python3.8/site-packages/my_msg_types/__init__.py
[0.926s] -- Up-to-date: /home/dev/ros2_ws/install/my_msg_types/lib/python3.8/site-packages/my_msg_types/msg
[0.926s] -- Up-to-date: /home/dev/ros2_ws/install/my_msg_types/lib/python3.8/site-packages/my_msg_types/msg/__init__.py
[0.927s] -- Up-to-date: /home/dev/ros2_ws/install/my_msg_types/lib/python3.8/site-packages/my_msg_types/msg/_my_msg_s.c
[0.927s] -- Up-to-date: /home/dev/ros2_ws/install/my_msg_types/lib/python3.8/site-packages/my_msg_types/msg/_my_msg.py
[0.927s] -- Up-to-date: /home/dev/ros2_ws/install/my_msg_types/lib/python3.8/site-packages/my_msg_types/my_msg_types_s__rosidl_typesupport_fastrtps_c.cpython-38-x86_64-linux-gnu.so
[0.929s] -- Up-to-date: /home/dev/ros2_ws/install/my_msg_types/lib/python3.8/site-packages/my_msg_types/my_msg_types_s__rosidl_typesupport_introspection_c.cpython-38-x86_64-linux-gnu.so
[0.931s] -- Up-to-date: /home/dev/ros2_ws/install/my_msg_types/lib/python3.8/site-packages/my_msg_types/my_msg_types_s__rosidl_typesupport_c.cpython-38-x86_64-linux-gnu.so
[0.932s] -- Up-to-date: /home/dev/ros2_ws/install/my_msg_types/lib/libmy_msg_types__python.so
[0.932s] -- Up-to-date: /home/dev/ros2_ws/install/my_msg_types/share/my_msg_types/msg/MyMsg.idl
[0.933s] -- Up-to-date: /home/dev/ros2_ws/install/my_msg_types/share/my_msg_types/msg/MyMsg.msg
[0.933s] -- Up-to-date: /home/dev/ros2_ws/install/my_msg_types/share/ament_index/resource_index/package_run_dependencies/my_msg_types
[0.934s] -- Up-to-date: /home/dev/ros2_ws/install/my_msg_types/share/ament_index/resource_index/parent_prefix_path/my_msg_types
[0.934s] -- Up-to-date: /home/dev/ros2_ws/install/my_msg_types/share/my_msg_types/environment/ament_prefix_path.sh
[0.934s] -- Up-to-date: /home/dev/ros2_ws/install/my_msg_types/share/my_msg_types/environment/ament_prefix_path.dsv
[0.934s] -- Up-to-date: /home/dev/ros2_ws/install/my_msg_types/share/my_msg_types/environment/path.sh
[0.934s] -- Up-to-date: /home/dev/ros2_ws/install/my_msg_types/share/my_msg_types/environment/path.dsv
[0.935s] -- Up-to-date: /home/dev/ros2_ws/install/my_msg_types/share/my_msg_types/local_setup.bash
[0.935s] -- Up-to-date: /home/dev/ros2_ws/install/my_msg_types/share/my_msg_types/local_setup.sh
[0.935s] -- Up-to-date: /home/dev/ros2_ws/install/my_msg_types/share/my_msg_types/local_setup.zsh
[0.935s] -- Up-to-date: /home/dev/ros2_ws/install/my_msg_types/share/my_msg_types/local_setup.dsv
[0.936s] -- Installing: /home/dev/ros2_ws/install/my_msg_types/share/my_msg_types/package.dsv
[0.936s] -- Up-to-date: /home/dev/ros2_ws/install/my_msg_types/share/ament_index/resource_index/packages/my_msg_types
[0.936s] -- Up-to-date: /home/dev/ros2_ws/install/my_msg_types/share/my_msg_types/cmake/my_msg_types__rosidl_generator_cExport.cmake
[0.936s] -- Up-to-date: /home/dev/ros2_ws/install/my_msg_types/share/my_msg_types/cmake/my_msg_types__rosidl_generator_cExport-noconfig.cmake
[0.936s] -- Up-to-date: /home/dev/ros2_ws/install/my_msg_types/share/my_msg_types/cmake/my_msg_types__rosidl_typesupport_introspection_cExport.cmake
[0.937s] -- Up-to-date: /home/dev/ros2_ws/install/my_msg_types/share/my_msg_types/cmake/my_msg_types__rosidl_typesupport_introspection_cExport-noconfig.cmake
[0.937s] -- Up-to-date: /home/dev/ros2_ws/install/my_msg_types/share/my_msg_types/cmake/my_msg_types__rosidl_typesupport_cExport.cmake
[0.937s] -- Up-to-date: /home/dev/ros2_ws/install/my_msg_types/share/my_msg_types/cmake/my_msg_types__rosidl_typesupport_cExport-noconfig.cmake
[0.938s] -- Up-to-date: /home/dev/ros2_ws/install/my_msg_types/share/my_msg_types/cmake/my_msg_types__rosidl_generator_cppExport.cmake
[0.938s] -- Up-to-date: /home/dev/ros2_ws/install/my_msg_types/share/my_msg_types/cmake/my_msg_types__rosidl_typesupport_introspection_cppExport.cmake
[0.938s] -- Up-to-date: /home/dev/ros2_ws/install/my_msg_types/share/my_msg_types/cmake/my_msg_types__rosidl_typesupport_introspection_cppExport-noconfig.cmake
[0.938s] -- Up-to-date: /home/dev/ros2_ws/install/my_msg_types/share/my_msg_types/cmake/my_msg_types__rosidl_typesupport_cppExport.cmake
[0.938s] -- Up-to-date: /home/dev/ros2_ws/install/my_msg_types/share/my_msg_types/cmake/my_msg_types__rosidl_typesupport_cppExport-noconfig.cmake
[0.939s] -- Up-to-date: /home/dev/ros2_ws/install/my_msg_types/share/my_msg_types/cmake/rosidl_cmake-extras.cmake
[0.939s] -- Up-to-date: /home/dev/ros2_ws/install/my_msg_types/share/my_msg_types/cmake/ament_cmake_export_dependencies-extras.cmake
[0.939s] -- Up-to-date: /home/dev/ros2_ws/install/my_msg_types/share/my_msg_types/cmake/ament_cmake_export_libraries-extras.cmake
[0.939s] -- Up-to-date: /home/dev/ros2_ws/install/my_msg_types/share/my_msg_types/cmake/ament_cmake_export_targets-extras.cmake
[0.939s] -- Up-to-date: /home/dev/ros2_ws/install/my_msg_types/share/my_msg_types/cmake/ament_cmake_export_include_directories-extras.cmake
[0.939s] -- Up-to-date: /home/dev/ros2_ws/install/my_msg_types/share/my_msg_types/cmake/rosidl_cmake_export_typesupport_libraries-extras.cmake
[0.939s] -- Up-to-date: /home/dev/ros2_ws/install/my_msg_types/share/my_msg_types/cmake/rosidl_cmake_export_typesupport_targets-extras.cmake
[0.940s] -- Up-to-date: /home/dev/ros2_ws/install/my_msg_types/share/my_msg_types/cmake/my_msg_typesConfig.cmake
[0.940s] -- Up-to-date: /home/dev/ros2_ws/install/my_msg_types/share/my_msg_types/cmake/my_msg_typesConfig-version.cmake
[0.940s] -- Up-to-date: /home/dev/ros2_ws/install/my_msg_types/share/my_msg_types/package.xml
[0.948s] Invoked command in '/home/dev/ros2_ws/build/my_msg_types' returned '0': CMAKE_PREFIX_PATH=${CMAKE_PREFIX_PATH}:/home/dev/ros2_ws/install/my_python_subscriber:/opt/ros/foxy /usr/bin/cmake --install /home/dev/ros2_ws/build/my_msg_types
