[0.057s] Invoking command in '/home/dev/ros2_ws/build/my_msg_types': CMAKE_PREFIX_PATH=${CMAKE_PREFIX_PATH}:/home/dev/ros2_ws/install/my_python_subscriber:/opt/ros/foxy /usr/bin/cmake --build /home/dev/ros2_ws/build/my_msg_types -- -j2 -l2
[0.369s] [  3%] Built target my_msg_types__cpp
[0.382s] [ 12%] Built target my_msg_types__rosidl_generator_c
[0.449s] [ 22%] Built target my_msg_types__rosidl_typesupport_cpp
[0.451s] [ 32%] Built target my_msg_types__rosidl_typesupport_introspection_cpp
[0.520s] [ 51%] Built target my_msg_types__rosidl_typesupport_fastrtps_cpp
[0.522s] [ 48%] Built target my_msg_types__rosidl_typesupport_introspection_c
[0.577s] [ 61%] Built target my_msg_types__rosidl_typesupport_c
[0.616s] [ 70%] Built target my_msg_types__rosidl_typesupport_fastrtps_c
[0.671s] [ 70%] Built target my_msg_types
[0.733s] [ 74%] Built target my_msg_types__py
[0.806s] [ 80%] Built target my_msg_types__python
[0.872s] [ 93%] Built target my_msg_types__rosidl_typesupport_introspection_c__pyext
[0.872s] [ 93%] Built target my_msg_types__rosidl_typesupport_c__pyext
[0.922s] [100%] Built target my_msg_types__rosidl_typesupport_fastrtps_c__pyext
[0.940s] Invoked command in '/home/dev/ros2_ws/build/my_msg_types' returned '0': CMAKE_PREFIX_PATH=${CMAKE_PREFIX_PATH}:/home/dev/ros2_ws/install/my_python_subscriber:/opt/ros/foxy /usr/bin/cmake --build /home/dev/ros2_ws/build/my_msg_types -- -j2 -l2
[1.018s] Invoking command in '/home/dev/ros2_ws/build/my_msg_types': CMAKE_PREFIX_PATH=${CMAKE_PREFIX_PATH}:/home/dev/ros2_ws/install/my_python_subscriber:/opt/ros/foxy /usr/bin/cmake --install /home/dev/ros2_ws/build/my_msg_types
[1.047s] -- Install configuration: ""
[1.048s] -- Up-to-date: /home/dev/ros2_ws/install/my_msg_types/share/ament_index/resource_index/rosidl_interfaces/my_msg_types
[1.049s] -- Up-to-date: /home/dev/ros2_ws/install/my_msg_types/include/my_msg_types
[1.049s] -- Up-to-date: /home/dev/ros2_ws/install/my_msg_types/include/my_msg_types/msg
[1.050s] -- Up-to-date: /home/dev/ros2_ws/install/my_msg_types/include/my_msg_types/msg/my_msg.h
[1.050s] -- Up-to-date: /home/dev/ros2_ws/install/my_msg_types/include/my_msg_types/msg/rosidl_generator_c__visibility_control.h
[1.050s] -- Up-to-date: /home/dev/ros2_ws/install/my_msg_types/include/my_msg_types/msg/detail
[1.050s] -- Up-to-date: /home/dev/ros2_ws/install/my_msg_types/include/my_msg_types/msg/detail/my_msg__type_support.h
[1.050s] -- Up-to-date: /home/dev/ros2_ws/install/my_msg_types/include/my_msg_types/msg/detail/my_msg__functions.h
[1.050s] -- Up-to-date: /home/dev/ros2_ws/install/my_msg_types/include/my_msg_types/msg/detail/my_msg__struct.h
[1.050s] -- Up-to-date: /home/dev/ros2_ws/install/my_msg_types/include/my_msg_types/msg/detail/my_msg__functions.c
[1.051s] -- Up-to-date: /home/dev/ros2_ws/install/my_msg_types/share/my_msg_types/environment/library_path.sh
[1.051s] -- Up-to-date: /home/dev/ros2_ws/install/my_msg_types/share/my_msg_types/environment/library_path.dsv
[1.052s] -- Up-to-date: /home/dev/ros2_ws/install/my_msg_types/lib/libmy_msg_types__rosidl_generator_c.so
[1.053s] -- Up-to-date: /home/dev/ros2_ws/install/my_msg_types/include/my_msg_types
[1.054s] -- Up-to-date: /home/dev/ros2_ws/install/my_msg_types/include/my_msg_types/msg
[1.054s] -- Up-to-date: /home/dev/ros2_ws/install/my_msg_types/include/my_msg_types/msg/rosidl_typesupport_fastrtps_c__visibility_control.h
[1.054s] -- Up-to-date: /home/dev/ros2_ws/install/my_msg_types/include/my_msg_types/msg/detail
[1.054s] -- Up-to-date: /home/dev/ros2_ws/install/my_msg_types/include/my_msg_types/msg/detail/my_msg__rosidl_typesupport_fastrtps_c.h
[1.056s] -- Up-to-date: /home/dev/ros2_ws/install/my_msg_types/lib/libmy_msg_types__rosidl_typesupport_fastrtps_c.so
[1.057s] -- Up-to-date: /home/dev/ros2_ws/install/my_msg_types/include/my_msg_types
[1.058s] -- Up-to-date: /home/dev/ros2_ws/install/my_msg_types/include/my_msg_types/msg
[1.058s] -- Up-to-date: /home/dev/ros2_ws/install/my_msg_types/include/my_msg_types/msg/detail
[1.058s] -- Up-to-date: /home/dev/ros2_ws/install/my_msg_types/include/my_msg_types/msg/detail/dds_fastrtps
[1.058s] -- Up-to-date: /home/dev/ros2_ws/install/my_msg_types/include/my_msg_types/msg/detail/my_msg__rosidl_typesupport_fastrtps_cpp.hpp
[1.058s] -- Up-to-date: /home/dev/ros2_ws/install/my_msg_types/include/my_msg_types/msg/rosidl_typesupport_fastrtps_cpp__visibility_control.h
[1.060s] -- Up-to-date: /home/dev/ros2_ws/install/my_msg_types/lib/libmy_msg_types__rosidl_typesupport_fastrtps_cpp.so
[1.061s] -- Up-to-date: /home/dev/ros2_ws/install/my_msg_types/include/my_msg_types
[1.061s] -- Up-to-date: /home/dev/ros2_ws/install/my_msg_types/include/my_msg_types/msg
[1.061s] -- Up-to-date: /home/dev/ros2_ws/install/my_msg_types/include/my_msg_types/msg/rosidl_typesupport_introspection_c__visibility_control.h
[1.062s] -- Up-to-date: /home/dev/ros2_ws/install/my_msg_types/include/my_msg_types/msg/detail
[1.062s] -- Up-to-date: /home/dev/ros2_ws/install/my_msg_types/include/my_msg_types/msg/detail/my_msg__rosidl_typesupport_introspection_c.h
[1.062s] -- Up-to-date: /home/dev/ros2_ws/install/my_msg_types/include/my_msg_types/msg/detail/my_msg__type_support.c
[1.063s] -- Up-to-date: /home/dev/ros2_ws/install/my_msg_types/lib/libmy_msg_types__rosidl_typesupport_introspection_c.so
[1.066s] -- Up-to-date: /home/dev/ros2_ws/install/my_msg_types/lib/libmy_msg_types__rosidl_typesupport_c.so
[1.067s] -- Up-to-date: /home/dev/ros2_ws/install/my_msg_types/include/my_msg_types
[1.068s] -- Up-to-date: /home/dev/ros2_ws/install/my_msg_types/include/my_msg_types/msg
[1.068s] -- Up-to-date: /home/dev/ros2_ws/install/my_msg_types/include/my_msg_types/msg/my_msg.hpp
[1.068s] -- Up-to-date: /home/dev/ros2_ws/install/my_msg_types/include/my_msg_types/msg/detail
[1.069s] -- Up-to-date: /home/dev/ros2_ws/install/my_msg_types/include/my_msg_types/msg/detail/my_msg__builder.hpp
[1.069s] -- Up-to-date: /home/dev/ros2_ws/install/my_msg_types/include/my_msg_types/msg/detail/my_msg__struct.hpp
[1.069s] -- Up-to-date: /home/dev/ros2_ws/install/my_msg_types/include/my_msg_types/msg/detail/my_msg__traits.hpp
[1.069s] -- Up-to-date: /home/dev/ros2_ws/install/my_msg_types/include/my_msg_types
[1.070s] -- Up-to-date: /home/dev/ros2_ws/install/my_msg_types/include/my_msg_types/msg
[1.070s] -- Up-to-date: /home/dev/ros2_ws/install/my_msg_types/include/my_msg_types/msg/detail
[1.070s] -- Up-to-date: /home/dev/ros2_ws/install/my_msg_types/include/my_msg_types/msg/detail/my_msg__rosidl_typesupport_introspection_cpp.hpp
[1.070s] -- Up-to-date: /home/dev/ros2_ws/install/my_msg_types/include/my_msg_types/msg/detail/my_msg__type_support.cpp
[1.070s] -- Up-to-date: /home/dev/ros2_ws/install/my_msg_types/lib/libmy_msg_types__rosidl_typesupport_introspection_cpp.so
[1.072s] -- Up-to-date: /home/dev/ros2_ws/install/my_msg_types/lib/libmy_msg_types__rosidl_typesupport_cpp.so
[1.073s] -- Up-to-date: /home/dev/ros2_ws/install/my_msg_types/share/my_msg_types/environment/pythonpath.sh
[1.073s] -- Up-to-date: /home/dev/ros2_ws/install/my_msg_types/share/my_msg_types/environment/pythonpath.dsv
[1.074s] -- Up-to-date: /home/dev/ros2_ws/install/my_msg_types/lib/python3.8/site-packages/my_msg_types/__init__.py
[1.151s] -- Up-to-date: /home/dev/ros2_ws/install/my_msg_types/lib/python3.8/site-packages/my_msg_types/msg
[1.152s] -- Up-to-date: /home/dev/ros2_ws/install/my_msg_types/lib/python3.8/site-packages/my_msg_types/msg/__init__.py
[1.152s] -- Up-to-date: /home/dev/ros2_ws/install/my_msg_types/lib/python3.8/site-packages/my_msg_types/msg/_my_msg_s.c
[1.152s] -- Up-to-date: /home/dev/ros2_ws/install/my_msg_types/lib/python3.8/site-packages/my_msg_types/msg/_my_msg.py
[1.155s] -- Up-to-date: /home/dev/ros2_ws/install/my_msg_types/lib/python3.8/site-packages/my_msg_types/my_msg_types_s__rosidl_typesupport_fastrtps_c.cpython-38-x86_64-linux-gnu.so
[1.158s] -- Up-to-date: /home/dev/ros2_ws/install/my_msg_types/lib/python3.8/site-packages/my_msg_types/my_msg_types_s__rosidl_typesupport_introspection_c.cpython-38-x86_64-linux-gnu.so
[1.161s] -- Up-to-date: /home/dev/ros2_ws/install/my_msg_types/lib/python3.8/site-packages/my_msg_types/my_msg_types_s__rosidl_typesupport_c.cpython-38-x86_64-linux-gnu.so
[1.165s] -- Up-to-date: /home/dev/ros2_ws/install/my_msg_types/lib/libmy_msg_types__python.so
[1.165s] -- Up-to-date: /home/dev/ros2_ws/install/my_msg_types/share/my_msg_types/msg/MyMsg.idl
[1.166s] -- Up-to-date: /home/dev/ros2_ws/install/my_msg_types/share/my_msg_types/msg/MyMsg.msg
[1.166s] -- Up-to-date: /home/dev/ros2_ws/install/my_msg_types/share/ament_index/resource_index/package_run_dependencies/my_msg_types
[1.167s] -- Up-to-date: /home/dev/ros2_ws/install/my_msg_types/share/ament_index/resource_index/parent_prefix_path/my_msg_types
[1.167s] -- Up-to-date: /home/dev/ros2_ws/install/my_msg_types/share/my_msg_types/environment/ament_prefix_path.sh
[1.168s] -- Up-to-date: /home/dev/ros2_ws/install/my_msg_types/share/my_msg_types/environment/ament_prefix_path.dsv
[1.168s] -- Up-to-date: /home/dev/ros2_ws/install/my_msg_types/share/my_msg_types/environment/path.sh
[1.169s] -- Up-to-date: /home/dev/ros2_ws/install/my_msg_types/share/my_msg_types/environment/path.dsv
[1.169s] -- Up-to-date: /home/dev/ros2_ws/install/my_msg_types/share/my_msg_types/local_setup.bash
[1.169s] -- Up-to-date: /home/dev/ros2_ws/install/my_msg_types/share/my_msg_types/local_setup.sh
[1.169s] -- Up-to-date: /home/dev/ros2_ws/install/my_msg_types/share/my_msg_types/local_setup.zsh
[1.170s] -- Up-to-date: /home/dev/ros2_ws/install/my_msg_types/share/my_msg_types/local_setup.dsv
[1.170s] -- Installing: /home/dev/ros2_ws/install/my_msg_types/share/my_msg_types/package.dsv
[1.170s] -- Up-to-date: /home/dev/ros2_ws/install/my_msg_types/share/ament_index/resource_index/packages/my_msg_types
[1.176s] -- Up-to-date: /home/dev/ros2_ws/install/my_msg_types/share/my_msg_types/cmake/my_msg_types__rosidl_generator_cExport.cmake
[1.177s] -- Up-to-date: /home/dev/ros2_ws/install/my_msg_types/share/my_msg_types/cmake/my_msg_types__rosidl_generator_cExport-noconfig.cmake
[1.179s] -- Up-to-date: /home/dev/ros2_ws/install/my_msg_types/share/my_msg_types/cmake/my_msg_types__rosidl_typesupport_introspection_cExport.cmake
[1.179s] -- Up-to-date: /home/dev/ros2_ws/install/my_msg_types/share/my_msg_types/cmake/my_msg_types__rosidl_typesupport_introspection_cExport-noconfig.cmake
[1.181s] -- Up-to-date: /home/dev/ros2_ws/install/my_msg_types/share/my_msg_types/cmake/my_msg_types__rosidl_typesupport_cExport.cmake
[1.181s] -- Up-to-date: /home/dev/ros2_ws/install/my_msg_types/share/my_msg_types/cmake/my_msg_types__rosidl_typesupport_cExport-noconfig.cmake
[1.183s] -- Up-to-date: /home/dev/ros2_ws/install/my_msg_types/share/my_msg_types/cmake/my_msg_types__rosidl_generator_cppExport.cmake
[1.185s] -- Up-to-date: /home/dev/ros2_ws/install/my_msg_types/share/my_msg_types/cmake/my_msg_types__rosidl_typesupport_introspection_cppExport.cmake
[1.186s] -- Up-to-date: /home/dev/ros2_ws/install/my_msg_types/share/my_msg_types/cmake/my_msg_types__rosidl_typesupport_introspection_cppExport-noconfig.cmake
[1.188s] -- Up-to-date: /home/dev/ros2_ws/install/my_msg_types/share/my_msg_types/cmake/my_msg_types__rosidl_typesupport_cppExport.cmake
[1.188s] -- Up-to-date: /home/dev/ros2_ws/install/my_msg_types/share/my_msg_types/cmake/my_msg_types__rosidl_typesupport_cppExport-noconfig.cmake
[1.189s] -- Up-to-date: /home/dev/ros2_ws/install/my_msg_types/share/my_msg_types/cmake/rosidl_cmake-extras.cmake
[1.189s] -- Up-to-date: /home/dev/ros2_ws/install/my_msg_types/share/my_msg_types/cmake/ament_cmake_export_dependencies-extras.cmake
[1.190s] -- Up-to-date: /home/dev/ros2_ws/install/my_msg_types/share/my_msg_types/cmake/ament_cmake_export_libraries-extras.cmake
[1.190s] -- Up-to-date: /home/dev/ros2_ws/install/my_msg_types/share/my_msg_types/cmake/ament_cmake_export_targets-extras.cmake
[1.190s] -- Up-to-date: /home/dev/ros2_ws/install/my_msg_types/share/my_msg_types/cmake/ament_cmake_export_include_directories-extras.cmake
[1.190s] -- Up-to-date: /home/dev/ros2_ws/install/my_msg_types/share/my_msg_types/cmake/rosidl_cmake_export_typesupport_libraries-extras.cmake
[1.190s] -- Up-to-date: /home/dev/ros2_ws/install/my_msg_types/share/my_msg_types/cmake/rosidl_cmake_export_typesupport_targets-extras.cmake
[1.191s] -- Up-to-date: /home/dev/ros2_ws/install/my_msg_types/share/my_msg_types/cmake/my_msg_typesConfig.cmake
[1.191s] -- Up-to-date: /home/dev/ros2_ws/install/my_msg_types/share/my_msg_types/cmake/my_msg_typesConfig-version.cmake
[1.191s] -- Up-to-date: /home/dev/ros2_ws/install/my_msg_types/share/my_msg_types/package.xml
[1.202s] Invoked command in '/home/dev/ros2_ws/build/my_msg_types' returned '0': CMAKE_PREFIX_PATH=${CMAKE_PREFIX_PATH}:/home/dev/ros2_ws/install/my_python_subscriber:/opt/ros/foxy /usr/bin/cmake --install /home/dev/ros2_ws/build/my_msg_types
