-- Found ament_cmake: 0.9.11 (/opt/ros/foxy/share/ament_cmake/cmake)
-- Found PythonInterp: /usr/bin/python3 (found suitable version "3.8.10", minimum required is "3") 
-- Using PYTHON_EXECUTABLE: /usr/bin/python3
-- Override CMake install command with custom implementation using symlinks instead of copying resources
-- Found rosidl_default_generators: 1.0.1 (/opt/ros/foxy/share/rosidl_default_generators/cmake)
-- Using all available rosidl_typesupport_c: rosidl_typesupport_fastrtps_c;rosidl_typesupport_introspection_c
-- Found rosidl_adapter: 1.3.0 (/opt/ros/foxy/share/rosidl_adapter/cmake)
-- Using all available rosidl_typesupport_cpp: rosidl_typesupport_fastrtps_cpp;rosidl_typesupport_introspection_cpp
-- Found PythonInterp: /usr/bin/python3 (found version "3.8.10") 
-- Found ament_cmake_ros: 0.9.2 (/opt/ros/foxy/share/ament_cmake_ros/cmake)
-- Using all available rosidl_typesupport_c: rosidl_typesupport_fastrtps_c;rosidl_typesupport_introspection_c
-- Using all available rosidl_typesupport_cpp: rosidl_typesupport_fastrtps_cpp;rosidl_typesupport_introspection_cpp
-- Found PythonInterp: /usr/bin/python3 (found suitable version "3.8.10", minimum required is "3.5") 
-- Found python_cmake_module: 0.8.1 (/opt/ros/foxy/share/python_cmake_module/cmake)
-- Using PYTHON_EXECUTABLE: /usr/bin/python3
-- Using PYTHON_INCLUDE_DIRS: /usr/include/python3.8
-- Using PYTHON_LIBRARIES: /usr/lib/x86_64-linux-gnu/libpython3.8.so
-- Found ament_lint_auto: 0.9.7 (/opt/ros/foxy/share/ament_lint_auto/cmake)
-- Added test 'copyright' to check source files copyright and LICENSE
-- Added test 'lint_cmake' to check CMake code style
-- Added test 'xmllint' to check XML markup files
-- Configuring done
-- Generating done
-- Build files have been written to: /home/dev/ros2_ws/build/my_msg_types
[  3%] Built target my_msg_types__cpp
[  6%] [32mBuilding C object CMakeFiles/my_msg_types__rosidl_generator_c.dir/rosidl_generator_c/my_msg_types/msg/detail/my_msg__functions.c.o[0m
[  9%] [32mBuilding CXX object CMakeFiles/my_msg_types__rosidl_typesupport_introspection_cpp.dir/rosidl_typesupport_introspection_cpp/my_msg_types/msg/detail/my_msg__type_support.cpp.o[0m
[ 12%] [32m[1mLinking C shared library libmy_msg_types__rosidl_generator_c.so[0m
[ 16%] Built target my_msg_types__rosidl_generator_c
[ 19%] [32mBuilding CXX object CMakeFiles/my_msg_types__rosidl_typesupport_cpp.dir/rosidl_typesupport_cpp/my_msg_types/msg/my_msg__type_support.cpp.o[0m
[ 22%] [32m[1mLinking CXX shared library libmy_msg_types__rosidl_typesupport_introspection_cpp.so[0m
[ 25%] Built target my_msg_types__rosidl_typesupport_introspection_cpp
[ 29%] [32mBuilding CXX object CMakeFiles/my_msg_types__rosidl_typesupport_fastrtps_cpp.dir/rosidl_typesupport_fastrtps_cpp/my_msg_types/msg/detail/dds_fastrtps/my_msg__type_support.cpp.o[0m
[ 32%] [32m[1mLinking CXX shared library libmy_msg_types__rosidl_typesupport_cpp.so[0m
[ 35%] Built target my_msg_types__rosidl_typesupport_cpp
[ 38%] [32mBuilding C object CMakeFiles/my_msg_types__rosidl_typesupport_introspection_c.dir/rosidl_typesupport_introspection_c/my_msg_types/msg/detail/my_msg__type_support.c.o[0m
[ 41%] [32m[1mLinking C shared library libmy_msg_types__rosidl_typesupport_introspection_c.so[0m
[ 45%] Built target my_msg_types__rosidl_typesupport_introspection_c
[ 48%] [32mBuilding CXX object CMakeFiles/my_msg_types__rosidl_typesupport_c.dir/rosidl_typesupport_c/my_msg_types/msg/my_msg__type_support.cpp.o[0m
[ 51%] [32m[1mLinking CXX shared library libmy_msg_types__rosidl_typesupport_c.so[0m
[ 54%] Built target my_msg_types__rosidl_typesupport_c
[ 58%] [32m[1mLinking CXX shared library libmy_msg_types__rosidl_typesupport_fastrtps_cpp.so[0m
[ 61%] Built target my_msg_types__rosidl_typesupport_fastrtps_cpp
[ 64%] [32mBuilding CXX object CMakeFiles/my_msg_types__rosidl_typesupport_fastrtps_c.dir/rosidl_typesupport_fastrtps_c/my_msg_types/msg/detail/my_msg__type_support_c.cpp.o[0m
[ 67%] [32m[1mLinking CXX shared library libmy_msg_types__rosidl_typesupport_fastrtps_c.so[0m
[ 70%] Built target my_msg_types__rosidl_typesupport_fastrtps_c
[ 70%] Built target my_msg_types
[ 74%] Built target my_msg_types__py
[ 77%] [32mBuilding C object CMakeFiles/my_msg_types__python.dir/rosidl_generator_py/my_msg_types/msg/_my_msg_s.c.o[0m
[ 80%] [32m[1mLinking C shared library rosidl_generator_py/my_msg_types/libmy_msg_types__python.so[0m
[ 80%] Built target my_msg_types__python
[ 83%] [32mBuilding C object CMakeFiles/my_msg_types__rosidl_typesupport_introspection_c__pyext.dir/rosidl_generator_py/my_msg_types/_my_msg_types_s.ep.rosidl_typesupport_introspection_c.c.o[0m
[ 87%] [32mBuilding C object CMakeFiles/my_msg_types__rosidl_typesupport_c__pyext.dir/rosidl_generator_py/my_msg_types/_my_msg_types_s.ep.rosidl_typesupport_c.c.o[0m
[ 90%] [32m[1mLinking C shared library rosidl_generator_py/my_msg_types/my_msg_types_s__rosidl_typesupport_introspection_c.cpython-38-x86_64-linux-gnu.so[0m
[ 93%] [32m[1mLinking C shared library rosidl_generator_py/my_msg_types/my_msg_types_s__rosidl_typesupport_c.cpython-38-x86_64-linux-gnu.so[0m
[ 93%] Built target my_msg_types__rosidl_typesupport_introspection_c__pyext
[ 93%] Built target my_msg_types__rosidl_typesupport_c__pyext
[ 96%] [32mBuilding C object CMakeFiles/my_msg_types__rosidl_typesupport_fastrtps_c__pyext.dir/rosidl_generator_py/my_msg_types/_my_msg_types_s.ep.rosidl_typesupport_fastrtps_c.c.o[0m
[100%] [32m[1mLinking CXX shared library rosidl_generator_py/my_msg_types/my_msg_types_s__rosidl_typesupport_fastrtps_c.cpython-38-x86_64-linux-gnu.so[0m
[100%] Built target my_msg_types__rosidl_typesupport_fastrtps_c__pyext
-- Install configuration: "RelWithDebInfo"
-- Execute custom install script
-- Symlinking: /home/dev/ros2_ws/install/my_msg_types/share/ament_index/resource_index/rosidl_interfaces/my_msg_types
-- Symlinking: /home/dev/ros2_ws/install/my_msg_types/include/my_msg_types/msg/detail/my_msg__functions.h
-- Symlinking: /home/dev/ros2_ws/install/my_msg_types/include/my_msg_types/msg/detail/my_msg__struct.h
-- Symlinking: /home/dev/ros2_ws/install/my_msg_types/include/my_msg_types/msg/detail/my_msg__type_support.h
-- Symlinking: /home/dev/ros2_ws/install/my_msg_types/include/my_msg_types/msg/my_msg.h
-- Symlinking: /home/dev/ros2_ws/install/my_msg_types/include/my_msg_types/msg/rosidl_generator_c__visibility_control.h
-- Symlinking: /home/dev/ros2_ws/install/my_msg_types/share/my_msg_types/environment/library_path.sh
-- Symlinking: /home/dev/ros2_ws/install/my_msg_types/share/my_msg_types/environment/library_path.dsv
-- Symlinking: /home/dev/ros2_ws/install/my_msg_types/include/my_msg_types/msg/detail/my_msg__rosidl_typesupport_fastrtps_c.h
-- Symlinking: /home/dev/ros2_ws/install/my_msg_types/include/my_msg_types/msg/rosidl_typesupport_fastrtps_c__visibility_control.h
-- Symlinking: /home/dev/ros2_ws/install/my_msg_types/lib/libmy_msg_types__rosidl_typesupport_fastrtps_c.so
-- Symlinking: /home/dev/ros2_ws/install/my_msg_types/include/my_msg_types/msg/detail/my_msg__rosidl_typesupport_fastrtps_cpp.hpp
-- Symlinking: /home/dev/ros2_ws/install/my_msg_types/include/my_msg_types/msg/rosidl_typesupport_fastrtps_cpp__visibility_control.h
-- Symlinking: /home/dev/ros2_ws/install/my_msg_types/lib/libmy_msg_types__rosidl_typesupport_fastrtps_cpp.so
-- Symlinking: /home/dev/ros2_ws/install/my_msg_types/include/my_msg_types/msg/detail/my_msg__rosidl_typesupport_introspection_c.h
-- Symlinking: /home/dev/ros2_ws/install/my_msg_types/include/my_msg_types/msg/rosidl_typesupport_introspection_c__visibility_control.h
-- Symlinking: /home/dev/ros2_ws/install/my_msg_types/include/my_msg_types/msg/detail/my_msg__builder.hpp
-- Symlinking: /home/dev/ros2_ws/install/my_msg_types/include/my_msg_types/msg/detail/my_msg__struct.hpp
-- Symlinking: /home/dev/ros2_ws/install/my_msg_types/include/my_msg_types/msg/detail/my_msg__traits.hpp
-- Symlinking: /home/dev/ros2_ws/install/my_msg_types/include/my_msg_types/msg/my_msg.hpp
-- Symlinking: /home/dev/ros2_ws/install/my_msg_types/include/my_msg_types/msg/detail/my_msg__rosidl_typesupport_introspection_cpp.hpp
-- Symlinking: /home/dev/ros2_ws/install/my_msg_types/share/my_msg_types/environment/pythonpath.sh
-- Symlinking: /home/dev/ros2_ws/install/my_msg_types/share/my_msg_types/environment/pythonpath.dsv
-- Symlinking: /home/dev/ros2_ws/install/my_msg_types/lib/python3.8/site-packages/my_msg_types/__init__.py
-- Symlinking: /home/dev/ros2_ws/install/my_msg_types/lib/python3.8/site-packages/my_msg_types/msg/__init__.py
-- Symlinking: /home/dev/ros2_ws/install/my_msg_types/lib/python3.8/site-packages/my_msg_types/msg/_my_msg.py
-- Symlinking: /home/dev/ros2_ws/install/my_msg_types/lib/python3.8/site-packages/my_msg_types/my_msg_types_s__rosidl_typesupport_fastrtps_c.cpython-38-x86_64-linux-gnu.so
-- Symlinking: /home/dev/ros2_ws/install/my_msg_types/lib/python3.8/site-packages/my_msg_types/my_msg_types_s__rosidl_typesupport_introspection_c.cpython-38-x86_64-linux-gnu.so
-- Symlinking: /home/dev/ros2_ws/install/my_msg_types/lib/python3.8/site-packages/my_msg_types/my_msg_types_s__rosidl_typesupport_c.cpython-38-x86_64-linux-gnu.so
-- Symlinking: /home/dev/ros2_ws/install/my_msg_types/lib/libmy_msg_types__python.so
-- Symlinking: /home/dev/ros2_ws/install/my_msg_types/share/my_msg_types/msg/MyMsg.idl
-- Symlinking: /home/dev/ros2_ws/install/my_msg_types/share/my_msg_types/msg/MyMsg.msg
-- Symlinking: /home/dev/ros2_ws/install/my_msg_types/share/ament_index/resource_index/package_run_dependencies/my_msg_types
-- Symlinking: /home/dev/ros2_ws/install/my_msg_types/share/ament_index/resource_index/parent_prefix_path/my_msg_types
-- Symlinking: /home/dev/ros2_ws/install/my_msg_types/share/my_msg_types/environment/ament_prefix_path.sh
-- Symlinking: /home/dev/ros2_ws/install/my_msg_types/share/my_msg_types/environment/ament_prefix_path.dsv
-- Symlinking: /home/dev/ros2_ws/install/my_msg_types/share/my_msg_types/environment/path.sh
-- Symlinking: /home/dev/ros2_ws/install/my_msg_types/share/my_msg_types/environment/path.dsv
-- Symlinking: /home/dev/ros2_ws/install/my_msg_types/share/my_msg_types/local_setup.bash
-- Symlinking: /home/dev/ros2_ws/install/my_msg_types/share/my_msg_types/local_setup.sh
-- Symlinking: /home/dev/ros2_ws/install/my_msg_types/share/my_msg_types/local_setup.zsh
-- Symlinking: /home/dev/ros2_ws/install/my_msg_types/share/my_msg_types/local_setup.dsv
-- Symlinking: /home/dev/ros2_ws/install/my_msg_types/share/my_msg_types/package.dsv
-- Symlinking: /home/dev/ros2_ws/install/my_msg_types/share/ament_index/resource_index/packages/my_msg_types
-- Symlinking: /home/dev/ros2_ws/install/my_msg_types/share/my_msg_types/cmake/rosidl_cmake-extras.cmake
-- Symlinking: /home/dev/ros2_ws/install/my_msg_types/share/my_msg_types/cmake/ament_cmake_export_dependencies-extras.cmake
-- Symlinking: /home/dev/ros2_ws/install/my_msg_types/share/my_msg_types/cmake/ament_cmake_export_libraries-extras.cmake
-- Symlinking: /home/dev/ros2_ws/install/my_msg_types/share/my_msg_types/cmake/ament_cmake_export_targets-extras.cmake
-- Symlinking: /home/dev/ros2_ws/install/my_msg_types/share/my_msg_types/cmake/ament_cmake_export_include_directories-extras.cmake
-- Symlinking: /home/dev/ros2_ws/install/my_msg_types/share/my_msg_types/cmake/rosidl_cmake_export_typesupport_libraries-extras.cmake
-- Symlinking: /home/dev/ros2_ws/install/my_msg_types/share/my_msg_types/cmake/rosidl_cmake_export_typesupport_targets-extras.cmake
-- Symlinking: /home/dev/ros2_ws/install/my_msg_types/share/my_msg_types/cmake/my_msg_typesConfig.cmake
-- Symlinking: /home/dev/ros2_ws/install/my_msg_types/share/my_msg_types/cmake/my_msg_typesConfig-version.cmake
-- Symlinking: /home/dev/ros2_ws/install/my_msg_types/share/my_msg_types/package.xml
-- Installing: /home/dev/ros2_ws/install/my_msg_types/lib/libmy_msg_types__rosidl_generator_c.so
-- Set runtime path of "/home/dev/ros2_ws/install/my_msg_types/lib/libmy_msg_types__rosidl_generator_c.so" to ""
-- Installing: /home/dev/ros2_ws/install/my_msg_types/lib/libmy_msg_types__rosidl_typesupport_introspection_c.so
-- Set runtime path of "/home/dev/ros2_ws/install/my_msg_types/lib/libmy_msg_types__rosidl_typesupport_introspection_c.so" to ""
-- Installing: /home/dev/ros2_ws/install/my_msg_types/lib/libmy_msg_types__rosidl_typesupport_c.so
-- Set runtime path of "/home/dev/ros2_ws/install/my_msg_types/lib/libmy_msg_types__rosidl_typesupport_c.so" to ""
-- Installing: /home/dev/ros2_ws/install/my_msg_types/lib/libmy_msg_types__rosidl_typesupport_introspection_cpp.so
-- Set runtime path of "/home/dev/ros2_ws/install/my_msg_types/lib/libmy_msg_types__rosidl_typesupport_introspection_cpp.so" to ""
-- Installing: /home/dev/ros2_ws/install/my_msg_types/lib/libmy_msg_types__rosidl_typesupport_cpp.so
-- Set runtime path of "/home/dev/ros2_ws/install/my_msg_types/lib/libmy_msg_types__rosidl_typesupport_cpp.so" to ""
Compiling '/home/dev/ros2_ws/install/my_msg_types/lib/python3.8/site-packages/my_msg_types/__init__.py'...
-- Up-to-date: /home/dev/ros2_ws/install/my_msg_types/share/my_msg_types/cmake/my_msg_types__rosidl_generator_cExport.cmake
-- Installing: /home/dev/ros2_ws/install/my_msg_types/share/my_msg_types/cmake/my_msg_types__rosidl_generator_cExport-relwithdebinfo.cmake
-- Up-to-date: /home/dev/ros2_ws/install/my_msg_types/share/my_msg_types/cmake/my_msg_types__rosidl_typesupport_introspection_cExport.cmake
-- Installing: /home/dev/ros2_ws/install/my_msg_types/share/my_msg_types/cmake/my_msg_types__rosidl_typesupport_introspection_cExport-relwithdebinfo.cmake
-- Up-to-date: /home/dev/ros2_ws/install/my_msg_types/share/my_msg_types/cmake/my_msg_types__rosidl_typesupport_cExport.cmake
-- Installing: /home/dev/ros2_ws/install/my_msg_types/share/my_msg_types/cmake/my_msg_types__rosidl_typesupport_cExport-relwithdebinfo.cmake
-- Up-to-date: /home/dev/ros2_ws/install/my_msg_types/share/my_msg_types/cmake/my_msg_types__rosidl_generator_cppExport.cmake
-- Up-to-date: /home/dev/ros2_ws/install/my_msg_types/share/my_msg_types/cmake/my_msg_types__rosidl_typesupport_introspection_cppExport.cmake
-- Installing: /home/dev/ros2_ws/install/my_msg_types/share/my_msg_types/cmake/my_msg_types__rosidl_typesupport_introspection_cppExport-relwithdebinfo.cmake
-- Up-to-date: /home/dev/ros2_ws/install/my_msg_types/share/my_msg_types/cmake/my_msg_types__rosidl_typesupport_cppExport.cmake
-- Installing: /home/dev/ros2_ws/install/my_msg_types/share/my_msg_types/cmake/my_msg_types__rosidl_typesupport_cppExport-relwithdebinfo.cmake
