[0.065s] Invoking command in '/home/dev/ros2_ws/build/my_msg_types': CMAKE_PREFIX_PATH=/opt/ros/foxy /usr/bin/cmake /home/dev/ros2_ws/src/my_msg_types -DCMAKE_INSTALL_PREFIX=/home/dev/ros2_ws/install/my_msg_types
[0.870s] -- The C compiler identification is GNU 9.4.0
[2.173s] -- The CXX compiler identification is GNU 9.4.0
[2.540s] -- Check for working C compiler: /usr/bin/cc
[2.903s] -- Check for working C compiler: /usr/bin/cc -- works
[2.921s] -- Detecting C compiler ABI info
[3.268s] -- Detecting C compiler ABI info - done
[3.297s] -- Detecting C compile features
[3.299s] -- Detecting C compile features - done
[3.309s] -- Check for working CXX compiler: /usr/bin/c++
[3.709s] -- Check for working CXX compiler: /usr/bin/c++ -- works
[3.719s] -- Detecting CXX compiler ABI info
[4.019s] -- Detecting CXX compiler ABI info - done
[4.032s] -- Detecting CXX compile features
[4.034s] -- Detecting CXX compile features - done
[4.038s] -- Found ament_cmake: 0.9.11 (/opt/ros/foxy/share/ament_cmake/cmake)
[4.110s] -- Found PythonInterp: /usr/bin/python3 (found suitable version "3.8.10", minimum required is "3") 
[4.110s] -- Using PYTHON_EXECUTABLE: /usr/bin/python3
[4.437s] -- Found rosidl_default_generators: 1.0.1 (/opt/ros/foxy/share/rosidl_default_generators/cmake)
[4.442s] -- Using all available rosidl_typesupport_c: rosidl_typesupport_fastrtps_c;rosidl_typesupport_introspection_c
[4.453s] -- Found rosidl_adapter: 1.3.0 (/opt/ros/foxy/share/rosidl_adapter/cmake)
[6.930s] -- Found OpenSSL: /usr/lib/x86_64-linux-gnu/libcrypto.so (found version "1.1.1f")  
[9.165s] -- Found FastRTPS: /opt/ros/foxy/include  
[12.990s] -- Using all available rosidl_typesupport_cpp: rosidl_typesupport_fastrtps_cpp;rosidl_typesupport_introspection_cpp
[13.032s] CMake Error at /opt/ros/foxy/share/rosidl_cmake/cmake/rosidl_generate_interfaces.cmake:59 (message):
[13.032s]   rosidl_generate_interfaces() called without any interface files
[13.032s] Call Stack (most recent call first):
[13.032s]   CMakeLists.txt:26 (rosidl_generate_interfaces)
[13.032s] 
[13.032s] 
[13.035s] -- Configuring incomplete, errors occurred!
[13.035s] See also "/home/dev/ros2_ws/build/my_msg_types/CMakeFiles/CMakeOutput.log".
[13.048s] Invoked command in '/home/dev/ros2_ws/build/my_msg_types' returned '1': CMAKE_PREFIX_PATH=/opt/ros/foxy /usr/bin/cmake /home/dev/ros2_ws/src/my_msg_types -DCMAKE_INSTALL_PREFIX=/home/dev/ros2_ws/install/my_msg_types
