[0.058s] Invoking command in '/home/dev/ros2_ws/build/my_msg_types': CMAKE_PREFIX_PATH=${CMAKE_PREFIX_PATH}:/home/dev/ros2_ws/install/my_python_subscriber:/opt/ros/foxy /usr/bin/cmake --build /home/dev/ros2_ws/build/my_msg_types -- -j2 -l2
[0.683s] [  3%] Built target my_msg_types__cpp
[0.684s] [ 12%] Built target my_msg_types__rosidl_generator_c
[0.684s] [ 25%] Built target my_msg_types__rosidl_typesupport_cpp
[0.684s] [ 32%] Built target my_msg_types__rosidl_typesupport_introspection_cpp
[0.684s] [ 41%] Built target my_msg_types__rosidl_typesupport_introspection_c
[0.684s] [ 51%] Built target my_msg_types__rosidl_typesupport_fastrtps_cpp
[0.684s] [ 70%] Built target my_msg_types__rosidl_typesupport_fastrtps_c
[0.685s] [ 70%] Built target my_msg_types__rosidl_typesupport_c
[0.690s] [ 70%] Built target my_msg_types
[0.820s] [ 74%] Built target my_msg_types__py
[0.889s] [ 80%] Built target my_msg_types__python
[0.989s] [ 87%] Built target my_msg_types__rosidl_typesupport_c__pyext
[1.032s] [ 93%] Built target my_msg_types__rosidl_typesupport_introspection_c__pyext
[1.088s] [100%] Built target my_msg_types__rosidl_typesupport_fastrtps_c__pyext
[1.119s] Invoked command in '/home/dev/ros2_ws/build/my_msg_types' returned '0': CMAKE_PREFIX_PATH=${CMAKE_PREFIX_PATH}:/home/dev/ros2_ws/install/my_python_subscriber:/opt/ros/foxy /usr/bin/cmake --build /home/dev/ros2_ws/build/my_msg_types -- -j2 -l2
[1.237s] Invoking command in '/home/dev/ros2_ws/build/my_msg_types': CMAKE_PREFIX_PATH=${CMAKE_PREFIX_PATH}:/home/dev/ros2_ws/install/my_python_subscriber:/opt/ros/foxy /usr/bin/cmake --install /home/dev/ros2_ws/build/my_msg_types
[1.258s] -- Install configuration: "RelWithDebInfo"
[1.260s] -- Execute custom install script
[1.261s] -- Up-to-date symlink: /home/dev/ros2_ws/install/my_msg_types/share/ament_index/resource_index/rosidl_interfaces/my_msg_types
[1.262s] -- Up-to-date symlink: /home/dev/ros2_ws/install/my_msg_types/include/my_msg_types/msg/detail/my_msg__functions.h
[1.263s] -- Up-to-date symlink: /home/dev/ros2_ws/install/my_msg_types/include/my_msg_types/msg/detail/my_msg__struct.h
[1.264s] -- Up-to-date symlink: /home/dev/ros2_ws/install/my_msg_types/include/my_msg_types/msg/detail/my_msg__type_support.h
[1.265s] -- Up-to-date symlink: /home/dev/ros2_ws/install/my_msg_types/include/my_msg_types/msg/my_msg.h
[1.266s] -- Up-to-date symlink: /home/dev/ros2_ws/install/my_msg_types/include/my_msg_types/msg/rosidl_generator_c__visibility_control.h
[1.267s] -- Up-to-date symlink: /home/dev/ros2_ws/install/my_msg_types/share/my_msg_types/environment/library_path.sh
[1.267s] -- Up-to-date symlink: /home/dev/ros2_ws/install/my_msg_types/share/my_msg_types/environment/library_path.dsv
[1.269s] -- Up-to-date symlink: /home/dev/ros2_ws/install/my_msg_types/include/my_msg_types/msg/detail/my_msg__rosidl_typesupport_fastrtps_c.h
[1.269s] -- Up-to-date symlink: /home/dev/ros2_ws/install/my_msg_types/include/my_msg_types/msg/rosidl_typesupport_fastrtps_c__visibility_control.h
[1.270s] -- Up-to-date symlink: /home/dev/ros2_ws/install/my_msg_types/lib/libmy_msg_types__rosidl_typesupport_fastrtps_c.so
[1.272s] -- Up-to-date symlink: /home/dev/ros2_ws/install/my_msg_types/include/my_msg_types/msg/detail/my_msg__rosidl_typesupport_fastrtps_cpp.hpp
[1.272s] -- Up-to-date symlink: /home/dev/ros2_ws/install/my_msg_types/include/my_msg_types/msg/rosidl_typesupport_fastrtps_cpp__visibility_control.h
[1.273s] -- Up-to-date symlink: /home/dev/ros2_ws/install/my_msg_types/lib/libmy_msg_types__rosidl_typesupport_fastrtps_cpp.so
[1.274s] -- Up-to-date symlink: /home/dev/ros2_ws/install/my_msg_types/include/my_msg_types/msg/detail/my_msg__rosidl_typesupport_introspection_c.h
[1.275s] -- Up-to-date symlink: /home/dev/ros2_ws/install/my_msg_types/include/my_msg_types/msg/rosidl_typesupport_introspection_c__visibility_control.h
[1.276s] -- Up-to-date symlink: /home/dev/ros2_ws/install/my_msg_types/include/my_msg_types/msg/detail/my_msg__builder.hpp
[1.276s] -- Up-to-date symlink: /home/dev/ros2_ws/install/my_msg_types/include/my_msg_types/msg/detail/my_msg__struct.hpp
[1.277s] -- Up-to-date symlink: /home/dev/ros2_ws/install/my_msg_types/include/my_msg_types/msg/detail/my_msg__traits.hpp
[1.277s] -- Up-to-date symlink: /home/dev/ros2_ws/install/my_msg_types/include/my_msg_types/msg/my_msg.hpp
[1.278s] -- Up-to-date symlink: /home/dev/ros2_ws/install/my_msg_types/include/my_msg_types/msg/detail/my_msg__rosidl_typesupport_introspection_cpp.hpp
[1.279s] -- Up-to-date symlink: /home/dev/ros2_ws/install/my_msg_types/share/my_msg_types/environment/pythonpath.sh
[1.280s] -- Up-to-date symlink: /home/dev/ros2_ws/install/my_msg_types/share/my_msg_types/environment/pythonpath.dsv
[1.281s] -- Up-to-date symlink: /home/dev/ros2_ws/install/my_msg_types/lib/python3.8/site-packages/my_msg_types/__init__.py
[1.282s] -- Up-to-date symlink: /home/dev/ros2_ws/install/my_msg_types/lib/python3.8/site-packages/my_msg_types/msg/__init__.py
[1.282s] -- Up-to-date symlink: /home/dev/ros2_ws/install/my_msg_types/lib/python3.8/site-packages/my_msg_types/msg/_my_msg.py
[1.284s] -- Up-to-date symlink: /home/dev/ros2_ws/install/my_msg_types/lib/python3.8/site-packages/my_msg_types/my_msg_types_s__rosidl_typesupport_fastrtps_c.cpython-38-x86_64-linux-gnu.so
[1.285s] -- Up-to-date symlink: /home/dev/ros2_ws/install/my_msg_types/lib/python3.8/site-packages/my_msg_types/my_msg_types_s__rosidl_typesupport_introspection_c.cpython-38-x86_64-linux-gnu.so
[1.286s] -- Up-to-date symlink: /home/dev/ros2_ws/install/my_msg_types/lib/python3.8/site-packages/my_msg_types/my_msg_types_s__rosidl_typesupport_c.cpython-38-x86_64-linux-gnu.so
[1.287s] -- Up-to-date symlink: /home/dev/ros2_ws/install/my_msg_types/lib/libmy_msg_types__python.so
[1.288s] -- Up-to-date symlink: /home/dev/ros2_ws/install/my_msg_types/share/my_msg_types/msg/MyMsg.idl
[1.288s] -- Up-to-date symlink: /home/dev/ros2_ws/install/my_msg_types/share/my_msg_types/msg/MyMsg.msg
[1.289s] -- Up-to-date symlink: /home/dev/ros2_ws/install/my_msg_types/share/ament_index/resource_index/package_run_dependencies/my_msg_types
[1.290s] -- Up-to-date symlink: /home/dev/ros2_ws/install/my_msg_types/share/ament_index/resource_index/parent_prefix_path/my_msg_types
[1.291s] -- Up-to-date symlink: /home/dev/ros2_ws/install/my_msg_types/share/my_msg_types/environment/ament_prefix_path.sh
[1.312s] -- Up-to-date symlink: /home/dev/ros2_ws/install/my_msg_types/share/my_msg_types/environment/ament_prefix_path.dsv
[1.312s] -- Up-to-date symlink: /home/dev/ros2_ws/install/my_msg_types/share/my_msg_types/environment/path.sh
[1.313s] -- Up-to-date symlink: /home/dev/ros2_ws/install/my_msg_types/share/my_msg_types/environment/path.dsv
[1.314s] -- Up-to-date symlink: /home/dev/ros2_ws/install/my_msg_types/share/my_msg_types/local_setup.bash
[1.315s] -- Up-to-date symlink: /home/dev/ros2_ws/install/my_msg_types/share/my_msg_types/local_setup.sh
[1.316s] -- Up-to-date symlink: /home/dev/ros2_ws/install/my_msg_types/share/my_msg_types/local_setup.zsh
[1.318s] -- Up-to-date symlink: /home/dev/ros2_ws/install/my_msg_types/share/my_msg_types/local_setup.dsv
[1.319s] -- Symlinking: /home/dev/ros2_ws/install/my_msg_types/share/my_msg_types/package.dsv
[1.372s] -- Up-to-date symlink: /home/dev/ros2_ws/install/my_msg_types/share/ament_index/resource_index/packages/my_msg_types
[1.372s] -- Up-to-date symlink: /home/dev/ros2_ws/install/my_msg_types/share/my_msg_types/cmake/rosidl_cmake-extras.cmake
[1.372s] -- Up-to-date symlink: /home/dev/ros2_ws/install/my_msg_types/share/my_msg_types/cmake/ament_cmake_export_dependencies-extras.cmake
[1.372s] -- Up-to-date symlink: /home/dev/ros2_ws/install/my_msg_types/share/my_msg_types/cmake/ament_cmake_export_libraries-extras.cmake
[1.372s] -- Up-to-date symlink: /home/dev/ros2_ws/install/my_msg_types/share/my_msg_types/cmake/ament_cmake_export_targets-extras.cmake
[1.372s] -- Up-to-date symlink: /home/dev/ros2_ws/install/my_msg_types/share/my_msg_types/cmake/ament_cmake_export_include_directories-extras.cmake
[1.373s] -- Up-to-date symlink: /home/dev/ros2_ws/install/my_msg_types/share/my_msg_types/cmake/rosidl_cmake_export_typesupport_libraries-extras.cmake
[1.373s] -- Up-to-date symlink: /home/dev/ros2_ws/install/my_msg_types/share/my_msg_types/cmake/rosidl_cmake_export_typesupport_targets-extras.cmake
[1.373s] -- Up-to-date symlink: /home/dev/ros2_ws/install/my_msg_types/share/my_msg_types/cmake/my_msg_typesConfig.cmake
[1.373s] -- Up-to-date symlink: /home/dev/ros2_ws/install/my_msg_types/share/my_msg_types/cmake/my_msg_typesConfig-version.cmake
[1.377s] -- Up-to-date symlink: /home/dev/ros2_ws/install/my_msg_types/share/my_msg_types/package.xml
[1.378s] -- Up-to-date: /home/dev/ros2_ws/install/my_msg_types/lib/libmy_msg_types__rosidl_generator_c.so
[1.379s] -- Up-to-date: /home/dev/ros2_ws/install/my_msg_types/lib/libmy_msg_types__rosidl_typesupport_introspection_c.so
[1.386s] -- Up-to-date: /home/dev/ros2_ws/install/my_msg_types/lib/libmy_msg_types__rosidl_typesupport_c.so
[1.388s] -- Up-to-date: /home/dev/ros2_ws/install/my_msg_types/lib/libmy_msg_types__rosidl_typesupport_introspection_cpp.so
[1.389s] -- Up-to-date: /home/dev/ros2_ws/install/my_msg_types/lib/libmy_msg_types__rosidl_typesupport_cpp.so
[1.461s] -- Up-to-date: /home/dev/ros2_ws/install/my_msg_types/share/my_msg_types/cmake/my_msg_types__rosidl_generator_cExport.cmake
[1.461s] -- Up-to-date: /home/dev/ros2_ws/install/my_msg_types/share/my_msg_types/cmake/my_msg_types__rosidl_generator_cExport-relwithdebinfo.cmake
[1.461s] -- Up-to-date: /home/dev/ros2_ws/install/my_msg_types/share/my_msg_types/cmake/my_msg_types__rosidl_typesupport_introspection_cExport.cmake
[1.461s] -- Up-to-date: /home/dev/ros2_ws/install/my_msg_types/share/my_msg_types/cmake/my_msg_types__rosidl_typesupport_introspection_cExport-relwithdebinfo.cmake
[1.461s] -- Up-to-date: /home/dev/ros2_ws/install/my_msg_types/share/my_msg_types/cmake/my_msg_types__rosidl_typesupport_cExport.cmake
[1.461s] -- Up-to-date: /home/dev/ros2_ws/install/my_msg_types/share/my_msg_types/cmake/my_msg_types__rosidl_typesupport_cExport-relwithdebinfo.cmake
[1.461s] -- Up-to-date: /home/dev/ros2_ws/install/my_msg_types/share/my_msg_types/cmake/my_msg_types__rosidl_generator_cppExport.cmake
[1.461s] -- Up-to-date: /home/dev/ros2_ws/install/my_msg_types/share/my_msg_types/cmake/my_msg_types__rosidl_typesupport_introspection_cppExport.cmake
[1.461s] -- Up-to-date: /home/dev/ros2_ws/install/my_msg_types/share/my_msg_types/cmake/my_msg_types__rosidl_typesupport_introspection_cppExport-relwithdebinfo.cmake
[1.462s] -- Up-to-date: /home/dev/ros2_ws/install/my_msg_types/share/my_msg_types/cmake/my_msg_types__rosidl_typesupport_cppExport.cmake
[1.462s] -- Up-to-date: /home/dev/ros2_ws/install/my_msg_types/share/my_msg_types/cmake/my_msg_types__rosidl_typesupport_cppExport-relwithdebinfo.cmake
[1.473s] Invoked command in '/home/dev/ros2_ws/build/my_msg_types' returned '0': CMAKE_PREFIX_PATH=${CMAKE_PREFIX_PATH}:/home/dev/ros2_ws/install/my_python_subscriber:/opt/ros/foxy /usr/bin/cmake --install /home/dev/ros2_ws/build/my_msg_types
