[0.065s] Invoking command in '/home/dev/ros2_ws/build/my_robot_bringup': CMAKE_PREFIX_PATH=${CMAKE_PREFIX_PATH}:/home/dev/ros2_ws/install/my_python_subscriber:/opt/ros/foxy /usr/bin/cmake /home/dev/ros2_ws/src/my_robot_bringup -DCMAKE_BUILD_TYPE=RelWithDebInfo -DAMENT_CMAKE_SYMLINK_INSTALL=1 -DCMAKE_INSTALL_PREFIX=/home/dev/ros2_ws/install/my_robot_bringup
[0.107s] -- Found ament_cmake: 0.9.11 (/opt/ros/foxy/share/ament_cmake/cmake)
[0.148s] -- Using PYTHON_EXECUTABLE: /usr/bin/python3
[0.624s] -- Override CMake install command with custom implementation using symlinks instead of copying resources
[0.670s] -- Found ament_lint_auto: 0.9.7 (/opt/ros/foxy/share/ament_lint_auto/cmake)
[0.837s] -- Added test 'copyright' to check source files copyright and LICENSE
[0.842s] -- Added test 'lint_cmake' to check CMake code style
[0.844s] -- Added test 'xmllint' to check XML markup files
[0.851s] -- Configuring done
[0.864s] -- Generating done
[0.867s] -- Build files have been written to: /home/dev/ros2_ws/build/my_robot_bringup
[0.881s] Invoked command in '/home/dev/ros2_ws/build/my_robot_bringup' returned '0': CMAKE_PREFIX_PATH=${CMAKE_PREFIX_PATH}:/home/dev/ros2_ws/install/my_python_subscriber:/opt/ros/foxy /usr/bin/cmake /home/dev/ros2_ws/src/my_robot_bringup -DCMAKE_BUILD_TYPE=RelWithDebInfo -DAMENT_CMAKE_SYMLINK_INSTALL=1 -DCMAKE_INSTALL_PREFIX=/home/dev/ros2_ws/install/my_robot_bringup
[0.884s] Invoking command in '/home/dev/ros2_ws/build/my_robot_bringup': CMAKE_PREFIX_PATH=${CMAKE_PREFIX_PATH}:/home/dev/ros2_ws/install/my_python_subscriber:/opt/ros/foxy /usr/bin/cmake --build /home/dev/ros2_ws/build/my_robot_bringup -- -j2 -l2
[0.994s] Invoked command in '/home/dev/ros2_ws/build/my_robot_bringup' returned '0': CMAKE_PREFIX_PATH=${CMAKE_PREFIX_PATH}:/home/dev/ros2_ws/install/my_python_subscriber:/opt/ros/foxy /usr/bin/cmake --build /home/dev/ros2_ws/build/my_robot_bringup -- -j2 -l2
[1.088s] Invoking command in '/home/dev/ros2_ws/build/my_robot_bringup': CMAKE_PREFIX_PATH=${CMAKE_PREFIX_PATH}:/home/dev/ros2_ws/install/my_python_subscriber:/opt/ros/foxy /usr/bin/cmake --install /home/dev/ros2_ws/build/my_robot_bringup
[1.113s] -- Install configuration: "RelWithDebInfo"
[1.115s] -- Execute custom install script
[1.117s] -- Symlinking: /home/dev/ros2_ws/install/my_robot_bringup/share/ament_index/resource_index/package_run_dependencies/my_robot_bringup
[1.144s] -- Symlinking: /home/dev/ros2_ws/install/my_robot_bringup/share/ament_index/resource_index/parent_prefix_path/my_robot_bringup
[1.179s] -- Symlinking: /home/dev/ros2_ws/install/my_robot_bringup/share/my_robot_bringup/environment/ament_prefix_path.sh
[1.220s] -- Symlinking: /home/dev/ros2_ws/install/my_robot_bringup/share/my_robot_bringup/environment/ament_prefix_path.dsv
[1.254s] -- Symlinking: /home/dev/ros2_ws/install/my_robot_bringup/share/my_robot_bringup/environment/path.sh
[1.286s] -- Symlinking: /home/dev/ros2_ws/install/my_robot_bringup/share/my_robot_bringup/environment/path.dsv
[1.324s] -- Symlinking: /home/dev/ros2_ws/install/my_robot_bringup/share/my_robot_bringup/local_setup.bash
[1.357s] -- Symlinking: /home/dev/ros2_ws/install/my_robot_bringup/share/my_robot_bringup/local_setup.sh
[1.400s] -- Symlinking: /home/dev/ros2_ws/install/my_robot_bringup/share/my_robot_bringup/local_setup.zsh
[1.430s] -- Symlinking: /home/dev/ros2_ws/install/my_robot_bringup/share/my_robot_bringup/local_setup.dsv
[1.469s] -- Symlinking: /home/dev/ros2_ws/install/my_robot_bringup/share/my_robot_bringup/package.dsv
[1.510s] -- Symlinking: /home/dev/ros2_ws/install/my_robot_bringup/share/ament_index/resource_index/packages/my_robot_bringup
[1.555s] -- Symlinking: /home/dev/ros2_ws/install/my_robot_bringup/share/my_robot_bringup/cmake/my_robot_bringupConfig.cmake
[1.601s] -- Symlinking: /home/dev/ros2_ws/install/my_robot_bringup/share/my_robot_bringup/cmake/my_robot_bringupConfig-version.cmake
[1.627s] -- Symlinking: /home/dev/ros2_ws/install/my_robot_bringup/share/my_robot_bringup/package.xml
[1.662s] Invoked command in '/home/dev/ros2_ws/build/my_robot_bringup' returned '0': CMAKE_PREFIX_PATH=${CMAKE_PREFIX_PATH}:/home/dev/ros2_ws/install/my_python_subscriber:/opt/ros/foxy /usr/bin/cmake --install /home/dev/ros2_ws/build/my_robot_bringup
