[0.179s] DEBUG:colcon:Command line arguments: ['/usr/bin/colcon', 'build']
[0.179s] DEBUG:colcon:Parsed command line arguments: Namespace(log_base=None, log_level=None, verb_name='build', build_base='build', install_base='install', merge_install=False, symlink_install=False, test_result_base=None, continue_on_error=False, executor='parallel', parallel_workers=20, event_handlers=None, ignore_user_meta=False, metas=['./colcon.meta'], base_paths=['.'], packages_ignore=None, packages_ignore_regex=None, paths=None, packages_up_to=None, packages_up_to_regex=None, packages_above=None, packages_above_and_dependencies=None, packages_above_depth=None, packages_select_by_dep=None, packages_skip_by_dep=None, packages_skip_up_to=None, packages_select_build_failed=False, packages_skip_build_finished=False, packages_select_test_failures=False, packages_skip_test_passed=False, packages_select=None, packages_skip=None, packages_select_regex=None, packages_skip_regex=None, packages_start=None, packages_end=None, allow_overriding=[], lookup_in_workspace=False, cargo_args=None, clean_build=False, cmake_args=None, cmake_target=None, cmake_target_skip_unavailable=False, cmake_clean_cache=False, cmake_clean_first=False, cmake_force_configure=False, ament_cmake_args=None, catkin_cmake_args=None, catkin_skip_building_tests=False, verb_parser=<colcon_defaults.argument_parser.defaults.DefaultArgumentsDecorator object at 0x7fa261196e90>, verb_extension=<colcon_core.verb.build.BuildVerb object at 0x7fa261b9bdc0>, main=<bound method BuildVerb.main of <colcon_core.verb.build.BuildVerb object at 0x7fa261b9bdc0>>)
[0.190s] Level 1:colcon.colcon_core.package_discovery:discover_packages(colcon_meta) check parameters
[0.190s] Level 1:colcon.colcon_core.package_discovery:discover_packages(recursive) check parameters
[0.190s] Level 1:colcon.colcon_core.package_discovery:discover_packages(ignore) check parameters
[0.190s] Level 1:colcon.colcon_core.package_discovery:discover_packages(path) check parameters
[0.190s] Level 1:colcon.colcon_core.package_discovery:discover_packages(colcon_meta) discover
[0.190s] Level 1:colcon.colcon_core.package_discovery:discover_packages(recursive) discover
[0.190s] INFO:colcon.colcon_core.package_discovery:Crawling recursively for packages in '/home/jos/Documents/ros_ws'
[0.190s] Level 1:colcon.colcon_core.package_identification:_identify(.) by extensions ['ignore', 'ignore_ament_install']
[0.190s] Level 1:colcon.colcon_core.package_identification:_identify(.) by extension 'ignore'
[0.190s] Level 1:colcon.colcon_core.package_identification:_identify(.) by extension 'ignore_ament_install'
[0.190s] Level 1:colcon.colcon_core.package_identification:_identify(.) by extensions ['colcon_pkg']
[0.190s] Level 1:colcon.colcon_core.package_identification:_identify(.) by extension 'colcon_pkg'
[0.190s] Level 1:colcon.colcon_core.package_identification:_identify(.) by extensions ['colcon_meta']
[0.190s] Level 1:colcon.colcon_core.package_identification:_identify(.) by extension 'colcon_meta'
[0.191s] Level 1:colcon.colcon_core.package_identification:_identify(.) by extensions ['ament_cargo']
[0.191s] Level 1:colcon.colcon_core.package_identification:_identify(.) by extension 'ament_cargo'
[0.191s] Level 1:colcon.colcon_core.package_identification:_identify(.) by extensions ['ros']
[0.191s] Level 1:colcon.colcon_core.package_identification:_identify(.) by extension 'ros'
[0.196s] Level 1:colcon.colcon_core.package_identification:_identify(.) by extensions ['cargo', 'cmake', 'python']
[0.196s] Level 1:colcon.colcon_core.package_identification:_identify(.) by extension 'cargo'
[0.196s] Level 1:colcon.colcon_core.package_identification:_identify(.) by extension 'cmake'
[0.196s] Level 1:colcon.colcon_core.package_identification:_identify(.) by extension 'python'
[0.196s] Level 1:colcon.colcon_core.package_identification:_identify(.) by extensions ['python_setup_py']
[0.196s] Level 1:colcon.colcon_core.package_identification:_identify(.) by extension 'python_setup_py'
[0.196s] Level 1:colcon.colcon_core.package_identification:_identify(build) by extensions ['ignore', 'ignore_ament_install']
[0.196s] Level 1:colcon.colcon_core.package_identification:_identify(build) by extension 'ignore'
[0.196s] Level 1:colcon.colcon_core.package_identification:_identify(build) ignored
[0.196s] Level 1:colcon.colcon_core.package_identification:_identify(install) by extensions ['ignore', 'ignore_ament_install']
[0.196s] Level 1:colcon.colcon_core.package_identification:_identify(install) by extension 'ignore'
[0.197s] Level 1:colcon.colcon_core.package_identification:_identify(install) ignored
[0.197s] Level 1:colcon.colcon_core.package_identification:_identify(log) by extensions ['ignore', 'ignore_ament_install']
[0.197s] Level 1:colcon.colcon_core.package_identification:_identify(log) by extension 'ignore'
[0.197s] Level 1:colcon.colcon_core.package_identification:_identify(log) ignored
[0.197s] Level 1:colcon.colcon_core.package_identification:_identify(src) by extensions ['ignore', 'ignore_ament_install']
[0.197s] Level 1:colcon.colcon_core.package_identification:_identify(src) by extension 'ignore'
[0.197s] Level 1:colcon.colcon_core.package_identification:_identify(src) by extension 'ignore_ament_install'
[0.197s] Level 1:colcon.colcon_core.package_identification:_identify(src) by extensions ['colcon_pkg']
[0.197s] Level 1:colcon.colcon_core.package_identification:_identify(src) by extension 'colcon_pkg'
[0.197s] Level 1:colcon.colcon_core.package_identification:_identify(src) by extensions ['colcon_meta']
[0.197s] Level 1:colcon.colcon_core.package_identification:_identify(src) by extension 'colcon_meta'
[0.197s] Level 1:colcon.colcon_core.package_identification:_identify(src) by extensions ['ament_cargo']
[0.197s] Level 1:colcon.colcon_core.package_identification:_identify(src) by extension 'ament_cargo'
[0.197s] Level 1:colcon.colcon_core.package_identification:_identify(src) by extensions ['ros']
[0.197s] Level 1:colcon.colcon_core.package_identification:_identify(src) by extension 'ros'
[0.197s] Level 1:colcon.colcon_core.package_identification:_identify(src) by extensions ['cargo', 'cmake', 'python']
[0.197s] Level 1:colcon.colcon_core.package_identification:_identify(src) by extension 'cargo'
[0.197s] Level 1:colcon.colcon_core.package_identification:_identify(src) by extension 'cmake'
[0.197s] Level 1:colcon.colcon_core.package_identification:_identify(src) by extension 'python'
[0.197s] Level 1:colcon.colcon_core.package_identification:_identify(src) by extensions ['python_setup_py']
[0.197s] Level 1:colcon.colcon_core.package_identification:_identify(src) by extension 'python_setup_py'
[0.197s] Level 1:colcon.colcon_core.package_identification:_identify(src/my_cpp_publisher) by extensions ['ignore', 'ignore_ament_install']
[0.197s] Level 1:colcon.colcon_core.package_identification:_identify(src/my_cpp_publisher) by extension 'ignore'
[0.197s] Level 1:colcon.colcon_core.package_identification:_identify(src/my_cpp_publisher) by extension 'ignore_ament_install'
[0.197s] Level 1:colcon.colcon_core.package_identification:_identify(src/my_cpp_publisher) by extensions ['colcon_pkg']
[0.197s] Level 1:colcon.colcon_core.package_identification:_identify(src/my_cpp_publisher) by extension 'colcon_pkg'
[0.197s] Level 1:colcon.colcon_core.package_identification:_identify(src/my_cpp_publisher) by extensions ['colcon_meta']
[0.197s] Level 1:colcon.colcon_core.package_identification:_identify(src/my_cpp_publisher) by extension 'colcon_meta'
[0.197s] Level 1:colcon.colcon_core.package_identification:_identify(src/my_cpp_publisher) by extensions ['ament_cargo']
[0.197s] Level 1:colcon.colcon_core.package_identification:_identify(src/my_cpp_publisher) by extension 'ament_cargo'
[0.197s] Level 1:colcon.colcon_core.package_identification:_identify(src/my_cpp_publisher) by extensions ['ros']
[0.197s] Level 1:colcon.colcon_core.package_identification:_identify(src/my_cpp_publisher) by extension 'ros'
[0.198s] DEBUG:colcon.colcon_core.package_identification:Package 'src/my_cpp_publisher' with type 'ros.ament_cmake' and name 'my_cpp_publisher'
[0.198s] Level 1:colcon.colcon_core.package_identification:_identify(src/my_msg_types) by extensions ['ignore', 'ignore_ament_install']
[0.198s] Level 1:colcon.colcon_core.package_identification:_identify(src/my_msg_types) by extension 'ignore'
[0.198s] Level 1:colcon.colcon_core.package_identification:_identify(src/my_msg_types) by extension 'ignore_ament_install'
[0.198s] Level 1:colcon.colcon_core.package_identification:_identify(src/my_msg_types) by extensions ['colcon_pkg']
[0.198s] Level 1:colcon.colcon_core.package_identification:_identify(src/my_msg_types) by extension 'colcon_pkg'
[0.199s] Level 1:colcon.colcon_core.package_identification:_identify(src/my_msg_types) by extensions ['colcon_meta']
[0.199s] Level 1:colcon.colcon_core.package_identification:_identify(src/my_msg_types) by extension 'colcon_meta'
[0.199s] Level 1:colcon.colcon_core.package_identification:_identify(src/my_msg_types) by extensions ['ament_cargo']
[0.199s] Level 1:colcon.colcon_core.package_identification:_identify(src/my_msg_types) by extension 'ament_cargo'
[0.199s] Level 1:colcon.colcon_core.package_identification:_identify(src/my_msg_types) by extensions ['ros']
[0.199s] Level 1:colcon.colcon_core.package_identification:_identify(src/my_msg_types) by extension 'ros'
[0.199s] DEBUG:colcon.colcon_core.package_identification:Package 'src/my_msg_types' with type 'ros.ament_cmake' and name 'my_msg_types'
[0.199s] Level 1:colcon.colcon_core.package_identification:_identify(src/my_python_subscriber) by extensions ['ignore', 'ignore_ament_install']
[0.199s] Level 1:colcon.colcon_core.package_identification:_identify(src/my_python_subscriber) by extension 'ignore'
[0.199s] Level 1:colcon.colcon_core.package_identification:_identify(src/my_python_subscriber) by extension 'ignore_ament_install'
[0.199s] Level 1:colcon.colcon_core.package_identification:_identify(src/my_python_subscriber) by extensions ['colcon_pkg']
[0.199s] Level 1:colcon.colcon_core.package_identification:_identify(src/my_python_subscriber) by extension 'colcon_pkg'
[0.199s] Level 1:colcon.colcon_core.package_identification:_identify(src/my_python_subscriber) by extensions ['colcon_meta']
[0.199s] Level 1:colcon.colcon_core.package_identification:_identify(src/my_python_subscriber) by extension 'colcon_meta'
[0.199s] Level 1:colcon.colcon_core.package_identification:_identify(src/my_python_subscriber) by extensions ['ament_cargo']
[0.199s] Level 1:colcon.colcon_core.package_identification:_identify(src/my_python_subscriber) by extension 'ament_cargo'
[0.199s] Level 1:colcon.colcon_core.package_identification:_identify(src/my_python_subscriber) by extensions ['ros']
[0.199s] Level 1:colcon.colcon_core.package_identification:_identify(src/my_python_subscriber) by extension 'ros'
[0.199s] DEBUG:colcon.colcon_core.package_identification:Package 'src/my_python_subscriber' with type 'ros.ament_python' and name 'my_python_subscriber'
[0.199s] Level 1:colcon.colcon_core.package_identification:_identify(src/my_robot_bringup) by extensions ['ignore', 'ignore_ament_install']
[0.199s] Level 1:colcon.colcon_core.package_identification:_identify(src/my_robot_bringup) by extension 'ignore'
[0.199s] Level 1:colcon.colcon_core.package_identification:_identify(src/my_robot_bringup) by extension 'ignore_ament_install'
[0.199s] Level 1:colcon.colcon_core.package_identification:_identify(src/my_robot_bringup) by extensions ['colcon_pkg']
[0.199s] Level 1:colcon.colcon_core.package_identification:_identify(src/my_robot_bringup) by extension 'colcon_pkg'
[0.199s] Level 1:colcon.colcon_core.package_identification:_identify(src/my_robot_bringup) by extensions ['colcon_meta']
[0.199s] Level 1:colcon.colcon_core.package_identification:_identify(src/my_robot_bringup) by extension 'colcon_meta'
[0.199s] Level 1:colcon.colcon_core.package_identification:_identify(src/my_robot_bringup) by extensions ['ament_cargo']
[0.199s] Level 1:colcon.colcon_core.package_identification:_identify(src/my_robot_bringup) by extension 'ament_cargo'
[0.199s] Level 1:colcon.colcon_core.package_identification:_identify(src/my_robot_bringup) by extensions ['ros']
[0.199s] Level 1:colcon.colcon_core.package_identification:_identify(src/my_robot_bringup) by extension 'ros'
[0.200s] DEBUG:colcon.colcon_core.package_identification:Package 'src/my_robot_bringup' with type 'ros.ament_cmake' and name 'my_robot_bringup'
[0.200s] Level 1:colcon.colcon_core.package_discovery:discover_packages(recursive) using defaults
[0.200s] Level 1:colcon.colcon_core.package_discovery:discover_packages(ignore) discover
[0.200s] Level 1:colcon.colcon_core.package_discovery:discover_packages(ignore) using defaults
[0.200s] Level 1:colcon.colcon_core.package_discovery:discover_packages(path) discover
[0.200s] Level 1:colcon.colcon_core.package_discovery:discover_packages(path) using defaults
[0.210s] Level 1:colcon.colcon_core.package_discovery:discover_packages(prefix_path) check parameters
[0.210s] Level 1:colcon.colcon_core.package_discovery:discover_packages(prefix_path) discover
[0.212s] DEBUG:colcon.colcon_installed_package_information.package_discovery:Found 328 installed packages in /opt/ros/humble
[0.212s] Level 1:colcon.colcon_core.package_discovery:discover_packages(prefix_path) using defaults
[0.242s] Level 5:colcon.colcon_core.verb:set package 'my_msg_types' build argument 'lookup_in_workspace' from command line to 'False'
[0.242s] Level 5:colcon.colcon_core.verb:set package 'my_msg_types' build argument 'cargo_args' from command line to 'None'
[0.242s] Level 5:colcon.colcon_core.verb:set package 'my_msg_types' build argument 'clean_build' from command line to 'False'
[0.242s] Level 5:colcon.colcon_core.verb:set package 'my_msg_types' build argument 'cmake_args' from command line to 'None'
[0.242s] Level 5:colcon.colcon_core.verb:set package 'my_msg_types' build argument 'cmake_target' from command line to 'None'
[0.242s] Level 5:colcon.colcon_core.verb:set package 'my_msg_types' build argument 'cmake_target_skip_unavailable' from command line to 'False'
[0.242s] Level 5:colcon.colcon_core.verb:set package 'my_msg_types' build argument 'cmake_clean_cache' from command line to 'False'
[0.242s] Level 5:colcon.colcon_core.verb:set package 'my_msg_types' build argument 'cmake_clean_first' from command line to 'False'
[0.242s] Level 5:colcon.colcon_core.verb:set package 'my_msg_types' build argument 'cmake_force_configure' from command line to 'False'
[0.242s] Level 5:colcon.colcon_core.verb:set package 'my_msg_types' build argument 'ament_cmake_args' from command line to 'None'
[0.242s] Level 5:colcon.colcon_core.verb:set package 'my_msg_types' build argument 'catkin_cmake_args' from command line to 'None'
[0.242s] Level 5:colcon.colcon_core.verb:set package 'my_msg_types' build argument 'catkin_skip_building_tests' from command line to 'False'
[0.242s] DEBUG:colcon.colcon_core.verb:Building package 'my_msg_types' with the following arguments: {'ament_cmake_args': None, 'build_base': '/home/jos/Documents/ros_ws/build/my_msg_types', 'cargo_args': None, 'catkin_cmake_args': None, 'catkin_skip_building_tests': False, 'clean_build': False, 'cmake_args': None, 'cmake_clean_cache': False, 'cmake_clean_first': False, 'cmake_force_configure': False, 'cmake_target': None, 'cmake_target_skip_unavailable': False, 'install_base': '/home/jos/Documents/ros_ws/install/my_msg_types', 'lookup_in_workspace': False, 'merge_install': False, 'path': '/home/jos/Documents/ros_ws/src/my_msg_types', 'symlink_install': False, 'test_result_base': None}
[0.243s] Level 5:colcon.colcon_core.verb:set package 'my_robot_bringup' build argument 'lookup_in_workspace' from command line to 'False'
[0.244s] Level 5:colcon.colcon_core.verb:set package 'my_robot_bringup' build argument 'cargo_args' from command line to 'None'
[0.244s] Level 5:colcon.colcon_core.verb:set package 'my_robot_bringup' build argument 'clean_build' from command line to 'False'
[0.244s] Level 5:colcon.colcon_core.verb:set package 'my_robot_bringup' build argument 'cmake_args' from command line to 'None'
[0.244s] Level 5:colcon.colcon_core.verb:set package 'my_robot_bringup' build argument 'cmake_target' from command line to 'None'
[0.244s] Level 5:colcon.colcon_core.verb:set package 'my_robot_bringup' build argument 'cmake_target_skip_unavailable' from command line to 'False'
[0.244s] Level 5:colcon.colcon_core.verb:set package 'my_robot_bringup' build argument 'cmake_clean_cache' from command line to 'False'
[0.244s] Level 5:colcon.colcon_core.verb:set package 'my_robot_bringup' build argument 'cmake_clean_first' from command line to 'False'
[0.244s] Level 5:colcon.colcon_core.verb:set package 'my_robot_bringup' build argument 'cmake_force_configure' from command line to 'False'
[0.244s] Level 5:colcon.colcon_core.verb:set package 'my_robot_bringup' build argument 'ament_cmake_args' from command line to 'None'
[0.244s] Level 5:colcon.colcon_core.verb:set package 'my_robot_bringup' build argument 'catkin_cmake_args' from command line to 'None'
[0.244s] Level 5:colcon.colcon_core.verb:set package 'my_robot_bringup' build argument 'catkin_skip_building_tests' from command line to 'False'
[0.244s] DEBUG:colcon.colcon_core.verb:Building package 'my_robot_bringup' with the following arguments: {'ament_cmake_args': None, 'build_base': '/home/jos/Documents/ros_ws/build/my_robot_bringup', 'cargo_args': None, 'catkin_cmake_args': None, 'catkin_skip_building_tests': False, 'clean_build': False, 'cmake_args': None, 'cmake_clean_cache': False, 'cmake_clean_first': False, 'cmake_force_configure': False, 'cmake_target': None, 'cmake_target_skip_unavailable': False, 'install_base': '/home/jos/Documents/ros_ws/install/my_robot_bringup', 'lookup_in_workspace': False, 'merge_install': False, 'path': '/home/jos/Documents/ros_ws/src/my_robot_bringup', 'symlink_install': False, 'test_result_base': None}
[0.245s] Level 5:colcon.colcon_core.verb:set package 'my_cpp_publisher' build argument 'lookup_in_workspace' from command line to 'False'
[0.245s] Level 5:colcon.colcon_core.verb:set package 'my_cpp_publisher' build argument 'cargo_args' from command line to 'None'
[0.245s] Level 5:colcon.colcon_core.verb:set package 'my_cpp_publisher' build argument 'clean_build' from command line to 'False'
[0.245s] Level 5:colcon.colcon_core.verb:set package 'my_cpp_publisher' build argument 'cmake_args' from command line to 'None'
[0.245s] Level 5:colcon.colcon_core.verb:set package 'my_cpp_publisher' build argument 'cmake_target' from command line to 'None'
[0.245s] Level 5:colcon.colcon_core.verb:set package 'my_cpp_publisher' build argument 'cmake_target_skip_unavailable' from command line to 'False'
[0.245s] Level 5:colcon.colcon_core.verb:set package 'my_cpp_publisher' build argument 'cmake_clean_cache' from command line to 'False'
[0.245s] Level 5:colcon.colcon_core.verb:set package 'my_cpp_publisher' build argument 'cmake_clean_first' from command line to 'False'
[0.245s] Level 5:colcon.colcon_core.verb:set package 'my_cpp_publisher' build argument 'cmake_force_configure' from command line to 'False'
[0.245s] Level 5:colcon.colcon_core.verb:set package 'my_cpp_publisher' build argument 'ament_cmake_args' from command line to 'None'
[0.245s] Level 5:colcon.colcon_core.verb:set package 'my_cpp_publisher' build argument 'catkin_cmake_args' from command line to 'None'
[0.245s] Level 5:colcon.colcon_core.verb:set package 'my_cpp_publisher' build argument 'catkin_skip_building_tests' from command line to 'False'
[0.245s] DEBUG:colcon.colcon_core.verb:Building package 'my_cpp_publisher' with the following arguments: {'ament_cmake_args': None, 'build_base': '/home/jos/Documents/ros_ws/build/my_cpp_publisher', 'cargo_args': None, 'catkin_cmake_args': None, 'catkin_skip_building_tests': False, 'clean_build': False, 'cmake_args': None, 'cmake_clean_cache': False, 'cmake_clean_first': False, 'cmake_force_configure': False, 'cmake_target': None, 'cmake_target_skip_unavailable': False, 'install_base': '/home/jos/Documents/ros_ws/install/my_cpp_publisher', 'lookup_in_workspace': False, 'merge_install': False, 'path': '/home/jos/Documents/ros_ws/src/my_cpp_publisher', 'symlink_install': False, 'test_result_base': None}
[0.246s] Level 5:colcon.colcon_core.verb:set package 'my_python_subscriber' build argument 'lookup_in_workspace' from command line to 'False'
[0.246s] Level 5:colcon.colcon_core.verb:set package 'my_python_subscriber' build argument 'cargo_args' from command line to 'None'
[0.246s] Level 5:colcon.colcon_core.verb:set package 'my_python_subscriber' build argument 'clean_build' from command line to 'False'
[0.246s] Level 5:colcon.colcon_core.verb:set package 'my_python_subscriber' build argument 'cmake_args' from command line to 'None'
[0.246s] Level 5:colcon.colcon_core.verb:set package 'my_python_subscriber' build argument 'cmake_target' from command line to 'None'
[0.246s] Level 5:colcon.colcon_core.verb:set package 'my_python_subscriber' build argument 'cmake_target_skip_unavailable' from command line to 'False'
[0.246s] Level 5:colcon.colcon_core.verb:set package 'my_python_subscriber' build argument 'cmake_clean_cache' from command line to 'False'
[0.246s] Level 5:colcon.colcon_core.verb:set package 'my_python_subscriber' build argument 'cmake_clean_first' from command line to 'False'
[0.246s] Level 5:colcon.colcon_core.verb:set package 'my_python_subscriber' build argument 'cmake_force_configure' from command line to 'False'
[0.246s] Level 5:colcon.colcon_core.verb:set package 'my_python_subscriber' build argument 'ament_cmake_args' from command line to 'None'
[0.246s] Level 5:colcon.colcon_core.verb:set package 'my_python_subscriber' build argument 'catkin_cmake_args' from command line to 'None'
[0.246s] Level 5:colcon.colcon_core.verb:set package 'my_python_subscriber' build argument 'catkin_skip_building_tests' from command line to 'False'
[0.246s] DEBUG:colcon.colcon_core.verb:Building package 'my_python_subscriber' with the following arguments: {'ament_cmake_args': None, 'build_base': '/home/jos/Documents/ros_ws/build/my_python_subscriber', 'cargo_args': None, 'catkin_cmake_args': None, 'catkin_skip_building_tests': False, 'clean_build': False, 'cmake_args': None, 'cmake_clean_cache': False, 'cmake_clean_first': False, 'cmake_force_configure': False, 'cmake_target': None, 'cmake_target_skip_unavailable': False, 'install_base': '/home/jos/Documents/ros_ws/install/my_python_subscriber', 'lookup_in_workspace': False, 'merge_install': False, 'path': '/home/jos/Documents/ros_ws/src/my_python_subscriber', 'symlink_install': False, 'test_result_base': None}
[0.246s] INFO:colcon.colcon_core.executor:Executing jobs using 'parallel' executor
[0.248s] DEBUG:colcon.colcon_parallel_executor.executor.parallel:run_until_complete
[0.248s] INFO:colcon.colcon_ros.task.ament_cmake.build:Building ROS package in '/home/jos/Documents/ros_ws/src/my_msg_types' with build type 'ament_cmake'
[0.248s] INFO:colcon.colcon_cmake.task.cmake.build:Building CMake package in '/home/jos/Documents/ros_ws/src/my_msg_types'
[0.250s] INFO:colcon.colcon_core.plugin_system:Skipping extension 'colcon_core.shell.bat': Not used on non-Windows systems
[0.250s] INFO:colcon.colcon_core.shell:Skip shell extension 'powershell' for command environment: Not usable outside of PowerShell
[0.250s] DEBUG:colcon.colcon_core.shell:Skip shell extension 'dsv' for command environment
[0.252s] INFO:colcon.colcon_ros.task.ament_cmake.build:Building ROS package in '/home/jos/Documents/ros_ws/src/my_robot_bringup' with build type 'ament_cmake'
[0.252s] INFO:colcon.colcon_cmake.task.cmake.build:Building CMake package in '/home/jos/Documents/ros_ws/src/my_robot_bringup'
[0.253s] INFO:colcon.colcon_core.shell:Skip shell extension 'powershell' for command environment: Not usable outside of PowerShell
[0.253s] DEBUG:colcon.colcon_core.shell:Skip shell extension 'dsv' for command environment
[0.258s] DEBUG:colcon.colcon_core.event_handler.log_command:Invoking command in '/home/jos/Documents/ros_ws/build/my_msg_types': CMAKE_PREFIX_PATH=/opt/ros/humble /usr/bin/cmake --build /home/jos/Documents/ros_ws/build/my_msg_types -- -j20 -l20
[0.260s] DEBUG:colcon.colcon_core.event_handler.log_command:Invoking command in '/home/jos/Documents/ros_ws/build/my_robot_bringup': CMAKE_PREFIX_PATH=/opt/ros/humble /usr/bin/cmake --build /home/jos/Documents/ros_ws/build/my_robot_bringup -- -j20 -l20
[0.277s] DEBUG:colcon.colcon_core.event_handler.log_command:Invoked command in '/home/jos/Documents/ros_ws/build/my_robot_bringup' returned '0': CMAKE_PREFIX_PATH=/opt/ros/humble /usr/bin/cmake --build /home/jos/Documents/ros_ws/build/my_robot_bringup -- -j20 -l20
[0.291s] DEBUG:colcon.colcon_core.event_handler.log_command:Invoking command in '/home/jos/Documents/ros_ws/build/my_robot_bringup': CMAKE_PREFIX_PATH=/opt/ros/humble /usr/bin/cmake --install /home/jos/Documents/ros_ws/build/my_robot_bringup
[0.295s] Level 1:colcon.colcon_core.environment:create_environment_scripts_only(my_robot_bringup)
[0.295s] DEBUG:colcon.colcon_core.event_handler.log_command:Invoked command in '/home/jos/Documents/ros_ws/build/my_robot_bringup' returned '0': CMAKE_PREFIX_PATH=/opt/ros/humble /usr/bin/cmake --install /home/jos/Documents/ros_ws/build/my_robot_bringup
[0.297s] Level 1:colcon.colcon_core.environment:checking '/home/jos/Documents/ros_ws/install/my_robot_bringup' for CMake module files
[0.297s] Level 1:colcon.colcon_core.environment:checking '/home/jos/Documents/ros_ws/install/my_robot_bringup' for CMake config files
[0.297s] Level 1:colcon.colcon_core.shell:create_environment_hook('my_robot_bringup', 'cmake_prefix_path')
[0.298s] INFO:colcon.colcon_core.shell:Creating environment hook '/home/jos/Documents/ros_ws/install/my_robot_bringup/share/my_robot_bringup/hook/cmake_prefix_path.ps1'
[0.298s] INFO:colcon.colcon_core.shell:Creating environment descriptor '/home/jos/Documents/ros_ws/install/my_robot_bringup/share/my_robot_bringup/hook/cmake_prefix_path.dsv'
[0.298s] INFO:colcon.colcon_core.shell:Creating environment hook '/home/jos/Documents/ros_ws/install/my_robot_bringup/share/my_robot_bringup/hook/cmake_prefix_path.sh'
[0.299s] Level 1:colcon.colcon_core.environment:checking '/home/jos/Documents/ros_ws/install/my_robot_bringup/bin'
[0.299s] Level 1:colcon.colcon_core.environment:checking '/home/jos/Documents/ros_ws/install/my_robot_bringup/lib/pkgconfig/my_robot_bringup.pc'
[0.299s] Level 1:colcon.colcon_core.environment:checking '/home/jos/Documents/ros_ws/install/my_robot_bringup/lib/python3.10/site-packages'
[0.299s] Level 1:colcon.colcon_core.environment:checking '/home/jos/Documents/ros_ws/install/my_robot_bringup/bin'
[0.299s] INFO:colcon.colcon_core.shell:Creating package script '/home/jos/Documents/ros_ws/install/my_robot_bringup/share/my_robot_bringup/package.ps1'
[0.300s] INFO:colcon.colcon_core.shell:Creating package descriptor '/home/jos/Documents/ros_ws/install/my_robot_bringup/share/my_robot_bringup/package.dsv'
[0.300s] INFO:colcon.colcon_core.shell:Creating package script '/home/jos/Documents/ros_ws/install/my_robot_bringup/share/my_robot_bringup/package.sh'
[0.300s] INFO:colcon.colcon_core.shell:Creating package script '/home/jos/Documents/ros_ws/install/my_robot_bringup/share/my_robot_bringup/package.bash'
[0.300s] INFO:colcon.colcon_core.shell:Creating package script '/home/jos/Documents/ros_ws/install/my_robot_bringup/share/my_robot_bringup/package.zsh'
[0.301s] Level 1:colcon.colcon_core.environment:create_file_with_runtime_dependencies(/home/jos/Documents/ros_ws/install/my_robot_bringup/share/colcon-core/packages/my_robot_bringup)
[0.310s] Level 1:colcon.colcon_core.environment:create_environment_scripts_only(my_robot_bringup)
[0.311s] Level 1:colcon.colcon_core.environment:checking '/home/jos/Documents/ros_ws/install/my_robot_bringup' for CMake module files
[0.312s] Level 1:colcon.colcon_core.environment:checking '/home/jos/Documents/ros_ws/install/my_robot_bringup' for CMake config files
[0.312s] Level 1:colcon.colcon_core.shell:create_environment_hook('my_robot_bringup', 'cmake_prefix_path')
[0.312s] INFO:colcon.colcon_core.shell:Creating environment hook '/home/jos/Documents/ros_ws/install/my_robot_bringup/share/my_robot_bringup/hook/cmake_prefix_path.ps1'
[0.313s] INFO:colcon.colcon_core.shell:Creating environment descriptor '/home/jos/Documents/ros_ws/install/my_robot_bringup/share/my_robot_bringup/hook/cmake_prefix_path.dsv'
[0.313s] INFO:colcon.colcon_core.shell:Creating environment hook '/home/jos/Documents/ros_ws/install/my_robot_bringup/share/my_robot_bringup/hook/cmake_prefix_path.sh'
[0.313s] Level 1:colcon.colcon_core.environment:checking '/home/jos/Documents/ros_ws/install/my_robot_bringup/bin'
[0.313s] Level 1:colcon.colcon_core.environment:checking '/home/jos/Documents/ros_ws/install/my_robot_bringup/lib/pkgconfig/my_robot_bringup.pc'
[0.313s] Level 1:colcon.colcon_core.environment:checking '/home/jos/Documents/ros_ws/install/my_robot_bringup/lib/python3.10/site-packages'
[0.313s] Level 1:colcon.colcon_core.environment:checking '/home/jos/Documents/ros_ws/install/my_robot_bringup/bin'
[0.314s] INFO:colcon.colcon_core.shell:Creating package script '/home/jos/Documents/ros_ws/install/my_robot_bringup/share/my_robot_bringup/package.ps1'
[0.314s] INFO:colcon.colcon_core.shell:Creating package descriptor '/home/jos/Documents/ros_ws/install/my_robot_bringup/share/my_robot_bringup/package.dsv'
[0.314s] INFO:colcon.colcon_core.shell:Creating package script '/home/jos/Documents/ros_ws/install/my_robot_bringup/share/my_robot_bringup/package.sh'
[0.314s] INFO:colcon.colcon_core.shell:Creating package script '/home/jos/Documents/ros_ws/install/my_robot_bringup/share/my_robot_bringup/package.bash'
[0.315s] INFO:colcon.colcon_core.shell:Creating package script '/home/jos/Documents/ros_ws/install/my_robot_bringup/share/my_robot_bringup/package.zsh'
[0.315s] Level 1:colcon.colcon_core.environment:create_file_with_runtime_dependencies(/home/jos/Documents/ros_ws/install/my_robot_bringup/share/colcon-core/packages/my_robot_bringup)
[0.421s] DEBUG:colcon.colcon_core.event_handler.log_command:Invoked command in '/home/jos/Documents/ros_ws/build/my_msg_types' returned '0': CMAKE_PREFIX_PATH=/opt/ros/humble /usr/bin/cmake --build /home/jos/Documents/ros_ws/build/my_msg_types -- -j20 -l20
[0.443s] DEBUG:colcon.colcon_core.event_handler.log_command:Invoking command in '/home/jos/Documents/ros_ws/build/my_msg_types': CMAKE_PREFIX_PATH=/opt/ros/humble /usr/bin/cmake --install /home/jos/Documents/ros_ws/build/my_msg_types
[0.467s] Level 1:colcon.colcon_core.environment:create_environment_scripts_only(my_msg_types)
[0.468s] Level 1:colcon.colcon_core.environment:checking '/home/jos/Documents/ros_ws/install/my_msg_types' for CMake module files
[0.469s] DEBUG:colcon.colcon_core.event_handler.log_command:Invoked command in '/home/jos/Documents/ros_ws/build/my_msg_types' returned '0': CMAKE_PREFIX_PATH=/opt/ros/humble /usr/bin/cmake --install /home/jos/Documents/ros_ws/build/my_msg_types
[0.469s] Level 1:colcon.colcon_core.environment:checking '/home/jos/Documents/ros_ws/install/my_msg_types' for CMake config files
[0.469s] Level 1:colcon.colcon_core.shell:create_environment_hook('my_msg_types', 'cmake_prefix_path')
[0.470s] INFO:colcon.colcon_core.shell:Creating environment hook '/home/jos/Documents/ros_ws/install/my_msg_types/share/my_msg_types/hook/cmake_prefix_path.ps1'
[0.470s] INFO:colcon.colcon_core.shell:Creating environment descriptor '/home/jos/Documents/ros_ws/install/my_msg_types/share/my_msg_types/hook/cmake_prefix_path.dsv'
[0.470s] INFO:colcon.colcon_core.shell:Creating environment hook '/home/jos/Documents/ros_ws/install/my_msg_types/share/my_msg_types/hook/cmake_prefix_path.sh'
[0.470s] Level 1:colcon.colcon_core.environment:checking '/home/jos/Documents/ros_ws/install/my_msg_types/lib'
[0.470s] Level 1:colcon.colcon_core.shell:create_environment_hook('my_msg_types', 'ld_library_path_lib')
[0.471s] INFO:colcon.colcon_core.shell:Creating environment hook '/home/jos/Documents/ros_ws/install/my_msg_types/share/my_msg_types/hook/ld_library_path_lib.ps1'
[0.471s] INFO:colcon.colcon_core.shell:Creating environment descriptor '/home/jos/Documents/ros_ws/install/my_msg_types/share/my_msg_types/hook/ld_library_path_lib.dsv'
[0.471s] INFO:colcon.colcon_core.shell:Creating environment hook '/home/jos/Documents/ros_ws/install/my_msg_types/share/my_msg_types/hook/ld_library_path_lib.sh'
[0.471s] Level 1:colcon.colcon_core.environment:checking '/home/jos/Documents/ros_ws/install/my_msg_types/bin'
[0.471s] Level 1:colcon.colcon_core.environment:checking '/home/jos/Documents/ros_ws/install/my_msg_types/lib/pkgconfig/my_msg_types.pc'
[0.471s] Level 1:colcon.colcon_core.environment:checking '/home/jos/Documents/ros_ws/install/my_msg_types/lib/python3.10/site-packages'
[0.472s] Level 1:colcon.colcon_core.environment:checking '/home/jos/Documents/ros_ws/install/my_msg_types/bin'
[0.472s] INFO:colcon.colcon_core.shell:Creating package script '/home/jos/Documents/ros_ws/install/my_msg_types/share/my_msg_types/package.ps1'
[0.472s] INFO:colcon.colcon_core.shell:Creating package descriptor '/home/jos/Documents/ros_ws/install/my_msg_types/share/my_msg_types/package.dsv'
[0.473s] INFO:colcon.colcon_core.shell:Creating package script '/home/jos/Documents/ros_ws/install/my_msg_types/share/my_msg_types/package.sh'
[0.473s] INFO:colcon.colcon_core.shell:Creating package script '/home/jos/Documents/ros_ws/install/my_msg_types/share/my_msg_types/package.bash'
[0.473s] INFO:colcon.colcon_core.shell:Creating package script '/home/jos/Documents/ros_ws/install/my_msg_types/share/my_msg_types/package.zsh'
[0.473s] Level 1:colcon.colcon_core.environment:create_file_with_runtime_dependencies(/home/jos/Documents/ros_ws/install/my_msg_types/share/colcon-core/packages/my_msg_types)
[0.496s] Level 1:colcon.colcon_core.environment:create_environment_scripts_only(my_msg_types)
[0.497s] Level 1:colcon.colcon_core.environment:checking '/home/jos/Documents/ros_ws/install/my_msg_types' for CMake module files
[0.498s] Level 1:colcon.colcon_core.environment:checking '/home/jos/Documents/ros_ws/install/my_msg_types' for CMake config files
[0.498s] Level 1:colcon.colcon_core.shell:create_environment_hook('my_msg_types', 'cmake_prefix_path')
[0.499s] INFO:colcon.colcon_core.shell:Creating environment hook '/home/jos/Documents/ros_ws/install/my_msg_types/share/my_msg_types/hook/cmake_prefix_path.ps1'
[0.499s] INFO:colcon.colcon_core.shell:Creating environment descriptor '/home/jos/Documents/ros_ws/install/my_msg_types/share/my_msg_types/hook/cmake_prefix_path.dsv'
[0.500s] INFO:colcon.colcon_core.shell:Creating environment hook '/home/jos/Documents/ros_ws/install/my_msg_types/share/my_msg_types/hook/cmake_prefix_path.sh'
[0.500s] Level 1:colcon.colcon_core.environment:checking '/home/jos/Documents/ros_ws/install/my_msg_types/lib'
[0.500s] Level 1:colcon.colcon_core.shell:create_environment_hook('my_msg_types', 'ld_library_path_lib')
[0.501s] INFO:colcon.colcon_core.shell:Creating environment hook '/home/jos/Documents/ros_ws/install/my_msg_types/share/my_msg_types/hook/ld_library_path_lib.ps1'
[0.501s] INFO:colcon.colcon_core.shell:Creating environment descriptor '/home/jos/Documents/ros_ws/install/my_msg_types/share/my_msg_types/hook/ld_library_path_lib.dsv'
[0.501s] INFO:colcon.colcon_core.shell:Creating environment hook '/home/jos/Documents/ros_ws/install/my_msg_types/share/my_msg_types/hook/ld_library_path_lib.sh'
[0.501s] Level 1:colcon.colcon_core.environment:checking '/home/jos/Documents/ros_ws/install/my_msg_types/bin'
[0.501s] Level 1:colcon.colcon_core.environment:checking '/home/jos/Documents/ros_ws/install/my_msg_types/lib/pkgconfig/my_msg_types.pc'
[0.502s] Level 1:colcon.colcon_core.environment:checking '/home/jos/Documents/ros_ws/install/my_msg_types/lib/python3.10/site-packages'
[0.502s] Level 1:colcon.colcon_core.environment:checking '/home/jos/Documents/ros_ws/install/my_msg_types/bin'
[0.502s] INFO:colcon.colcon_core.shell:Creating package script '/home/jos/Documents/ros_ws/install/my_msg_types/share/my_msg_types/package.ps1'
[0.502s] INFO:colcon.colcon_core.shell:Creating package descriptor '/home/jos/Documents/ros_ws/install/my_msg_types/share/my_msg_types/package.dsv'
[0.503s] INFO:colcon.colcon_core.shell:Creating package script '/home/jos/Documents/ros_ws/install/my_msg_types/share/my_msg_types/package.sh'
[0.503s] INFO:colcon.colcon_core.shell:Creating package script '/home/jos/Documents/ros_ws/install/my_msg_types/share/my_msg_types/package.bash'
[0.503s] INFO:colcon.colcon_core.shell:Creating package script '/home/jos/Documents/ros_ws/install/my_msg_types/share/my_msg_types/package.zsh'
[0.503s] Level 1:colcon.colcon_core.environment:create_file_with_runtime_dependencies(/home/jos/Documents/ros_ws/install/my_msg_types/share/colcon-core/packages/my_msg_types)
[0.503s] INFO:colcon.colcon_ros.task.ament_cmake.build:Building ROS package in '/home/jos/Documents/ros_ws/src/my_cpp_publisher' with build type 'ament_cmake'
[0.503s] INFO:colcon.colcon_cmake.task.cmake.build:Building CMake package in '/home/jos/Documents/ros_ws/src/my_cpp_publisher'
[0.504s] INFO:colcon.colcon_core.shell:Skip shell extension 'powershell' for command environment: Not usable outside of PowerShell
[0.504s] DEBUG:colcon.colcon_core.shell:Skip shell extension 'dsv' for command environment
[0.506s] INFO:colcon.colcon_ros.task.ament_python.build:Building ROS package in '/home/jos/Documents/ros_ws/src/my_python_subscriber' with build type 'ament_python'
[0.506s] Level 1:colcon.colcon_core.shell:create_environment_hook('my_python_subscriber', 'ament_prefix_path')
[0.507s] INFO:colcon.colcon_core.shell:Creating environment hook '/home/jos/Documents/ros_ws/install/my_python_subscriber/share/my_python_subscriber/hook/ament_prefix_path.ps1'
[0.507s] INFO:colcon.colcon_core.shell:Creating environment descriptor '/home/jos/Documents/ros_ws/install/my_python_subscriber/share/my_python_subscriber/hook/ament_prefix_path.dsv'
[0.507s] INFO:colcon.colcon_core.shell:Creating environment hook '/home/jos/Documents/ros_ws/install/my_python_subscriber/share/my_python_subscriber/hook/ament_prefix_path.sh'
[0.508s] INFO:colcon.colcon_core.shell:Skip shell extension 'powershell' for command environment: Not usable outside of PowerShell
[0.508s] DEBUG:colcon.colcon_core.shell:Skip shell extension 'dsv' for command environment
[0.516s] DEBUG:colcon.colcon_core.event_handler.log_command:Invoking command in '/home/jos/Documents/ros_ws/build/my_cpp_publisher': AMENT_PREFIX_PATH=/home/jos/Documents/ros_ws/install/my_msg_types:${AMENT_PREFIX_PATH} CMAKE_PREFIX_PATH=/home/jos/Documents/ros_ws/install/my_msg_types:/opt/ros/humble LD_LIBRARY_PATH=/home/jos/Documents/ros_ws/install/my_msg_types/lib:${LD_LIBRARY_PATH} PYTHONPATH=/home/jos/Documents/ros_ws/install/my_msg_types/local/lib/python3.10/dist-packages:${PYTHONPATH} /usr/bin/cmake --build /home/jos/Documents/ros_ws/build/my_cpp_publisher -- -j20 -l20
[0.638s] INFO:colcon.colcon_core.task.python.build:Building Python package in '/home/jos/Documents/ros_ws/src/my_python_subscriber'
[0.640s] INFO:colcon.colcon_core.shell:Skip shell extension 'powershell' for command environment: Not usable outside of PowerShell
[0.640s] DEBUG:colcon.colcon_core.shell:Skip shell extension 'dsv' for command environment
[0.817s] DEBUG:colcon.colcon_core.event_handler.log_command:Invoking command in '/home/jos/Documents/ros_ws/src/my_python_subscriber': AMENT_PREFIX_PATH=/home/jos/Documents/ros_ws/install/my_msg_types:${AMENT_PREFIX_PATH} CMAKE_PREFIX_PATH=/home/jos/Documents/ros_ws/install/my_msg_types LD_LIBRARY_PATH=/home/jos/Documents/ros_ws/install/my_msg_types/lib:${LD_LIBRARY_PATH} PYTHONPATH=/home/jos/Documents/ros_ws/build/my_python_subscriber/prefix_override:/home/jos/Documents/ros_ws/install/my_python_subscriber/lib/python3.10/site-packages:/home/jos/Documents/ros_ws/install/my_msg_types/local/lib/python3.10/dist-packages:${PYTHONPATH} /usr/bin/python3 setup.py egg_info --egg-base ../../build/my_python_subscriber build --build-base /home/jos/Documents/ros_ws/build/my_python_subscriber/build install --record /home/jos/Documents/ros_ws/build/my_python_subscriber/install.log --install-scripts $base/lib/my_python_subscriber --single-version-externally-managed
[0.954s] Level 1:colcon.colcon_core.environment:checking '/home/jos/Documents/ros_ws/install/my_python_subscriber' for CMake module files
[0.954s] DEBUG:colcon.colcon_core.event_handler.log_command:Invoked command in '/home/jos/Documents/ros_ws/src/my_python_subscriber' returned '0': AMENT_PREFIX_PATH=/home/jos/Documents/ros_ws/install/my_msg_types:${AMENT_PREFIX_PATH} CMAKE_PREFIX_PATH=/home/jos/Documents/ros_ws/install/my_msg_types LD_LIBRARY_PATH=/home/jos/Documents/ros_ws/install/my_msg_types/lib:${LD_LIBRARY_PATH} PYTHONPATH=/home/jos/Documents/ros_ws/build/my_python_subscriber/prefix_override:/home/jos/Documents/ros_ws/install/my_python_subscriber/lib/python3.10/site-packages:/home/jos/Documents/ros_ws/install/my_msg_types/local/lib/python3.10/dist-packages:${PYTHONPATH} /usr/bin/python3 setup.py egg_info --egg-base ../../build/my_python_subscriber build --build-base /home/jos/Documents/ros_ws/build/my_python_subscriber/build install --record /home/jos/Documents/ros_ws/build/my_python_subscriber/install.log --install-scripts $base/lib/my_python_subscriber --single-version-externally-managed
[0.955s] Level 1:colcon.colcon_core.environment:checking '/home/jos/Documents/ros_ws/install/my_python_subscriber' for CMake config files
[0.955s] Level 1:colcon.colcon_core.environment:checking '/home/jos/Documents/ros_ws/install/my_python_subscriber/lib'
[0.955s] Level 1:colcon.colcon_core.environment:checking '/home/jos/Documents/ros_ws/install/my_python_subscriber/bin'
[0.955s] Level 1:colcon.colcon_core.environment:checking '/home/jos/Documents/ros_ws/install/my_python_subscriber/lib/pkgconfig/my_python_subscriber.pc'
[0.955s] Level 1:colcon.colcon_core.environment:checking '/home/jos/Documents/ros_ws/install/my_python_subscriber/lib/python3.10/site-packages'
[0.955s] Level 1:colcon.colcon_core.shell:create_environment_hook('my_python_subscriber', 'pythonpath')
[0.956s] INFO:colcon.colcon_core.shell:Creating environment hook '/home/jos/Documents/ros_ws/install/my_python_subscriber/share/my_python_subscriber/hook/pythonpath.ps1'
[0.956s] INFO:colcon.colcon_core.shell:Creating environment descriptor '/home/jos/Documents/ros_ws/install/my_python_subscriber/share/my_python_subscriber/hook/pythonpath.dsv'
[0.957s] INFO:colcon.colcon_core.shell:Creating environment hook '/home/jos/Documents/ros_ws/install/my_python_subscriber/share/my_python_subscriber/hook/pythonpath.sh'
[0.957s] Level 1:colcon.colcon_core.environment:checking '/home/jos/Documents/ros_ws/install/my_python_subscriber/bin'
[0.957s] Level 1:colcon.colcon_core.environment:create_environment_scripts_only(my_python_subscriber)
[0.957s] INFO:colcon.colcon_core.shell:Creating package script '/home/jos/Documents/ros_ws/install/my_python_subscriber/share/my_python_subscriber/package.ps1'
[0.958s] INFO:colcon.colcon_core.shell:Creating package descriptor '/home/jos/Documents/ros_ws/install/my_python_subscriber/share/my_python_subscriber/package.dsv'
[0.958s] INFO:colcon.colcon_core.shell:Creating package script '/home/jos/Documents/ros_ws/install/my_python_subscriber/share/my_python_subscriber/package.sh'
[0.958s] INFO:colcon.colcon_core.shell:Creating package script '/home/jos/Documents/ros_ws/install/my_python_subscriber/share/my_python_subscriber/package.bash'
[0.958s] INFO:colcon.colcon_core.shell:Creating package script '/home/jos/Documents/ros_ws/install/my_python_subscriber/share/my_python_subscriber/package.zsh'
[0.958s] Level 1:colcon.colcon_core.environment:create_file_with_runtime_dependencies(/home/jos/Documents/ros_ws/install/my_python_subscriber/share/colcon-core/packages/my_python_subscriber)
[2.565s] DEBUG:colcon.colcon_core.event_handler.log_command:Invoked command in '/home/jos/Documents/ros_ws/build/my_cpp_publisher' returned '0': AMENT_PREFIX_PATH=/home/jos/Documents/ros_ws/install/my_msg_types:${AMENT_PREFIX_PATH} CMAKE_PREFIX_PATH=/home/jos/Documents/ros_ws/install/my_msg_types:/opt/ros/humble LD_LIBRARY_PATH=/home/jos/Documents/ros_ws/install/my_msg_types/lib:${LD_LIBRARY_PATH} PYTHONPATH=/home/jos/Documents/ros_ws/install/my_msg_types/local/lib/python3.10/dist-packages:${PYTHONPATH} /usr/bin/cmake --build /home/jos/Documents/ros_ws/build/my_cpp_publisher -- -j20 -l20
[2.577s] DEBUG:colcon.colcon_core.event_handler.log_command:Invoking command in '/home/jos/Documents/ros_ws/build/my_cpp_publisher': AMENT_PREFIX_PATH=/home/jos/Documents/ros_ws/install/my_msg_types:${AMENT_PREFIX_PATH} CMAKE_PREFIX_PATH=/home/jos/Documents/ros_ws/install/my_msg_types:/opt/ros/humble LD_LIBRARY_PATH=/home/jos/Documents/ros_ws/install/my_msg_types/lib:${LD_LIBRARY_PATH} PYTHONPATH=/home/jos/Documents/ros_ws/install/my_msg_types/local/lib/python3.10/dist-packages:${PYTHONPATH} /usr/bin/cmake --install /home/jos/Documents/ros_ws/build/my_cpp_publisher
[2.582s] Level 1:colcon.colcon_core.environment:create_environment_scripts_only(my_cpp_publisher)
[2.583s] Level 1:colcon.colcon_core.environment:checking '/home/jos/Documents/ros_ws/install/my_cpp_publisher' for CMake module files
[2.583s] DEBUG:colcon.colcon_core.event_handler.log_command:Invoked command in '/home/jos/Documents/ros_ws/build/my_cpp_publisher' returned '0': AMENT_PREFIX_PATH=/home/jos/Documents/ros_ws/install/my_msg_types:${AMENT_PREFIX_PATH} CMAKE_PREFIX_PATH=/home/jos/Documents/ros_ws/install/my_msg_types:/opt/ros/humble LD_LIBRARY_PATH=/home/jos/Documents/ros_ws/install/my_msg_types/lib:${LD_LIBRARY_PATH} PYTHONPATH=/home/jos/Documents/ros_ws/install/my_msg_types/local/lib/python3.10/dist-packages:${PYTHONPATH} /usr/bin/cmake --install /home/jos/Documents/ros_ws/build/my_cpp_publisher
[2.583s] Level 1:colcon.colcon_core.environment:checking '/home/jos/Documents/ros_ws/install/my_cpp_publisher' for CMake config files
[2.583s] Level 1:colcon.colcon_core.shell:create_environment_hook('my_cpp_publisher', 'cmake_prefix_path')
[2.584s] INFO:colcon.colcon_core.shell:Creating environment hook '/home/jos/Documents/ros_ws/install/my_cpp_publisher/share/my_cpp_publisher/hook/cmake_prefix_path.ps1'
[2.584s] INFO:colcon.colcon_core.shell:Creating environment descriptor '/home/jos/Documents/ros_ws/install/my_cpp_publisher/share/my_cpp_publisher/hook/cmake_prefix_path.dsv'
[2.584s] INFO:colcon.colcon_core.shell:Creating environment hook '/home/jos/Documents/ros_ws/install/my_cpp_publisher/share/my_cpp_publisher/hook/cmake_prefix_path.sh'
[2.585s] Level 1:colcon.colcon_core.environment:checking '/home/jos/Documents/ros_ws/install/my_cpp_publisher/lib'
[2.585s] Level 1:colcon.colcon_core.environment:checking '/home/jos/Documents/ros_ws/install/my_cpp_publisher/bin'
[2.585s] Level 1:colcon.colcon_core.environment:checking '/home/jos/Documents/ros_ws/install/my_cpp_publisher/lib/pkgconfig/my_cpp_publisher.pc'
[2.585s] Level 1:colcon.colcon_core.environment:checking '/home/jos/Documents/ros_ws/install/my_cpp_publisher/lib/python3.10/site-packages'
[2.585s] Level 1:colcon.colcon_core.environment:checking '/home/jos/Documents/ros_ws/install/my_cpp_publisher/bin'
[2.586s] INFO:colcon.colcon_core.shell:Creating package script '/home/jos/Documents/ros_ws/install/my_cpp_publisher/share/my_cpp_publisher/package.ps1'
[2.586s] INFO:colcon.colcon_core.shell:Creating package descriptor '/home/jos/Documents/ros_ws/install/my_cpp_publisher/share/my_cpp_publisher/package.dsv'
[2.586s] INFO:colcon.colcon_core.shell:Creating package script '/home/jos/Documents/ros_ws/install/my_cpp_publisher/share/my_cpp_publisher/package.sh'
[2.586s] INFO:colcon.colcon_core.shell:Creating package script '/home/jos/Documents/ros_ws/install/my_cpp_publisher/share/my_cpp_publisher/package.bash'
[2.586s] INFO:colcon.colcon_core.shell:Creating package script '/home/jos/Documents/ros_ws/install/my_cpp_publisher/share/my_cpp_publisher/package.zsh'
[2.586s] Level 1:colcon.colcon_core.environment:create_file_with_runtime_dependencies(/home/jos/Documents/ros_ws/install/my_cpp_publisher/share/colcon-core/packages/my_cpp_publisher)
[2.596s] Level 1:colcon.colcon_core.environment:create_environment_scripts_only(my_cpp_publisher)
[2.597s] Level 1:colcon.colcon_core.environment:checking '/home/jos/Documents/ros_ws/install/my_cpp_publisher' for CMake module files
[2.597s] Level 1:colcon.colcon_core.environment:checking '/home/jos/Documents/ros_ws/install/my_cpp_publisher' for CMake config files
[2.597s] Level 1:colcon.colcon_core.shell:create_environment_hook('my_cpp_publisher', 'cmake_prefix_path')
[2.597s] INFO:colcon.colcon_core.shell:Creating environment hook '/home/jos/Documents/ros_ws/install/my_cpp_publisher/share/my_cpp_publisher/hook/cmake_prefix_path.ps1'
[2.598s] INFO:colcon.colcon_core.shell:Creating environment descriptor '/home/jos/Documents/ros_ws/install/my_cpp_publisher/share/my_cpp_publisher/hook/cmake_prefix_path.dsv'
[2.598s] INFO:colcon.colcon_core.shell:Creating environment hook '/home/jos/Documents/ros_ws/install/my_cpp_publisher/share/my_cpp_publisher/hook/cmake_prefix_path.sh'
[2.598s] Level 1:colcon.colcon_core.environment:checking '/home/jos/Documents/ros_ws/install/my_cpp_publisher/lib'
[2.598s] Level 1:colcon.colcon_core.environment:checking '/home/jos/Documents/ros_ws/install/my_cpp_publisher/bin'
[2.598s] Level 1:colcon.colcon_core.environment:checking '/home/jos/Documents/ros_ws/install/my_cpp_publisher/lib/pkgconfig/my_cpp_publisher.pc'
[2.598s] Level 1:colcon.colcon_core.environment:checking '/home/jos/Documents/ros_ws/install/my_cpp_publisher/lib/python3.10/site-packages'
[2.598s] Level 1:colcon.colcon_core.environment:checking '/home/jos/Documents/ros_ws/install/my_cpp_publisher/bin'
[2.599s] INFO:colcon.colcon_core.shell:Creating package script '/home/jos/Documents/ros_ws/install/my_cpp_publisher/share/my_cpp_publisher/package.ps1'
[2.599s] INFO:colcon.colcon_core.shell:Creating package descriptor '/home/jos/Documents/ros_ws/install/my_cpp_publisher/share/my_cpp_publisher/package.dsv'
[2.599s] INFO:colcon.colcon_core.shell:Creating package script '/home/jos/Documents/ros_ws/install/my_cpp_publisher/share/my_cpp_publisher/package.sh'
[2.599s] INFO:colcon.colcon_core.shell:Creating package script '/home/jos/Documents/ros_ws/install/my_cpp_publisher/share/my_cpp_publisher/package.bash'
[2.599s] INFO:colcon.colcon_core.shell:Creating package script '/home/jos/Documents/ros_ws/install/my_cpp_publisher/share/my_cpp_publisher/package.zsh'
[2.600s] Level 1:colcon.colcon_core.environment:create_file_with_runtime_dependencies(/home/jos/Documents/ros_ws/install/my_cpp_publisher/share/colcon-core/packages/my_cpp_publisher)
[2.600s] DEBUG:colcon.colcon_parallel_executor.executor.parallel:closing loop
[2.600s] DEBUG:colcon.colcon_parallel_executor.executor.parallel:loop closed
[2.600s] DEBUG:colcon.colcon_parallel_executor.executor.parallel:run_until_complete finished with '0'
[2.600s] DEBUG:colcon.colcon_core.event_reactor:joining thread
[2.602s] INFO:colcon.colcon_core.plugin_system:Skipping extension 'colcon_notification.desktop_notification.terminal_notifier': Not used on non-Darwin systems
[2.602s] INFO:colcon.colcon_core.plugin_system:Skipping extension 'colcon_notification.desktop_notification.win32': Not used on non-Windows systems
[2.602s] INFO:colcon.colcon_notification.desktop_notification:Sending desktop notification using 'notify2'
[2.608s] DEBUG:colcon.colcon_core.event_reactor:joined thread
[2.609s] INFO:colcon.colcon_core.shell:Creating prefix script '/home/jos/Documents/ros_ws/install/local_setup.ps1'
[2.610s] INFO:colcon.colcon_core.shell:Creating prefix util module '/home/jos/Documents/ros_ws/install/_local_setup_util_ps1.py'
[2.610s] INFO:colcon.colcon_core.shell:Creating prefix chain script '/home/jos/Documents/ros_ws/install/setup.ps1'
[2.611s] INFO:colcon.colcon_core.shell:Creating prefix script '/home/jos/Documents/ros_ws/install/local_setup.sh'
[2.611s] INFO:colcon.colcon_core.shell:Creating prefix util module '/home/jos/Documents/ros_ws/install/_local_setup_util_sh.py'
[2.611s] INFO:colcon.colcon_core.shell:Creating prefix chain script '/home/jos/Documents/ros_ws/install/setup.sh'
[2.612s] INFO:colcon.colcon_core.shell:Creating prefix script '/home/jos/Documents/ros_ws/install/local_setup.bash'
[2.612s] INFO:colcon.colcon_core.shell:Creating prefix chain script '/home/jos/Documents/ros_ws/install/setup.bash'
[2.612s] INFO:colcon.colcon_core.shell:Creating prefix script '/home/jos/Documents/ros_ws/install/local_setup.zsh'
[2.613s] INFO:colcon.colcon_core.shell:Creating prefix chain script '/home/jos/Documents/ros_ws/install/setup.zsh'
