[0.187s] DEBUG:colcon:Command line arguments: ['/usr/bin/colcon', 'build']
[0.187s] DEBUG:colcon:Parsed command line arguments: Namespace(log_base=None, log_level=None, verb_name='build', build_base='build', install_base='install', merge_install=False, symlink_install=False, test_result_base=None, continue_on_error=False, executor='parallel', parallel_workers=20, event_handlers=None, ignore_user_meta=False, metas=['./colcon.meta'], base_paths=['.'], packages_ignore=None, packages_ignore_regex=None, paths=None, packages_up_to=None, packages_up_to_regex=None, packages_above=None, packages_above_and_dependencies=None, packages_above_depth=None, packages_select_by_dep=None, packages_skip_by_dep=None, packages_skip_up_to=None, packages_select_build_failed=False, packages_skip_build_finished=False, packages_select_test_failures=False, packages_skip_test_passed=False, packages_select=None, packages_skip=None, packages_select_regex=None, packages_skip_regex=None, packages_start=None, packages_end=None, allow_overriding=[], lookup_in_workspace=False, cargo_args=None, clean_build=False, cmake_args=None, cmake_target=None, cmake_target_skip_unavailable=False, cmake_clean_cache=False, cmake_clean_first=False, cmake_force_configure=False, ament_cmake_args=None, catkin_cmake_args=None, catkin_skip_building_tests=False, verb_parser=<colcon_defaults.argument_parser.defaults.DefaultArgumentsDecorator object at 0x7f9616ac31c0>, verb_extension=<colcon_core.verb.build.BuildVerb object at 0x7f961748fa90>, main=<bound method BuildVerb.main of <colcon_core.verb.build.BuildVerb object at 0x7f961748fa90>>)
[0.197s] Level 1:colcon.colcon_core.package_discovery:discover_packages(colcon_meta) check parameters
[0.197s] Level 1:colcon.colcon_core.package_discovery:discover_packages(recursive) check parameters
[0.197s] Level 1:colcon.colcon_core.package_discovery:discover_packages(ignore) check parameters
[0.197s] Level 1:colcon.colcon_core.package_discovery:discover_packages(path) check parameters
[0.197s] Level 1:colcon.colcon_core.package_discovery:discover_packages(colcon_meta) discover
[0.197s] Level 1:colcon.colcon_core.package_discovery:discover_packages(recursive) discover
[0.197s] INFO:colcon.colcon_core.package_discovery:Crawling recursively for packages in '/home/jos/Documents/ros_ws'
[0.197s] Level 1:colcon.colcon_core.package_identification:_identify(.) by extensions ['ignore', 'ignore_ament_install']
[0.197s] Level 1:colcon.colcon_core.package_identification:_identify(.) by extension 'ignore'
[0.197s] Level 1:colcon.colcon_core.package_identification:_identify(.) by extension 'ignore_ament_install'
[0.197s] Level 1:colcon.colcon_core.package_identification:_identify(.) by extensions ['colcon_pkg']
[0.197s] Level 1:colcon.colcon_core.package_identification:_identify(.) by extension 'colcon_pkg'
[0.197s] Level 1:colcon.colcon_core.package_identification:_identify(.) by extensions ['colcon_meta']
[0.197s] Level 1:colcon.colcon_core.package_identification:_identify(.) by extension 'colcon_meta'
[0.197s] Level 1:colcon.colcon_core.package_identification:_identify(.) by extensions ['ament_cargo']
[0.197s] Level 1:colcon.colcon_core.package_identification:_identify(.) by extension 'ament_cargo'
[0.197s] Level 1:colcon.colcon_core.package_identification:_identify(.) by extensions ['ros']
[0.197s] Level 1:colcon.colcon_core.package_identification:_identify(.) by extension 'ros'
[0.203s] Level 1:colcon.colcon_core.package_identification:_identify(.) by extensions ['cargo', 'cmake', 'python']
[0.203s] Level 1:colcon.colcon_core.package_identification:_identify(.) by extension 'cargo'
[0.203s] Level 1:colcon.colcon_core.package_identification:_identify(.) by extension 'cmake'
[0.203s] Level 1:colcon.colcon_core.package_identification:_identify(.) by extension 'python'
[0.203s] Level 1:colcon.colcon_core.package_identification:_identify(.) by extensions ['python_setup_py']
[0.203s] Level 1:colcon.colcon_core.package_identification:_identify(.) by extension 'python_setup_py'
[0.203s] Level 1:colcon.colcon_core.package_identification:_identify(build) by extensions ['ignore', 'ignore_ament_install']
[0.203s] Level 1:colcon.colcon_core.package_identification:_identify(build) by extension 'ignore'
[0.203s] Level 1:colcon.colcon_core.package_identification:_identify(build) ignored
[0.203s] Level 1:colcon.colcon_core.package_identification:_identify(install) by extensions ['ignore', 'ignore_ament_install']
[0.203s] Level 1:colcon.colcon_core.package_identification:_identify(install) by extension 'ignore'
[0.203s] Level 1:colcon.colcon_core.package_identification:_identify(install) ignored
[0.203s] Level 1:colcon.colcon_core.package_identification:_identify(log) by extensions ['ignore', 'ignore_ament_install']
[0.203s] Level 1:colcon.colcon_core.package_identification:_identify(log) by extension 'ignore'
[0.203s] Level 1:colcon.colcon_core.package_identification:_identify(log) ignored
[0.203s] Level 1:colcon.colcon_core.package_identification:_identify(src) by extensions ['ignore', 'ignore_ament_install']
[0.204s] Level 1:colcon.colcon_core.package_identification:_identify(src) by extension 'ignore'
[0.204s] Level 1:colcon.colcon_core.package_identification:_identify(src) by extension 'ignore_ament_install'
[0.204s] Level 1:colcon.colcon_core.package_identification:_identify(src) by extensions ['colcon_pkg']
[0.204s] Level 1:colcon.colcon_core.package_identification:_identify(src) by extension 'colcon_pkg'
[0.204s] Level 1:colcon.colcon_core.package_identification:_identify(src) by extensions ['colcon_meta']
[0.204s] Level 1:colcon.colcon_core.package_identification:_identify(src) by extension 'colcon_meta'
[0.204s] Level 1:colcon.colcon_core.package_identification:_identify(src) by extensions ['ament_cargo']
[0.204s] Level 1:colcon.colcon_core.package_identification:_identify(src) by extension 'ament_cargo'
[0.204s] Level 1:colcon.colcon_core.package_identification:_identify(src) by extensions ['ros']
[0.204s] Level 1:colcon.colcon_core.package_identification:_identify(src) by extension 'ros'
[0.204s] Level 1:colcon.colcon_core.package_identification:_identify(src) by extensions ['cargo', 'cmake', 'python']
[0.204s] Level 1:colcon.colcon_core.package_identification:_identify(src) by extension 'cargo'
[0.204s] Level 1:colcon.colcon_core.package_identification:_identify(src) by extension 'cmake'
[0.204s] Level 1:colcon.colcon_core.package_identification:_identify(src) by extension 'python'
[0.204s] Level 1:colcon.colcon_core.package_identification:_identify(src) by extensions ['python_setup_py']
[0.204s] Level 1:colcon.colcon_core.package_identification:_identify(src) by extension 'python_setup_py'
[0.204s] Level 1:colcon.colcon_core.package_identification:_identify(src/my_cpp_publisher) by extensions ['ignore', 'ignore_ament_install']
[0.204s] Level 1:colcon.colcon_core.package_identification:_identify(src/my_cpp_publisher) by extension 'ignore'
[0.204s] Level 1:colcon.colcon_core.package_identification:_identify(src/my_cpp_publisher) by extension 'ignore_ament_install'
[0.204s] Level 1:colcon.colcon_core.package_identification:_identify(src/my_cpp_publisher) by extensions ['colcon_pkg']
[0.204s] Level 1:colcon.colcon_core.package_identification:_identify(src/my_cpp_publisher) by extension 'colcon_pkg'
[0.204s] Level 1:colcon.colcon_core.package_identification:_identify(src/my_cpp_publisher) by extensions ['colcon_meta']
[0.204s] Level 1:colcon.colcon_core.package_identification:_identify(src/my_cpp_publisher) by extension 'colcon_meta'
[0.204s] Level 1:colcon.colcon_core.package_identification:_identify(src/my_cpp_publisher) by extensions ['ament_cargo']
[0.204s] Level 1:colcon.colcon_core.package_identification:_identify(src/my_cpp_publisher) by extension 'ament_cargo'
[0.204s] Level 1:colcon.colcon_core.package_identification:_identify(src/my_cpp_publisher) by extensions ['ros']
[0.204s] Level 1:colcon.colcon_core.package_identification:_identify(src/my_cpp_publisher) by extension 'ros'
[0.205s] DEBUG:colcon.colcon_core.package_identification:Package 'src/my_cpp_publisher' with type 'ros.ament_cmake' and name 'my_cpp_publisher'
[0.205s] Level 1:colcon.colcon_core.package_identification:_identify(src/my_msg_types) by extensions ['ignore', 'ignore_ament_install']
[0.205s] Level 1:colcon.colcon_core.package_identification:_identify(src/my_msg_types) by extension 'ignore'
[0.205s] Level 1:colcon.colcon_core.package_identification:_identify(src/my_msg_types) by extension 'ignore_ament_install'
[0.205s] Level 1:colcon.colcon_core.package_identification:_identify(src/my_msg_types) by extensions ['colcon_pkg']
[0.205s] Level 1:colcon.colcon_core.package_identification:_identify(src/my_msg_types) by extension 'colcon_pkg'
[0.205s] Level 1:colcon.colcon_core.package_identification:_identify(src/my_msg_types) by extensions ['colcon_meta']
[0.205s] Level 1:colcon.colcon_core.package_identification:_identify(src/my_msg_types) by extension 'colcon_meta'
[0.205s] Level 1:colcon.colcon_core.package_identification:_identify(src/my_msg_types) by extensions ['ament_cargo']
[0.205s] Level 1:colcon.colcon_core.package_identification:_identify(src/my_msg_types) by extension 'ament_cargo'
[0.205s] Level 1:colcon.colcon_core.package_identification:_identify(src/my_msg_types) by extensions ['ros']
[0.205s] Level 1:colcon.colcon_core.package_identification:_identify(src/my_msg_types) by extension 'ros'
[0.206s] DEBUG:colcon.colcon_core.package_identification:Package 'src/my_msg_types' with type 'ros.ament_cmake' and name 'my_msg_types'
[0.206s] Level 1:colcon.colcon_core.package_identification:_identify(src/my_python_subscriber) by extensions ['ignore', 'ignore_ament_install']
[0.206s] Level 1:colcon.colcon_core.package_identification:_identify(src/my_python_subscriber) by extension 'ignore'
[0.206s] Level 1:colcon.colcon_core.package_identification:_identify(src/my_python_subscriber) by extension 'ignore_ament_install'
[0.206s] Level 1:colcon.colcon_core.package_identification:_identify(src/my_python_subscriber) by extensions ['colcon_pkg']
[0.206s] Level 1:colcon.colcon_core.package_identification:_identify(src/my_python_subscriber) by extension 'colcon_pkg'
[0.206s] Level 1:colcon.colcon_core.package_identification:_identify(src/my_python_subscriber) by extensions ['colcon_meta']
[0.206s] Level 1:colcon.colcon_core.package_identification:_identify(src/my_python_subscriber) by extension 'colcon_meta'
[0.206s] Level 1:colcon.colcon_core.package_identification:_identify(src/my_python_subscriber) by extensions ['ament_cargo']
[0.206s] Level 1:colcon.colcon_core.package_identification:_identify(src/my_python_subscriber) by extension 'ament_cargo'
[0.206s] Level 1:colcon.colcon_core.package_identification:_identify(src/my_python_subscriber) by extensions ['ros']
[0.206s] Level 1:colcon.colcon_core.package_identification:_identify(src/my_python_subscriber) by extension 'ros'
[0.206s] DEBUG:colcon.colcon_core.package_identification:Found ROS schema reference in package manifest in 'src/my_python_subscriber'
[0.206s] WARNING:colcon.colcon_core.package_identification:Failed to parse ROS package manifest in 'src/my_python_subscriber': Error(s) in package 'src/my_python_subscriber/package.xml':
Error(s):
- The generic dependency on 'my_msg_types' is redundant with: exec_depend
[0.206s] Level 1:colcon.colcon_core.package_identification:_identify(src/my_python_subscriber) by extensions ['cargo', 'cmake', 'python']
[0.206s] Level 1:colcon.colcon_core.package_identification:_identify(src/my_python_subscriber) by extension 'cargo'
[0.206s] Level 1:colcon.colcon_core.package_identification:_identify(src/my_python_subscriber) by extension 'cmake'
[0.206s] Level 1:colcon.colcon_core.package_identification:_identify(src/my_python_subscriber) by extension 'python'
[0.206s] DEBUG:colcon.colcon_core.package_identification:Python package in 'src/my_python_subscriber' passes arguments to the setup() function which requires a different identification extension than 'python'
[0.206s] Level 1:colcon.colcon_core.package_identification:_identify(src/my_python_subscriber) by extensions ['python_setup_py']
[0.206s] Level 1:colcon.colcon_core.package_identification:_identify(src/my_python_subscriber) by extension 'python_setup_py'
[0.323s] DEBUG:colcon.colcon_core.package_identification:Package 'src/my_python_subscriber' with type 'python' and name 'my_python_subscriber'
[0.323s] Level 1:colcon.colcon_core.package_identification:_identify(src/my_robot_bringup) by extensions ['ignore', 'ignore_ament_install']
[0.323s] Level 1:colcon.colcon_core.package_identification:_identify(src/my_robot_bringup) by extension 'ignore'
[0.323s] Level 1:colcon.colcon_core.package_identification:_identify(src/my_robot_bringup) by extension 'ignore_ament_install'
[0.323s] Level 1:colcon.colcon_core.package_identification:_identify(src/my_robot_bringup) by extensions ['colcon_pkg']
[0.323s] Level 1:colcon.colcon_core.package_identification:_identify(src/my_robot_bringup) by extension 'colcon_pkg'
[0.323s] Level 1:colcon.colcon_core.package_identification:_identify(src/my_robot_bringup) by extensions ['colcon_meta']
[0.324s] Level 1:colcon.colcon_core.package_identification:_identify(src/my_robot_bringup) by extension 'colcon_meta'
[0.324s] Level 1:colcon.colcon_core.package_identification:_identify(src/my_robot_bringup) by extensions ['ament_cargo']
[0.324s] Level 1:colcon.colcon_core.package_identification:_identify(src/my_robot_bringup) by extension 'ament_cargo'
[0.324s] Level 1:colcon.colcon_core.package_identification:_identify(src/my_robot_bringup) by extensions ['ros']
[0.324s] Level 1:colcon.colcon_core.package_identification:_identify(src/my_robot_bringup) by extension 'ros'
[0.324s] DEBUG:colcon.colcon_core.package_identification:Package 'src/my_robot_bringup' with type 'ros.ament_cmake' and name 'my_robot_bringup'
[0.324s] Level 1:colcon.colcon_core.package_discovery:discover_packages(recursive) using defaults
[0.324s] Level 1:colcon.colcon_core.package_discovery:discover_packages(ignore) discover
[0.324s] Level 1:colcon.colcon_core.package_discovery:discover_packages(ignore) using defaults
[0.324s] Level 1:colcon.colcon_core.package_discovery:discover_packages(path) discover
[0.324s] Level 1:colcon.colcon_core.package_discovery:discover_packages(path) using defaults
[0.335s] Level 1:colcon.colcon_core.package_discovery:discover_packages(prefix_path) check parameters
[0.335s] Level 1:colcon.colcon_core.package_discovery:discover_packages(prefix_path) discover
[0.337s] DEBUG:colcon.colcon_installed_package_information.package_discovery:Found 328 installed packages in /opt/ros/humble
[0.338s] Level 1:colcon.colcon_core.package_discovery:discover_packages(prefix_path) using defaults
[0.367s] Level 5:colcon.colcon_core.verb:set package 'my_msg_types' build argument 'lookup_in_workspace' from command line to 'False'
[0.367s] Level 5:colcon.colcon_core.verb:set package 'my_msg_types' build argument 'cargo_args' from command line to 'None'
[0.367s] Level 5:colcon.colcon_core.verb:set package 'my_msg_types' build argument 'clean_build' from command line to 'False'
[0.367s] Level 5:colcon.colcon_core.verb:set package 'my_msg_types' build argument 'cmake_args' from command line to 'None'
[0.367s] Level 5:colcon.colcon_core.verb:set package 'my_msg_types' build argument 'cmake_target' from command line to 'None'
[0.367s] Level 5:colcon.colcon_core.verb:set package 'my_msg_types' build argument 'cmake_target_skip_unavailable' from command line to 'False'
[0.367s] Level 5:colcon.colcon_core.verb:set package 'my_msg_types' build argument 'cmake_clean_cache' from command line to 'False'
[0.367s] Level 5:colcon.colcon_core.verb:set package 'my_msg_types' build argument 'cmake_clean_first' from command line to 'False'
[0.367s] Level 5:colcon.colcon_core.verb:set package 'my_msg_types' build argument 'cmake_force_configure' from command line to 'False'
[0.367s] Level 5:colcon.colcon_core.verb:set package 'my_msg_types' build argument 'ament_cmake_args' from command line to 'None'
[0.367s] Level 5:colcon.colcon_core.verb:set package 'my_msg_types' build argument 'catkin_cmake_args' from command line to 'None'
[0.367s] Level 5:colcon.colcon_core.verb:set package 'my_msg_types' build argument 'catkin_skip_building_tests' from command line to 'False'
[0.367s] DEBUG:colcon.colcon_core.verb:Building package 'my_msg_types' with the following arguments: {'ament_cmake_args': None, 'build_base': '/home/jos/Documents/ros_ws/build/my_msg_types', 'cargo_args': None, 'catkin_cmake_args': None, 'catkin_skip_building_tests': False, 'clean_build': False, 'cmake_args': None, 'cmake_clean_cache': False, 'cmake_clean_first': False, 'cmake_force_configure': False, 'cmake_target': None, 'cmake_target_skip_unavailable': False, 'install_base': '/home/jos/Documents/ros_ws/install/my_msg_types', 'lookup_in_workspace': False, 'merge_install': False, 'path': '/home/jos/Documents/ros_ws/src/my_msg_types', 'symlink_install': False, 'test_result_base': None}
[0.369s] Level 5:colcon.colcon_core.verb:set package 'my_python_subscriber' build argument 'lookup_in_workspace' from command line to 'False'
[0.369s] Level 5:colcon.colcon_core.verb:set package 'my_python_subscriber' build argument 'cargo_args' from command line to 'None'
[0.369s] Level 5:colcon.colcon_core.verb:set package 'my_python_subscriber' build argument 'clean_build' from command line to 'False'
[0.369s] Level 5:colcon.colcon_core.verb:set package 'my_python_subscriber' build argument 'cmake_args' from command line to 'None'
[0.369s] Level 5:colcon.colcon_core.verb:set package 'my_python_subscriber' build argument 'cmake_target' from command line to 'None'
[0.369s] Level 5:colcon.colcon_core.verb:set package 'my_python_subscriber' build argument 'cmake_target_skip_unavailable' from command line to 'False'
[0.369s] Level 5:colcon.colcon_core.verb:set package 'my_python_subscriber' build argument 'cmake_clean_cache' from command line to 'False'
[0.369s] Level 5:colcon.colcon_core.verb:set package 'my_python_subscriber' build argument 'cmake_clean_first' from command line to 'False'
[0.369s] Level 5:colcon.colcon_core.verb:set package 'my_python_subscriber' build argument 'cmake_force_configure' from command line to 'False'
[0.369s] Level 5:colcon.colcon_core.verb:set package 'my_python_subscriber' build argument 'ament_cmake_args' from command line to 'None'
[0.369s] Level 5:colcon.colcon_core.verb:set package 'my_python_subscriber' build argument 'catkin_cmake_args' from command line to 'None'
[0.369s] Level 5:colcon.colcon_core.verb:set package 'my_python_subscriber' build argument 'catkin_skip_building_tests' from command line to 'False'
[0.369s] DEBUG:colcon.colcon_core.verb:Building package 'my_python_subscriber' with the following arguments: {'ament_cmake_args': None, 'build_base': '/home/jos/Documents/ros_ws/build/my_python_subscriber', 'cargo_args': None, 'catkin_cmake_args': None, 'catkin_skip_building_tests': False, 'clean_build': False, 'cmake_args': None, 'cmake_clean_cache': False, 'cmake_clean_first': False, 'cmake_force_configure': False, 'cmake_target': None, 'cmake_target_skip_unavailable': False, 'install_base': '/home/jos/Documents/ros_ws/install/my_python_subscriber', 'lookup_in_workspace': False, 'merge_install': False, 'path': '/home/jos/Documents/ros_ws/src/my_python_subscriber', 'symlink_install': False, 'test_result_base': None}
[0.370s] Level 5:colcon.colcon_core.verb:set package 'my_robot_bringup' build argument 'lookup_in_workspace' from command line to 'False'
[0.370s] Level 5:colcon.colcon_core.verb:set package 'my_robot_bringup' build argument 'cargo_args' from command line to 'None'
[0.370s] Level 5:colcon.colcon_core.verb:set package 'my_robot_bringup' build argument 'clean_build' from command line to 'False'
[0.370s] Level 5:colcon.colcon_core.verb:set package 'my_robot_bringup' build argument 'cmake_args' from command line to 'None'
[0.370s] Level 5:colcon.colcon_core.verb:set package 'my_robot_bringup' build argument 'cmake_target' from command line to 'None'
[0.370s] Level 5:colcon.colcon_core.verb:set package 'my_robot_bringup' build argument 'cmake_target_skip_unavailable' from command line to 'False'
[0.370s] Level 5:colcon.colcon_core.verb:set package 'my_robot_bringup' build argument 'cmake_clean_cache' from command line to 'False'
[0.370s] Level 5:colcon.colcon_core.verb:set package 'my_robot_bringup' build argument 'cmake_clean_first' from command line to 'False'
[0.370s] Level 5:colcon.colcon_core.verb:set package 'my_robot_bringup' build argument 'cmake_force_configure' from command line to 'False'
[0.370s] Level 5:colcon.colcon_core.verb:set package 'my_robot_bringup' build argument 'ament_cmake_args' from command line to 'None'
[0.370s] Level 5:colcon.colcon_core.verb:set package 'my_robot_bringup' build argument 'catkin_cmake_args' from command line to 'None'
[0.370s] Level 5:colcon.colcon_core.verb:set package 'my_robot_bringup' build argument 'catkin_skip_building_tests' from command line to 'False'
[0.370s] DEBUG:colcon.colcon_core.verb:Building package 'my_robot_bringup' with the following arguments: {'ament_cmake_args': None, 'build_base': '/home/jos/Documents/ros_ws/build/my_robot_bringup', 'cargo_args': None, 'catkin_cmake_args': None, 'catkin_skip_building_tests': False, 'clean_build': False, 'cmake_args': None, 'cmake_clean_cache': False, 'cmake_clean_first': False, 'cmake_force_configure': False, 'cmake_target': None, 'cmake_target_skip_unavailable': False, 'install_base': '/home/jos/Documents/ros_ws/install/my_robot_bringup', 'lookup_in_workspace': False, 'merge_install': False, 'path': '/home/jos/Documents/ros_ws/src/my_robot_bringup', 'symlink_install': False, 'test_result_base': None}
[0.371s] Level 5:colcon.colcon_core.verb:set package 'my_cpp_publisher' build argument 'lookup_in_workspace' from command line to 'False'
[0.371s] Level 5:colcon.colcon_core.verb:set package 'my_cpp_publisher' build argument 'cargo_args' from command line to 'None'
[0.371s] Level 5:colcon.colcon_core.verb:set package 'my_cpp_publisher' build argument 'clean_build' from command line to 'False'
[0.371s] Level 5:colcon.colcon_core.verb:set package 'my_cpp_publisher' build argument 'cmake_args' from command line to 'None'
[0.371s] Level 5:colcon.colcon_core.verb:set package 'my_cpp_publisher' build argument 'cmake_target' from command line to 'None'
[0.371s] Level 5:colcon.colcon_core.verb:set package 'my_cpp_publisher' build argument 'cmake_target_skip_unavailable' from command line to 'False'
[0.371s] Level 5:colcon.colcon_core.verb:set package 'my_cpp_publisher' build argument 'cmake_clean_cache' from command line to 'False'
[0.371s] Level 5:colcon.colcon_core.verb:set package 'my_cpp_publisher' build argument 'cmake_clean_first' from command line to 'False'
[0.371s] Level 5:colcon.colcon_core.verb:set package 'my_cpp_publisher' build argument 'cmake_force_configure' from command line to 'False'
[0.371s] Level 5:colcon.colcon_core.verb:set package 'my_cpp_publisher' build argument 'ament_cmake_args' from command line to 'None'
[0.371s] Level 5:colcon.colcon_core.verb:set package 'my_cpp_publisher' build argument 'catkin_cmake_args' from command line to 'None'
[0.371s] Level 5:colcon.colcon_core.verb:set package 'my_cpp_publisher' build argument 'catkin_skip_building_tests' from command line to 'False'
[0.371s] DEBUG:colcon.colcon_core.verb:Building package 'my_cpp_publisher' with the following arguments: {'ament_cmake_args': None, 'build_base': '/home/jos/Documents/ros_ws/build/my_cpp_publisher', 'cargo_args': None, 'catkin_cmake_args': None, 'catkin_skip_building_tests': False, 'clean_build': False, 'cmake_args': None, 'cmake_clean_cache': False, 'cmake_clean_first': False, 'cmake_force_configure': False, 'cmake_target': None, 'cmake_target_skip_unavailable': False, 'install_base': '/home/jos/Documents/ros_ws/install/my_cpp_publisher', 'lookup_in_workspace': False, 'merge_install': False, 'path': '/home/jos/Documents/ros_ws/src/my_cpp_publisher', 'symlink_install': False, 'test_result_base': None}
[0.371s] INFO:colcon.colcon_core.executor:Executing jobs using 'parallel' executor
[0.373s] DEBUG:colcon.colcon_parallel_executor.executor.parallel:run_until_complete
[0.373s] INFO:colcon.colcon_ros.task.ament_cmake.build:Building ROS package in '/home/jos/Documents/ros_ws/src/my_msg_types' with build type 'ament_cmake'
[0.373s] INFO:colcon.colcon_cmake.task.cmake.build:Building CMake package in '/home/jos/Documents/ros_ws/src/my_msg_types'
[0.376s] INFO:colcon.colcon_core.plugin_system:Skipping extension 'colcon_core.shell.bat': Not used on non-Windows systems
[0.376s] INFO:colcon.colcon_core.shell:Skip shell extension 'powershell' for command environment: Not usable outside of PowerShell
[0.376s] DEBUG:colcon.colcon_core.shell:Skip shell extension 'dsv' for command environment
[0.377s] INFO:colcon.colcon_core.task.python.build:Building Python package in '/home/jos/Documents/ros_ws/src/my_python_subscriber'
[0.378s] INFO:colcon.colcon_core.shell:Skip shell extension 'powershell' for command environment: Not usable outside of PowerShell
[0.378s] DEBUG:colcon.colcon_core.shell:Skip shell extension 'dsv' for command environment
[0.379s] INFO:colcon.colcon_ros.task.ament_cmake.build:Building ROS package in '/home/jos/Documents/ros_ws/src/my_robot_bringup' with build type 'ament_cmake'
[0.379s] INFO:colcon.colcon_cmake.task.cmake.build:Building CMake package in '/home/jos/Documents/ros_ws/src/my_robot_bringup'
[0.380s] INFO:colcon.colcon_core.shell:Skip shell extension 'powershell' for command environment: Not usable outside of PowerShell
[0.380s] DEBUG:colcon.colcon_core.shell:Skip shell extension 'dsv' for command environment
[0.383s] DEBUG:colcon.colcon_core.event_handler.log_command:Invoking command in '/home/jos/Documents/ros_ws/build/my_msg_types': CMAKE_PREFIX_PATH=/opt/ros/humble /usr/bin/cmake /home/jos/Documents/ros_ws/src/my_msg_types -DCMAKE_INSTALL_PREFIX=/home/jos/Documents/ros_ws/install/my_msg_types
[0.503s] DEBUG:colcon.colcon_core.event_handler.log_command:Invoking command in '/home/jos/Documents/ros_ws/build/my_robot_bringup': CMAKE_PREFIX_PATH=/opt/ros/humble /usr/bin/cmake /home/jos/Documents/ros_ws/src/my_robot_bringup -DCMAKE_INSTALL_PREFIX=/home/jos/Documents/ros_ws/install/my_robot_bringup
[0.692s] DEBUG:colcon.colcon_core.event_handler.log_command:Invoking command in '/home/jos/Documents/ros_ws/src/my_python_subscriber': PYTHONPATH=/home/jos/Documents/ros_ws/build/my_python_subscriber/prefix_override:/home/jos/Documents/ros_ws/install/my_python_subscriber/lib/python3.10/site-packages:${PYTHONPATH} /usr/bin/python3 setup.py egg_info --egg-base ../../build/my_python_subscriber build --build-base /home/jos/Documents/ros_ws/build/my_python_subscriber/build install --record /home/jos/Documents/ros_ws/build/my_python_subscriber/install.log --install-scripts $base/lib/my_python_subscriber --single-version-externally-managed
[0.797s] DEBUG:colcon.colcon_core.event_handler.log_command:Invoked command in '/home/jos/Documents/ros_ws/build/my_robot_bringup' returned '0': CMAKE_PREFIX_PATH=/opt/ros/humble /usr/bin/cmake /home/jos/Documents/ros_ws/src/my_robot_bringup -DCMAKE_INSTALL_PREFIX=/home/jos/Documents/ros_ws/install/my_robot_bringup
[0.798s] DEBUG:colcon.colcon_core.event_handler.log_command:Invoking command in '/home/jos/Documents/ros_ws/build/my_robot_bringup': CMAKE_PREFIX_PATH=/opt/ros/humble /usr/bin/cmake --build /home/jos/Documents/ros_ws/build/my_robot_bringup -- -j20 -l20
[0.815s] DEBUG:colcon.colcon_core.event_handler.log_command:Invoked command in '/home/jos/Documents/ros_ws/build/my_robot_bringup' returned '0': CMAKE_PREFIX_PATH=/opt/ros/humble /usr/bin/cmake --build /home/jos/Documents/ros_ws/build/my_robot_bringup -- -j20 -l20
[0.828s] DEBUG:colcon.colcon_core.event_handler.log_command:Invoking command in '/home/jos/Documents/ros_ws/build/my_robot_bringup': CMAKE_PREFIX_PATH=/opt/ros/humble /usr/bin/cmake --install /home/jos/Documents/ros_ws/build/my_robot_bringup
[0.829s] DEBUG:colcon.colcon_core.event_handler.log_command:Invoked command in '/home/jos/Documents/ros_ws/src/my_python_subscriber' returned '0': PYTHONPATH=/home/jos/Documents/ros_ws/build/my_python_subscriber/prefix_override:/home/jos/Documents/ros_ws/install/my_python_subscriber/lib/python3.10/site-packages:${PYTHONPATH} /usr/bin/python3 setup.py egg_info --egg-base ../../build/my_python_subscriber build --build-base /home/jos/Documents/ros_ws/build/my_python_subscriber/build install --record /home/jos/Documents/ros_ws/build/my_python_subscriber/install.log --install-scripts $base/lib/my_python_subscriber --single-version-externally-managed
[0.833s] Level 1:colcon.colcon_core.environment:checking '/home/jos/Documents/ros_ws/install/my_python_subscriber' for CMake module files
[0.833s] Level 1:colcon.colcon_core.environment:checking '/home/jos/Documents/ros_ws/install/my_python_subscriber' for CMake config files
[0.833s] Level 1:colcon.colcon_core.environment:checking '/home/jos/Documents/ros_ws/install/my_python_subscriber/lib'
[0.833s] Level 1:colcon.colcon_core.environment:checking '/home/jos/Documents/ros_ws/install/my_python_subscriber/bin'
[0.833s] Level 1:colcon.colcon_core.environment:checking '/home/jos/Documents/ros_ws/install/my_python_subscriber/lib/pkgconfig/my_python_subscriber.pc'
[0.834s] Level 1:colcon.colcon_core.environment:checking '/home/jos/Documents/ros_ws/install/my_python_subscriber/lib/python3.10/site-packages'
[0.834s] Level 1:colcon.colcon_core.shell:create_environment_hook('my_python_subscriber', 'pythonpath')
[0.834s] INFO:colcon.colcon_core.shell:Creating environment hook '/home/jos/Documents/ros_ws/install/my_python_subscriber/share/my_python_subscriber/hook/pythonpath.ps1'
[0.834s] INFO:colcon.colcon_core.shell:Creating environment descriptor '/home/jos/Documents/ros_ws/install/my_python_subscriber/share/my_python_subscriber/hook/pythonpath.dsv'
[0.835s] INFO:colcon.colcon_core.shell:Creating environment hook '/home/jos/Documents/ros_ws/install/my_python_subscriber/share/my_python_subscriber/hook/pythonpath.sh'
[0.836s] Level 1:colcon.colcon_core.environment:checking '/home/jos/Documents/ros_ws/install/my_python_subscriber/bin'
[0.836s] Level 1:colcon.colcon_core.environment:create_environment_scripts_only(my_python_subscriber)
[0.836s] INFO:colcon.colcon_core.shell:Creating package script '/home/jos/Documents/ros_ws/install/my_python_subscriber/share/my_python_subscriber/package.ps1'
[0.837s] INFO:colcon.colcon_core.shell:Creating package descriptor '/home/jos/Documents/ros_ws/install/my_python_subscriber/share/my_python_subscriber/package.dsv'
[0.837s] INFO:colcon.colcon_core.shell:Creating package script '/home/jos/Documents/ros_ws/install/my_python_subscriber/share/my_python_subscriber/package.sh'
[0.838s] INFO:colcon.colcon_core.shell:Creating package script '/home/jos/Documents/ros_ws/install/my_python_subscriber/share/my_python_subscriber/package.bash'
[0.838s] INFO:colcon.colcon_core.shell:Creating package script '/home/jos/Documents/ros_ws/install/my_python_subscriber/share/my_python_subscriber/package.zsh'
[0.838s] Level 1:colcon.colcon_core.environment:create_file_with_runtime_dependencies(/home/jos/Documents/ros_ws/install/my_python_subscriber/share/colcon-core/packages/my_python_subscriber)
[0.840s] Level 1:colcon.colcon_core.environment:create_environment_scripts_only(my_robot_bringup)
[0.840s] Level 1:colcon.colcon_core.environment:checking '/home/jos/Documents/ros_ws/install/my_robot_bringup' for CMake module files
[0.841s] DEBUG:colcon.colcon_core.event_handler.log_command:Invoked command in '/home/jos/Documents/ros_ws/build/my_robot_bringup' returned '0': CMAKE_PREFIX_PATH=/opt/ros/humble /usr/bin/cmake --install /home/jos/Documents/ros_ws/build/my_robot_bringup
[0.841s] Level 1:colcon.colcon_core.environment:checking '/home/jos/Documents/ros_ws/install/my_robot_bringup' for CMake config files
[0.841s] Level 1:colcon.colcon_core.shell:create_environment_hook('my_robot_bringup', 'cmake_prefix_path')
[0.841s] INFO:colcon.colcon_core.shell:Creating environment hook '/home/jos/Documents/ros_ws/install/my_robot_bringup/share/my_robot_bringup/hook/cmake_prefix_path.ps1'
[0.842s] INFO:colcon.colcon_core.shell:Creating environment descriptor '/home/jos/Documents/ros_ws/install/my_robot_bringup/share/my_robot_bringup/hook/cmake_prefix_path.dsv'
[0.842s] INFO:colcon.colcon_core.shell:Creating environment hook '/home/jos/Documents/ros_ws/install/my_robot_bringup/share/my_robot_bringup/hook/cmake_prefix_path.sh'
[0.842s] Level 1:colcon.colcon_core.environment:checking '/home/jos/Documents/ros_ws/install/my_robot_bringup/bin'
[0.842s] Level 1:colcon.colcon_core.environment:checking '/home/jos/Documents/ros_ws/install/my_robot_bringup/lib/pkgconfig/my_robot_bringup.pc'
[0.842s] Level 1:colcon.colcon_core.environment:checking '/home/jos/Documents/ros_ws/install/my_robot_bringup/lib/python3.10/site-packages'
[0.842s] Level 1:colcon.colcon_core.environment:checking '/home/jos/Documents/ros_ws/install/my_robot_bringup/bin'
[0.843s] INFO:colcon.colcon_core.shell:Creating package script '/home/jos/Documents/ros_ws/install/my_robot_bringup/share/my_robot_bringup/package.ps1'
[0.843s] INFO:colcon.colcon_core.shell:Creating package descriptor '/home/jos/Documents/ros_ws/install/my_robot_bringup/share/my_robot_bringup/package.dsv'
[0.843s] INFO:colcon.colcon_core.shell:Creating package script '/home/jos/Documents/ros_ws/install/my_robot_bringup/share/my_robot_bringup/package.sh'
[0.843s] INFO:colcon.colcon_core.shell:Creating package script '/home/jos/Documents/ros_ws/install/my_robot_bringup/share/my_robot_bringup/package.bash'
[0.843s] INFO:colcon.colcon_core.shell:Creating package script '/home/jos/Documents/ros_ws/install/my_robot_bringup/share/my_robot_bringup/package.zsh'
[0.843s] Level 1:colcon.colcon_core.environment:create_file_with_runtime_dependencies(/home/jos/Documents/ros_ws/install/my_robot_bringup/share/colcon-core/packages/my_robot_bringup)
[0.853s] Level 1:colcon.colcon_core.environment:create_environment_scripts_only(my_robot_bringup)
[0.853s] Level 1:colcon.colcon_core.environment:checking '/home/jos/Documents/ros_ws/install/my_robot_bringup' for CMake module files
[0.854s] Level 1:colcon.colcon_core.environment:checking '/home/jos/Documents/ros_ws/install/my_robot_bringup' for CMake config files
[0.854s] Level 1:colcon.colcon_core.shell:create_environment_hook('my_robot_bringup', 'cmake_prefix_path')
[0.854s] INFO:colcon.colcon_core.shell:Creating environment hook '/home/jos/Documents/ros_ws/install/my_robot_bringup/share/my_robot_bringup/hook/cmake_prefix_path.ps1'
[0.854s] INFO:colcon.colcon_core.shell:Creating environment descriptor '/home/jos/Documents/ros_ws/install/my_robot_bringup/share/my_robot_bringup/hook/cmake_prefix_path.dsv'
[0.855s] INFO:colcon.colcon_core.shell:Creating environment hook '/home/jos/Documents/ros_ws/install/my_robot_bringup/share/my_robot_bringup/hook/cmake_prefix_path.sh'
[0.855s] Level 1:colcon.colcon_core.environment:checking '/home/jos/Documents/ros_ws/install/my_robot_bringup/bin'
[0.855s] Level 1:colcon.colcon_core.environment:checking '/home/jos/Documents/ros_ws/install/my_robot_bringup/lib/pkgconfig/my_robot_bringup.pc'
[0.855s] Level 1:colcon.colcon_core.environment:checking '/home/jos/Documents/ros_ws/install/my_robot_bringup/lib/python3.10/site-packages'
[0.855s] Level 1:colcon.colcon_core.environment:checking '/home/jos/Documents/ros_ws/install/my_robot_bringup/bin'
[0.856s] INFO:colcon.colcon_core.shell:Creating package script '/home/jos/Documents/ros_ws/install/my_robot_bringup/share/my_robot_bringup/package.ps1'
[0.856s] INFO:colcon.colcon_core.shell:Creating package descriptor '/home/jos/Documents/ros_ws/install/my_robot_bringup/share/my_robot_bringup/package.dsv'
[0.856s] INFO:colcon.colcon_core.shell:Creating package script '/home/jos/Documents/ros_ws/install/my_robot_bringup/share/my_robot_bringup/package.sh'
[0.856s] INFO:colcon.colcon_core.shell:Creating package script '/home/jos/Documents/ros_ws/install/my_robot_bringup/share/my_robot_bringup/package.bash'
[0.856s] INFO:colcon.colcon_core.shell:Creating package script '/home/jos/Documents/ros_ws/install/my_robot_bringup/share/my_robot_bringup/package.zsh'
[0.856s] Level 1:colcon.colcon_core.environment:create_file_with_runtime_dependencies(/home/jos/Documents/ros_ws/install/my_robot_bringup/share/colcon-core/packages/my_robot_bringup)
[1.144s] DEBUG:colcon.colcon_core.event_handler.log_command:Invoked command in '/home/jos/Documents/ros_ws/build/my_msg_types' returned '0': CMAKE_PREFIX_PATH=/opt/ros/humble /usr/bin/cmake /home/jos/Documents/ros_ws/src/my_msg_types -DCMAKE_INSTALL_PREFIX=/home/jos/Documents/ros_ws/install/my_msg_types
[1.146s] DEBUG:colcon.colcon_core.event_handler.log_command:Invoking command in '/home/jos/Documents/ros_ws/build/my_msg_types': CMAKE_PREFIX_PATH=/opt/ros/humble /usr/bin/cmake --build /home/jos/Documents/ros_ws/build/my_msg_types -- -j20 -l20
[1.943s] DEBUG:colcon.colcon_core.event_handler.log_command:Invoked command in '/home/jos/Documents/ros_ws/build/my_msg_types' returned '0': CMAKE_PREFIX_PATH=/opt/ros/humble /usr/bin/cmake --build /home/jos/Documents/ros_ws/build/my_msg_types -- -j20 -l20
[1.963s] DEBUG:colcon.colcon_core.event_handler.log_command:Invoking command in '/home/jos/Documents/ros_ws/build/my_msg_types': CMAKE_PREFIX_PATH=/opt/ros/humble /usr/bin/cmake --install /home/jos/Documents/ros_ws/build/my_msg_types
[1.989s] Level 1:colcon.colcon_core.environment:create_environment_scripts_only(my_msg_types)
[1.990s] Level 1:colcon.colcon_core.environment:checking '/home/jos/Documents/ros_ws/install/my_msg_types' for CMake module files
[1.990s] DEBUG:colcon.colcon_core.event_handler.log_command:Invoked command in '/home/jos/Documents/ros_ws/build/my_msg_types' returned '0': CMAKE_PREFIX_PATH=/opt/ros/humble /usr/bin/cmake --install /home/jos/Documents/ros_ws/build/my_msg_types
[1.990s] Level 1:colcon.colcon_core.environment:checking '/home/jos/Documents/ros_ws/install/my_msg_types' for CMake config files
[1.991s] Level 1:colcon.colcon_core.shell:create_environment_hook('my_msg_types', 'cmake_prefix_path')
[1.991s] INFO:colcon.colcon_core.shell:Creating environment hook '/home/jos/Documents/ros_ws/install/my_msg_types/share/my_msg_types/hook/cmake_prefix_path.ps1'
[1.991s] INFO:colcon.colcon_core.shell:Creating environment descriptor '/home/jos/Documents/ros_ws/install/my_msg_types/share/my_msg_types/hook/cmake_prefix_path.dsv'
[1.991s] INFO:colcon.colcon_core.shell:Creating environment hook '/home/jos/Documents/ros_ws/install/my_msg_types/share/my_msg_types/hook/cmake_prefix_path.sh'
[1.992s] Level 1:colcon.colcon_core.environment:checking '/home/jos/Documents/ros_ws/install/my_msg_types/lib'
[1.992s] Level 1:colcon.colcon_core.shell:create_environment_hook('my_msg_types', 'ld_library_path_lib')
[1.992s] INFO:colcon.colcon_core.shell:Creating environment hook '/home/jos/Documents/ros_ws/install/my_msg_types/share/my_msg_types/hook/ld_library_path_lib.ps1'
[1.992s] INFO:colcon.colcon_core.shell:Creating environment descriptor '/home/jos/Documents/ros_ws/install/my_msg_types/share/my_msg_types/hook/ld_library_path_lib.dsv'
[1.992s] INFO:colcon.colcon_core.shell:Creating environment hook '/home/jos/Documents/ros_ws/install/my_msg_types/share/my_msg_types/hook/ld_library_path_lib.sh'
[1.993s] Level 1:colcon.colcon_core.environment:checking '/home/jos/Documents/ros_ws/install/my_msg_types/bin'
[1.993s] Level 1:colcon.colcon_core.environment:checking '/home/jos/Documents/ros_ws/install/my_msg_types/lib/pkgconfig/my_msg_types.pc'
[1.993s] Level 1:colcon.colcon_core.environment:checking '/home/jos/Documents/ros_ws/install/my_msg_types/lib/python3.10/site-packages'
[1.993s] Level 1:colcon.colcon_core.environment:checking '/home/jos/Documents/ros_ws/install/my_msg_types/bin'
[1.993s] INFO:colcon.colcon_core.shell:Creating package script '/home/jos/Documents/ros_ws/install/my_msg_types/share/my_msg_types/package.ps1'
[1.994s] INFO:colcon.colcon_core.shell:Creating package descriptor '/home/jos/Documents/ros_ws/install/my_msg_types/share/my_msg_types/package.dsv'
[1.994s] INFO:colcon.colcon_core.shell:Creating package script '/home/jos/Documents/ros_ws/install/my_msg_types/share/my_msg_types/package.sh'
[1.994s] INFO:colcon.colcon_core.shell:Creating package script '/home/jos/Documents/ros_ws/install/my_msg_types/share/my_msg_types/package.bash'
[1.994s] INFO:colcon.colcon_core.shell:Creating package script '/home/jos/Documents/ros_ws/install/my_msg_types/share/my_msg_types/package.zsh'
[1.994s] Level 1:colcon.colcon_core.environment:create_file_with_runtime_dependencies(/home/jos/Documents/ros_ws/install/my_msg_types/share/colcon-core/packages/my_msg_types)
[2.015s] Level 1:colcon.colcon_core.environment:create_environment_scripts_only(my_msg_types)
[2.016s] Level 1:colcon.colcon_core.environment:checking '/home/jos/Documents/ros_ws/install/my_msg_types' for CMake module files
[2.016s] Level 1:colcon.colcon_core.environment:checking '/home/jos/Documents/ros_ws/install/my_msg_types' for CMake config files
[2.017s] Level 1:colcon.colcon_core.shell:create_environment_hook('my_msg_types', 'cmake_prefix_path')
[2.017s] INFO:colcon.colcon_core.shell:Creating environment hook '/home/jos/Documents/ros_ws/install/my_msg_types/share/my_msg_types/hook/cmake_prefix_path.ps1'
[2.017s] INFO:colcon.colcon_core.shell:Creating environment descriptor '/home/jos/Documents/ros_ws/install/my_msg_types/share/my_msg_types/hook/cmake_prefix_path.dsv'
[2.017s] INFO:colcon.colcon_core.shell:Creating environment hook '/home/jos/Documents/ros_ws/install/my_msg_types/share/my_msg_types/hook/cmake_prefix_path.sh'
[2.018s] Level 1:colcon.colcon_core.environment:checking '/home/jos/Documents/ros_ws/install/my_msg_types/lib'
[2.018s] Level 1:colcon.colcon_core.shell:create_environment_hook('my_msg_types', 'ld_library_path_lib')
[2.018s] INFO:colcon.colcon_core.shell:Creating environment hook '/home/jos/Documents/ros_ws/install/my_msg_types/share/my_msg_types/hook/ld_library_path_lib.ps1'
[2.018s] INFO:colcon.colcon_core.shell:Creating environment descriptor '/home/jos/Documents/ros_ws/install/my_msg_types/share/my_msg_types/hook/ld_library_path_lib.dsv'
[2.018s] INFO:colcon.colcon_core.shell:Creating environment hook '/home/jos/Documents/ros_ws/install/my_msg_types/share/my_msg_types/hook/ld_library_path_lib.sh'
[2.019s] Level 1:colcon.colcon_core.environment:checking '/home/jos/Documents/ros_ws/install/my_msg_types/bin'
[2.019s] Level 1:colcon.colcon_core.environment:checking '/home/jos/Documents/ros_ws/install/my_msg_types/lib/pkgconfig/my_msg_types.pc'
[2.019s] Level 1:colcon.colcon_core.environment:checking '/home/jos/Documents/ros_ws/install/my_msg_types/lib/python3.10/site-packages'
[2.019s] Level 1:colcon.colcon_core.environment:checking '/home/jos/Documents/ros_ws/install/my_msg_types/bin'
[2.019s] INFO:colcon.colcon_core.shell:Creating package script '/home/jos/Documents/ros_ws/install/my_msg_types/share/my_msg_types/package.ps1'
[2.020s] INFO:colcon.colcon_core.shell:Creating package descriptor '/home/jos/Documents/ros_ws/install/my_msg_types/share/my_msg_types/package.dsv'
[2.020s] INFO:colcon.colcon_core.shell:Creating package script '/home/jos/Documents/ros_ws/install/my_msg_types/share/my_msg_types/package.sh'
[2.020s] INFO:colcon.colcon_core.shell:Creating package script '/home/jos/Documents/ros_ws/install/my_msg_types/share/my_msg_types/package.bash'
[2.020s] INFO:colcon.colcon_core.shell:Creating package script '/home/jos/Documents/ros_ws/install/my_msg_types/share/my_msg_types/package.zsh'
[2.020s] Level 1:colcon.colcon_core.environment:create_file_with_runtime_dependencies(/home/jos/Documents/ros_ws/install/my_msg_types/share/colcon-core/packages/my_msg_types)
[2.020s] INFO:colcon.colcon_ros.task.ament_cmake.build:Building ROS package in '/home/jos/Documents/ros_ws/src/my_cpp_publisher' with build type 'ament_cmake'
[2.020s] INFO:colcon.colcon_cmake.task.cmake.build:Building CMake package in '/home/jos/Documents/ros_ws/src/my_cpp_publisher'
[2.021s] INFO:colcon.colcon_core.shell:Skip shell extension 'powershell' for command environment: Not usable outside of PowerShell
[2.021s] DEBUG:colcon.colcon_core.shell:Skip shell extension 'dsv' for command environment
[2.025s] DEBUG:colcon.colcon_core.event_handler.log_command:Invoking command in '/home/jos/Documents/ros_ws/build/my_cpp_publisher': AMENT_PREFIX_PATH=/home/jos/Documents/ros_ws/install/my_msg_types:${AMENT_PREFIX_PATH} CMAKE_PREFIX_PATH=/home/jos/Documents/ros_ws/install/my_msg_types:/opt/ros/humble LD_LIBRARY_PATH=/home/jos/Documents/ros_ws/install/my_msg_types/lib:${LD_LIBRARY_PATH} PYTHONPATH=/home/jos/Documents/ros_ws/install/my_msg_types/local/lib/python3.10/dist-packages:${PYTHONPATH} /usr/bin/cmake /home/jos/Documents/ros_ws/src/my_cpp_publisher -DCMAKE_INSTALL_PREFIX=/home/jos/Documents/ros_ws/install/my_cpp_publisher
[2.677s] DEBUG:colcon.colcon_core.event_handler.log_command:Invoked command in '/home/jos/Documents/ros_ws/build/my_cpp_publisher' returned '0': AMENT_PREFIX_PATH=/home/jos/Documents/ros_ws/install/my_msg_types:${AMENT_PREFIX_PATH} CMAKE_PREFIX_PATH=/home/jos/Documents/ros_ws/install/my_msg_types:/opt/ros/humble LD_LIBRARY_PATH=/home/jos/Documents/ros_ws/install/my_msg_types/lib:${LD_LIBRARY_PATH} PYTHONPATH=/home/jos/Documents/ros_ws/install/my_msg_types/local/lib/python3.10/dist-packages:${PYTHONPATH} /usr/bin/cmake /home/jos/Documents/ros_ws/src/my_cpp_publisher -DCMAKE_INSTALL_PREFIX=/home/jos/Documents/ros_ws/install/my_cpp_publisher
[2.677s] DEBUG:colcon.colcon_core.event_handler.log_command:Invoking command in '/home/jos/Documents/ros_ws/build/my_cpp_publisher': AMENT_PREFIX_PATH=/home/jos/Documents/ros_ws/install/my_msg_types:${AMENT_PREFIX_PATH} CMAKE_PREFIX_PATH=/home/jos/Documents/ros_ws/install/my_msg_types:/opt/ros/humble LD_LIBRARY_PATH=/home/jos/Documents/ros_ws/install/my_msg_types/lib:${LD_LIBRARY_PATH} PYTHONPATH=/home/jos/Documents/ros_ws/install/my_msg_types/local/lib/python3.10/dist-packages:${PYTHONPATH} /usr/bin/cmake --build /home/jos/Documents/ros_ws/build/my_cpp_publisher -- -j20 -l20
[4.747s] DEBUG:colcon.colcon_core.event_handler.log_command:Invoked command in '/home/jos/Documents/ros_ws/build/my_cpp_publisher' returned '0': AMENT_PREFIX_PATH=/home/jos/Documents/ros_ws/install/my_msg_types:${AMENT_PREFIX_PATH} CMAKE_PREFIX_PATH=/home/jos/Documents/ros_ws/install/my_msg_types:/opt/ros/humble LD_LIBRARY_PATH=/home/jos/Documents/ros_ws/install/my_msg_types/lib:${LD_LIBRARY_PATH} PYTHONPATH=/home/jos/Documents/ros_ws/install/my_msg_types/local/lib/python3.10/dist-packages:${PYTHONPATH} /usr/bin/cmake --build /home/jos/Documents/ros_ws/build/my_cpp_publisher -- -j20 -l20
[4.756s] DEBUG:colcon.colcon_core.event_handler.log_command:Invoking command in '/home/jos/Documents/ros_ws/build/my_cpp_publisher': AMENT_PREFIX_PATH=/home/jos/Documents/ros_ws/install/my_msg_types:${AMENT_PREFIX_PATH} CMAKE_PREFIX_PATH=/home/jos/Documents/ros_ws/install/my_msg_types:/opt/ros/humble LD_LIBRARY_PATH=/home/jos/Documents/ros_ws/install/my_msg_types/lib:${LD_LIBRARY_PATH} PYTHONPATH=/home/jos/Documents/ros_ws/install/my_msg_types/local/lib/python3.10/dist-packages:${PYTHONPATH} /usr/bin/cmake --install /home/jos/Documents/ros_ws/build/my_cpp_publisher
[4.761s] Level 1:colcon.colcon_core.environment:create_environment_scripts_only(my_cpp_publisher)
[4.762s] Level 1:colcon.colcon_core.environment:checking '/home/jos/Documents/ros_ws/install/my_cpp_publisher' for CMake module files
[4.762s] DEBUG:colcon.colcon_core.event_handler.log_command:Invoked command in '/home/jos/Documents/ros_ws/build/my_cpp_publisher' returned '0': AMENT_PREFIX_PATH=/home/jos/Documents/ros_ws/install/my_msg_types:${AMENT_PREFIX_PATH} CMAKE_PREFIX_PATH=/home/jos/Documents/ros_ws/install/my_msg_types:/opt/ros/humble LD_LIBRARY_PATH=/home/jos/Documents/ros_ws/install/my_msg_types/lib:${LD_LIBRARY_PATH} PYTHONPATH=/home/jos/Documents/ros_ws/install/my_msg_types/local/lib/python3.10/dist-packages:${PYTHONPATH} /usr/bin/cmake --install /home/jos/Documents/ros_ws/build/my_cpp_publisher
[4.763s] Level 1:colcon.colcon_core.environment:checking '/home/jos/Documents/ros_ws/install/my_cpp_publisher' for CMake config files
[4.763s] Level 1:colcon.colcon_core.shell:create_environment_hook('my_cpp_publisher', 'cmake_prefix_path')
[4.763s] INFO:colcon.colcon_core.shell:Creating environment hook '/home/jos/Documents/ros_ws/install/my_cpp_publisher/share/my_cpp_publisher/hook/cmake_prefix_path.ps1'
[4.764s] INFO:colcon.colcon_core.shell:Creating environment descriptor '/home/jos/Documents/ros_ws/install/my_cpp_publisher/share/my_cpp_publisher/hook/cmake_prefix_path.dsv'
[4.764s] INFO:colcon.colcon_core.shell:Creating environment hook '/home/jos/Documents/ros_ws/install/my_cpp_publisher/share/my_cpp_publisher/hook/cmake_prefix_path.sh'
[4.764s] Level 1:colcon.colcon_core.environment:checking '/home/jos/Documents/ros_ws/install/my_cpp_publisher/lib'
[4.764s] Level 1:colcon.colcon_core.environment:checking '/home/jos/Documents/ros_ws/install/my_cpp_publisher/bin'
[4.764s] Level 1:colcon.colcon_core.environment:checking '/home/jos/Documents/ros_ws/install/my_cpp_publisher/lib/pkgconfig/my_cpp_publisher.pc'
[4.764s] Level 1:colcon.colcon_core.environment:checking '/home/jos/Documents/ros_ws/install/my_cpp_publisher/lib/python3.10/site-packages'
[4.764s] Level 1:colcon.colcon_core.environment:checking '/home/jos/Documents/ros_ws/install/my_cpp_publisher/bin'
[4.765s] INFO:colcon.colcon_core.shell:Creating package script '/home/jos/Documents/ros_ws/install/my_cpp_publisher/share/my_cpp_publisher/package.ps1'
[4.766s] INFO:colcon.colcon_core.shell:Creating package descriptor '/home/jos/Documents/ros_ws/install/my_cpp_publisher/share/my_cpp_publisher/package.dsv'
[4.766s] INFO:colcon.colcon_core.shell:Creating package script '/home/jos/Documents/ros_ws/install/my_cpp_publisher/share/my_cpp_publisher/package.sh'
[4.766s] INFO:colcon.colcon_core.shell:Creating package script '/home/jos/Documents/ros_ws/install/my_cpp_publisher/share/my_cpp_publisher/package.bash'
[4.766s] INFO:colcon.colcon_core.shell:Creating package script '/home/jos/Documents/ros_ws/install/my_cpp_publisher/share/my_cpp_publisher/package.zsh'
[4.766s] Level 1:colcon.colcon_core.environment:create_file_with_runtime_dependencies(/home/jos/Documents/ros_ws/install/my_cpp_publisher/share/colcon-core/packages/my_cpp_publisher)
[4.776s] Level 1:colcon.colcon_core.environment:create_environment_scripts_only(my_cpp_publisher)
[4.777s] Level 1:colcon.colcon_core.environment:checking '/home/jos/Documents/ros_ws/install/my_cpp_publisher' for CMake module files
[4.777s] Level 1:colcon.colcon_core.environment:checking '/home/jos/Documents/ros_ws/install/my_cpp_publisher' for CMake config files
[4.777s] Level 1:colcon.colcon_core.shell:create_environment_hook('my_cpp_publisher', 'cmake_prefix_path')
[4.778s] INFO:colcon.colcon_core.shell:Creating environment hook '/home/jos/Documents/ros_ws/install/my_cpp_publisher/share/my_cpp_publisher/hook/cmake_prefix_path.ps1'
[4.778s] INFO:colcon.colcon_core.shell:Creating environment descriptor '/home/jos/Documents/ros_ws/install/my_cpp_publisher/share/my_cpp_publisher/hook/cmake_prefix_path.dsv'
[4.778s] INFO:colcon.colcon_core.shell:Creating environment hook '/home/jos/Documents/ros_ws/install/my_cpp_publisher/share/my_cpp_publisher/hook/cmake_prefix_path.sh'
[4.778s] Level 1:colcon.colcon_core.environment:checking '/home/jos/Documents/ros_ws/install/my_cpp_publisher/lib'
[4.778s] Level 1:colcon.colcon_core.environment:checking '/home/jos/Documents/ros_ws/install/my_cpp_publisher/bin'
[4.778s] Level 1:colcon.colcon_core.environment:checking '/home/jos/Documents/ros_ws/install/my_cpp_publisher/lib/pkgconfig/my_cpp_publisher.pc'
[4.778s] Level 1:colcon.colcon_core.environment:checking '/home/jos/Documents/ros_ws/install/my_cpp_publisher/lib/python3.10/site-packages'
[4.778s] Level 1:colcon.colcon_core.environment:checking '/home/jos/Documents/ros_ws/install/my_cpp_publisher/bin'
[4.779s] INFO:colcon.colcon_core.shell:Creating package script '/home/jos/Documents/ros_ws/install/my_cpp_publisher/share/my_cpp_publisher/package.ps1'
[4.779s] INFO:colcon.colcon_core.shell:Creating package descriptor '/home/jos/Documents/ros_ws/install/my_cpp_publisher/share/my_cpp_publisher/package.dsv'
[4.779s] INFO:colcon.colcon_core.shell:Creating package script '/home/jos/Documents/ros_ws/install/my_cpp_publisher/share/my_cpp_publisher/package.sh'
[4.779s] INFO:colcon.colcon_core.shell:Creating package script '/home/jos/Documents/ros_ws/install/my_cpp_publisher/share/my_cpp_publisher/package.bash'
[4.779s] INFO:colcon.colcon_core.shell:Creating package script '/home/jos/Documents/ros_ws/install/my_cpp_publisher/share/my_cpp_publisher/package.zsh'
[4.779s] Level 1:colcon.colcon_core.environment:create_file_with_runtime_dependencies(/home/jos/Documents/ros_ws/install/my_cpp_publisher/share/colcon-core/packages/my_cpp_publisher)
[4.780s] DEBUG:colcon.colcon_parallel_executor.executor.parallel:closing loop
[4.780s] DEBUG:colcon.colcon_parallel_executor.executor.parallel:loop closed
[4.780s] DEBUG:colcon.colcon_parallel_executor.executor.parallel:run_until_complete finished with '0'
[4.780s] DEBUG:colcon.colcon_core.event_reactor:joining thread
[4.783s] INFO:colcon.colcon_core.plugin_system:Skipping extension 'colcon_notification.desktop_notification.terminal_notifier': Not used on non-Darwin systems
[4.783s] INFO:colcon.colcon_core.plugin_system:Skipping extension 'colcon_notification.desktop_notification.win32': Not used on non-Windows systems
[4.783s] INFO:colcon.colcon_notification.desktop_notification:Sending desktop notification using 'notify2'
[4.790s] DEBUG:colcon.colcon_core.event_reactor:joined thread
[4.791s] INFO:colcon.colcon_core.shell:Creating prefix script '/home/jos/Documents/ros_ws/install/local_setup.ps1'
[4.791s] INFO:colcon.colcon_core.shell:Creating prefix util module '/home/jos/Documents/ros_ws/install/_local_setup_util_ps1.py'
[4.792s] INFO:colcon.colcon_core.shell:Creating prefix chain script '/home/jos/Documents/ros_ws/install/setup.ps1'
[4.793s] INFO:colcon.colcon_core.shell:Creating prefix script '/home/jos/Documents/ros_ws/install/local_setup.sh'
[4.793s] INFO:colcon.colcon_core.shell:Creating prefix util module '/home/jos/Documents/ros_ws/install/_local_setup_util_sh.py'
[4.793s] INFO:colcon.colcon_core.shell:Creating prefix chain script '/home/jos/Documents/ros_ws/install/setup.sh'
[4.794s] INFO:colcon.colcon_core.shell:Creating prefix script '/home/jos/Documents/ros_ws/install/local_setup.bash'
[4.794s] INFO:colcon.colcon_core.shell:Creating prefix chain script '/home/jos/Documents/ros_ws/install/setup.bash'
[4.795s] INFO:colcon.colcon_core.shell:Creating prefix script '/home/jos/Documents/ros_ws/install/local_setup.zsh'
[4.795s] INFO:colcon.colcon_core.shell:Creating prefix chain script '/home/jos/Documents/ros_ws/install/setup.zsh'
