[  9%] Built target my_msg_types__rosidl_generator_c
[ 19%] Built target my_msg_types__rosidl_typesupport_introspection_c
[ 22%] Built target my_msg_types__cpp
[ 32%] Built target my_msg_types__rosidl_typesupport_c
[ 41%] Built target my_msg_types__rosidl_typesupport_introspection_cpp
[ 51%] Built target my_msg_types__rosidl_typesupport_cpp
[ 61%] Built target my_msg_types__rosidl_typesupport_fastrtps_cpp
[ 70%] Built target my_msg_types__rosidl_typesupport_fastrtps_c
[ 70%] Built target my_msg_types
[ 74%] Built target my_msg_types__py
[ 80%] Built target my_msg_types__python
[ 87%] Built target my_msg_types__rosidl_typesupport_introspection_c__pyext
[ 93%] Built target my_msg_types__rosidl_typesupport_c__pyext
[100%] Built target my_msg_types__rosidl_typesupport_fastrtps_c__pyext
-- Install configuration: ""
-- Up-to-date: /home/dev/ros2_ws/install/my_msg_types/share/ament_index/resource_index/rosidl_interfaces/my_msg_types
-- Up-to-date: /home/dev/ros2_ws/install/my_msg_types/include/my_msg_types
-- Up-to-date: /home/dev/ros2_ws/install/my_msg_types/include/my_msg_types/msg
-- Up-to-date: /home/dev/ros2_ws/install/my_msg_types/include/my_msg_types/msg/my_msg.h
-- Up-to-date: /home/dev/ros2_ws/install/my_msg_types/include/my_msg_types/msg/rosidl_generator_c__visibility_control.h
-- Up-to-date: /home/dev/ros2_ws/install/my_msg_types/include/my_msg_types/msg/detail
-- Up-to-date: /home/dev/ros2_ws/install/my_msg_types/include/my_msg_types/msg/detail/my_msg__type_support.h
-- Up-to-date: /home/dev/ros2_ws/install/my_msg_types/include/my_msg_types/msg/detail/my_msg__functions.h
-- Up-to-date: /home/dev/ros2_ws/install/my_msg_types/include/my_msg_types/msg/detail/my_msg__struct.h
-- Up-to-date: /home/dev/ros2_ws/install/my_msg_types/include/my_msg_types/msg/detail/my_msg__functions.c
-- Up-to-date: /home/dev/ros2_ws/install/my_msg_types/share/my_msg_types/environment/library_path.sh
-- Up-to-date: /home/dev/ros2_ws/install/my_msg_types/share/my_msg_types/environment/library_path.dsv
-- Up-to-date: /home/dev/ros2_ws/install/my_msg_types/lib/libmy_msg_types__rosidl_generator_c.so
-- Up-to-date: /home/dev/ros2_ws/install/my_msg_types/include/my_msg_types
-- Up-to-date: /home/dev/ros2_ws/install/my_msg_types/include/my_msg_types/msg
-- Up-to-date: /home/dev/ros2_ws/install/my_msg_types/include/my_msg_types/msg/rosidl_typesupport_fastrtps_c__visibility_control.h
-- Up-to-date: /home/dev/ros2_ws/install/my_msg_types/include/my_msg_types/msg/detail
-- Up-to-date: /home/dev/ros2_ws/install/my_msg_types/include/my_msg_types/msg/detail/my_msg__rosidl_typesupport_fastrtps_c.h
-- Up-to-date: /home/dev/ros2_ws/install/my_msg_types/lib/libmy_msg_types__rosidl_typesupport_fastrtps_c.so
-- Up-to-date: /home/dev/ros2_ws/install/my_msg_types/include/my_msg_types
-- Up-to-date: /home/dev/ros2_ws/install/my_msg_types/include/my_msg_types/msg
-- Up-to-date: /home/dev/ros2_ws/install/my_msg_types/include/my_msg_types/msg/detail
-- Up-to-date: /home/dev/ros2_ws/install/my_msg_types/include/my_msg_types/msg/detail/dds_fastrtps
-- Up-to-date: /home/dev/ros2_ws/install/my_msg_types/include/my_msg_types/msg/detail/my_msg__rosidl_typesupport_fastrtps_cpp.hpp
-- Up-to-date: /home/dev/ros2_ws/install/my_msg_types/include/my_msg_types/msg/rosidl_typesupport_fastrtps_cpp__visibility_control.h
-- Up-to-date: /home/dev/ros2_ws/install/my_msg_types/lib/libmy_msg_types__rosidl_typesupport_fastrtps_cpp.so
-- Up-to-date: /home/dev/ros2_ws/install/my_msg_types/include/my_msg_types
-- Up-to-date: /home/dev/ros2_ws/install/my_msg_types/include/my_msg_types/msg
-- Up-to-date: /home/dev/ros2_ws/install/my_msg_types/include/my_msg_types/msg/rosidl_typesupport_introspection_c__visibility_control.h
-- Up-to-date: /home/dev/ros2_ws/install/my_msg_types/include/my_msg_types/msg/detail
-- Up-to-date: /home/dev/ros2_ws/install/my_msg_types/include/my_msg_types/msg/detail/my_msg__rosidl_typesupport_introspection_c.h
-- Up-to-date: /home/dev/ros2_ws/install/my_msg_types/include/my_msg_types/msg/detail/my_msg__type_support.c
-- Up-to-date: /home/dev/ros2_ws/install/my_msg_types/lib/libmy_msg_types__rosidl_typesupport_introspection_c.so
-- Up-to-date: /home/dev/ros2_ws/install/my_msg_types/lib/libmy_msg_types__rosidl_typesupport_c.so
-- Up-to-date: /home/dev/ros2_ws/install/my_msg_types/include/my_msg_types
-- Up-to-date: /home/dev/ros2_ws/install/my_msg_types/include/my_msg_types/msg
-- Up-to-date: /home/dev/ros2_ws/install/my_msg_types/include/my_msg_types/msg/my_msg.hpp
-- Up-to-date: /home/dev/ros2_ws/install/my_msg_types/include/my_msg_types/msg/detail
-- Up-to-date: /home/dev/ros2_ws/install/my_msg_types/include/my_msg_types/msg/detail/my_msg__builder.hpp
-- Up-to-date: /home/dev/ros2_ws/install/my_msg_types/include/my_msg_types/msg/detail/my_msg__struct.hpp
-- Up-to-date: /home/dev/ros2_ws/install/my_msg_types/include/my_msg_types/msg/detail/my_msg__traits.hpp
-- Up-to-date: /home/dev/ros2_ws/install/my_msg_types/include/my_msg_types
-- Up-to-date: /home/dev/ros2_ws/install/my_msg_types/include/my_msg_types/msg
-- Up-to-date: /home/dev/ros2_ws/install/my_msg_types/include/my_msg_types/msg/detail
-- Up-to-date: /home/dev/ros2_ws/install/my_msg_types/include/my_msg_types/msg/detail/my_msg__rosidl_typesupport_introspection_cpp.hpp
-- Up-to-date: /home/dev/ros2_ws/install/my_msg_types/include/my_msg_types/msg/detail/my_msg__type_support.cpp
-- Up-to-date: /home/dev/ros2_ws/install/my_msg_types/lib/libmy_msg_types__rosidl_typesupport_introspection_cpp.so
-- Up-to-date: /home/dev/ros2_ws/install/my_msg_types/lib/libmy_msg_types__rosidl_typesupport_cpp.so
-- Up-to-date: /home/dev/ros2_ws/install/my_msg_types/share/my_msg_types/environment/pythonpath.sh
-- Up-to-date: /home/dev/ros2_ws/install/my_msg_types/share/my_msg_types/environment/pythonpath.dsv
-- Up-to-date: /home/dev/ros2_ws/install/my_msg_types/lib/python3.8/site-packages/my_msg_types/__init__.py
-- Up-to-date: /home/dev/ros2_ws/install/my_msg_types/lib/python3.8/site-packages/my_msg_types/msg
-- Up-to-date: /home/dev/ros2_ws/install/my_msg_types/lib/python3.8/site-packages/my_msg_types/msg/__init__.py
-- Up-to-date: /home/dev/ros2_ws/install/my_msg_types/lib/python3.8/site-packages/my_msg_types/msg/_my_msg_s.c
-- Up-to-date: /home/dev/ros2_ws/install/my_msg_types/lib/python3.8/site-packages/my_msg_types/msg/_my_msg.py
-- Up-to-date: /home/dev/ros2_ws/install/my_msg_types/lib/python3.8/site-packages/my_msg_types/my_msg_types_s__rosidl_typesupport_fastrtps_c.cpython-38-x86_64-linux-gnu.so
-- Up-to-date: /home/dev/ros2_ws/install/my_msg_types/lib/python3.8/site-packages/my_msg_types/my_msg_types_s__rosidl_typesupport_introspection_c.cpython-38-x86_64-linux-gnu.so
-- Up-to-date: /home/dev/ros2_ws/install/my_msg_types/lib/python3.8/site-packages/my_msg_types/my_msg_types_s__rosidl_typesupport_c.cpython-38-x86_64-linux-gnu.so
-- Up-to-date: /home/dev/ros2_ws/install/my_msg_types/lib/libmy_msg_types__python.so
-- Up-to-date: /home/dev/ros2_ws/install/my_msg_types/share/my_msg_types/msg/MyMsg.idl
-- Up-to-date: /home/dev/ros2_ws/install/my_msg_types/share/my_msg_types/msg/MyMsg.msg
-- Up-to-date: /home/dev/ros2_ws/install/my_msg_types/share/ament_index/resource_index/package_run_dependencies/my_msg_types
-- Up-to-date: /home/dev/ros2_ws/install/my_msg_types/share/ament_index/resource_index/parent_prefix_path/my_msg_types
-- Up-to-date: /home/dev/ros2_ws/install/my_msg_types/share/my_msg_types/environment/ament_prefix_path.sh
-- Up-to-date: /home/dev/ros2_ws/install/my_msg_types/share/my_msg_types/environment/ament_prefix_path.dsv
-- Up-to-date: /home/dev/ros2_ws/install/my_msg_types/share/my_msg_types/environment/path.sh
-- Up-to-date: /home/dev/ros2_ws/install/my_msg_types/share/my_msg_types/environment/path.dsv
-- Up-to-date: /home/dev/ros2_ws/install/my_msg_types/share/my_msg_types/local_setup.bash
-- Up-to-date: /home/dev/ros2_ws/install/my_msg_types/share/my_msg_types/local_setup.sh
-- Up-to-date: /home/dev/ros2_ws/install/my_msg_types/share/my_msg_types/local_setup.zsh
-- Up-to-date: /home/dev/ros2_ws/install/my_msg_types/share/my_msg_types/local_setup.dsv
-- Installing: /home/dev/ros2_ws/install/my_msg_types/share/my_msg_types/package.dsv
-- Up-to-date: /home/dev/ros2_ws/install/my_msg_types/share/ament_index/resource_index/packages/my_msg_types
-- Up-to-date: /home/dev/ros2_ws/install/my_msg_types/share/my_msg_types/cmake/my_msg_types__rosidl_generator_cExport.cmake
-- Up-to-date: /home/dev/ros2_ws/install/my_msg_types/share/my_msg_types/cmake/my_msg_types__rosidl_generator_cExport-noconfig.cmake
-- Up-to-date: /home/dev/ros2_ws/install/my_msg_types/share/my_msg_types/cmake/my_msg_types__rosidl_typesupport_introspection_cExport.cmake
-- Up-to-date: /home/dev/ros2_ws/install/my_msg_types/share/my_msg_types/cmake/my_msg_types__rosidl_typesupport_introspection_cExport-noconfig.cmake
-- Up-to-date: /home/dev/ros2_ws/install/my_msg_types/share/my_msg_types/cmake/my_msg_types__rosidl_typesupport_cExport.cmake
-- Up-to-date: /home/dev/ros2_ws/install/my_msg_types/share/my_msg_types/cmake/my_msg_types__rosidl_typesupport_cExport-noconfig.cmake
-- Up-to-date: /home/dev/ros2_ws/install/my_msg_types/share/my_msg_types/cmake/my_msg_types__rosidl_generator_cppExport.cmake
-- Up-to-date: /home/dev/ros2_ws/install/my_msg_types/share/my_msg_types/cmake/my_msg_types__rosidl_typesupport_introspection_cppExport.cmake
-- Up-to-date: /home/dev/ros2_ws/install/my_msg_types/share/my_msg_types/cmake/my_msg_types__rosidl_typesupport_introspection_cppExport-noconfig.cmake
-- Up-to-date: /home/dev/ros2_ws/install/my_msg_types/share/my_msg_types/cmake/my_msg_types__rosidl_typesupport_cppExport.cmake
-- Up-to-date: /home/dev/ros2_ws/install/my_msg_types/share/my_msg_types/cmake/my_msg_types__rosidl_typesupport_cppExport-noconfig.cmake
-- Up-to-date: /home/dev/ros2_ws/install/my_msg_types/share/my_msg_types/cmake/rosidl_cmake-extras.cmake
-- Up-to-date: /home/dev/ros2_ws/install/my_msg_types/share/my_msg_types/cmake/ament_cmake_export_dependencies-extras.cmake
-- Up-to-date: /home/dev/ros2_ws/install/my_msg_types/share/my_msg_types/cmake/ament_cmake_export_libraries-extras.cmake
-- Up-to-date: /home/dev/ros2_ws/install/my_msg_types/share/my_msg_types/cmake/ament_cmake_export_targets-extras.cmake
-- Up-to-date: /home/dev/ros2_ws/install/my_msg_types/share/my_msg_types/cmake/ament_cmake_export_include_directories-extras.cmake
-- Up-to-date: /home/dev/ros2_ws/install/my_msg_types/share/my_msg_types/cmake/rosidl_cmake_export_typesupport_libraries-extras.cmake
-- Up-to-date: /home/dev/ros2_ws/install/my_msg_types/share/my_msg_types/cmake/rosidl_cmake_export_typesupport_targets-extras.cmake
-- Up-to-date: /home/dev/ros2_ws/install/my_msg_types/share/my_msg_types/cmake/my_msg_typesConfig.cmake
-- Up-to-date: /home/dev/ros2_ws/install/my_msg_types/share/my_msg_types/cmake/my_msg_typesConfig-version.cmake
-- Up-to-date: /home/dev/ros2_ws/install/my_msg_types/share/my_msg_types/package.xml
