[0.183s] DEBUG:colcon:Command line arguments: ['/usr/bin/colcon', 'build', '--symlink-install', '--event-handlers', 'console_cohesion+', '--base-paths', '/home/dev/ros2_ws', '--cmake-args', '-DCMAKE_BUILD_TYPE=RelWithDebInfo']
[0.184s] DEBUG:colcon:Parsed command line arguments: Namespace(log_base=None, log_level=None, verb_name='build', build_base='build', install_base='install', merge_install=False, symlink_install=True, test_result_base=None, continue_on_error=False, executor='parallel', parallel_workers=20, event_handlers=['console_cohesion+'], ignore_user_meta=False, metas=['./colcon.meta'], base_paths=['/home/dev/ros2_ws'], packages_ignore=None, packages_ignore_regex=None, paths=None, packages_up_to=None, packages_up_to_regex=None, packages_above=None, packages_above_and_dependencies=None, packages_above_depth=None, packages_select_by_dep=None, packages_skip_by_dep=None, packages_skip_up_to=None, packages_select_build_failed=False, packages_skip_build_finished=False, packages_select_test_failures=False, packages_skip_test_passed=False, packages_select=None, packages_skip=None, packages_select_regex=None, packages_skip_regex=None, packages_start=None, packages_end=None, allow_overriding=[], lookup_in_workspace=False, cargo_args=None, clean_build=False, cmake_args=['-DCMAKE_BUILD_TYPE=RelWithDebInfo'], cmake_target=None, cmake_target_skip_unavailable=False, cmake_clean_cache=False, cmake_clean_first=False, cmake_force_configure=False, ament_cmake_args=None, catkin_cmake_args=None, catkin_skip_building_tests=False, verb_parser=<colcon_defaults.argument_parser.defaults.DefaultArgumentsDecorator object at 0x7fd942d4cca0>, verb_extension=<colcon_core.verb.build.BuildVerb object at 0x7fd9436ee1a0>, main=<bound method BuildVerb.main of <colcon_core.verb.build.BuildVerb object at 0x7fd9436ee1a0>>)
[0.195s] Level 1:colcon.colcon_core.package_discovery:discover_packages(colcon_meta) check parameters
[0.195s] Level 1:colcon.colcon_core.package_discovery:discover_packages(recursive) check parameters
[0.195s] Level 1:colcon.colcon_core.package_discovery:discover_packages(ignore) check parameters
[0.195s] Level 1:colcon.colcon_core.package_discovery:discover_packages(path) check parameters
[0.195s] Level 1:colcon.colcon_core.package_discovery:discover_packages(recursive) discover
[0.195s] INFO:colcon.colcon_core.package_discovery:Crawling recursively for packages in '/home/dev/ros2_ws'
[0.195s] Level 1:colcon.colcon_core.package_discovery:discover_packages(recursive) using defaults
[0.205s] Level 1:colcon.colcon_core.package_discovery:discover_packages(prefix_path) check parameters
[0.205s] Level 1:colcon.colcon_core.package_discovery:discover_packages(prefix_path) discover
[0.207s] DEBUG:colcon.colcon_installed_package_information.package_discovery:Found 4 installed packages in /home/jos/Documents/ros_ws/install
[0.208s] DEBUG:colcon.colcon_installed_package_information.package_discovery:Found 328 installed packages in /opt/ros/humble
[0.208s] Level 1:colcon.colcon_core.package_discovery:discover_packages(prefix_path) using defaults
[0.237s] INFO:colcon.colcon_core.executor:Executing jobs using 'parallel' executor
[0.238s] DEBUG:colcon.colcon_parallel_executor.executor.parallel:run_until_complete
[0.239s] DEBUG:colcon.colcon_parallel_executor.executor.parallel:closing loop
[0.239s] DEBUG:colcon.colcon_parallel_executor.executor.parallel:loop closed
[0.239s] DEBUG:colcon.colcon_parallel_executor.executor.parallel:run_until_complete finished with '0'
[0.239s] DEBUG:colcon.colcon_core.event_reactor:joining thread
[0.242s] INFO:colcon.colcon_core.plugin_system:Skipping extension 'colcon_notification.desktop_notification.terminal_notifier': Not used on non-Darwin systems
[0.242s] INFO:colcon.colcon_core.plugin_system:Skipping extension 'colcon_notification.desktop_notification.win32': Not used on non-Windows systems
[0.242s] INFO:colcon.colcon_notification.desktop_notification:Sending desktop notification using 'notify2'
[0.247s] DEBUG:colcon.colcon_core.event_reactor:joined thread
[0.249s] INFO:colcon.colcon_core.plugin_system:Skipping extension 'colcon_core.shell.bat': Not used on non-Windows systems
[0.249s] INFO:colcon.colcon_core.shell:Creating prefix script '/home/jos/Documents/ros_ws/install/local_setup.ps1'
[0.250s] INFO:colcon.colcon_core.shell:Creating prefix util module '/home/jos/Documents/ros_ws/install/_local_setup_util_ps1.py'
[0.250s] INFO:colcon.colcon_core.shell:Creating prefix chain script '/home/jos/Documents/ros_ws/install/setup.ps1'
[0.251s] INFO:colcon.colcon_core.shell:Creating prefix script '/home/jos/Documents/ros_ws/install/local_setup.sh'
[0.251s] INFO:colcon.colcon_core.shell:Creating prefix util module '/home/jos/Documents/ros_ws/install/_local_setup_util_sh.py'
[0.251s] INFO:colcon.colcon_core.shell:Creating prefix chain script '/home/jos/Documents/ros_ws/install/setup.sh'
[0.252s] INFO:colcon.colcon_core.shell:Creating prefix script '/home/jos/Documents/ros_ws/install/local_setup.bash'
[0.252s] INFO:colcon.colcon_core.shell:Creating prefix chain script '/home/jos/Documents/ros_ws/install/setup.bash'
[0.253s] INFO:colcon.colcon_core.shell:Creating prefix script '/home/jos/Documents/ros_ws/install/local_setup.zsh'
[0.253s] INFO:colcon.colcon_core.shell:Creating prefix chain script '/home/jos/Documents/ros_ws/install/setup.zsh'
