[0.008s] Invoking command in '/home/jos/Documents/ros_ws/build/my_msg_types': CMAKE_PREFIX_PATH=${CMAKE_PREFIX_PATH}:/opt/ros/humble /usr/bin/cmake --build /home/jos/Documents/ros_ws/build/my_msg_types -- -j20 -l20
[0.026s] [35m[1mConsolidate compiler generated dependencies of target my_msg_types__rosidl_generator_c[0m
[0.030s] [  3%] Built target my_msg_types__cpp
[0.031s] [ 12%] Built target my_msg_types__rosidl_generator_c
[0.036s] [35m[1mConsolidate compiler generated dependencies of target my_msg_types__rosidl_typesupport_fastrtps_cpp[0m
[0.036s] [35m[1mConsolidate compiler generated dependencies of target my_msg_types__rosidl_typesupport_fastrtps_c[0m
[0.036s] [35m[1mConsolidate compiler generated dependencies of target my_msg_types__rosidl_typesupport_c[0m
[0.036s] [35m[1mConsolidate compiler generated dependencies of target my_msg_types__rosidl_typesupport_introspection_c[0m
[0.036s] [35m[1mConsolidate compiler generated dependencies of target my_msg_types__rosidl_typesupport_cpp[0m
[0.036s] [ 12%] Built target ament_cmake_python_copy_my_msg_types
[0.037s] [35m[1mConsolidate compiler generated dependencies of target my_msg_types__rosidl_typesupport_introspection_cpp[0m
[0.042s] [ 22%] Built target my_msg_types__rosidl_typesupport_c
[0.042s] [ 32%] Built target my_msg_types__rosidl_typesupport_introspection_c
[0.043s] [ 41%] Built target my_msg_types__rosidl_typesupport_fastrtps_cpp
[0.043s] [ 51%] Built target my_msg_types__rosidl_typesupport_cpp
[0.044s] [ 61%] Built target my_msg_types__rosidl_typesupport_fastrtps_c
[0.044s] [ 70%] Built target my_msg_types__rosidl_typesupport_introspection_cpp
[0.052s] [ 70%] Built target my_msg_types
[0.061s] [ 74%] Built target my_msg_types__py
[0.066s] [35m[1mConsolidate compiler generated dependencies of target my_msg_types__rosidl_generator_py[0m
[0.071s] [ 80%] Built target my_msg_types__rosidl_generator_py
[0.076s] [35m[1mConsolidate compiler generated dependencies of target my_msg_types__rosidl_typesupport_fastrtps_c__pyext[0m
[0.076s] [35m[1mConsolidate compiler generated dependencies of target my_msg_types__rosidl_typesupport_c__pyext[0m
[0.076s] [35m[1mConsolidate compiler generated dependencies of target my_msg_types__rosidl_typesupport_introspection_c__pyext[0m
[0.083s] [100%] Built target my_msg_types__rosidl_typesupport_c__pyext
[0.083s] [100%] Built target my_msg_types__rosidl_typesupport_introspection_c__pyext
[0.083s] [100%] Built target my_msg_types__rosidl_typesupport_fastrtps_c__pyext
[0.152s] running egg_info
[0.152s] writing my_msg_types.egg-info/PKG-INFO
[0.152s] writing dependency_links to my_msg_types.egg-info/dependency_links.txt
[0.153s] writing top-level names to my_msg_types.egg-info/top_level.txt
[0.153s] reading manifest file 'my_msg_types.egg-info/SOURCES.txt'
[0.154s] writing manifest file 'my_msg_types.egg-info/SOURCES.txt'
[0.166s] [100%] Built target ament_cmake_python_build_my_msg_types_egg
[0.172s] Invoked command in '/home/jos/Documents/ros_ws/build/my_msg_types' returned '0': CMAKE_PREFIX_PATH=${CMAKE_PREFIX_PATH}:/opt/ros/humble /usr/bin/cmake --build /home/jos/Documents/ros_ws/build/my_msg_types -- -j20 -l20
[0.194s] Invoking command in '/home/jos/Documents/ros_ws/build/my_msg_types': CMAKE_PREFIX_PATH=${CMAKE_PREFIX_PATH}:/opt/ros/humble /usr/bin/cmake --install /home/jos/Documents/ros_ws/build/my_msg_types
[0.199s] -- Install configuration: ""
[0.199s] -- Up-to-date: /home/jos/Documents/ros_ws/install/my_msg_types/share/ament_index/resource_index/rosidl_interfaces/my_msg_types
[0.199s] -- Up-to-date: /home/jos/Documents/ros_ws/install/my_msg_types/include/my_msg_types/my_msg_types
[0.199s] -- Up-to-date: /home/jos/Documents/ros_ws/install/my_msg_types/include/my_msg_types/my_msg_types/msg
[0.199s] -- Up-to-date: /home/jos/Documents/ros_ws/install/my_msg_types/include/my_msg_types/my_msg_types/msg/my_msg.h
[0.199s] -- Up-to-date: /home/jos/Documents/ros_ws/install/my_msg_types/include/my_msg_types/my_msg_types/msg/detail
[0.199s] -- Up-to-date: /home/jos/Documents/ros_ws/install/my_msg_types/include/my_msg_types/my_msg_types/msg/detail/my_msg__functions.c
[0.199s] -- Up-to-date: /home/jos/Documents/ros_ws/install/my_msg_types/include/my_msg_types/my_msg_types/msg/detail/my_msg__functions.h
[0.199s] -- Up-to-date: /home/jos/Documents/ros_ws/install/my_msg_types/include/my_msg_types/my_msg_types/msg/detail/my_msg__struct.h
[0.199s] -- Up-to-date: /home/jos/Documents/ros_ws/install/my_msg_types/include/my_msg_types/my_msg_types/msg/detail/my_msg__type_support.h
[0.199s] -- Up-to-date: /home/jos/Documents/ros_ws/install/my_msg_types/include/my_msg_types/my_msg_types/msg/rosidl_generator_c__visibility_control.h
[0.199s] -- Up-to-date: /home/jos/Documents/ros_ws/install/my_msg_types/share/my_msg_types/environment/library_path.sh
[0.199s] -- Up-to-date: /home/jos/Documents/ros_ws/install/my_msg_types/share/my_msg_types/environment/library_path.dsv
[0.199s] -- Up-to-date: /home/jos/Documents/ros_ws/install/my_msg_types/lib/libmy_msg_types__rosidl_generator_c.so
[0.199s] -- Up-to-date: /home/jos/Documents/ros_ws/install/my_msg_types/include/my_msg_types/my_msg_types
[0.199s] -- Up-to-date: /home/jos/Documents/ros_ws/install/my_msg_types/include/my_msg_types/my_msg_types/msg
[0.199s] -- Up-to-date: /home/jos/Documents/ros_ws/install/my_msg_types/include/my_msg_types/my_msg_types/msg/detail
[0.199s] -- Up-to-date: /home/jos/Documents/ros_ws/install/my_msg_types/include/my_msg_types/my_msg_types/msg/detail/my_msg__rosidl_typesupport_fastrtps_c.h
[0.199s] -- Up-to-date: /home/jos/Documents/ros_ws/install/my_msg_types/include/my_msg_types/my_msg_types/msg/rosidl_typesupport_fastrtps_c__visibility_control.h
[0.200s] -- Up-to-date: /home/jos/Documents/ros_ws/install/my_msg_types/lib/libmy_msg_types__rosidl_typesupport_fastrtps_c.so
[0.200s] -- Up-to-date: /home/jos/Documents/ros_ws/install/my_msg_types/include/my_msg_types/my_msg_types
[0.200s] -- Up-to-date: /home/jos/Documents/ros_ws/install/my_msg_types/include/my_msg_types/my_msg_types/msg
[0.200s] -- Up-to-date: /home/jos/Documents/ros_ws/install/my_msg_types/include/my_msg_types/my_msg_types/msg/rosidl_typesupport_introspection_c__visibility_control.h
[0.200s] -- Up-to-date: /home/jos/Documents/ros_ws/install/my_msg_types/include/my_msg_types/my_msg_types/msg/detail
[0.200s] -- Up-to-date: /home/jos/Documents/ros_ws/install/my_msg_types/include/my_msg_types/my_msg_types/msg/detail/my_msg__type_support.c
[0.200s] -- Up-to-date: /home/jos/Documents/ros_ws/install/my_msg_types/include/my_msg_types/my_msg_types/msg/detail/my_msg__rosidl_typesupport_introspection_c.h
[0.200s] -- Up-to-date: /home/jos/Documents/ros_ws/install/my_msg_types/lib/libmy_msg_types__rosidl_typesupport_introspection_c.so
[0.200s] -- Up-to-date: /home/jos/Documents/ros_ws/install/my_msg_types/lib/libmy_msg_types__rosidl_typesupport_c.so
[0.200s] -- Up-to-date: /home/jos/Documents/ros_ws/install/my_msg_types/include/my_msg_types/my_msg_types
[0.200s] -- Up-to-date: /home/jos/Documents/ros_ws/install/my_msg_types/include/my_msg_types/my_msg_types/msg
[0.200s] -- Up-to-date: /home/jos/Documents/ros_ws/install/my_msg_types/include/my_msg_types/my_msg_types/msg/my_msg.hpp
[0.200s] -- Up-to-date: /home/jos/Documents/ros_ws/install/my_msg_types/include/my_msg_types/my_msg_types/msg/detail
[0.200s] -- Up-to-date: /home/jos/Documents/ros_ws/install/my_msg_types/include/my_msg_types/my_msg_types/msg/detail/my_msg__builder.hpp
[0.200s] -- Up-to-date: /home/jos/Documents/ros_ws/install/my_msg_types/include/my_msg_types/my_msg_types/msg/detail/my_msg__struct.hpp
[0.200s] -- Up-to-date: /home/jos/Documents/ros_ws/install/my_msg_types/include/my_msg_types/my_msg_types/msg/detail/my_msg__traits.hpp
[0.200s] -- Up-to-date: /home/jos/Documents/ros_ws/install/my_msg_types/include/my_msg_types/my_msg_types
[0.200s] -- Up-to-date: /home/jos/Documents/ros_ws/install/my_msg_types/include/my_msg_types/my_msg_types/msg
[0.200s] -- Up-to-date: /home/jos/Documents/ros_ws/install/my_msg_types/include/my_msg_types/my_msg_types/msg/rosidl_typesupport_fastrtps_cpp__visibility_control.h
[0.200s] -- Up-to-date: /home/jos/Documents/ros_ws/install/my_msg_types/include/my_msg_types/my_msg_types/msg/detail
[0.200s] -- Up-to-date: /home/jos/Documents/ros_ws/install/my_msg_types/include/my_msg_types/my_msg_types/msg/detail/my_msg__rosidl_typesupport_fastrtps_cpp.hpp
[0.200s] -- Up-to-date: /home/jos/Documents/ros_ws/install/my_msg_types/include/my_msg_types/my_msg_types/msg/detail/dds_fastrtps
[0.200s] -- Up-to-date: /home/jos/Documents/ros_ws/install/my_msg_types/lib/libmy_msg_types__rosidl_typesupport_fastrtps_cpp.so
[0.201s] -- Up-to-date: /home/jos/Documents/ros_ws/install/my_msg_types/include/my_msg_types/my_msg_types
[0.201s] -- Up-to-date: /home/jos/Documents/ros_ws/install/my_msg_types/include/my_msg_types/my_msg_types/msg
[0.201s] -- Up-to-date: /home/jos/Documents/ros_ws/install/my_msg_types/include/my_msg_types/my_msg_types/msg/detail
[0.201s] -- Up-to-date: /home/jos/Documents/ros_ws/install/my_msg_types/include/my_msg_types/my_msg_types/msg/detail/my_msg__type_support.cpp
[0.201s] -- Up-to-date: /home/jos/Documents/ros_ws/install/my_msg_types/include/my_msg_types/my_msg_types/msg/detail/my_msg__rosidl_typesupport_introspection_cpp.hpp
[0.201s] -- Up-to-date: /home/jos/Documents/ros_ws/install/my_msg_types/lib/libmy_msg_types__rosidl_typesupport_introspection_cpp.so
[0.201s] -- Up-to-date: /home/jos/Documents/ros_ws/install/my_msg_types/lib/libmy_msg_types__rosidl_typesupport_cpp.so
[0.201s] -- Up-to-date: /home/jos/Documents/ros_ws/install/my_msg_types/share/my_msg_types/environment/pythonpath.sh
[0.201s] -- Up-to-date: /home/jos/Documents/ros_ws/install/my_msg_types/share/my_msg_types/environment/pythonpath.dsv
[0.201s] -- Up-to-date: /home/jos/Documents/ros_ws/install/my_msg_types/local/lib/python3.10/dist-packages/my_msg_types-0.0.0-py3.10.egg-info
[0.201s] -- Installing: /home/jos/Documents/ros_ws/install/my_msg_types/local/lib/python3.10/dist-packages/my_msg_types-0.0.0-py3.10.egg-info/dependency_links.txt
[0.201s] -- Installing: /home/jos/Documents/ros_ws/install/my_msg_types/local/lib/python3.10/dist-packages/my_msg_types-0.0.0-py3.10.egg-info/top_level.txt
[0.201s] -- Installing: /home/jos/Documents/ros_ws/install/my_msg_types/local/lib/python3.10/dist-packages/my_msg_types-0.0.0-py3.10.egg-info/PKG-INFO
[0.201s] -- Installing: /home/jos/Documents/ros_ws/install/my_msg_types/local/lib/python3.10/dist-packages/my_msg_types-0.0.0-py3.10.egg-info/SOURCES.txt
[0.201s] -- Up-to-date: /home/jos/Documents/ros_ws/install/my_msg_types/local/lib/python3.10/dist-packages/my_msg_types
[0.201s] -- Up-to-date: /home/jos/Documents/ros_ws/install/my_msg_types/local/lib/python3.10/dist-packages/my_msg_types/libmy_msg_types__rosidl_generator_py.so
[0.201s] -- Up-to-date: /home/jos/Documents/ros_ws/install/my_msg_types/local/lib/python3.10/dist-packages/my_msg_types/my_msg_types_s__rosidl_typesupport_introspection_c.cpython-310-x86_64-linux-gnu.so
[0.201s] -- Up-to-date: /home/jos/Documents/ros_ws/install/my_msg_types/local/lib/python3.10/dist-packages/my_msg_types/_my_msg_types_s.ep.rosidl_typesupport_fastrtps_c.c
[0.201s] -- Up-to-date: /home/jos/Documents/ros_ws/install/my_msg_types/local/lib/python3.10/dist-packages/my_msg_types/_my_msg_types_s.ep.rosidl_typesupport_c.c
[0.201s] -- Up-to-date: /home/jos/Documents/ros_ws/install/my_msg_types/local/lib/python3.10/dist-packages/my_msg_types/msg
[0.201s] -- Up-to-date: /home/jos/Documents/ros_ws/install/my_msg_types/local/lib/python3.10/dist-packages/my_msg_types/msg/__init__.py
[0.201s] -- Up-to-date: /home/jos/Documents/ros_ws/install/my_msg_types/local/lib/python3.10/dist-packages/my_msg_types/msg/_my_msg.py
[0.202s] -- Up-to-date: /home/jos/Documents/ros_ws/install/my_msg_types/local/lib/python3.10/dist-packages/my_msg_types/msg/_my_msg_s.c
[0.202s] -- Up-to-date: /home/jos/Documents/ros_ws/install/my_msg_types/local/lib/python3.10/dist-packages/my_msg_types/__init__.py
[0.202s] -- Up-to-date: /home/jos/Documents/ros_ws/install/my_msg_types/local/lib/python3.10/dist-packages/my_msg_types/my_msg_types_s__rosidl_typesupport_c.cpython-310-x86_64-linux-gnu.so
[0.202s] -- Up-to-date: /home/jos/Documents/ros_ws/install/my_msg_types/local/lib/python3.10/dist-packages/my_msg_types/my_msg_types_s__rosidl_typesupport_fastrtps_c.cpython-310-x86_64-linux-gnu.so
[0.202s] -- Up-to-date: /home/jos/Documents/ros_ws/install/my_msg_types/local/lib/python3.10/dist-packages/my_msg_types/_my_msg_types_s.ep.rosidl_typesupport_introspection_c.c
[0.215s] Listing '/home/jos/Documents/ros_ws/install/my_msg_types/local/lib/python3.10/dist-packages/my_msg_types'...
[0.215s] Listing '/home/jos/Documents/ros_ws/install/my_msg_types/local/lib/python3.10/dist-packages/my_msg_types/msg'...
[0.217s] -- Up-to-date: /home/jos/Documents/ros_ws/install/my_msg_types/local/lib/python3.10/dist-packages/my_msg_types/my_msg_types_s__rosidl_typesupport_fastrtps_c.cpython-310-x86_64-linux-gnu.so
[0.217s] -- Up-to-date: /home/jos/Documents/ros_ws/install/my_msg_types/local/lib/python3.10/dist-packages/my_msg_types/my_msg_types_s__rosidl_typesupport_introspection_c.cpython-310-x86_64-linux-gnu.so
[0.217s] -- Up-to-date: /home/jos/Documents/ros_ws/install/my_msg_types/local/lib/python3.10/dist-packages/my_msg_types/my_msg_types_s__rosidl_typesupport_c.cpython-310-x86_64-linux-gnu.so
[0.218s] -- Up-to-date: /home/jos/Documents/ros_ws/install/my_msg_types/lib/libmy_msg_types__rosidl_generator_py.so
[0.218s] -- Up-to-date: /home/jos/Documents/ros_ws/install/my_msg_types/share/my_msg_types/msg/MyMsg.idl
[0.218s] -- Up-to-date: /home/jos/Documents/ros_ws/install/my_msg_types/share/my_msg_types/msg/MyMsg.msg
[0.218s] -- Up-to-date: /home/jos/Documents/ros_ws/install/my_msg_types/share/ament_index/resource_index/package_run_dependencies/my_msg_types
[0.218s] -- Up-to-date: /home/jos/Documents/ros_ws/install/my_msg_types/share/ament_index/resource_index/parent_prefix_path/my_msg_types
[0.218s] -- Up-to-date: /home/jos/Documents/ros_ws/install/my_msg_types/share/my_msg_types/environment/ament_prefix_path.sh
[0.218s] -- Up-to-date: /home/jos/Documents/ros_ws/install/my_msg_types/share/my_msg_types/environment/ament_prefix_path.dsv
[0.218s] -- Up-to-date: /home/jos/Documents/ros_ws/install/my_msg_types/share/my_msg_types/environment/path.sh
[0.218s] -- Up-to-date: /home/jos/Documents/ros_ws/install/my_msg_types/share/my_msg_types/environment/path.dsv
[0.218s] -- Up-to-date: /home/jos/Documents/ros_ws/install/my_msg_types/share/my_msg_types/local_setup.bash
[0.218s] -- Up-to-date: /home/jos/Documents/ros_ws/install/my_msg_types/share/my_msg_types/local_setup.sh
[0.218s] -- Up-to-date: /home/jos/Documents/ros_ws/install/my_msg_types/share/my_msg_types/local_setup.zsh
[0.219s] -- Up-to-date: /home/jos/Documents/ros_ws/install/my_msg_types/share/my_msg_types/local_setup.dsv
[0.219s] -- Up-to-date: /home/jos/Documents/ros_ws/install/my_msg_types/share/my_msg_types/package.dsv
[0.219s] -- Up-to-date: /home/jos/Documents/ros_ws/install/my_msg_types/share/ament_index/resource_index/packages/my_msg_types
[0.219s] -- Up-to-date: /home/jos/Documents/ros_ws/install/my_msg_types/share/my_msg_types/cmake/export_my_msg_types__rosidl_generator_cExport.cmake
[0.219s] -- Up-to-date: /home/jos/Documents/ros_ws/install/my_msg_types/share/my_msg_types/cmake/export_my_msg_types__rosidl_generator_cExport-noconfig.cmake
[0.219s] -- Up-to-date: /home/jos/Documents/ros_ws/install/my_msg_types/share/my_msg_types/cmake/export_my_msg_types__rosidl_typesupport_fastrtps_cExport.cmake
[0.219s] -- Up-to-date: /home/jos/Documents/ros_ws/install/my_msg_types/share/my_msg_types/cmake/export_my_msg_types__rosidl_typesupport_fastrtps_cExport-noconfig.cmake
[0.219s] -- Up-to-date: /home/jos/Documents/ros_ws/install/my_msg_types/share/my_msg_types/cmake/my_msg_types__rosidl_typesupport_introspection_cExport.cmake
[0.219s] -- Up-to-date: /home/jos/Documents/ros_ws/install/my_msg_types/share/my_msg_types/cmake/my_msg_types__rosidl_typesupport_introspection_cExport-noconfig.cmake
[0.219s] -- Up-to-date: /home/jos/Documents/ros_ws/install/my_msg_types/share/my_msg_types/cmake/my_msg_types__rosidl_typesupport_cExport.cmake
[0.219s] -- Up-to-date: /home/jos/Documents/ros_ws/install/my_msg_types/share/my_msg_types/cmake/my_msg_types__rosidl_typesupport_cExport-noconfig.cmake
[0.219s] -- Up-to-date: /home/jos/Documents/ros_ws/install/my_msg_types/share/my_msg_types/cmake/export_my_msg_types__rosidl_generator_cppExport.cmake
[0.220s] -- Up-to-date: /home/jos/Documents/ros_ws/install/my_msg_types/share/my_msg_types/cmake/export_my_msg_types__rosidl_typesupport_fastrtps_cppExport.cmake
[0.221s] -- Up-to-date: /home/jos/Documents/ros_ws/install/my_msg_types/share/my_msg_types/cmake/export_my_msg_types__rosidl_typesupport_fastrtps_cppExport-noconfig.cmake
[0.221s] -- Up-to-date: /home/jos/Documents/ros_ws/install/my_msg_types/share/my_msg_types/cmake/my_msg_types__rosidl_typesupport_introspection_cppExport.cmake
[0.221s] -- Up-to-date: /home/jos/Documents/ros_ws/install/my_msg_types/share/my_msg_types/cmake/my_msg_types__rosidl_typesupport_introspection_cppExport-noconfig.cmake
[0.221s] -- Up-to-date: /home/jos/Documents/ros_ws/install/my_msg_types/share/my_msg_types/cmake/my_msg_types__rosidl_typesupport_cppExport.cmake
[0.221s] -- Up-to-date: /home/jos/Documents/ros_ws/install/my_msg_types/share/my_msg_types/cmake/my_msg_types__rosidl_typesupport_cppExport-noconfig.cmake
[0.221s] -- Up-to-date: /home/jos/Documents/ros_ws/install/my_msg_types/share/my_msg_types/cmake/export_my_msg_types__rosidl_generator_pyExport.cmake
[0.221s] -- Up-to-date: /home/jos/Documents/ros_ws/install/my_msg_types/share/my_msg_types/cmake/export_my_msg_types__rosidl_generator_pyExport-noconfig.cmake
[0.221s] -- Up-to-date: /home/jos/Documents/ros_ws/install/my_msg_types/share/my_msg_types/cmake/rosidl_cmake-extras.cmake
[0.221s] -- Up-to-date: /home/jos/Documents/ros_ws/install/my_msg_types/share/my_msg_types/cmake/ament_cmake_export_include_directories-extras.cmake
[0.221s] -- Up-to-date: /home/jos/Documents/ros_ws/install/my_msg_types/share/my_msg_types/cmake/ament_cmake_export_libraries-extras.cmake
[0.222s] -- Up-to-date: /home/jos/Documents/ros_ws/install/my_msg_types/share/my_msg_types/cmake/ament_cmake_export_targets-extras.cmake
[0.222s] -- Up-to-date: /home/jos/Documents/ros_ws/install/my_msg_types/share/my_msg_types/cmake/rosidl_cmake_export_typesupport_targets-extras.cmake
[0.222s] -- Up-to-date: /home/jos/Documents/ros_ws/install/my_msg_types/share/my_msg_types/cmake/ament_cmake_export_dependencies-extras.cmake
[0.222s] -- Up-to-date: /home/jos/Documents/ros_ws/install/my_msg_types/share/my_msg_types/cmake/rosidl_cmake_export_typesupport_libraries-extras.cmake
[0.222s] -- Up-to-date: /home/jos/Documents/ros_ws/install/my_msg_types/share/my_msg_types/cmake/my_msg_typesConfig.cmake
[0.222s] -- Up-to-date: /home/jos/Documents/ros_ws/install/my_msg_types/share/my_msg_types/cmake/my_msg_typesConfig-version.cmake
[0.222s] -- Up-to-date: /home/jos/Documents/ros_ws/install/my_msg_types/share/my_msg_types/package.xml
[0.223s] Invoked command in '/home/jos/Documents/ros_ws/build/my_msg_types' returned '0': CMAKE_PREFIX_PATH=${CMAKE_PREFIX_PATH}:/opt/ros/humble /usr/bin/cmake --install /home/jos/Documents/ros_ws/build/my_msg_types
