[4.674s] DEBUG:colcon:Command line arguments: ['/usr/bin/colcon', 'list', '-p', '--base-paths', '/home/dev/ros2_ws']
[4.674s] DEBUG:colcon:Parsed command line arguments: Namespace(allow_overriding=[], base_paths=['/home/dev/ros2_ws'], build_base='build', ignore_user_meta=False, log_base=None, log_level=None, main=<bound method ListVerb.main of <colcon_package_information.verb.list.ListVerb object at 0x7fc14245e550>>, metas=['./colcon.meta'], names_only=False, packages_above=None, packages_above_and_dependencies=None, packages_above_depth=None, packages_end=None, packages_ignore=None, packages_ignore_regex=None, packages_select=None, packages_select_build_failed=False, packages_select_by_dep=None, packages_select_regex=None, packages_select_test_failures=False, packages_skip=None, packages_skip_build_finished=False, packages_skip_by_dep=None, packages_skip_regex=None, packages_skip_test_passed=False, packages_skip_up_to=None, packages_start=None, packages_up_to=None, packages_up_to_regex=None, paths=None, paths_only=True, topological_graph=False, topological_graph_density=False, topological_graph_dot=False, topological_graph_dot_cluster=False, topological_graph_dot_include_skipped=False, topological_graph_legend=False, topological_order=False, verb_extension=<colcon_package_information.verb.list.ListVerb object at 0x7fc14245e550>, verb_name='list', verb_parser=<colcon_defaults.argument_parser.defaults.DefaultArgumentsDecorator object at 0x7fc142385520>)
[4.937s] Level 1:colcon.colcon_core.package_discovery:discover_packages(colcon_meta) check parameters
[4.937s] Level 1:colcon.colcon_core.package_discovery:discover_packages(recursive) check parameters
[4.937s] Level 1:colcon.colcon_core.package_discovery:discover_packages(ignore) check parameters
[4.938s] Level 1:colcon.colcon_core.package_discovery:discover_packages(path) check parameters
[4.938s] Level 1:colcon.colcon_core.package_discovery:discover_packages(recursive) discover
[4.938s] INFO:colcon.colcon_core.package_discovery:Crawling recursively for packages in '/home/dev/ros2_ws'
[4.938s] Level 1:colcon.colcon_core.package_identification:_identify(/home/dev/ros2_ws) by extensions ['ignore', 'ignore_ament_install']
[4.938s] Level 1:colcon.colcon_core.package_identification:_identify(/home/dev/ros2_ws) by extension 'ignore'
[4.938s] Level 1:colcon.colcon_core.package_identification:_identify(/home/dev/ros2_ws) by extension 'ignore_ament_install'
[4.939s] Level 1:colcon.colcon_core.package_identification:_identify(/home/dev/ros2_ws) by extensions ['colcon_pkg']
[4.939s] Level 1:colcon.colcon_core.package_identification:_identify(/home/dev/ros2_ws) by extension 'colcon_pkg'
[4.939s] Level 1:colcon.colcon_core.package_identification:_identify(/home/dev/ros2_ws) by extensions ['colcon_meta']
[4.939s] Level 1:colcon.colcon_core.package_identification:_identify(/home/dev/ros2_ws) by extension 'colcon_meta'
[4.939s] Level 1:colcon.colcon_core.package_identification:_identify(/home/dev/ros2_ws) by extensions ['ros']
[4.939s] Level 1:colcon.colcon_core.package_identification:_identify(/home/dev/ros2_ws) by extension 'ros'
[5.104s] Level 1:colcon.colcon_core.package_identification:_identify(/home/dev/ros2_ws) by extensions ['cmake', 'python']
[5.105s] Level 1:colcon.colcon_core.package_identification:_identify(/home/dev/ros2_ws) by extension 'cmake'
[5.105s] Level 1:colcon.colcon_core.package_identification:_identify(/home/dev/ros2_ws) by extension 'python'
[5.105s] Level 1:colcon.colcon_core.package_identification:_identify(/home/dev/ros2_ws) by extensions ['python_setup_py']
[5.105s] Level 1:colcon.colcon_core.package_identification:_identify(/home/dev/ros2_ws) by extension 'python_setup_py'
[5.105s] Level 1:colcon.colcon_core.package_identification:_identify(/home/dev/ros2_ws/build) by extensions ['ignore', 'ignore_ament_install']
[5.105s] Level 1:colcon.colcon_core.package_identification:_identify(/home/dev/ros2_ws/build) by extension 'ignore'
[5.105s] Level 1:colcon.colcon_core.package_identification:_identify(/home/dev/ros2_ws/build) ignored
[5.106s] Level 1:colcon.colcon_core.package_identification:_identify(/home/dev/ros2_ws/install) by extensions ['ignore', 'ignore_ament_install']
[5.106s] Level 1:colcon.colcon_core.package_identification:_identify(/home/dev/ros2_ws/install) by extension 'ignore'
[5.106s] Level 1:colcon.colcon_core.package_identification:_identify(/home/dev/ros2_ws/install) ignored
[5.106s] Level 1:colcon.colcon_core.package_identification:_identify(/home/dev/ros2_ws/log) by extensions ['ignore', 'ignore_ament_install']
[5.106s] Level 1:colcon.colcon_core.package_identification:_identify(/home/dev/ros2_ws/log) by extension 'ignore'
[5.107s] Level 1:colcon.colcon_core.package_identification:_identify(/home/dev/ros2_ws/log) ignored
[5.107s] Level 1:colcon.colcon_core.package_identification:_identify(/home/dev/ros2_ws/src) by extensions ['ignore', 'ignore_ament_install']
[5.107s] Level 1:colcon.colcon_core.package_identification:_identify(/home/dev/ros2_ws/src) by extension 'ignore'
[5.107s] Level 1:colcon.colcon_core.package_identification:_identify(/home/dev/ros2_ws/src) by extension 'ignore_ament_install'
[5.107s] Level 1:colcon.colcon_core.package_identification:_identify(/home/dev/ros2_ws/src) by extensions ['colcon_pkg']
[5.107s] Level 1:colcon.colcon_core.package_identification:_identify(/home/dev/ros2_ws/src) by extension 'colcon_pkg'
[5.107s] Level 1:colcon.colcon_core.package_identification:_identify(/home/dev/ros2_ws/src) by extensions ['colcon_meta']
[5.107s] Level 1:colcon.colcon_core.package_identification:_identify(/home/dev/ros2_ws/src) by extension 'colcon_meta'
[5.108s] Level 1:colcon.colcon_core.package_identification:_identify(/home/dev/ros2_ws/src) by extensions ['ros']
[5.108s] Level 1:colcon.colcon_core.package_identification:_identify(/home/dev/ros2_ws/src) by extension 'ros'
[5.108s] Level 1:colcon.colcon_core.package_identification:_identify(/home/dev/ros2_ws/src) by extensions ['cmake', 'python']
[5.108s] Level 1:colcon.colcon_core.package_identification:_identify(/home/dev/ros2_ws/src) by extension 'cmake'
[5.108s] Level 1:colcon.colcon_core.package_identification:_identify(/home/dev/ros2_ws/src) by extension 'python'
[5.108s] Level 1:colcon.colcon_core.package_identification:_identify(/home/dev/ros2_ws/src) by extensions ['python_setup_py']
[5.108s] Level 1:colcon.colcon_core.package_identification:_identify(/home/dev/ros2_ws/src) by extension 'python_setup_py'
[5.108s] Level 1:colcon.colcon_core.package_identification:_identify(/home/dev/ros2_ws/src/my_cpp_publisher) by extensions ['ignore', 'ignore_ament_install']
[5.108s] Level 1:colcon.colcon_core.package_identification:_identify(/home/dev/ros2_ws/src/my_cpp_publisher) by extension 'ignore'
[5.109s] Level 1:colcon.colcon_core.package_identification:_identify(/home/dev/ros2_ws/src/my_cpp_publisher) by extension 'ignore_ament_install'
[5.109s] Level 1:colcon.colcon_core.package_identification:_identify(/home/dev/ros2_ws/src/my_cpp_publisher) by extensions ['colcon_pkg']
[5.109s] Level 1:colcon.colcon_core.package_identification:_identify(/home/dev/ros2_ws/src/my_cpp_publisher) by extension 'colcon_pkg'
[5.109s] Level 1:colcon.colcon_core.package_identification:_identify(/home/dev/ros2_ws/src/my_cpp_publisher) by extensions ['colcon_meta']
[5.109s] Level 1:colcon.colcon_core.package_identification:_identify(/home/dev/ros2_ws/src/my_cpp_publisher) by extension 'colcon_meta'
[5.109s] Level 1:colcon.colcon_core.package_identification:_identify(/home/dev/ros2_ws/src/my_cpp_publisher) by extensions ['ros']
[5.109s] Level 1:colcon.colcon_core.package_identification:_identify(/home/dev/ros2_ws/src/my_cpp_publisher) by extension 'ros'
[5.115s] DEBUG:colcon.colcon_core.package_identification:Package '/home/dev/ros2_ws/src/my_cpp_publisher' with type 'ros.ament_cmake' and name 'my_cpp_publisher'
[5.115s] Level 1:colcon.colcon_core.package_identification:_identify(/home/dev/ros2_ws/src/my_msg_types) by extensions ['ignore', 'ignore_ament_install']
[5.146s] Level 1:colcon.colcon_core.package_identification:_identify(/home/dev/ros2_ws/src/my_msg_types) by extension 'ignore'
[5.147s] Level 1:colcon.colcon_core.package_identification:_identify(/home/dev/ros2_ws/src/my_msg_types) by extension 'ignore_ament_install'
[5.147s] Level 1:colcon.colcon_core.package_identification:_identify(/home/dev/ros2_ws/src/my_msg_types) by extensions ['colcon_pkg']
[5.147s] Level 1:colcon.colcon_core.package_identification:_identify(/home/dev/ros2_ws/src/my_msg_types) by extension 'colcon_pkg'
[5.147s] Level 1:colcon.colcon_core.package_identification:_identify(/home/dev/ros2_ws/src/my_msg_types) by extensions ['colcon_meta']
[5.147s] Level 1:colcon.colcon_core.package_identification:_identify(/home/dev/ros2_ws/src/my_msg_types) by extension 'colcon_meta'
[5.151s] Level 1:colcon.colcon_core.package_identification:_identify(/home/dev/ros2_ws/src/my_msg_types) by extensions ['ros']
[5.151s] Level 1:colcon.colcon_core.package_identification:_identify(/home/dev/ros2_ws/src/my_msg_types) by extension 'ros'
[5.152s] DEBUG:colcon.colcon_core.package_identification:Package '/home/dev/ros2_ws/src/my_msg_types' with type 'ros.ament_cmake' and name 'my_msg_types'
[5.153s] Level 1:colcon.colcon_core.package_identification:_identify(/home/dev/ros2_ws/src/my_python_subscriber) by extensions ['ignore', 'ignore_ament_install']
[5.153s] Level 1:colcon.colcon_core.package_identification:_identify(/home/dev/ros2_ws/src/my_python_subscriber) by extension 'ignore'
[5.153s] Level 1:colcon.colcon_core.package_identification:_identify(/home/dev/ros2_ws/src/my_python_subscriber) by extension 'ignore_ament_install'
[5.153s] Level 1:colcon.colcon_core.package_identification:_identify(/home/dev/ros2_ws/src/my_python_subscriber) by extensions ['colcon_pkg']
[5.153s] Level 1:colcon.colcon_core.package_identification:_identify(/home/dev/ros2_ws/src/my_python_subscriber) by extension 'colcon_pkg'
[5.153s] Level 1:colcon.colcon_core.package_identification:_identify(/home/dev/ros2_ws/src/my_python_subscriber) by extensions ['colcon_meta']
[5.154s] Level 1:colcon.colcon_core.package_identification:_identify(/home/dev/ros2_ws/src/my_python_subscriber) by extension 'colcon_meta'
[5.154s] Level 1:colcon.colcon_core.package_identification:_identify(/home/dev/ros2_ws/src/my_python_subscriber) by extensions ['ros']
[5.154s] Level 1:colcon.colcon_core.package_identification:_identify(/home/dev/ros2_ws/src/my_python_subscriber) by extension 'ros'
[5.168s] DEBUG:colcon.colcon_core.package_identification:Package '/home/dev/ros2_ws/src/my_python_subscriber' with type 'ros.ament_python' and name 'my_python_subscriber'
[5.168s] Level 1:colcon.colcon_core.package_identification:_identify(/home/dev/ros2_ws/src/my_robot_bringup) by extensions ['ignore', 'ignore_ament_install']
[5.168s] Level 1:colcon.colcon_core.package_identification:_identify(/home/dev/ros2_ws/src/my_robot_bringup) by extension 'ignore'
[5.169s] Level 1:colcon.colcon_core.package_identification:_identify(/home/dev/ros2_ws/src/my_robot_bringup) by extension 'ignore_ament_install'
[5.169s] Level 1:colcon.colcon_core.package_identification:_identify(/home/dev/ros2_ws/src/my_robot_bringup) by extensions ['colcon_pkg']
[5.169s] Level 1:colcon.colcon_core.package_identification:_identify(/home/dev/ros2_ws/src/my_robot_bringup) by extension 'colcon_pkg'
[5.169s] Level 1:colcon.colcon_core.package_identification:_identify(/home/dev/ros2_ws/src/my_robot_bringup) by extensions ['colcon_meta']
[5.169s] Level 1:colcon.colcon_core.package_identification:_identify(/home/dev/ros2_ws/src/my_robot_bringup) by extension 'colcon_meta'
[5.169s] Level 1:colcon.colcon_core.package_identification:_identify(/home/dev/ros2_ws/src/my_robot_bringup) by extensions ['ros']
[5.169s] Level 1:colcon.colcon_core.package_identification:_identify(/home/dev/ros2_ws/src/my_robot_bringup) by extension 'ros'
[5.171s] DEBUG:colcon.colcon_core.package_identification:Package '/home/dev/ros2_ws/src/my_robot_bringup' with type 'ros.ament_cmake' and name 'my_robot_bringup'
[5.171s] Level 1:colcon.colcon_core.package_discovery:discover_packages(recursive) using defaults
