[0.123s] Invoking command in '/home/jos/Documents/ros_ws/build/my_robot_bringup': CMAKE_PREFIX_PATH=/opt/ros/humble /usr/bin/cmake /home/jos/Documents/ros_ws/src/my_robot_bringup -DCMAKE_INSTALL_PREFIX=/home/jos/Documents/ros_ws/install/my_robot_bringup
[0.146s] -- The C compiler identification is GNU 11.3.0
[0.171s] -- The CXX compiler identification is GNU 11.3.0
[0.174s] -- Detecting C compiler ABI info
[0.204s] -- Detecting C compiler ABI info - done
[0.208s] -- Check for working C compiler: /usr/bin/cc - skipped
[0.208s] -- Detecting C compile features
[0.208s] -- Detecting C compile features - done
[0.209s] -- Detecting CXX compiler ABI info
[0.245s] -- Detecting CXX compiler ABI info - done
[0.249s] -- Check for working CXX compiler: /usr/bin/c++ - skipped
[0.249s] -- Detecting CXX compile features
[0.250s] -- Detecting CXX compile features - done
[0.251s] -- Found ament_cmake: 1.3.3 (/opt/ros/humble/share/ament_cmake/cmake)
[0.331s] -- Found Python3: /usr/bin/python3.10 (found version "3.10.6") found components: Interpreter 
[0.369s] -- Found ament_lint_auto: 0.12.5 (/opt/ros/humble/share/ament_lint_auto/cmake)
[0.411s] -- Added test 'copyright' to check source files copyright and LICENSE
[0.412s] -- Added test 'lint_cmake' to check CMake code style
[0.413s] -- Added test 'xmllint' to check XML markup files
[0.414s] -- Configuring done
[0.415s] -- Generating done
[0.416s] -- Build files have been written to: /home/jos/Documents/ros_ws/build/my_robot_bringup
[0.418s] Invoked command in '/home/jos/Documents/ros_ws/build/my_robot_bringup' returned '0': CMAKE_PREFIX_PATH=/opt/ros/humble /usr/bin/cmake /home/jos/Documents/ros_ws/src/my_robot_bringup -DCMAKE_INSTALL_PREFIX=/home/jos/Documents/ros_ws/install/my_robot_bringup
[0.419s] Invoking command in '/home/jos/Documents/ros_ws/build/my_robot_bringup': CMAKE_PREFIX_PATH=/opt/ros/humble /usr/bin/cmake --build /home/jos/Documents/ros_ws/build/my_robot_bringup -- -j20 -l20
[0.435s] Invoked command in '/home/jos/Documents/ros_ws/build/my_robot_bringup' returned '0': CMAKE_PREFIX_PATH=/opt/ros/humble /usr/bin/cmake --build /home/jos/Documents/ros_ws/build/my_robot_bringup -- -j20 -l20
[0.449s] Invoking command in '/home/jos/Documents/ros_ws/build/my_robot_bringup': CMAKE_PREFIX_PATH=/opt/ros/humble /usr/bin/cmake --install /home/jos/Documents/ros_ws/build/my_robot_bringup
[0.452s] -- Install configuration: ""
[0.452s] -- Installing: /home/jos/Documents/ros_ws/install/my_robot_bringup/share/ament_index/resource_index/package_run_dependencies/my_robot_bringup
[0.452s] -- Installing: /home/jos/Documents/ros_ws/install/my_robot_bringup/share/ament_index/resource_index/parent_prefix_path/my_robot_bringup
[0.452s] -- Installing: /home/jos/Documents/ros_ws/install/my_robot_bringup/share/my_robot_bringup/environment/ament_prefix_path.sh
[0.452s] -- Installing: /home/jos/Documents/ros_ws/install/my_robot_bringup/share/my_robot_bringup/environment/ament_prefix_path.dsv
[0.452s] -- Installing: /home/jos/Documents/ros_ws/install/my_robot_bringup/share/my_robot_bringup/environment/path.sh
[0.452s] -- Installing: /home/jos/Documents/ros_ws/install/my_robot_bringup/share/my_robot_bringup/environment/path.dsv
[0.452s] -- Installing: /home/jos/Documents/ros_ws/install/my_robot_bringup/share/my_robot_bringup/local_setup.bash
[0.452s] -- Installing: /home/jos/Documents/ros_ws/install/my_robot_bringup/share/my_robot_bringup/local_setup.sh
[0.452s] -- Installing: /home/jos/Documents/ros_ws/install/my_robot_bringup/share/my_robot_bringup/local_setup.zsh
[0.452s] -- Installing: /home/jos/Documents/ros_ws/install/my_robot_bringup/share/my_robot_bringup/local_setup.dsv
[0.452s] -- Installing: /home/jos/Documents/ros_ws/install/my_robot_bringup/share/my_robot_bringup/package.dsv
[0.453s] -- Installing: /home/jos/Documents/ros_ws/install/my_robot_bringup/share/ament_index/resource_index/packages/my_robot_bringup
[0.453s] -- Installing: /home/jos/Documents/ros_ws/install/my_robot_bringup/share/my_robot_bringup/cmake/my_robot_bringupConfig.cmake
[0.453s] -- Installing: /home/jos/Documents/ros_ws/install/my_robot_bringup/share/my_robot_bringup/cmake/my_robot_bringupConfig-version.cmake
[0.453s] -- Installing: /home/jos/Documents/ros_ws/install/my_robot_bringup/share/my_robot_bringup/package.xml
[0.461s] Invoked command in '/home/jos/Documents/ros_ws/build/my_robot_bringup' returned '0': CMAKE_PREFIX_PATH=/opt/ros/humble /usr/bin/cmake --install /home/jos/Documents/ros_ws/build/my_robot_bringup
