[0.075s] Invoking command in '/home/dev/ros2_ws/build/my_robot_bringup': CMAKE_PREFIX_PATH=${CMAKE_PREFIX_PATH}:/home/dev/ros2_ws/install/my_python_subscriber:/opt/ros/foxy /usr/bin/cmake --build /home/dev/ros2_ws/build/my_robot_bringup -- -j2 -l2
[0.195s] Invoked command in '/home/dev/ros2_ws/build/my_robot_bringup' returned '0': CMAKE_PREFIX_PATH=${CMAKE_PREFIX_PATH}:/home/dev/ros2_ws/install/my_python_subscriber:/opt/ros/foxy /usr/bin/cmake --build /home/dev/ros2_ws/build/my_robot_bringup -- -j2 -l2
[0.251s] Invoking command in '/home/dev/ros2_ws/build/my_robot_bringup': CMAKE_PREFIX_PATH=${CMAKE_PREFIX_PATH}:/home/dev/ros2_ws/install/my_python_subscriber:/opt/ros/foxy /usr/bin/cmake --install /home/dev/ros2_ws/build/my_robot_bringup
[0.271s] -- Install configuration: "RelWithDebInfo"
[0.272s] -- Execute custom install script
[0.272s] -- Up-to-date symlink: /home/dev/ros2_ws/install/my_robot_bringup/share/ament_index/resource_index/package_run_dependencies/my_robot_bringup
[0.273s] -- Up-to-date symlink: /home/dev/ros2_ws/install/my_robot_bringup/share/ament_index/resource_index/parent_prefix_path/my_robot_bringup
[0.274s] -- Up-to-date symlink: /home/dev/ros2_ws/install/my_robot_bringup/share/my_robot_bringup/environment/ament_prefix_path.sh
[0.274s] -- Up-to-date symlink: /home/dev/ros2_ws/install/my_robot_bringup/share/my_robot_bringup/environment/ament_prefix_path.dsv
[0.275s] -- Up-to-date symlink: /home/dev/ros2_ws/install/my_robot_bringup/share/my_robot_bringup/environment/path.sh
[0.275s] -- Up-to-date symlink: /home/dev/ros2_ws/install/my_robot_bringup/share/my_robot_bringup/environment/path.dsv
[0.275s] -- Up-to-date symlink: /home/dev/ros2_ws/install/my_robot_bringup/share/my_robot_bringup/local_setup.bash
[0.275s] -- Up-to-date symlink: /home/dev/ros2_ws/install/my_robot_bringup/share/my_robot_bringup/local_setup.sh
[0.276s] -- Up-to-date symlink: /home/dev/ros2_ws/install/my_robot_bringup/share/my_robot_bringup/local_setup.zsh
[0.276s] -- Up-to-date symlink: /home/dev/ros2_ws/install/my_robot_bringup/share/my_robot_bringup/local_setup.dsv
[0.277s] -- Symlinking: /home/dev/ros2_ws/install/my_robot_bringup/share/my_robot_bringup/package.dsv
[0.293s] -- Up-to-date symlink: /home/dev/ros2_ws/install/my_robot_bringup/share/ament_index/resource_index/packages/my_robot_bringup
[0.294s] -- Up-to-date symlink: /home/dev/ros2_ws/install/my_robot_bringup/share/my_robot_bringup/cmake/my_robot_bringupConfig.cmake
[0.294s] -- Up-to-date symlink: /home/dev/ros2_ws/install/my_robot_bringup/share/my_robot_bringup/cmake/my_robot_bringupConfig-version.cmake
[0.296s] -- Up-to-date symlink: /home/dev/ros2_ws/install/my_robot_bringup/share/my_robot_bringup/package.xml
[0.298s] Invoked command in '/home/dev/ros2_ws/build/my_robot_bringup' returned '0': CMAKE_PREFIX_PATH=${CMAKE_PREFIX_PATH}:/home/dev/ros2_ws/install/my_python_subscriber:/opt/ros/foxy /usr/bin/cmake --install /home/dev/ros2_ws/build/my_robot_bringup
