[0.037s] Invoking command in '/home/dev/ros2_ws/build/my_msg_types': CMAKE_PREFIX_PATH=/opt/ros/foxy /usr/bin/cmake /home/dev/ros2_ws/src/my_msg_types -DCMAKE_INSTALL_PREFIX=/home/dev/ros2_ws/install/my_msg_types
[0.070s] -- Found ament_cmake: 0.9.11 (/opt/ros/foxy/share/ament_cmake/cmake)
[0.110s] -- Using PYTHON_EXECUTABLE: /usr/bin/python3
[0.451s] -- Found rosidl_default_generators: 1.0.1 (/opt/ros/foxy/share/rosidl_default_generators/cmake)
[0.454s] -- Using all available rosidl_typesupport_c: rosidl_typesupport_fastrtps_c;rosidl_typesupport_introspection_c
[0.460s] -- Found rosidl_adapter: 1.3.0 (/opt/ros/foxy/share/rosidl_adapter/cmake)
[19.389s] -- Using all available rosidl_typesupport_cpp: rosidl_typesupport_fastrtps_cpp;rosidl_typesupport_introspection_cpp
[19.505s] -- Found PythonInterp: /usr/bin/python3 (found version "3.8.10") 
[19.904s] CMake Error at /opt/ros/foxy/share/rosidl_adapter/cmake/rosidl_adapt_interfaces.cmake:60 (message):
[19.904s]   execute_process(/usr/bin/python3 -m rosidl_adapter --package-name
[19.904s]   my_msg_types --arguments-file
[19.905s]   /home/dev/ros2_ws/build/my_msg_types/rosidl_adapter__arguments__my_msg_types.json
[19.905s]   --output-dir
[19.905s]   /home/dev/ros2_ws/build/my_msg_types/rosidl_adapter/my_msg_types
[19.905s]   --output-file
[19.905s]   /home/dev/ros2_ws/build/my_msg_types/rosidl_adapter/my_msg_types.idls)
[19.905s]   returned error code 1:
[19.906s] 
[19.906s]   Traceback (most recent call last):
[19.906s] 
[19.906s]     File "/usr/lib/python3.8/runpy.py", line 194, in _run_module_as_main
[19.906s]       return _run_code(code, main_globals, None,
[19.906s]     File "/usr/lib/python3.8/runpy.py", line 87, in _run_code
[19.906s]       exec(code, run_globals)
[19.907s]     File "/opt/ros/foxy/lib/python3.8/site-packages/rosidl_adapter/__main__.py", line 19, in <module>
[19.907s]       sys.exit(main())
[19.907s]     File "/opt/ros/foxy/lib/python3.8/site-packages/rosidl_adapter/main.py", line 53, in main
[19.907s]       abs_idl_file = convert_to_idl(
[19.907s]     File "/opt/ros/foxy/lib/python3.8/site-packages/rosidl_adapter/__init__.py", line 19, in convert_to_idl
[19.908s]       return convert_msg_to_idl(
[19.908s]     File "/opt/ros/foxy/lib/python3.8/site-packages/rosidl_adapter/msg/__init__.py", line 28, in convert_msg_to_idl
[19.908s]       msg = parse_message_string(package_name, input_file.stem, content)
[19.908s]     File "/opt/ros/foxy/lib/python3.8/site-packages/rosidl_adapter/parser.py", line 540, in parse_message_string
[19.908s]       msg = MessageSpecification(pkg_name, msg_name, fields, constants)
[19.908s]     File "/opt/ros/foxy/lib/python3.8/site-packages/rosidl_adapter/parser.py", line 387, in __init__
[19.908s]       self.base_type = BaseType(
[19.909s]     File "/opt/ros/foxy/lib/python3.8/site-packages/rosidl_adapter/parser.py", line 204, in __init__
[19.909s]       raise InvalidResourceName(
[19.909s] 
[19.909s]   rosidl_adapter.parser.InvalidResourceName: 'my_msg' is an invalid message
[19.909s]   name.  It should have the pattern '^[A-Z][A-Za-z0-9]*$'
[19.909s] 
[19.910s] Call Stack (most recent call first):
[19.910s]   /opt/ros/foxy/share/rosidl_cmake/cmake/rosidl_generate_interfaces.cmake:130 (rosidl_adapt_interfaces)
[19.910s]   CMakeLists.txt:26 (rosidl_generate_interfaces)
[19.910s] 
[19.910s] 
[19.910s] -- Configuring incomplete, errors occurred!
[19.910s] See also "/home/dev/ros2_ws/build/my_msg_types/CMakeFiles/CMakeOutput.log".
[19.922s] Invoked command in '/home/dev/ros2_ws/build/my_msg_types' returned '1': CMAKE_PREFIX_PATH=/opt/ros/foxy /usr/bin/cmake /home/dev/ros2_ws/src/my_msg_types -DCMAKE_INSTALL_PREFIX=/home/dev/ros2_ws/install/my_msg_types
