[0.572s] Invoking command in '/home/dev/ros2_ws/build/my_cpp_publisher': CMAKE_PREFIX_PATH=/home/dev/ros2_ws/install/my_msg_types:/home/dev/ros2_ws/install/my_robot_bringup:/home/dev/ros2_ws/install/my_cpp_publisher:/home/dev/ros2_ws/install/my_python_subscriber:/opt/ros/foxy PYTHONPATH=/home/dev/ros2_ws/install/my_msg_types/lib/python3.8/site-packages:/home/dev/ros2_ws/install/my_python_subscriber/lib/python3.8/site-packages:/opt/ros/foxy/lib/python3.8/site-packages /usr/bin/cmake /home/dev/ros2_ws/src/my_cpp_publisher -DCMAKE_BUILD_TYPE=RelWithDebInfo -DAMENT_CMAKE_SYMLINK_INSTALL=1 -DCMAKE_INSTALL_PREFIX=/home/dev/ros2_ws/install/my_cpp_publisher
[0.608s] -- Found ament_cmake: 0.9.11 (/opt/ros/foxy/share/ament_cmake/cmake)
[0.678s] -- Using PYTHON_EXECUTABLE: /usr/bin/python3
[1.024s] -- Override CMake install command with custom implementation using symlinks instead of copying resources
[1.035s] -- Found rclcpp: 2.4.2 (/opt/ros/foxy/share/rclcpp/cmake)
[1.693s] -- Using all available rosidl_typesupport_c: rosidl_typesupport_fastrtps_c;rosidl_typesupport_introspection_c
[1.701s] -- Found rosidl_adapter: 1.3.0 (/opt/ros/foxy/share/rosidl_adapter/cmake)
[17.741s] -- Using all available rosidl_typesupport_cpp: rosidl_typesupport_fastrtps_cpp;rosidl_typesupport_introspection_cpp
[18.024s] -- Found rmw_implementation_cmake: 1.0.3 (/opt/ros/foxy/share/rmw_implementation_cmake/cmake)
[18.034s] -- Using RMW implementation 'rmw_fastrtps_cpp' as default
[18.837s] -- Found my_msg_types: 0.0.0 (/home/dev/ros2_ws/install/my_msg_types/share/my_msg_types/cmake)
[18.904s] -- Found ament_lint_auto: 0.9.7 (/opt/ros/foxy/share/ament_lint_auto/cmake)
[19.251s] -- Added test 'copyright' to check source files copyright and LICENSE
[19.257s] -- Added test 'cppcheck' to perform static code analysis on C / C++ code
[19.258s] -- Configured cppcheck include dirs: $<BUILD_INTERFACE:/home/dev/ros2_ws/src/my_cpp_publisher/include>
[19.258s] -- Configured cppcheck exclude dirs and/or files: 
[19.261s] -- Added test 'cpplint' to check C / C++ code against the Google style
[19.262s] -- Configured cpplint exclude dirs and/or files: 
[19.264s] -- Added test 'lint_cmake' to check CMake code style
[19.268s] -- Added test 'uncrustify' to check C / C++ code style
[19.270s] -- Configured uncrustify additional arguments: 
[19.272s] -- Added test 'xmllint' to check XML markup files
[19.286s] -- Configuring done
[19.329s] -- Generating done
[19.338s] -- Build files have been written to: /home/dev/ros2_ws/build/my_cpp_publisher
[19.373s] Invoked command in '/home/dev/ros2_ws/build/my_cpp_publisher' returned '0': CMAKE_PREFIX_PATH=/home/dev/ros2_ws/install/my_msg_types:/home/dev/ros2_ws/install/my_robot_bringup:/home/dev/ros2_ws/install/my_cpp_publisher:/home/dev/ros2_ws/install/my_python_subscriber:/opt/ros/foxy PYTHONPATH=/home/dev/ros2_ws/install/my_msg_types/lib/python3.8/site-packages:/home/dev/ros2_ws/install/my_python_subscriber/lib/python3.8/site-packages:/opt/ros/foxy/lib/python3.8/site-packages /usr/bin/cmake /home/dev/ros2_ws/src/my_cpp_publisher -DCMAKE_BUILD_TYPE=RelWithDebInfo -DAMENT_CMAKE_SYMLINK_INSTALL=1 -DCMAKE_INSTALL_PREFIX=/home/dev/ros2_ws/install/my_cpp_publisher
[19.392s] Invoking command in '/home/dev/ros2_ws/build/my_cpp_publisher': CMAKE_PREFIX_PATH=/home/dev/ros2_ws/install/my_msg_types:/home/dev/ros2_ws/install/my_robot_bringup:/home/dev/ros2_ws/install/my_cpp_publisher:/home/dev/ros2_ws/install/my_python_subscriber:/opt/ros/foxy PYTHONPATH=/home/dev/ros2_ws/install/my_msg_types/lib/python3.8/site-packages:/home/dev/ros2_ws/install/my_python_subscriber/lib/python3.8/site-packages:/opt/ros/foxy/lib/python3.8/site-packages /usr/bin/cmake --build /home/dev/ros2_ws/build/my_cpp_publisher -- -j2 -l2
[19.580s] [35m[1mScanning dependencies of target my_cpp_publisher_node[0m
[19.873s] [ 50%] [32mBuilding CXX object CMakeFiles/my_cpp_publisher_node.dir/src/my_cpp_publisher_node.cpp.o[0m
[32.965s] [100%] [32m[1mLinking CXX executable my_cpp_publisher_node[0m
[33.569s] [100%] Built target my_cpp_publisher_node
[33.601s] Invoked command in '/home/dev/ros2_ws/build/my_cpp_publisher' returned '0': CMAKE_PREFIX_PATH=/home/dev/ros2_ws/install/my_msg_types:/home/dev/ros2_ws/install/my_robot_bringup:/home/dev/ros2_ws/install/my_cpp_publisher:/home/dev/ros2_ws/install/my_python_subscriber:/opt/ros/foxy PYTHONPATH=/home/dev/ros2_ws/install/my_msg_types/lib/python3.8/site-packages:/home/dev/ros2_ws/install/my_python_subscriber/lib/python3.8/site-packages:/opt/ros/foxy/lib/python3.8/site-packages /usr/bin/cmake --build /home/dev/ros2_ws/build/my_cpp_publisher -- -j2 -l2
[33.675s] Invoking command in '/home/dev/ros2_ws/build/my_cpp_publisher': CMAKE_PREFIX_PATH=/home/dev/ros2_ws/install/my_msg_types:/home/dev/ros2_ws/install/my_robot_bringup:/home/dev/ros2_ws/install/my_cpp_publisher:/home/dev/ros2_ws/install/my_python_subscriber:/opt/ros/foxy PYTHONPATH=/home/dev/ros2_ws/install/my_msg_types/lib/python3.8/site-packages:/home/dev/ros2_ws/install/my_python_subscriber/lib/python3.8/site-packages:/opt/ros/foxy/lib/python3.8/site-packages /usr/bin/cmake --install /home/dev/ros2_ws/build/my_cpp_publisher
[33.696s] -- Install configuration: "RelWithDebInfo"
[33.697s] -- Execute custom install script
[33.698s] -- Symlinking: /home/dev/ros2_ws/install/my_cpp_publisher/lib/my_cpp_publisher/my_cpp_publisher_node
[33.725s] -- Symlinking: /home/dev/ros2_ws/install/my_cpp_publisher/share/ament_index/resource_index/package_run_dependencies/my_cpp_publisher
[33.756s] -- Symlinking: /home/dev/ros2_ws/install/my_cpp_publisher/share/ament_index/resource_index/parent_prefix_path/my_cpp_publisher
[33.780s] -- Symlinking: /home/dev/ros2_ws/install/my_cpp_publisher/share/my_cpp_publisher/environment/ament_prefix_path.sh
[33.806s] -- Symlinking: /home/dev/ros2_ws/install/my_cpp_publisher/share/my_cpp_publisher/environment/ament_prefix_path.dsv
[33.829s] -- Symlinking: /home/dev/ros2_ws/install/my_cpp_publisher/share/my_cpp_publisher/environment/path.sh
[33.852s] -- Symlinking: /home/dev/ros2_ws/install/my_cpp_publisher/share/my_cpp_publisher/environment/path.dsv
[33.879s] -- Symlinking: /home/dev/ros2_ws/install/my_cpp_publisher/share/my_cpp_publisher/local_setup.bash
[33.902s] -- Symlinking: /home/dev/ros2_ws/install/my_cpp_publisher/share/my_cpp_publisher/local_setup.sh
[33.926s] -- Symlinking: /home/dev/ros2_ws/install/my_cpp_publisher/share/my_cpp_publisher/local_setup.zsh
[34.045s] -- Symlinking: /home/dev/ros2_ws/install/my_cpp_publisher/share/my_cpp_publisher/local_setup.dsv
[34.046s] -- Symlinking: /home/dev/ros2_ws/install/my_cpp_publisher/share/my_cpp_publisher/package.dsv
[34.046s] -- Symlinking: /home/dev/ros2_ws/install/my_cpp_publisher/share/ament_index/resource_index/packages/my_cpp_publisher
[34.057s] -- Symlinking: /home/dev/ros2_ws/install/my_cpp_publisher/share/my_cpp_publisher/cmake/my_cpp_publisherConfig.cmake
[34.088s] -- Symlinking: /home/dev/ros2_ws/install/my_cpp_publisher/share/my_cpp_publisher/cmake/my_cpp_publisherConfig-version.cmake
[34.114s] -- Symlinking: /home/dev/ros2_ws/install/my_cpp_publisher/share/my_cpp_publisher/package.xml
[34.149s] Invoked command in '/home/dev/ros2_ws/build/my_cpp_publisher' returned '0': CMAKE_PREFIX_PATH=/home/dev/ros2_ws/install/my_msg_types:/home/dev/ros2_ws/install/my_robot_bringup:/home/dev/ros2_ws/install/my_cpp_publisher:/home/dev/ros2_ws/install/my_python_subscriber:/opt/ros/foxy PYTHONPATH=/home/dev/ros2_ws/install/my_msg_types/lib/python3.8/site-packages:/home/dev/ros2_ws/install/my_python_subscriber/lib/python3.8/site-packages:/opt/ros/foxy/lib/python3.8/site-packages /usr/bin/cmake --install /home/dev/ros2_ws/build/my_cpp_publisher
