[0.003s] Invoking command in '/home/jos/Documents/ros_ws/build/my_cpp_publisher': AMENT_PREFIX_PATH=/home/jos/Documents/ros_ws/install/my_msg_types:${AMENT_PREFIX_PATH} CMAKE_PREFIX_PATH=/home/jos/Documents/ros_ws/install/my_msg_types:/opt/ros/humble LD_LIBRARY_PATH=/home/jos/Documents/ros_ws/install/my_msg_types/lib:${LD_LIBRARY_PATH} PYTHONPATH=/home/jos/Documents/ros_ws/install/my_msg_types/local/lib/python3.10/dist-packages:${PYTHONPATH} /usr/bin/cmake /home/jos/Documents/ros_ws/src/my_cpp_publisher -DCMAKE_INSTALL_PREFIX=/home/jos/Documents/ros_ws/install/my_cpp_publisher
[0.026s] -- The C compiler identification is GNU 11.3.0
[0.052s] -- The CXX compiler identification is GNU 11.3.0
[0.056s] -- Detecting C compiler ABI info
[0.085s] -- Detecting C compiler ABI info - done
[0.089s] -- Check for working C compiler: /usr/bin/cc - skipped
[0.089s] -- Detecting C compile features
[0.089s] -- Detecting C compile features - done
[0.090s] -- Detecting CXX compiler ABI info
[0.126s] -- Detecting CXX compiler ABI info - done
[0.130s] -- Check for working CXX compiler: /usr/bin/c++ - skipped
[0.130s] -- Detecting CXX compile features
[0.130s] -- Detecting CXX compile features - done
[0.131s] -- Found ament_cmake: 1.3.3 (/opt/ros/humble/share/ament_cmake/cmake)
[0.213s] -- Found Python3: /usr/bin/python3.10 (found version "3.10.6") found components: Interpreter 
[0.253s] -- Found rclcpp: 16.0.3 (/opt/ros/humble/share/rclcpp/cmake)
[0.282s] -- Found rosidl_generator_c: 3.1.4 (/opt/ros/humble/share/rosidl_generator_c/cmake)
[0.284s] -- Found rosidl_adapter: 3.1.4 (/opt/ros/humble/share/rosidl_adapter/cmake)
[0.288s] -- Found rosidl_generator_cpp: 3.1.4 (/opt/ros/humble/share/rosidl_generator_cpp/cmake)
[0.294s] -- Using all available rosidl_typesupport_c: rosidl_typesupport_fastrtps_c;rosidl_typesupport_introspection_c
[0.303s] -- Using all available rosidl_typesupport_cpp: rosidl_typesupport_fastrtps_cpp;rosidl_typesupport_introspection_cpp
[0.343s] -- Found rmw_implementation_cmake: 6.1.1 (/opt/ros/humble/share/rmw_implementation_cmake/cmake)
[0.345s] -- Found rmw_fastrtps_cpp: 6.2.2 (/opt/ros/humble/share/rmw_fastrtps_cpp/cmake)
[0.398s] -- Found OpenSSL: /usr/lib/x86_64-linux-gnu/libcrypto.so (found version "3.0.2")  
[0.412s] -- Found FastRTPS: /opt/ros/humble/include  
[0.434s] -- Using RMW implementation 'rmw_fastrtps_cpp' as default
[0.440s] -- Looking for pthread.h
[0.476s] -- Looking for pthread.h - found
[0.476s] -- Performing Test CMAKE_HAVE_LIBC_PTHREAD
[0.510s] -- Performing Test CMAKE_HAVE_LIBC_PTHREAD - Success
[0.511s] -- Found Threads: TRUE  
[0.598s] -- Found my_msg_types: 0.0.0 (/home/jos/Documents/ros_ws/install/my_msg_types/share/my_msg_types/cmake)
[0.606s] -- Found ament_lint_auto: 0.12.5 (/opt/ros/humble/share/ament_lint_auto/cmake)
[0.643s] -- Added test 'copyright' to check source files copyright and LICENSE
[0.643s] -- Added test 'cppcheck' to perform static code analysis on C / C++ code
[0.643s] -- Configured cppcheck include dirs: $<BUILD_INTERFACE:/home/jos/Documents/ros_ws/src/my_cpp_publisher/include>
[0.643s] -- Configured cppcheck exclude dirs and/or files: 
[0.644s] -- Added test 'cpplint' to check C / C++ code against the Google style
[0.644s] -- Configured cpplint exclude dirs and/or files: 
[0.644s] -- Added test 'lint_cmake' to check CMake code style
[0.644s] -- Added test 'uncrustify' to check C / C++ code style
[0.644s] -- Configured uncrustify additional arguments: 
[0.644s] -- Added test 'xmllint' to check XML markup files
[0.645s] -- Configuring done
[0.649s] -- Generating done
[0.649s] -- Build files have been written to: /home/jos/Documents/ros_ws/build/my_cpp_publisher
[0.655s] Invoked command in '/home/jos/Documents/ros_ws/build/my_cpp_publisher' returned '0': AMENT_PREFIX_PATH=/home/jos/Documents/ros_ws/install/my_msg_types:${AMENT_PREFIX_PATH} CMAKE_PREFIX_PATH=/home/jos/Documents/ros_ws/install/my_msg_types:/opt/ros/humble LD_LIBRARY_PATH=/home/jos/Documents/ros_ws/install/my_msg_types/lib:${LD_LIBRARY_PATH} PYTHONPATH=/home/jos/Documents/ros_ws/install/my_msg_types/local/lib/python3.10/dist-packages:${PYTHONPATH} /usr/bin/cmake /home/jos/Documents/ros_ws/src/my_cpp_publisher -DCMAKE_INSTALL_PREFIX=/home/jos/Documents/ros_ws/install/my_cpp_publisher
[0.655s] Invoking command in '/home/jos/Documents/ros_ws/build/my_cpp_publisher': AMENT_PREFIX_PATH=/home/jos/Documents/ros_ws/install/my_msg_types:${AMENT_PREFIX_PATH} CMAKE_PREFIX_PATH=/home/jos/Documents/ros_ws/install/my_msg_types:/opt/ros/humble LD_LIBRARY_PATH=/home/jos/Documents/ros_ws/install/my_msg_types/lib:${LD_LIBRARY_PATH} PYTHONPATH=/home/jos/Documents/ros_ws/install/my_msg_types/local/lib/python3.10/dist-packages:${PYTHONPATH} /usr/bin/cmake --build /home/jos/Documents/ros_ws/build/my_cpp_publisher -- -j20 -l20
[0.676s] [ 50%] [32mBuilding CXX object CMakeFiles/my_cpp_publisher_node.dir/src/my_cpp_publisher_node.cpp.o[0m
[2.627s] [100%] [32m[1mLinking CXX executable my_cpp_publisher_node[0m
[2.721s] [100%] Built target my_cpp_publisher_node
[2.725s] Invoked command in '/home/jos/Documents/ros_ws/build/my_cpp_publisher' returned '0': AMENT_PREFIX_PATH=/home/jos/Documents/ros_ws/install/my_msg_types:${AMENT_PREFIX_PATH} CMAKE_PREFIX_PATH=/home/jos/Documents/ros_ws/install/my_msg_types:/opt/ros/humble LD_LIBRARY_PATH=/home/jos/Documents/ros_ws/install/my_msg_types/lib:${LD_LIBRARY_PATH} PYTHONPATH=/home/jos/Documents/ros_ws/install/my_msg_types/local/lib/python3.10/dist-packages:${PYTHONPATH} /usr/bin/cmake --build /home/jos/Documents/ros_ws/build/my_cpp_publisher -- -j20 -l20
[2.735s] Invoking command in '/home/jos/Documents/ros_ws/build/my_cpp_publisher': AMENT_PREFIX_PATH=/home/jos/Documents/ros_ws/install/my_msg_types:${AMENT_PREFIX_PATH} CMAKE_PREFIX_PATH=/home/jos/Documents/ros_ws/install/my_msg_types:/opt/ros/humble LD_LIBRARY_PATH=/home/jos/Documents/ros_ws/install/my_msg_types/lib:${LD_LIBRARY_PATH} PYTHONPATH=/home/jos/Documents/ros_ws/install/my_msg_types/local/lib/python3.10/dist-packages:${PYTHONPATH} /usr/bin/cmake --install /home/jos/Documents/ros_ws/build/my_cpp_publisher
[2.738s] -- Install configuration: ""
[2.738s] -- Installing: /home/jos/Documents/ros_ws/install/my_cpp_publisher/lib/my_cpp_publisher/my_cpp_publisher_node
[2.739s] -- Set runtime path of "/home/jos/Documents/ros_ws/install/my_cpp_publisher/lib/my_cpp_publisher/my_cpp_publisher_node" to ""
[2.739s] -- Installing: /home/jos/Documents/ros_ws/install/my_cpp_publisher/share/ament_index/resource_index/package_run_dependencies/my_cpp_publisher
[2.739s] -- Installing: /home/jos/Documents/ros_ws/install/my_cpp_publisher/share/ament_index/resource_index/parent_prefix_path/my_cpp_publisher
[2.739s] -- Installing: /home/jos/Documents/ros_ws/install/my_cpp_publisher/share/my_cpp_publisher/environment/ament_prefix_path.sh
[2.739s] -- Installing: /home/jos/Documents/ros_ws/install/my_cpp_publisher/share/my_cpp_publisher/environment/ament_prefix_path.dsv
[2.739s] -- Installing: /home/jos/Documents/ros_ws/install/my_cpp_publisher/share/my_cpp_publisher/environment/path.sh
[2.739s] -- Installing: /home/jos/Documents/ros_ws/install/my_cpp_publisher/share/my_cpp_publisher/environment/path.dsv
[2.739s] -- Installing: /home/jos/Documents/ros_ws/install/my_cpp_publisher/share/my_cpp_publisher/local_setup.bash
[2.739s] -- Installing: /home/jos/Documents/ros_ws/install/my_cpp_publisher/share/my_cpp_publisher/local_setup.sh
[2.739s] -- Installing: /home/jos/Documents/ros_ws/install/my_cpp_publisher/share/my_cpp_publisher/local_setup.zsh
[2.739s] -- Installing: /home/jos/Documents/ros_ws/install/my_cpp_publisher/share/my_cpp_publisher/local_setup.dsv
[2.739s] -- Installing: /home/jos/Documents/ros_ws/install/my_cpp_publisher/share/my_cpp_publisher/package.dsv
[2.739s] -- Installing: /home/jos/Documents/ros_ws/install/my_cpp_publisher/share/ament_index/resource_index/packages/my_cpp_publisher
[2.739s] -- Installing: /home/jos/Documents/ros_ws/install/my_cpp_publisher/share/my_cpp_publisher/cmake/my_cpp_publisherConfig.cmake
[2.739s] -- Installing: /home/jos/Documents/ros_ws/install/my_cpp_publisher/share/my_cpp_publisher/cmake/my_cpp_publisherConfig-version.cmake
[2.739s] -- Installing: /home/jos/Documents/ros_ws/install/my_cpp_publisher/share/my_cpp_publisher/package.xml
[2.741s] Invoked command in '/home/jos/Documents/ros_ws/build/my_cpp_publisher' returned '0': AMENT_PREFIX_PATH=/home/jos/Documents/ros_ws/install/my_msg_types:${AMENT_PREFIX_PATH} CMAKE_PREFIX_PATH=/home/jos/Documents/ros_ws/install/my_msg_types:/opt/ros/humble LD_LIBRARY_PATH=/home/jos/Documents/ros_ws/install/my_msg_types/lib:${LD_LIBRARY_PATH} PYTHONPATH=/home/jos/Documents/ros_ws/install/my_msg_types/local/lib/python3.10/dist-packages:${PYTHONPATH} /usr/bin/cmake --install /home/jos/Documents/ros_ws/build/my_cpp_publisher
