-- The C compiler identification is GNU 11.3.0
-- The CXX compiler identification is GNU 11.3.0
-- Detecting C compiler ABI info
-- Detecting C compiler ABI info - done
-- Check for working C compiler: /usr/bin/cc - skipped
-- Detecting C compile features
-- Detecting C compile features - done
-- Detecting CXX compiler ABI info
-- Detecting CXX compiler ABI info - done
-- Check for working CXX compiler: /usr/bin/c++ - skipped
-- Detecting CXX compile features
-- Detecting CXX compile features - done
-- Found ament_cmake: 1.3.3 (/opt/ros/humble/share/ament_cmake/cmake)
-- Found Python3: /usr/bin/python3.10 (found version "3.10.6") found components: Interpreter 
-- Found rosidl_default_generators: 1.2.0 (/opt/ros/humble/share/rosidl_default_generators/cmake)
-- Using all available rosidl_typesupport_c: rosidl_typesupport_fastrtps_c;rosidl_typesupport_introspection_c
-- Found rosidl_adapter: 3.1.4 (/opt/ros/humble/share/rosidl_adapter/cmake)
-- Using all available rosidl_typesupport_cpp: rosidl_typesupport_fastrtps_cpp;rosidl_typesupport_introspection_cpp
-- Found ament_cmake_ros: 0.10.0 (/opt/ros/humble/share/ament_cmake_ros/cmake)
-- Using all available rosidl_typesupport_c: rosidl_typesupport_fastrtps_c;rosidl_typesupport_introspection_c
-- Using all available rosidl_typesupport_cpp: rosidl_typesupport_fastrtps_cpp;rosidl_typesupport_introspection_cpp
-- Found PythonInterp: /usr/bin/python3 (found suitable version "3.10.6", minimum required is "3.6") 
-- Found python_cmake_module: 0.10.0 (/opt/ros/humble/share/python_cmake_module/cmake)
-- Found PythonLibs: /usr/lib/x86_64-linux-gnu/libpython3.10.so (found suitable version "3.10.6", minimum required is "3.5") 
-- Using PYTHON_EXECUTABLE: /usr/bin/python3
-- Using PYTHON_INCLUDE_DIRS: /usr/include/python3.10
-- Using PYTHON_LIBRARIES: /usr/lib/x86_64-linux-gnu/libpython3.10.so
-- Found PythonExtra: .so  
-- Found ament_lint_auto: 0.12.5 (/opt/ros/humble/share/ament_lint_auto/cmake)
-- Added test 'copyright' to check source files copyright and LICENSE
-- Added test 'lint_cmake' to check CMake code style
-- Added test 'xmllint' to check XML markup files
-- Configuring done
-- Generating done
-- Build files have been written to: /home/jos/Documents/ros_ws/build/my_msg_types
[  3%] [34m[1mGenerating C code for ROS interfaces[0m
[  6%] [34m[1mGenerating C++ code for ROS interfaces[0m
[  6%] Built target ament_cmake_python_copy_my_msg_types
[  6%] Built target my_msg_types__cpp
running egg_info
creating my_msg_types.egg-info
writing my_msg_types.egg-info/PKG-INFO
writing dependency_links to my_msg_types.egg-info/dependency_links.txt
writing top-level names to my_msg_types.egg-info/top_level.txt
writing manifest file 'my_msg_types.egg-info/SOURCES.txt'
reading manifest file 'my_msg_types.egg-info/SOURCES.txt'
writing manifest file 'my_msg_types.egg-info/SOURCES.txt'
[ 19%] [32mBuilding C object CMakeFiles/my_msg_types__rosidl_generator_c.dir/rosidl_generator_c/my_msg_types/msg/detail/my_msg__functions.c.o[0m
[ 19%] [34m[1mGenerating C++ introspection for ROS interfaces[0m
[ 19%] [34m[1mGenerating C++ type support dispatch for ROS interfaces[0m
[ 19%] [34m[1mGenerating C++ type support for eProsima Fast-RTPS[0m
[ 19%] Built target ament_cmake_python_build_my_msg_types_egg
[ 22%] [32m[1mLinking C shared library libmy_msg_types__rosidl_generator_c.so[0m
[ 22%] Built target my_msg_types__rosidl_generator_c
[ 29%] [34m[1mGenerating C type support for eProsima Fast-RTPS[0m
[ 29%] [34m[1mGenerating C introspection for ROS interfaces[0m
[ 32%] [34m[1mGenerating C type support dispatch for ROS interfaces[0m
[ 35%] [32mBuilding CXX object CMakeFiles/my_msg_types__rosidl_typesupport_cpp.dir/rosidl_typesupport_cpp/my_msg_types/msg/my_msg__type_support.cpp.o[0m
[ 38%] [32mBuilding CXX object CMakeFiles/my_msg_types__rosidl_typesupport_introspection_cpp.dir/rosidl_typesupport_introspection_cpp/my_msg_types/msg/detail/my_msg__type_support.cpp.o[0m
[ 41%] [32mBuilding CXX object CMakeFiles/my_msg_types__rosidl_typesupport_fastrtps_cpp.dir/rosidl_typesupport_fastrtps_cpp/my_msg_types/msg/detail/dds_fastrtps/my_msg__type_support.cpp.o[0m
[ 45%] [32mBuilding CXX object CMakeFiles/my_msg_types__rosidl_typesupport_c.dir/rosidl_typesupport_c/my_msg_types/msg/my_msg__type_support.cpp.o[0m
[ 51%] [32mBuilding CXX object CMakeFiles/my_msg_types__rosidl_typesupport_fastrtps_c.dir/rosidl_typesupport_fastrtps_c/my_msg_types/msg/detail/my_msg__type_support_c.cpp.o[0m
[ 51%] [32mBuilding C object CMakeFiles/my_msg_types__rosidl_typesupport_introspection_c.dir/rosidl_typesupport_introspection_c/my_msg_types/msg/detail/my_msg__type_support.c.o[0m
[ 54%] [32m[1mLinking CXX shared library libmy_msg_types__rosidl_typesupport_c.so[0m
[ 58%] [32m[1mLinking C shared library libmy_msg_types__rosidl_typesupport_introspection_c.so[0m
[ 58%] Built target my_msg_types__rosidl_typesupport_c
[ 58%] Built target my_msg_types__rosidl_typesupport_introspection_c
[ 61%] [32m[1mLinking CXX shared library libmy_msg_types__rosidl_typesupport_cpp.so[0m
[ 61%] Built target my_msg_types__rosidl_typesupport_cpp
[ 64%] [32m[1mLinking CXX shared library libmy_msg_types__rosidl_typesupport_introspection_cpp.so[0m
[ 67%] [32m[1mLinking CXX shared library libmy_msg_types__rosidl_typesupport_fastrtps_cpp.so[0m
[ 67%] Built target my_msg_types__rosidl_typesupport_introspection_cpp
[ 70%] [32m[1mLinking CXX shared library libmy_msg_types__rosidl_typesupport_fastrtps_c.so[0m
[ 70%] Built target my_msg_types__rosidl_typesupport_fastrtps_cpp
[ 70%] Built target my_msg_types__rosidl_typesupport_fastrtps_c
[ 70%] Built target my_msg_types
[ 74%] [34m[1mGenerating Python code for ROS interfaces[0m
[ 74%] Built target my_msg_types__py
[ 77%] [32mBuilding C object CMakeFiles/my_msg_types__rosidl_generator_py.dir/rosidl_generator_py/my_msg_types/msg/_my_msg_s.c.o[0m
[ 80%] [32m[1mLinking C shared library rosidl_generator_py/my_msg_types/libmy_msg_types__rosidl_generator_py.so[0m
[ 80%] Built target my_msg_types__rosidl_generator_py
[ 90%] [32mBuilding C object CMakeFiles/my_msg_types__rosidl_typesupport_introspection_c__pyext.dir/rosidl_generator_py/my_msg_types/_my_msg_types_s.ep.rosidl_typesupport_introspection_c.c.o[0m
[ 90%] [32mBuilding C object CMakeFiles/my_msg_types__rosidl_typesupport_c__pyext.dir/rosidl_generator_py/my_msg_types/_my_msg_types_s.ep.rosidl_typesupport_c.c.o[0m
[ 90%] [32mBuilding C object CMakeFiles/my_msg_types__rosidl_typesupport_fastrtps_c__pyext.dir/rosidl_generator_py/my_msg_types/_my_msg_types_s.ep.rosidl_typesupport_fastrtps_c.c.o[0m
[100%] [32m[1mLinking C shared library rosidl_generator_py/my_msg_types/my_msg_types_s__rosidl_typesupport_fastrtps_c.cpython-310-x86_64-linux-gnu.so[0m
[100%] [32m[1mLinking C shared library rosidl_generator_py/my_msg_types/my_msg_types_s__rosidl_typesupport_introspection_c.cpython-310-x86_64-linux-gnu.so[0m
[100%] [32m[1mLinking C shared library rosidl_generator_py/my_msg_types/my_msg_types_s__rosidl_typesupport_c.cpython-310-x86_64-linux-gnu.so[0m
[100%] Built target my_msg_types__rosidl_typesupport_introspection_c__pyext
[100%] Built target my_msg_types__rosidl_typesupport_fastrtps_c__pyext
[100%] Built target my_msg_types__rosidl_typesupport_c__pyext
-- Install configuration: ""
-- Installing: /home/jos/Documents/ros_ws/install/my_msg_types/share/ament_index/resource_index/rosidl_interfaces/my_msg_types
-- Installing: /home/jos/Documents/ros_ws/install/my_msg_types/include/my_msg_types/my_msg_types
-- Installing: /home/jos/Documents/ros_ws/install/my_msg_types/include/my_msg_types/my_msg_types/msg
-- Installing: /home/jos/Documents/ros_ws/install/my_msg_types/include/my_msg_types/my_msg_types/msg/my_msg.h
-- Installing: /home/jos/Documents/ros_ws/install/my_msg_types/include/my_msg_types/my_msg_types/msg/detail
-- Installing: /home/jos/Documents/ros_ws/install/my_msg_types/include/my_msg_types/my_msg_types/msg/detail/my_msg__functions.c
-- Installing: /home/jos/Documents/ros_ws/install/my_msg_types/include/my_msg_types/my_msg_types/msg/detail/my_msg__functions.h
-- Installing: /home/jos/Documents/ros_ws/install/my_msg_types/include/my_msg_types/my_msg_types/msg/detail/my_msg__struct.h
-- Installing: /home/jos/Documents/ros_ws/install/my_msg_types/include/my_msg_types/my_msg_types/msg/detail/my_msg__type_support.h
-- Installing: /home/jos/Documents/ros_ws/install/my_msg_types/include/my_msg_types/my_msg_types/msg/rosidl_generator_c__visibility_control.h
-- Installing: /home/jos/Documents/ros_ws/install/my_msg_types/share/my_msg_types/environment/library_path.sh
-- Installing: /home/jos/Documents/ros_ws/install/my_msg_types/share/my_msg_types/environment/library_path.dsv
-- Installing: /home/jos/Documents/ros_ws/install/my_msg_types/lib/libmy_msg_types__rosidl_generator_c.so
-- Set runtime path of "/home/jos/Documents/ros_ws/install/my_msg_types/lib/libmy_msg_types__rosidl_generator_c.so" to ""
-- Up-to-date: /home/jos/Documents/ros_ws/install/my_msg_types/include/my_msg_types/my_msg_types
-- Up-to-date: /home/jos/Documents/ros_ws/install/my_msg_types/include/my_msg_types/my_msg_types/msg
-- Up-to-date: /home/jos/Documents/ros_ws/install/my_msg_types/include/my_msg_types/my_msg_types/msg/detail
-- Installing: /home/jos/Documents/ros_ws/install/my_msg_types/include/my_msg_types/my_msg_types/msg/detail/my_msg__rosidl_typesupport_fastrtps_c.h
-- Installing: /home/jos/Documents/ros_ws/install/my_msg_types/include/my_msg_types/my_msg_types/msg/rosidl_typesupport_fastrtps_c__visibility_control.h
-- Installing: /home/jos/Documents/ros_ws/install/my_msg_types/lib/libmy_msg_types__rosidl_typesupport_fastrtps_c.so
-- Set runtime path of "/home/jos/Documents/ros_ws/install/my_msg_types/lib/libmy_msg_types__rosidl_typesupport_fastrtps_c.so" to ""
-- Up-to-date: /home/jos/Documents/ros_ws/install/my_msg_types/include/my_msg_types/my_msg_types
-- Up-to-date: /home/jos/Documents/ros_ws/install/my_msg_types/include/my_msg_types/my_msg_types/msg
-- Installing: /home/jos/Documents/ros_ws/install/my_msg_types/include/my_msg_types/my_msg_types/msg/rosidl_typesupport_introspection_c__visibility_control.h
-- Up-to-date: /home/jos/Documents/ros_ws/install/my_msg_types/include/my_msg_types/my_msg_types/msg/detail
-- Installing: /home/jos/Documents/ros_ws/install/my_msg_types/include/my_msg_types/my_msg_types/msg/detail/my_msg__type_support.c
-- Installing: /home/jos/Documents/ros_ws/install/my_msg_types/include/my_msg_types/my_msg_types/msg/detail/my_msg__rosidl_typesupport_introspection_c.h
-- Installing: /home/jos/Documents/ros_ws/install/my_msg_types/lib/libmy_msg_types__rosidl_typesupport_introspection_c.so
-- Set runtime path of "/home/jos/Documents/ros_ws/install/my_msg_types/lib/libmy_msg_types__rosidl_typesupport_introspection_c.so" to ""
-- Installing: /home/jos/Documents/ros_ws/install/my_msg_types/lib/libmy_msg_types__rosidl_typesupport_c.so
-- Set runtime path of "/home/jos/Documents/ros_ws/install/my_msg_types/lib/libmy_msg_types__rosidl_typesupport_c.so" to ""
-- Up-to-date: /home/jos/Documents/ros_ws/install/my_msg_types/include/my_msg_types/my_msg_types
-- Up-to-date: /home/jos/Documents/ros_ws/install/my_msg_types/include/my_msg_types/my_msg_types/msg
-- Installing: /home/jos/Documents/ros_ws/install/my_msg_types/include/my_msg_types/my_msg_types/msg/my_msg.hpp
-- Up-to-date: /home/jos/Documents/ros_ws/install/my_msg_types/include/my_msg_types/my_msg_types/msg/detail
-- Installing: /home/jos/Documents/ros_ws/install/my_msg_types/include/my_msg_types/my_msg_types/msg/detail/my_msg__builder.hpp
-- Installing: /home/jos/Documents/ros_ws/install/my_msg_types/include/my_msg_types/my_msg_types/msg/detail/my_msg__struct.hpp
-- Installing: /home/jos/Documents/ros_ws/install/my_msg_types/include/my_msg_types/my_msg_types/msg/detail/my_msg__traits.hpp
-- Up-to-date: /home/jos/Documents/ros_ws/install/my_msg_types/include/my_msg_types/my_msg_types
-- Up-to-date: /home/jos/Documents/ros_ws/install/my_msg_types/include/my_msg_types/my_msg_types/msg
-- Installing: /home/jos/Documents/ros_ws/install/my_msg_types/include/my_msg_types/my_msg_types/msg/rosidl_typesupport_fastrtps_cpp__visibility_control.h
-- Up-to-date: /home/jos/Documents/ros_ws/install/my_msg_types/include/my_msg_types/my_msg_types/msg/detail
-- Installing: /home/jos/Documents/ros_ws/install/my_msg_types/include/my_msg_types/my_msg_types/msg/detail/my_msg__rosidl_typesupport_fastrtps_cpp.hpp
-- Installing: /home/jos/Documents/ros_ws/install/my_msg_types/include/my_msg_types/my_msg_types/msg/detail/dds_fastrtps
-- Installing: /home/jos/Documents/ros_ws/install/my_msg_types/lib/libmy_msg_types__rosidl_typesupport_fastrtps_cpp.so
-- Set runtime path of "/home/jos/Documents/ros_ws/install/my_msg_types/lib/libmy_msg_types__rosidl_typesupport_fastrtps_cpp.so" to ""
-- Up-to-date: /home/jos/Documents/ros_ws/install/my_msg_types/include/my_msg_types/my_msg_types
-- Up-to-date: /home/jos/Documents/ros_ws/install/my_msg_types/include/my_msg_types/my_msg_types/msg
-- Up-to-date: /home/jos/Documents/ros_ws/install/my_msg_types/include/my_msg_types/my_msg_types/msg/detail
-- Installing: /home/jos/Documents/ros_ws/install/my_msg_types/include/my_msg_types/my_msg_types/msg/detail/my_msg__type_support.cpp
-- Installing: /home/jos/Documents/ros_ws/install/my_msg_types/include/my_msg_types/my_msg_types/msg/detail/my_msg__rosidl_typesupport_introspection_cpp.hpp
-- Installing: /home/jos/Documents/ros_ws/install/my_msg_types/lib/libmy_msg_types__rosidl_typesupport_introspection_cpp.so
-- Set runtime path of "/home/jos/Documents/ros_ws/install/my_msg_types/lib/libmy_msg_types__rosidl_typesupport_introspection_cpp.so" to ""
-- Installing: /home/jos/Documents/ros_ws/install/my_msg_types/lib/libmy_msg_types__rosidl_typesupport_cpp.so
-- Set runtime path of "/home/jos/Documents/ros_ws/install/my_msg_types/lib/libmy_msg_types__rosidl_typesupport_cpp.so" to ""
-- Installing: /home/jos/Documents/ros_ws/install/my_msg_types/share/my_msg_types/environment/pythonpath.sh
-- Installing: /home/jos/Documents/ros_ws/install/my_msg_types/share/my_msg_types/environment/pythonpath.dsv
-- Installing: /home/jos/Documents/ros_ws/install/my_msg_types/local/lib/python3.10/dist-packages/my_msg_types-0.0.0-py3.10.egg-info
-- Installing: /home/jos/Documents/ros_ws/install/my_msg_types/local/lib/python3.10/dist-packages/my_msg_types-0.0.0-py3.10.egg-info/dependency_links.txt
-- Installing: /home/jos/Documents/ros_ws/install/my_msg_types/local/lib/python3.10/dist-packages/my_msg_types-0.0.0-py3.10.egg-info/top_level.txt
-- Installing: /home/jos/Documents/ros_ws/install/my_msg_types/local/lib/python3.10/dist-packages/my_msg_types-0.0.0-py3.10.egg-info/PKG-INFO
-- Installing: /home/jos/Documents/ros_ws/install/my_msg_types/local/lib/python3.10/dist-packages/my_msg_types-0.0.0-py3.10.egg-info/SOURCES.txt
-- Installing: /home/jos/Documents/ros_ws/install/my_msg_types/local/lib/python3.10/dist-packages/my_msg_types
-- Installing: /home/jos/Documents/ros_ws/install/my_msg_types/local/lib/python3.10/dist-packages/my_msg_types/libmy_msg_types__rosidl_generator_py.so
-- Installing: /home/jos/Documents/ros_ws/install/my_msg_types/local/lib/python3.10/dist-packages/my_msg_types/my_msg_types_s__rosidl_typesupport_introspection_c.cpython-310-x86_64-linux-gnu.so
-- Installing: /home/jos/Documents/ros_ws/install/my_msg_types/local/lib/python3.10/dist-packages/my_msg_types/_my_msg_types_s.ep.rosidl_typesupport_fastrtps_c.c
-- Installing: /home/jos/Documents/ros_ws/install/my_msg_types/local/lib/python3.10/dist-packages/my_msg_types/_my_msg_types_s.ep.rosidl_typesupport_c.c
-- Installing: /home/jos/Documents/ros_ws/install/my_msg_types/local/lib/python3.10/dist-packages/my_msg_types/msg
-- Installing: /home/jos/Documents/ros_ws/install/my_msg_types/local/lib/python3.10/dist-packages/my_msg_types/msg/__init__.py
-- Installing: /home/jos/Documents/ros_ws/install/my_msg_types/local/lib/python3.10/dist-packages/my_msg_types/msg/_my_msg.py
-- Installing: /home/jos/Documents/ros_ws/install/my_msg_types/local/lib/python3.10/dist-packages/my_msg_types/msg/_my_msg_s.c
-- Installing: /home/jos/Documents/ros_ws/install/my_msg_types/local/lib/python3.10/dist-packages/my_msg_types/__init__.py
-- Installing: /home/jos/Documents/ros_ws/install/my_msg_types/local/lib/python3.10/dist-packages/my_msg_types/my_msg_types_s__rosidl_typesupport_c.cpython-310-x86_64-linux-gnu.so
-- Installing: /home/jos/Documents/ros_ws/install/my_msg_types/local/lib/python3.10/dist-packages/my_msg_types/my_msg_types_s__rosidl_typesupport_fastrtps_c.cpython-310-x86_64-linux-gnu.so
-- Installing: /home/jos/Documents/ros_ws/install/my_msg_types/local/lib/python3.10/dist-packages/my_msg_types/_my_msg_types_s.ep.rosidl_typesupport_introspection_c.c
Listing '/home/jos/Documents/ros_ws/install/my_msg_types/local/lib/python3.10/dist-packages/my_msg_types'...
Compiling '/home/jos/Documents/ros_ws/install/my_msg_types/local/lib/python3.10/dist-packages/my_msg_types/__init__.py'...
Listing '/home/jos/Documents/ros_ws/install/my_msg_types/local/lib/python3.10/dist-packages/my_msg_types/msg'...
Compiling '/home/jos/Documents/ros_ws/install/my_msg_types/local/lib/python3.10/dist-packages/my_msg_types/msg/__init__.py'...
Compiling '/home/jos/Documents/ros_ws/install/my_msg_types/local/lib/python3.10/dist-packages/my_msg_types/msg/_my_msg.py'...
-- Installing: /home/jos/Documents/ros_ws/install/my_msg_types/local/lib/python3.10/dist-packages/my_msg_types/my_msg_types_s__rosidl_typesupport_fastrtps_c.cpython-310-x86_64-linux-gnu.so
-- Set runtime path of "/home/jos/Documents/ros_ws/install/my_msg_types/local/lib/python3.10/dist-packages/my_msg_types/my_msg_types_s__rosidl_typesupport_fastrtps_c.cpython-310-x86_64-linux-gnu.so" to ""
-- Installing: /home/jos/Documents/ros_ws/install/my_msg_types/local/lib/python3.10/dist-packages/my_msg_types/my_msg_types_s__rosidl_typesupport_introspection_c.cpython-310-x86_64-linux-gnu.so
-- Set runtime path of "/home/jos/Documents/ros_ws/install/my_msg_types/local/lib/python3.10/dist-packages/my_msg_types/my_msg_types_s__rosidl_typesupport_introspection_c.cpython-310-x86_64-linux-gnu.so" to ""
-- Installing: /home/jos/Documents/ros_ws/install/my_msg_types/local/lib/python3.10/dist-packages/my_msg_types/my_msg_types_s__rosidl_typesupport_c.cpython-310-x86_64-linux-gnu.so
-- Set runtime path of "/home/jos/Documents/ros_ws/install/my_msg_types/local/lib/python3.10/dist-packages/my_msg_types/my_msg_types_s__rosidl_typesupport_c.cpython-310-x86_64-linux-gnu.so" to ""
-- Installing: /home/jos/Documents/ros_ws/install/my_msg_types/lib/libmy_msg_types__rosidl_generator_py.so
-- Set runtime path of "/home/jos/Documents/ros_ws/install/my_msg_types/lib/libmy_msg_types__rosidl_generator_py.so" to ""
-- Installing: /home/jos/Documents/ros_ws/install/my_msg_types/share/my_msg_types/msg/MyMsg.idl
-- Installing: /home/jos/Documents/ros_ws/install/my_msg_types/share/my_msg_types/msg/MyMsg.msg
-- Installing: /home/jos/Documents/ros_ws/install/my_msg_types/share/ament_index/resource_index/package_run_dependencies/my_msg_types
-- Installing: /home/jos/Documents/ros_ws/install/my_msg_types/share/ament_index/resource_index/parent_prefix_path/my_msg_types
-- Installing: /home/jos/Documents/ros_ws/install/my_msg_types/share/my_msg_types/environment/ament_prefix_path.sh
-- Installing: /home/jos/Documents/ros_ws/install/my_msg_types/share/my_msg_types/environment/ament_prefix_path.dsv
-- Installing: /home/jos/Documents/ros_ws/install/my_msg_types/share/my_msg_types/environment/path.sh
-- Installing: /home/jos/Documents/ros_ws/install/my_msg_types/share/my_msg_types/environment/path.dsv
-- Installing: /home/jos/Documents/ros_ws/install/my_msg_types/share/my_msg_types/local_setup.bash
-- Installing: /home/jos/Documents/ros_ws/install/my_msg_types/share/my_msg_types/local_setup.sh
-- Installing: /home/jos/Documents/ros_ws/install/my_msg_types/share/my_msg_types/local_setup.zsh
-- Installing: /home/jos/Documents/ros_ws/install/my_msg_types/share/my_msg_types/local_setup.dsv
-- Installing: /home/jos/Documents/ros_ws/install/my_msg_types/share/my_msg_types/package.dsv
-- Installing: /home/jos/Documents/ros_ws/install/my_msg_types/share/ament_index/resource_index/packages/my_msg_types
-- Installing: /home/jos/Documents/ros_ws/install/my_msg_types/share/my_msg_types/cmake/export_my_msg_types__rosidl_generator_cExport.cmake
-- Installing: /home/jos/Documents/ros_ws/install/my_msg_types/share/my_msg_types/cmake/export_my_msg_types__rosidl_generator_cExport-noconfig.cmake
-- Installing: /home/jos/Documents/ros_ws/install/my_msg_types/share/my_msg_types/cmake/export_my_msg_types__rosidl_typesupport_fastrtps_cExport.cmake
-- Installing: /home/jos/Documents/ros_ws/install/my_msg_types/share/my_msg_types/cmake/export_my_msg_types__rosidl_typesupport_fastrtps_cExport-noconfig.cmake
-- Installing: /home/jos/Documents/ros_ws/install/my_msg_types/share/my_msg_types/cmake/my_msg_types__rosidl_typesupport_introspection_cExport.cmake
-- Installing: /home/jos/Documents/ros_ws/install/my_msg_types/share/my_msg_types/cmake/my_msg_types__rosidl_typesupport_introspection_cExport-noconfig.cmake
-- Installing: /home/jos/Documents/ros_ws/install/my_msg_types/share/my_msg_types/cmake/my_msg_types__rosidl_typesupport_cExport.cmake
-- Installing: /home/jos/Documents/ros_ws/install/my_msg_types/share/my_msg_types/cmake/my_msg_types__rosidl_typesupport_cExport-noconfig.cmake
-- Installing: /home/jos/Documents/ros_ws/install/my_msg_types/share/my_msg_types/cmake/export_my_msg_types__rosidl_generator_cppExport.cmake
-- Installing: /home/jos/Documents/ros_ws/install/my_msg_types/share/my_msg_types/cmake/export_my_msg_types__rosidl_typesupport_fastrtps_cppExport.cmake
-- Installing: /home/jos/Documents/ros_ws/install/my_msg_types/share/my_msg_types/cmake/export_my_msg_types__rosidl_typesupport_fastrtps_cppExport-noconfig.cmake
-- Installing: /home/jos/Documents/ros_ws/install/my_msg_types/share/my_msg_types/cmake/my_msg_types__rosidl_typesupport_introspection_cppExport.cmake
-- Installing: /home/jos/Documents/ros_ws/install/my_msg_types/share/my_msg_types/cmake/my_msg_types__rosidl_typesupport_introspection_cppExport-noconfig.cmake
-- Installing: /home/jos/Documents/ros_ws/install/my_msg_types/share/my_msg_types/cmake/my_msg_types__rosidl_typesupport_cppExport.cmake
-- Installing: /home/jos/Documents/ros_ws/install/my_msg_types/share/my_msg_types/cmake/my_msg_types__rosidl_typesupport_cppExport-noconfig.cmake
-- Installing: /home/jos/Documents/ros_ws/install/my_msg_types/share/my_msg_types/cmake/export_my_msg_types__rosidl_generator_pyExport.cmake
-- Installing: /home/jos/Documents/ros_ws/install/my_msg_types/share/my_msg_types/cmake/export_my_msg_types__rosidl_generator_pyExport-noconfig.cmake
-- Installing: /home/jos/Documents/ros_ws/install/my_msg_types/share/my_msg_types/cmake/rosidl_cmake-extras.cmake
-- Installing: /home/jos/Documents/ros_ws/install/my_msg_types/share/my_msg_types/cmake/ament_cmake_export_include_directories-extras.cmake
-- Installing: /home/jos/Documents/ros_ws/install/my_msg_types/share/my_msg_types/cmake/ament_cmake_export_libraries-extras.cmake
-- Installing: /home/jos/Documents/ros_ws/install/my_msg_types/share/my_msg_types/cmake/ament_cmake_export_targets-extras.cmake
-- Installing: /home/jos/Documents/ros_ws/install/my_msg_types/share/my_msg_types/cmake/rosidl_cmake_export_typesupport_targets-extras.cmake
-- Installing: /home/jos/Documents/ros_ws/install/my_msg_types/share/my_msg_types/cmake/ament_cmake_export_dependencies-extras.cmake
-- Installing: /home/jos/Documents/ros_ws/install/my_msg_types/share/my_msg_types/cmake/rosidl_cmake_export_typesupport_libraries-extras.cmake
-- Installing: /home/jos/Documents/ros_ws/install/my_msg_types/share/my_msg_types/cmake/my_msg_typesConfig.cmake
-- Installing: /home/jos/Documents/ros_ws/install/my_msg_types/share/my_msg_types/cmake/my_msg_typesConfig-version.cmake
-- Installing: /home/jos/Documents/ros_ws/install/my_msg_types/share/my_msg_types/package.xml
