[0.010s] Invoking command in '/home/jos/Documents/ros_ws/build/my_msg_types': CMAKE_PREFIX_PATH=/opt/ros/humble /usr/bin/cmake /home/jos/Documents/ros_ws/src/my_msg_types -DCMAKE_INSTALL_PREFIX=/home/jos/Documents/ros_ws/install/my_msg_types
[0.128s] -- The C compiler identification is GNU 11.3.0
[0.128s] -- The CXX compiler identification is GNU 11.3.0
[0.128s] -- Detecting C compiler ABI info
[0.138s] -- Detecting C compiler ABI info - done
[0.142s] -- Check for working C compiler: /usr/bin/cc - skipped
[0.142s] -- Detecting C compile features
[0.142s] -- Detecting C compile features - done
[0.144s] -- Detecting CXX compiler ABI info
[0.180s] -- Detecting CXX compiler ABI info - done
[0.183s] -- Check for working CXX compiler: /usr/bin/c++ - skipped
[0.183s] -- Detecting CXX compile features
[0.184s] -- Detecting CXX compile features - done
[0.188s] -- Found ament_cmake: 1.3.3 (/opt/ros/humble/share/ament_cmake/cmake)
[0.274s] -- Found Python3: /usr/bin/python3.10 (found version "3.10.6") found components: Interpreter 
[0.324s] -- Found rosidl_default_generators: 1.2.0 (/opt/ros/humble/share/rosidl_default_generators/cmake)
[0.326s] -- Using all available rosidl_typesupport_c: rosidl_typesupport_fastrtps_c;rosidl_typesupport_introspection_c
[0.330s] -- Found rosidl_adapter: 3.1.4 (/opt/ros/humble/share/rosidl_adapter/cmake)
[0.360s] -- Using all available rosidl_typesupport_cpp: rosidl_typesupport_fastrtps_cpp;rosidl_typesupport_introspection_cpp
[0.496s] -- Found ament_cmake_ros: 0.10.0 (/opt/ros/humble/share/ament_cmake_ros/cmake)
[0.585s] -- Using all available rosidl_typesupport_c: rosidl_typesupport_fastrtps_c;rosidl_typesupport_introspection_c
[0.696s] -- Using all available rosidl_typesupport_cpp: rosidl_typesupport_fastrtps_cpp;rosidl_typesupport_introspection_cpp
[0.707s] -- Found PythonInterp: /usr/bin/python3 (found suitable version "3.10.6", minimum required is "3.6") 
[0.708s] -- Found python_cmake_module: 0.10.0 (/opt/ros/humble/share/python_cmake_module/cmake)
[0.721s] -- Found PythonLibs: /usr/lib/x86_64-linux-gnu/libpython3.10.so (found suitable version "3.10.6", minimum required is "3.5") 
[0.721s] -- Using PYTHON_EXECUTABLE: /usr/bin/python3
[0.721s] -- Using PYTHON_INCLUDE_DIRS: /usr/include/python3.10
[0.721s] -- Using PYTHON_LIBRARIES: /usr/lib/x86_64-linux-gnu/libpython3.10.so
[0.731s] -- Found PythonExtra: .so  
[0.745s] -- Found ament_lint_auto: 0.12.5 (/opt/ros/humble/share/ament_lint_auto/cmake)
[0.754s] -- Added test 'copyright' to check source files copyright and LICENSE
[0.755s] -- Added test 'lint_cmake' to check CMake code style
[0.755s] -- Added test 'xmllint' to check XML markup files
[0.756s] -- Configuring done
[0.767s] -- Generating done
[0.768s] -- Build files have been written to: /home/jos/Documents/ros_ws/build/my_msg_types
[0.771s] Invoked command in '/home/jos/Documents/ros_ws/build/my_msg_types' returned '0': CMAKE_PREFIX_PATH=/opt/ros/humble /usr/bin/cmake /home/jos/Documents/ros_ws/src/my_msg_types -DCMAKE_INSTALL_PREFIX=/home/jos/Documents/ros_ws/install/my_msg_types
[0.772s] Invoking command in '/home/jos/Documents/ros_ws/build/my_msg_types': CMAKE_PREFIX_PATH=/opt/ros/humble /usr/bin/cmake --build /home/jos/Documents/ros_ws/build/my_msg_types -- -j20 -l20
[0.788s] [  3%] [34m[1mGenerating C code for ROS interfaces[0m
[0.792s] [  6%] [34m[1mGenerating C++ code for ROS interfaces[0m
[0.795s] [  6%] Built target ament_cmake_python_copy_my_msg_types
[0.905s] [  6%] Built target my_msg_types__cpp
[0.906s] running egg_info
[0.906s] creating my_msg_types.egg-info
[0.906s] writing my_msg_types.egg-info/PKG-INFO
[0.906s] writing dependency_links to my_msg_types.egg-info/dependency_links.txt
[0.907s] writing top-level names to my_msg_types.egg-info/top_level.txt
[0.907s] writing manifest file 'my_msg_types.egg-info/SOURCES.txt'
[0.907s] reading manifest file 'my_msg_types.egg-info/SOURCES.txt'
[0.908s] writing manifest file 'my_msg_types.egg-info/SOURCES.txt'
[0.909s] [ 19%] [32mBuilding C object CMakeFiles/my_msg_types__rosidl_generator_c.dir/rosidl_generator_c/my_msg_types/msg/detail/my_msg__functions.c.o[0m
[0.909s] [ 19%] [34m[1mGenerating C++ introspection for ROS interfaces[0m
[0.909s] [ 19%] [34m[1mGenerating C++ type support dispatch for ROS interfaces[0m
[0.909s] [ 19%] [34m[1mGenerating C++ type support for eProsima Fast-RTPS[0m
[0.921s] [ 19%] Built target ament_cmake_python_build_my_msg_types_egg
[0.941s] [ 22%] [32m[1mLinking C shared library libmy_msg_types__rosidl_generator_c.so[0m
[0.958s] [ 22%] Built target my_msg_types__rosidl_generator_c
[0.962s] [ 29%] [34m[1mGenerating C type support for eProsima Fast-RTPS[0m
[0.962s] [ 29%] [34m[1mGenerating C introspection for ROS interfaces[0m
[0.964s] [ 32%] [34m[1mGenerating C type support dispatch for ROS interfaces[0m
[1.016s] [ 35%] [32mBuilding CXX object CMakeFiles/my_msg_types__rosidl_typesupport_cpp.dir/rosidl_typesupport_cpp/my_msg_types/msg/my_msg__type_support.cpp.o[0m
[1.019s] [ 38%] [32mBuilding CXX object CMakeFiles/my_msg_types__rosidl_typesupport_introspection_cpp.dir/rosidl_typesupport_introspection_cpp/my_msg_types/msg/detail/my_msg__type_support.cpp.o[0m
[1.023s] [ 41%] [32mBuilding CXX object CMakeFiles/my_msg_types__rosidl_typesupport_fastrtps_cpp.dir/rosidl_typesupport_fastrtps_cpp/my_msg_types/msg/detail/dds_fastrtps/my_msg__type_support.cpp.o[0m
[1.066s] [ 45%] [32mBuilding CXX object CMakeFiles/my_msg_types__rosidl_typesupport_c.dir/rosidl_typesupport_c/my_msg_types/msg/my_msg__type_support.cpp.o[0m
[1.075s] [ 51%] [32mBuilding CXX object CMakeFiles/my_msg_types__rosidl_typesupport_fastrtps_c.dir/rosidl_typesupport_fastrtps_c/my_msg_types/msg/detail/my_msg__type_support_c.cpp.o[0m
[1.075s] [ 51%] [32mBuilding C object CMakeFiles/my_msg_types__rosidl_typesupport_introspection_c.dir/rosidl_typesupport_introspection_c/my_msg_types/msg/detail/my_msg__type_support.c.o[0m
[1.082s] [ 54%] [32m[1mLinking CXX shared library libmy_msg_types__rosidl_typesupport_c.so[0m
[1.093s] [ 58%] [32m[1mLinking C shared library libmy_msg_types__rosidl_typesupport_introspection_c.so[0m
[1.101s] [ 58%] Built target my_msg_types__rosidl_typesupport_c
[1.107s] [ 58%] Built target my_msg_types__rosidl_typesupport_introspection_c
[1.139s] [ 61%] [32m[1mLinking CXX shared library libmy_msg_types__rosidl_typesupport_cpp.so[0m
[1.159s] [ 61%] Built target my_msg_types__rosidl_typesupport_cpp
[1.189s] [ 64%] [32m[1mLinking CXX shared library libmy_msg_types__rosidl_typesupport_introspection_cpp.so[0m
[1.194s] [ 67%] [32m[1mLinking CXX shared library libmy_msg_types__rosidl_typesupport_fastrtps_cpp.so[0m
[1.219s] [ 67%] Built target my_msg_types__rosidl_typesupport_introspection_cpp
[1.224s] [ 70%] [32m[1mLinking CXX shared library libmy_msg_types__rosidl_typesupport_fastrtps_c.so[0m
[1.227s] [ 70%] Built target my_msg_types__rosidl_typesupport_fastrtps_cpp
[1.256s] [ 70%] Built target my_msg_types__rosidl_typesupport_fastrtps_c
[1.265s] [ 70%] Built target my_msg_types
[1.272s] [ 74%] [34m[1mGenerating Python code for ROS interfaces[0m
[1.409s] [ 74%] Built target my_msg_types__py
[1.417s] [ 77%] [32mBuilding C object CMakeFiles/my_msg_types__rosidl_generator_py.dir/rosidl_generator_py/my_msg_types/msg/_my_msg_s.c.o[0m
[1.475s] [ 80%] [32m[1mLinking C shared library rosidl_generator_py/my_msg_types/libmy_msg_types__rosidl_generator_py.so[0m
[1.495s] [ 80%] Built target my_msg_types__rosidl_generator_py
[1.511s] [ 90%] [32mBuilding C object CMakeFiles/my_msg_types__rosidl_typesupport_introspection_c__pyext.dir/rosidl_generator_py/my_msg_types/_my_msg_types_s.ep.rosidl_typesupport_introspection_c.c.o[0m
[1.511s] [ 90%] [32mBuilding C object CMakeFiles/my_msg_types__rosidl_typesupport_c__pyext.dir/rosidl_generator_py/my_msg_types/_my_msg_types_s.ep.rosidl_typesupport_c.c.o[0m
[1.511s] [ 90%] [32mBuilding C object CMakeFiles/my_msg_types__rosidl_typesupport_fastrtps_c__pyext.dir/rosidl_generator_py/my_msg_types/_my_msg_types_s.ep.rosidl_typesupport_fastrtps_c.c.o[0m
[1.551s] [100%] [32m[1mLinking C shared library rosidl_generator_py/my_msg_types/my_msg_types_s__rosidl_typesupport_fastrtps_c.cpython-310-x86_64-linux-gnu.so[0m
[1.551s] [100%] [32m[1mLinking C shared library rosidl_generator_py/my_msg_types/my_msg_types_s__rosidl_typesupport_introspection_c.cpython-310-x86_64-linux-gnu.so[0m
[1.551s] [100%] [32m[1mLinking C shared library rosidl_generator_py/my_msg_types/my_msg_types_s__rosidl_typesupport_c.cpython-310-x86_64-linux-gnu.so[0m
[1.565s] [100%] Built target my_msg_types__rosidl_typesupport_introspection_c__pyext
[1.565s] [100%] Built target my_msg_types__rosidl_typesupport_fastrtps_c__pyext
[1.565s] [100%] Built target my_msg_types__rosidl_typesupport_c__pyext
[1.570s] Invoked command in '/home/jos/Documents/ros_ws/build/my_msg_types' returned '0': CMAKE_PREFIX_PATH=/opt/ros/humble /usr/bin/cmake --build /home/jos/Documents/ros_ws/build/my_msg_types -- -j20 -l20
[1.589s] Invoking command in '/home/jos/Documents/ros_ws/build/my_msg_types': CMAKE_PREFIX_PATH=/opt/ros/humble /usr/bin/cmake --install /home/jos/Documents/ros_ws/build/my_msg_types
[1.592s] -- Install configuration: ""
[1.592s] -- Installing: /home/jos/Documents/ros_ws/install/my_msg_types/share/ament_index/resource_index/rosidl_interfaces/my_msg_types
[1.592s] -- Installing: /home/jos/Documents/ros_ws/install/my_msg_types/include/my_msg_types/my_msg_types
[1.592s] -- Installing: /home/jos/Documents/ros_ws/install/my_msg_types/include/my_msg_types/my_msg_types/msg
[1.592s] -- Installing: /home/jos/Documents/ros_ws/install/my_msg_types/include/my_msg_types/my_msg_types/msg/my_msg.h
[1.593s] -- Installing: /home/jos/Documents/ros_ws/install/my_msg_types/include/my_msg_types/my_msg_types/msg/detail
[1.593s] -- Installing: /home/jos/Documents/ros_ws/install/my_msg_types/include/my_msg_types/my_msg_types/msg/detail/my_msg__functions.c
[1.593s] -- Installing: /home/jos/Documents/ros_ws/install/my_msg_types/include/my_msg_types/my_msg_types/msg/detail/my_msg__functions.h
[1.593s] -- Installing: /home/jos/Documents/ros_ws/install/my_msg_types/include/my_msg_types/my_msg_types/msg/detail/my_msg__struct.h
[1.593s] -- Installing: /home/jos/Documents/ros_ws/install/my_msg_types/include/my_msg_types/my_msg_types/msg/detail/my_msg__type_support.h
[1.593s] -- Installing: /home/jos/Documents/ros_ws/install/my_msg_types/include/my_msg_types/my_msg_types/msg/rosidl_generator_c__visibility_control.h
[1.593s] -- Installing: /home/jos/Documents/ros_ws/install/my_msg_types/share/my_msg_types/environment/library_path.sh
[1.593s] -- Installing: /home/jos/Documents/ros_ws/install/my_msg_types/share/my_msg_types/environment/library_path.dsv
[1.593s] -- Installing: /home/jos/Documents/ros_ws/install/my_msg_types/lib/libmy_msg_types__rosidl_generator_c.so
[1.593s] -- Set runtime path of "/home/jos/Documents/ros_ws/install/my_msg_types/lib/libmy_msg_types__rosidl_generator_c.so" to ""
[1.593s] -- Up-to-date: /home/jos/Documents/ros_ws/install/my_msg_types/include/my_msg_types/my_msg_types
[1.593s] -- Up-to-date: /home/jos/Documents/ros_ws/install/my_msg_types/include/my_msg_types/my_msg_types/msg
[1.593s] -- Up-to-date: /home/jos/Documents/ros_ws/install/my_msg_types/include/my_msg_types/my_msg_types/msg/detail
[1.593s] -- Installing: /home/jos/Documents/ros_ws/install/my_msg_types/include/my_msg_types/my_msg_types/msg/detail/my_msg__rosidl_typesupport_fastrtps_c.h
[1.593s] -- Installing: /home/jos/Documents/ros_ws/install/my_msg_types/include/my_msg_types/my_msg_types/msg/rosidl_typesupport_fastrtps_c__visibility_control.h
[1.593s] -- Installing: /home/jos/Documents/ros_ws/install/my_msg_types/lib/libmy_msg_types__rosidl_typesupport_fastrtps_c.so
[1.593s] -- Set runtime path of "/home/jos/Documents/ros_ws/install/my_msg_types/lib/libmy_msg_types__rosidl_typesupport_fastrtps_c.so" to ""
[1.593s] -- Up-to-date: /home/jos/Documents/ros_ws/install/my_msg_types/include/my_msg_types/my_msg_types
[1.593s] -- Up-to-date: /home/jos/Documents/ros_ws/install/my_msg_types/include/my_msg_types/my_msg_types/msg
[1.593s] -- Installing: /home/jos/Documents/ros_ws/install/my_msg_types/include/my_msg_types/my_msg_types/msg/rosidl_typesupport_introspection_c__visibility_control.h
[1.593s] -- Up-to-date: /home/jos/Documents/ros_ws/install/my_msg_types/include/my_msg_types/my_msg_types/msg/detail
[1.593s] -- Installing: /home/jos/Documents/ros_ws/install/my_msg_types/include/my_msg_types/my_msg_types/msg/detail/my_msg__type_support.c
[1.594s] -- Installing: /home/jos/Documents/ros_ws/install/my_msg_types/include/my_msg_types/my_msg_types/msg/detail/my_msg__rosidl_typesupport_introspection_c.h
[1.594s] -- Installing: /home/jos/Documents/ros_ws/install/my_msg_types/lib/libmy_msg_types__rosidl_typesupport_introspection_c.so
[1.594s] -- Set runtime path of "/home/jos/Documents/ros_ws/install/my_msg_types/lib/libmy_msg_types__rosidl_typesupport_introspection_c.so" to ""
[1.594s] -- Installing: /home/jos/Documents/ros_ws/install/my_msg_types/lib/libmy_msg_types__rosidl_typesupport_c.so
[1.594s] -- Set runtime path of "/home/jos/Documents/ros_ws/install/my_msg_types/lib/libmy_msg_types__rosidl_typesupport_c.so" to ""
[1.594s] -- Up-to-date: /home/jos/Documents/ros_ws/install/my_msg_types/include/my_msg_types/my_msg_types
[1.594s] -- Up-to-date: /home/jos/Documents/ros_ws/install/my_msg_types/include/my_msg_types/my_msg_types/msg
[1.594s] -- Installing: /home/jos/Documents/ros_ws/install/my_msg_types/include/my_msg_types/my_msg_types/msg/my_msg.hpp
[1.594s] -- Up-to-date: /home/jos/Documents/ros_ws/install/my_msg_types/include/my_msg_types/my_msg_types/msg/detail
[1.594s] -- Installing: /home/jos/Documents/ros_ws/install/my_msg_types/include/my_msg_types/my_msg_types/msg/detail/my_msg__builder.hpp
[1.594s] -- Installing: /home/jos/Documents/ros_ws/install/my_msg_types/include/my_msg_types/my_msg_types/msg/detail/my_msg__struct.hpp
[1.594s] -- Installing: /home/jos/Documents/ros_ws/install/my_msg_types/include/my_msg_types/my_msg_types/msg/detail/my_msg__traits.hpp
[1.594s] -- Up-to-date: /home/jos/Documents/ros_ws/install/my_msg_types/include/my_msg_types/my_msg_types
[1.594s] -- Up-to-date: /home/jos/Documents/ros_ws/install/my_msg_types/include/my_msg_types/my_msg_types/msg
[1.594s] -- Installing: /home/jos/Documents/ros_ws/install/my_msg_types/include/my_msg_types/my_msg_types/msg/rosidl_typesupport_fastrtps_cpp__visibility_control.h
[1.594s] -- Up-to-date: /home/jos/Documents/ros_ws/install/my_msg_types/include/my_msg_types/my_msg_types/msg/detail
[1.594s] -- Installing: /home/jos/Documents/ros_ws/install/my_msg_types/include/my_msg_types/my_msg_types/msg/detail/my_msg__rosidl_typesupport_fastrtps_cpp.hpp
[1.594s] -- Installing: /home/jos/Documents/ros_ws/install/my_msg_types/include/my_msg_types/my_msg_types/msg/detail/dds_fastrtps
[1.594s] -- Installing: /home/jos/Documents/ros_ws/install/my_msg_types/lib/libmy_msg_types__rosidl_typesupport_fastrtps_cpp.so
[1.594s] -- Set runtime path of "/home/jos/Documents/ros_ws/install/my_msg_types/lib/libmy_msg_types__rosidl_typesupport_fastrtps_cpp.so" to ""
[1.594s] -- Up-to-date: /home/jos/Documents/ros_ws/install/my_msg_types/include/my_msg_types/my_msg_types
[1.594s] -- Up-to-date: /home/jos/Documents/ros_ws/install/my_msg_types/include/my_msg_types/my_msg_types/msg
[1.594s] -- Up-to-date: /home/jos/Documents/ros_ws/install/my_msg_types/include/my_msg_types/my_msg_types/msg/detail
[1.594s] -- Installing: /home/jos/Documents/ros_ws/install/my_msg_types/include/my_msg_types/my_msg_types/msg/detail/my_msg__type_support.cpp
[1.594s] -- Installing: /home/jos/Documents/ros_ws/install/my_msg_types/include/my_msg_types/my_msg_types/msg/detail/my_msg__rosidl_typesupport_introspection_cpp.hpp
[1.594s] -- Installing: /home/jos/Documents/ros_ws/install/my_msg_types/lib/libmy_msg_types__rosidl_typesupport_introspection_cpp.so
[1.594s] -- Set runtime path of "/home/jos/Documents/ros_ws/install/my_msg_types/lib/libmy_msg_types__rosidl_typesupport_introspection_cpp.so" to ""
[1.594s] -- Installing: /home/jos/Documents/ros_ws/install/my_msg_types/lib/libmy_msg_types__rosidl_typesupport_cpp.so
[1.594s] -- Set runtime path of "/home/jos/Documents/ros_ws/install/my_msg_types/lib/libmy_msg_types__rosidl_typesupport_cpp.so" to ""
[1.594s] -- Installing: /home/jos/Documents/ros_ws/install/my_msg_types/share/my_msg_types/environment/pythonpath.sh
[1.594s] -- Installing: /home/jos/Documents/ros_ws/install/my_msg_types/share/my_msg_types/environment/pythonpath.dsv
[1.594s] -- Installing: /home/jos/Documents/ros_ws/install/my_msg_types/local/lib/python3.10/dist-packages/my_msg_types-0.0.0-py3.10.egg-info
[1.594s] -- Installing: /home/jos/Documents/ros_ws/install/my_msg_types/local/lib/python3.10/dist-packages/my_msg_types-0.0.0-py3.10.egg-info/dependency_links.txt
[1.594s] -- Installing: /home/jos/Documents/ros_ws/install/my_msg_types/local/lib/python3.10/dist-packages/my_msg_types-0.0.0-py3.10.egg-info/top_level.txt
[1.595s] -- Installing: /home/jos/Documents/ros_ws/install/my_msg_types/local/lib/python3.10/dist-packages/my_msg_types-0.0.0-py3.10.egg-info/PKG-INFO
[1.595s] -- Installing: /home/jos/Documents/ros_ws/install/my_msg_types/local/lib/python3.10/dist-packages/my_msg_types-0.0.0-py3.10.egg-info/SOURCES.txt
[1.595s] -- Installing: /home/jos/Documents/ros_ws/install/my_msg_types/local/lib/python3.10/dist-packages/my_msg_types
[1.595s] -- Installing: /home/jos/Documents/ros_ws/install/my_msg_types/local/lib/python3.10/dist-packages/my_msg_types/libmy_msg_types__rosidl_generator_py.so
[1.595s] -- Installing: /home/jos/Documents/ros_ws/install/my_msg_types/local/lib/python3.10/dist-packages/my_msg_types/my_msg_types_s__rosidl_typesupport_introspection_c.cpython-310-x86_64-linux-gnu.so
[1.595s] -- Installing: /home/jos/Documents/ros_ws/install/my_msg_types/local/lib/python3.10/dist-packages/my_msg_types/_my_msg_types_s.ep.rosidl_typesupport_fastrtps_c.c
[1.595s] -- Installing: /home/jos/Documents/ros_ws/install/my_msg_types/local/lib/python3.10/dist-packages/my_msg_types/_my_msg_types_s.ep.rosidl_typesupport_c.c
[1.595s] -- Installing: /home/jos/Documents/ros_ws/install/my_msg_types/local/lib/python3.10/dist-packages/my_msg_types/msg
[1.595s] -- Installing: /home/jos/Documents/ros_ws/install/my_msg_types/local/lib/python3.10/dist-packages/my_msg_types/msg/__init__.py
[1.595s] -- Installing: /home/jos/Documents/ros_ws/install/my_msg_types/local/lib/python3.10/dist-packages/my_msg_types/msg/_my_msg.py
[1.595s] -- Installing: /home/jos/Documents/ros_ws/install/my_msg_types/local/lib/python3.10/dist-packages/my_msg_types/msg/_my_msg_s.c
[1.595s] -- Installing: /home/jos/Documents/ros_ws/install/my_msg_types/local/lib/python3.10/dist-packages/my_msg_types/__init__.py
[1.595s] -- Installing: /home/jos/Documents/ros_ws/install/my_msg_types/local/lib/python3.10/dist-packages/my_msg_types/my_msg_types_s__rosidl_typesupport_c.cpython-310-x86_64-linux-gnu.so
[1.595s] -- Installing: /home/jos/Documents/ros_ws/install/my_msg_types/local/lib/python3.10/dist-packages/my_msg_types/my_msg_types_s__rosidl_typesupport_fastrtps_c.cpython-310-x86_64-linux-gnu.so
[1.595s] -- Installing: /home/jos/Documents/ros_ws/install/my_msg_types/local/lib/python3.10/dist-packages/my_msg_types/_my_msg_types_s.ep.rosidl_typesupport_introspection_c.c
[1.610s] Listing '/home/jos/Documents/ros_ws/install/my_msg_types/local/lib/python3.10/dist-packages/my_msg_types'...
[1.610s] Compiling '/home/jos/Documents/ros_ws/install/my_msg_types/local/lib/python3.10/dist-packages/my_msg_types/__init__.py'...
[1.611s] Listing '/home/jos/Documents/ros_ws/install/my_msg_types/local/lib/python3.10/dist-packages/my_msg_types/msg'...
[1.611s] Compiling '/home/jos/Documents/ros_ws/install/my_msg_types/local/lib/python3.10/dist-packages/my_msg_types/msg/__init__.py'...
[1.611s] Compiling '/home/jos/Documents/ros_ws/install/my_msg_types/local/lib/python3.10/dist-packages/my_msg_types/msg/_my_msg.py'...
[1.613s] -- Installing: /home/jos/Documents/ros_ws/install/my_msg_types/local/lib/python3.10/dist-packages/my_msg_types/my_msg_types_s__rosidl_typesupport_fastrtps_c.cpython-310-x86_64-linux-gnu.so
[1.613s] -- Set runtime path of "/home/jos/Documents/ros_ws/install/my_msg_types/local/lib/python3.10/dist-packages/my_msg_types/my_msg_types_s__rosidl_typesupport_fastrtps_c.cpython-310-x86_64-linux-gnu.so" to ""
[1.613s] -- Installing: /home/jos/Documents/ros_ws/install/my_msg_types/local/lib/python3.10/dist-packages/my_msg_types/my_msg_types_s__rosidl_typesupport_introspection_c.cpython-310-x86_64-linux-gnu.so
[1.613s] -- Set runtime path of "/home/jos/Documents/ros_ws/install/my_msg_types/local/lib/python3.10/dist-packages/my_msg_types/my_msg_types_s__rosidl_typesupport_introspection_c.cpython-310-x86_64-linux-gnu.so" to ""
[1.613s] -- Installing: /home/jos/Documents/ros_ws/install/my_msg_types/local/lib/python3.10/dist-packages/my_msg_types/my_msg_types_s__rosidl_typesupport_c.cpython-310-x86_64-linux-gnu.so
[1.613s] -- Set runtime path of "/home/jos/Documents/ros_ws/install/my_msg_types/local/lib/python3.10/dist-packages/my_msg_types/my_msg_types_s__rosidl_typesupport_c.cpython-310-x86_64-linux-gnu.so" to ""
[1.613s] -- Installing: /home/jos/Documents/ros_ws/install/my_msg_types/lib/libmy_msg_types__rosidl_generator_py.so
[1.613s] -- Set runtime path of "/home/jos/Documents/ros_ws/install/my_msg_types/lib/libmy_msg_types__rosidl_generator_py.so" to ""
[1.613s] -- Installing: /home/jos/Documents/ros_ws/install/my_msg_types/share/my_msg_types/msg/MyMsg.idl
[1.613s] -- Installing: /home/jos/Documents/ros_ws/install/my_msg_types/share/my_msg_types/msg/MyMsg.msg
[1.613s] -- Installing: /home/jos/Documents/ros_ws/install/my_msg_types/share/ament_index/resource_index/package_run_dependencies/my_msg_types
[1.613s] -- Installing: /home/jos/Documents/ros_ws/install/my_msg_types/share/ament_index/resource_index/parent_prefix_path/my_msg_types
[1.613s] -- Installing: /home/jos/Documents/ros_ws/install/my_msg_types/share/my_msg_types/environment/ament_prefix_path.sh
[1.613s] -- Installing: /home/jos/Documents/ros_ws/install/my_msg_types/share/my_msg_types/environment/ament_prefix_path.dsv
[1.613s] -- Installing: /home/jos/Documents/ros_ws/install/my_msg_types/share/my_msg_types/environment/path.sh
[1.613s] -- Installing: /home/jos/Documents/ros_ws/install/my_msg_types/share/my_msg_types/environment/path.dsv
[1.613s] -- Installing: /home/jos/Documents/ros_ws/install/my_msg_types/share/my_msg_types/local_setup.bash
[1.613s] -- Installing: /home/jos/Documents/ros_ws/install/my_msg_types/share/my_msg_types/local_setup.sh
[1.613s] -- Installing: /home/jos/Documents/ros_ws/install/my_msg_types/share/my_msg_types/local_setup.zsh
[1.613s] -- Installing: /home/jos/Documents/ros_ws/install/my_msg_types/share/my_msg_types/local_setup.dsv
[1.614s] -- Installing: /home/jos/Documents/ros_ws/install/my_msg_types/share/my_msg_types/package.dsv
[1.614s] -- Installing: /home/jos/Documents/ros_ws/install/my_msg_types/share/ament_index/resource_index/packages/my_msg_types
[1.614s] -- Installing: /home/jos/Documents/ros_ws/install/my_msg_types/share/my_msg_types/cmake/export_my_msg_types__rosidl_generator_cExport.cmake
[1.614s] -- Installing: /home/jos/Documents/ros_ws/install/my_msg_types/share/my_msg_types/cmake/export_my_msg_types__rosidl_generator_cExport-noconfig.cmake
[1.614s] -- Installing: /home/jos/Documents/ros_ws/install/my_msg_types/share/my_msg_types/cmake/export_my_msg_types__rosidl_typesupport_fastrtps_cExport.cmake
[1.614s] -- Installing: /home/jos/Documents/ros_ws/install/my_msg_types/share/my_msg_types/cmake/export_my_msg_types__rosidl_typesupport_fastrtps_cExport-noconfig.cmake
[1.614s] -- Installing: /home/jos/Documents/ros_ws/install/my_msg_types/share/my_msg_types/cmake/my_msg_types__rosidl_typesupport_introspection_cExport.cmake
[1.614s] -- Installing: /home/jos/Documents/ros_ws/install/my_msg_types/share/my_msg_types/cmake/my_msg_types__rosidl_typesupport_introspection_cExport-noconfig.cmake
[1.614s] -- Installing: /home/jos/Documents/ros_ws/install/my_msg_types/share/my_msg_types/cmake/my_msg_types__rosidl_typesupport_cExport.cmake
[1.614s] -- Installing: /home/jos/Documents/ros_ws/install/my_msg_types/share/my_msg_types/cmake/my_msg_types__rosidl_typesupport_cExport-noconfig.cmake
[1.614s] -- Installing: /home/jos/Documents/ros_ws/install/my_msg_types/share/my_msg_types/cmake/export_my_msg_types__rosidl_generator_cppExport.cmake
[1.614s] -- Installing: /home/jos/Documents/ros_ws/install/my_msg_types/share/my_msg_types/cmake/export_my_msg_types__rosidl_typesupport_fastrtps_cppExport.cmake
[1.614s] -- Installing: /home/jos/Documents/ros_ws/install/my_msg_types/share/my_msg_types/cmake/export_my_msg_types__rosidl_typesupport_fastrtps_cppExport-noconfig.cmake
[1.614s] -- Installing: /home/jos/Documents/ros_ws/install/my_msg_types/share/my_msg_types/cmake/my_msg_types__rosidl_typesupport_introspection_cppExport.cmake
[1.614s] -- Installing: /home/jos/Documents/ros_ws/install/my_msg_types/share/my_msg_types/cmake/my_msg_types__rosidl_typesupport_introspection_cppExport-noconfig.cmake
[1.614s] -- Installing: /home/jos/Documents/ros_ws/install/my_msg_types/share/my_msg_types/cmake/my_msg_types__rosidl_typesupport_cppExport.cmake
[1.614s] -- Installing: /home/jos/Documents/ros_ws/install/my_msg_types/share/my_msg_types/cmake/my_msg_types__rosidl_typesupport_cppExport-noconfig.cmake
[1.614s] -- Installing: /home/jos/Documents/ros_ws/install/my_msg_types/share/my_msg_types/cmake/export_my_msg_types__rosidl_generator_pyExport.cmake
[1.614s] -- Installing: /home/jos/Documents/ros_ws/install/my_msg_types/share/my_msg_types/cmake/export_my_msg_types__rosidl_generator_pyExport-noconfig.cmake
[1.614s] -- Installing: /home/jos/Documents/ros_ws/install/my_msg_types/share/my_msg_types/cmake/rosidl_cmake-extras.cmake
[1.614s] -- Installing: /home/jos/Documents/ros_ws/install/my_msg_types/share/my_msg_types/cmake/ament_cmake_export_include_directories-extras.cmake
[1.614s] -- Installing: /home/jos/Documents/ros_ws/install/my_msg_types/share/my_msg_types/cmake/ament_cmake_export_libraries-extras.cmake
[1.614s] -- Installing: /home/jos/Documents/ros_ws/install/my_msg_types/share/my_msg_types/cmake/ament_cmake_export_targets-extras.cmake
[1.614s] -- Installing: /home/jos/Documents/ros_ws/install/my_msg_types/share/my_msg_types/cmake/rosidl_cmake_export_typesupport_targets-extras.cmake
[1.614s] -- Installing: /home/jos/Documents/ros_ws/install/my_msg_types/share/my_msg_types/cmake/ament_cmake_export_dependencies-extras.cmake
[1.614s] -- Installing: /home/jos/Documents/ros_ws/install/my_msg_types/share/my_msg_types/cmake/rosidl_cmake_export_typesupport_libraries-extras.cmake
[1.614s] -- Installing: /home/jos/Documents/ros_ws/install/my_msg_types/share/my_msg_types/cmake/my_msg_typesConfig.cmake
[1.614s] -- Installing: /home/jos/Documents/ros_ws/install/my_msg_types/share/my_msg_types/cmake/my_msg_typesConfig-version.cmake
[1.615s] -- Installing: /home/jos/Documents/ros_ws/install/my_msg_types/share/my_msg_types/package.xml
[1.617s] Invoked command in '/home/jos/Documents/ros_ws/build/my_msg_types' returned '0': CMAKE_PREFIX_PATH=/opt/ros/humble /usr/bin/cmake --install /home/jos/Documents/ros_ws/build/my_msg_types
