[0.067s] Invoking command in '/home/dev/ros2_ws/build/my_msg_types': CMAKE_PREFIX_PATH=${CMAKE_PREFIX_PATH}:/home/dev/ros2_ws/install/my_python_subscriber:/opt/ros/foxy /usr/bin/cmake --build /home/dev/ros2_ws/build/my_msg_types -- -j2 -l2
[0.303s] [  3%] Built target my_msg_types__cpp
[0.321s] [ 12%] Built target my_msg_types__rosidl_generator_c
[0.379s] [ 22%] Built target my_msg_types__rosidl_typesupport_introspection_cpp
[0.425s] [ 32%] Built target my_msg_types__rosidl_typesupport_cpp
[0.435s] [ 41%] Built target my_msg_types__rosidl_typesupport_fastrtps_cpp
[0.540s] [ 51%] Built target my_msg_types__rosidl_typesupport_introspection_c
[0.576s] [ 61%] Built target my_msg_types__rosidl_typesupport_c
[0.660s] [ 70%] Built target my_msg_types__rosidl_typesupport_fastrtps_c
[0.721s] [ 70%] Built target my_msg_types
[0.786s] [ 74%] Built target my_msg_types__py
[0.864s] [ 80%] Built target my_msg_types__python
[0.979s] [ 87%] Built target my_msg_types__rosidl_typesupport_introspection_c__pyext
[1.000s] [ 93%] Built target my_msg_types__rosidl_typesupport_c__pyext
[1.097s] [100%] Built target my_msg_types__rosidl_typesupport_fastrtps_c__pyext
[1.142s] Invoked command in '/home/dev/ros2_ws/build/my_msg_types' returned '0': CMAKE_PREFIX_PATH=${CMAKE_PREFIX_PATH}:/home/dev/ros2_ws/install/my_python_subscriber:/opt/ros/foxy /usr/bin/cmake --build /home/dev/ros2_ws/build/my_msg_types -- -j2 -l2
[1.397s] Invoking command in '/home/dev/ros2_ws/build/my_msg_types': CMAKE_PREFIX_PATH=${CMAKE_PREFIX_PATH}:/home/dev/ros2_ws/install/my_python_subscriber:/opt/ros/foxy /usr/bin/cmake --install /home/dev/ros2_ws/build/my_msg_types
[1.439s] -- Install configuration: "RelWithDebInfo"
[1.443s] -- Execute custom install script
[1.445s] -- Up-to-date symlink: /home/dev/ros2_ws/install/my_msg_types/share/ament_index/resource_index/rosidl_interfaces/my_msg_types
[1.447s] -- Up-to-date symlink: /home/dev/ros2_ws/install/my_msg_types/include/my_msg_types/msg/detail/my_msg__functions.h
[1.450s] -- Up-to-date symlink: /home/dev/ros2_ws/install/my_msg_types/include/my_msg_types/msg/detail/my_msg__struct.h
[1.450s] -- Up-to-date symlink: /home/dev/ros2_ws/install/my_msg_types/include/my_msg_types/msg/detail/my_msg__type_support.h
[1.451s] -- Up-to-date symlink: /home/dev/ros2_ws/install/my_msg_types/include/my_msg_types/msg/my_msg.h
[1.452s] -- Up-to-date symlink: /home/dev/ros2_ws/install/my_msg_types/include/my_msg_types/msg/rosidl_generator_c__visibility_control.h
[1.460s] -- Up-to-date symlink: /home/dev/ros2_ws/install/my_msg_types/share/my_msg_types/environment/library_path.sh
[1.462s] -- Up-to-date symlink: /home/dev/ros2_ws/install/my_msg_types/share/my_msg_types/environment/library_path.dsv
[1.465s] -- Up-to-date symlink: /home/dev/ros2_ws/install/my_msg_types/include/my_msg_types/msg/detail/my_msg__rosidl_typesupport_fastrtps_c.h
[1.466s] -- Up-to-date symlink: /home/dev/ros2_ws/install/my_msg_types/include/my_msg_types/msg/rosidl_typesupport_fastrtps_c__visibility_control.h
[1.467s] -- Up-to-date symlink: /home/dev/ros2_ws/install/my_msg_types/lib/libmy_msg_types__rosidl_typesupport_fastrtps_c.so
[1.469s] -- Up-to-date symlink: /home/dev/ros2_ws/install/my_msg_types/include/my_msg_types/msg/detail/my_msg__rosidl_typesupport_fastrtps_cpp.hpp
[1.471s] -- Up-to-date symlink: /home/dev/ros2_ws/install/my_msg_types/include/my_msg_types/msg/rosidl_typesupport_fastrtps_cpp__visibility_control.h
[1.474s] -- Up-to-date symlink: /home/dev/ros2_ws/install/my_msg_types/lib/libmy_msg_types__rosidl_typesupport_fastrtps_cpp.so
[1.476s] -- Up-to-date symlink: /home/dev/ros2_ws/install/my_msg_types/include/my_msg_types/msg/detail/my_msg__rosidl_typesupport_introspection_c.h
[1.477s] -- Up-to-date symlink: /home/dev/ros2_ws/install/my_msg_types/include/my_msg_types/msg/rosidl_typesupport_introspection_c__visibility_control.h
[1.478s] -- Up-to-date symlink: /home/dev/ros2_ws/install/my_msg_types/include/my_msg_types/msg/detail/my_msg__builder.hpp
[1.479s] -- Up-to-date symlink: /home/dev/ros2_ws/install/my_msg_types/include/my_msg_types/msg/detail/my_msg__struct.hpp
[1.480s] -- Up-to-date symlink: /home/dev/ros2_ws/install/my_msg_types/include/my_msg_types/msg/detail/my_msg__traits.hpp
[1.481s] -- Up-to-date symlink: /home/dev/ros2_ws/install/my_msg_types/include/my_msg_types/msg/my_msg.hpp
[1.482s] -- Up-to-date symlink: /home/dev/ros2_ws/install/my_msg_types/include/my_msg_types/msg/detail/my_msg__rosidl_typesupport_introspection_cpp.hpp
[1.483s] -- Up-to-date symlink: /home/dev/ros2_ws/install/my_msg_types/share/my_msg_types/environment/pythonpath.sh
[1.484s] -- Up-to-date symlink: /home/dev/ros2_ws/install/my_msg_types/share/my_msg_types/environment/pythonpath.dsv
[1.485s] -- Up-to-date symlink: /home/dev/ros2_ws/install/my_msg_types/lib/python3.8/site-packages/my_msg_types/__init__.py
[1.487s] -- Up-to-date symlink: /home/dev/ros2_ws/install/my_msg_types/lib/python3.8/site-packages/my_msg_types/msg/__init__.py
[1.488s] -- Up-to-date symlink: /home/dev/ros2_ws/install/my_msg_types/lib/python3.8/site-packages/my_msg_types/msg/_my_msg.py
[1.490s] -- Up-to-date symlink: /home/dev/ros2_ws/install/my_msg_types/lib/python3.8/site-packages/my_msg_types/my_msg_types_s__rosidl_typesupport_fastrtps_c.cpython-38-x86_64-linux-gnu.so
[1.493s] -- Up-to-date symlink: /home/dev/ros2_ws/install/my_msg_types/lib/python3.8/site-packages/my_msg_types/my_msg_types_s__rosidl_typesupport_introspection_c.cpython-38-x86_64-linux-gnu.so
[1.495s] -- Up-to-date symlink: /home/dev/ros2_ws/install/my_msg_types/lib/python3.8/site-packages/my_msg_types/my_msg_types_s__rosidl_typesupport_c.cpython-38-x86_64-linux-gnu.so
[1.496s] -- Up-to-date symlink: /home/dev/ros2_ws/install/my_msg_types/lib/libmy_msg_types__python.so
[1.497s] -- Up-to-date symlink: /home/dev/ros2_ws/install/my_msg_types/share/my_msg_types/msg/MyMsg.idl
[1.498s] -- Up-to-date symlink: /home/dev/ros2_ws/install/my_msg_types/share/my_msg_types/msg/MyMsg.msg
[1.499s] -- Up-to-date symlink: /home/dev/ros2_ws/install/my_msg_types/share/ament_index/resource_index/package_run_dependencies/my_msg_types
[1.500s] -- Up-to-date symlink: /home/dev/ros2_ws/install/my_msg_types/share/ament_index/resource_index/parent_prefix_path/my_msg_types
[1.501s] -- Up-to-date symlink: /home/dev/ros2_ws/install/my_msg_types/share/my_msg_types/environment/ament_prefix_path.sh
[1.502s] -- Up-to-date symlink: /home/dev/ros2_ws/install/my_msg_types/share/my_msg_types/environment/ament_prefix_path.dsv
[1.503s] -- Up-to-date symlink: /home/dev/ros2_ws/install/my_msg_types/share/my_msg_types/environment/path.sh
[1.505s] -- Up-to-date symlink: /home/dev/ros2_ws/install/my_msg_types/share/my_msg_types/environment/path.dsv
[1.507s] -- Up-to-date symlink: /home/dev/ros2_ws/install/my_msg_types/share/my_msg_types/local_setup.bash
[1.508s] -- Up-to-date symlink: /home/dev/ros2_ws/install/my_msg_types/share/my_msg_types/local_setup.sh
[1.510s] -- Up-to-date symlink: /home/dev/ros2_ws/install/my_msg_types/share/my_msg_types/local_setup.zsh
[1.510s] -- Up-to-date symlink: /home/dev/ros2_ws/install/my_msg_types/share/my_msg_types/local_setup.dsv
[1.511s] -- Symlinking: /home/dev/ros2_ws/install/my_msg_types/share/my_msg_types/package.dsv
[1.535s] -- Up-to-date symlink: /home/dev/ros2_ws/install/my_msg_types/share/ament_index/resource_index/packages/my_msg_types
[1.535s] -- Up-to-date symlink: /home/dev/ros2_ws/install/my_msg_types/share/my_msg_types/cmake/rosidl_cmake-extras.cmake
[1.535s] -- Up-to-date symlink: /home/dev/ros2_ws/install/my_msg_types/share/my_msg_types/cmake/ament_cmake_export_dependencies-extras.cmake
[1.535s] -- Up-to-date symlink: /home/dev/ros2_ws/install/my_msg_types/share/my_msg_types/cmake/ament_cmake_export_libraries-extras.cmake
[1.535s] -- Up-to-date symlink: /home/dev/ros2_ws/install/my_msg_types/share/my_msg_types/cmake/ament_cmake_export_targets-extras.cmake
[1.535s] -- Up-to-date symlink: /home/dev/ros2_ws/install/my_msg_types/share/my_msg_types/cmake/ament_cmake_export_include_directories-extras.cmake
[1.535s] -- Up-to-date symlink: /home/dev/ros2_ws/install/my_msg_types/share/my_msg_types/cmake/rosidl_cmake_export_typesupport_libraries-extras.cmake
[1.538s] -- Up-to-date symlink: /home/dev/ros2_ws/install/my_msg_types/share/my_msg_types/cmake/rosidl_cmake_export_typesupport_targets-extras.cmake
[1.538s] -- Up-to-date symlink: /home/dev/ros2_ws/install/my_msg_types/share/my_msg_types/cmake/my_msg_typesConfig.cmake
[1.540s] -- Up-to-date symlink: /home/dev/ros2_ws/install/my_msg_types/share/my_msg_types/cmake/my_msg_typesConfig-version.cmake
[1.541s] -- Up-to-date symlink: /home/dev/ros2_ws/install/my_msg_types/share/my_msg_types/package.xml
[1.543s] -- Up-to-date: /home/dev/ros2_ws/install/my_msg_types/lib/libmy_msg_types__rosidl_generator_c.so
[1.545s] -- Up-to-date: /home/dev/ros2_ws/install/my_msg_types/lib/libmy_msg_types__rosidl_typesupport_introspection_c.so
[1.547s] -- Up-to-date: /home/dev/ros2_ws/install/my_msg_types/lib/libmy_msg_types__rosidl_typesupport_c.so
[1.548s] -- Up-to-date: /home/dev/ros2_ws/install/my_msg_types/lib/libmy_msg_types__rosidl_typesupport_introspection_cpp.so
[1.550s] -- Up-to-date: /home/dev/ros2_ws/install/my_msg_types/lib/libmy_msg_types__rosidl_typesupport_cpp.so
[1.619s] -- Up-to-date: /home/dev/ros2_ws/install/my_msg_types/share/my_msg_types/cmake/my_msg_types__rosidl_generator_cExport.cmake
[1.619s] -- Up-to-date: /home/dev/ros2_ws/install/my_msg_types/share/my_msg_types/cmake/my_msg_types__rosidl_generator_cExport-relwithdebinfo.cmake
[1.620s] -- Up-to-date: /home/dev/ros2_ws/install/my_msg_types/share/my_msg_types/cmake/my_msg_types__rosidl_typesupport_introspection_cExport.cmake
[1.620s] -- Up-to-date: /home/dev/ros2_ws/install/my_msg_types/share/my_msg_types/cmake/my_msg_types__rosidl_typesupport_introspection_cExport-relwithdebinfo.cmake
[1.621s] -- Up-to-date: /home/dev/ros2_ws/install/my_msg_types/share/my_msg_types/cmake/my_msg_types__rosidl_typesupport_cExport.cmake
[1.624s] -- Up-to-date: /home/dev/ros2_ws/install/my_msg_types/share/my_msg_types/cmake/my_msg_types__rosidl_typesupport_cExport-relwithdebinfo.cmake
[1.624s] -- Up-to-date: /home/dev/ros2_ws/install/my_msg_types/share/my_msg_types/cmake/my_msg_types__rosidl_generator_cppExport.cmake
[1.625s] -- Up-to-date: /home/dev/ros2_ws/install/my_msg_types/share/my_msg_types/cmake/my_msg_types__rosidl_typesupport_introspection_cppExport.cmake
[1.626s] -- Up-to-date: /home/dev/ros2_ws/install/my_msg_types/share/my_msg_types/cmake/my_msg_types__rosidl_typesupport_introspection_cppExport-relwithdebinfo.cmake
[1.626s] -- Up-to-date: /home/dev/ros2_ws/install/my_msg_types/share/my_msg_types/cmake/my_msg_types__rosidl_typesupport_cppExport.cmake
[1.629s] -- Up-to-date: /home/dev/ros2_ws/install/my_msg_types/share/my_msg_types/cmake/my_msg_types__rosidl_typesupport_cppExport-relwithdebinfo.cmake
[1.639s] Invoked command in '/home/dev/ros2_ws/build/my_msg_types' returned '0': CMAKE_PREFIX_PATH=${CMAKE_PREFIX_PATH}:/home/dev/ros2_ws/install/my_python_subscriber:/opt/ros/foxy /usr/bin/cmake --install /home/dev/ros2_ws/build/my_msg_types
