[0.825s] DEBUG:colcon:Command line arguments: ['/usr/bin/colcon', 'build']
[0.825s] DEBUG:colcon:Parsed command line arguments: Namespace(allow_overriding=[], ament_cmake_args=None, base_paths=['.'], build_base='build', catkin_cmake_args=None, catkin_skip_building_tests=False, cmake_args=None, cmake_clean_cache=False, cmake_clean_first=False, cmake_force_configure=False, cmake_target=None, cmake_target_skip_unavailable=False, continue_on_error=False, event_handlers=None, executor='parallel', ignore_user_meta=False, install_base='install', log_base=None, log_level=None, main=<bound method BuildVerb.main of <colcon_core.verb.build.BuildVerb object at 0x7f05098d9790>>, merge_install=False, metas=['./colcon.meta'], packages_above=None, packages_above_and_dependencies=None, packages_above_depth=None, packages_end=None, packages_ignore=None, packages_ignore_regex=None, packages_select=None, packages_select_build_failed=False, packages_select_by_dep=None, packages_select_regex=None, packages_select_test_failures=False, packages_skip=None, packages_skip_build_finished=False, packages_skip_by_dep=None, packages_skip_regex=None, packages_skip_test_passed=False, packages_skip_up_to=None, packages_start=None, packages_up_to=None, packages_up_to_regex=None, parallel_workers=2, paths=None, symlink_install=False, test_result_base=None, verb_extension=<colcon_core.verb.build.BuildVerb object at 0x7f05098d9790>, verb_name='build', verb_parser=<colcon_defaults.argument_parser.defaults.DefaultArgumentsDecorator object at 0x7f05098d9d00>)
[0.863s] Level 1:colcon.colcon_core.package_discovery:discover_packages(colcon_meta) check parameters
[0.863s] Level 1:colcon.colcon_core.package_discovery:discover_packages(recursive) check parameters
[0.863s] Level 1:colcon.colcon_core.package_discovery:discover_packages(ignore) check parameters
[0.863s] Level 1:colcon.colcon_core.package_discovery:discover_packages(path) check parameters
[0.863s] Level 1:colcon.colcon_core.package_discovery:discover_packages(colcon_meta) discover
[0.864s] Level 1:colcon.colcon_core.package_discovery:discover_packages(recursive) discover
[0.864s] INFO:colcon.colcon_core.package_discovery:Crawling recursively for packages in '/home/dev/ros2_ws'
[0.864s] Level 1:colcon.colcon_core.package_identification:_identify(.) by extensions ['ignore', 'ignore_ament_install']
[0.864s] Level 1:colcon.colcon_core.package_identification:_identify(.) by extension 'ignore'
[0.864s] Level 1:colcon.colcon_core.package_identification:_identify(.) by extension 'ignore_ament_install'
[0.864s] Level 1:colcon.colcon_core.package_identification:_identify(.) by extensions ['colcon_pkg']
[0.864s] Level 1:colcon.colcon_core.package_identification:_identify(.) by extension 'colcon_pkg'
[0.864s] Level 1:colcon.colcon_core.package_identification:_identify(.) by extensions ['colcon_meta']
[0.864s] Level 1:colcon.colcon_core.package_identification:_identify(.) by extension 'colcon_meta'
[0.864s] Level 1:colcon.colcon_core.package_identification:_identify(.) by extensions ['ros']
[0.864s] Level 1:colcon.colcon_core.package_identification:_identify(.) by extension 'ros'
[0.891s] Level 1:colcon.colcon_core.package_identification:_identify(.) by extensions ['cmake', 'python']
[0.891s] Level 1:colcon.colcon_core.package_identification:_identify(.) by extension 'cmake'
[0.891s] Level 1:colcon.colcon_core.package_identification:_identify(.) by extension 'python'
[0.891s] Level 1:colcon.colcon_core.package_identification:_identify(.) by extensions ['python_setup_py']
[0.891s] Level 1:colcon.colcon_core.package_identification:_identify(.) by extension 'python_setup_py'
[0.891s] Level 1:colcon.colcon_core.package_identification:_identify(build) by extensions ['ignore', 'ignore_ament_install']
[0.892s] Level 1:colcon.colcon_core.package_identification:_identify(build) by extension 'ignore'
[0.892s] Level 1:colcon.colcon_core.package_identification:_identify(build) ignored
[0.892s] Level 1:colcon.colcon_core.package_identification:_identify(install) by extensions ['ignore', 'ignore_ament_install']
[0.892s] Level 1:colcon.colcon_core.package_identification:_identify(install) by extension 'ignore'
[0.892s] Level 1:colcon.colcon_core.package_identification:_identify(install) ignored
[0.892s] Level 1:colcon.colcon_core.package_identification:_identify(log) by extensions ['ignore', 'ignore_ament_install']
[0.892s] Level 1:colcon.colcon_core.package_identification:_identify(log) by extension 'ignore'
[0.892s] Level 1:colcon.colcon_core.package_identification:_identify(log) ignored
[0.893s] Level 1:colcon.colcon_core.package_identification:_identify(src) by extensions ['ignore', 'ignore_ament_install']
[0.893s] Level 1:colcon.colcon_core.package_identification:_identify(src) by extension 'ignore'
[0.893s] Level 1:colcon.colcon_core.package_identification:_identify(src) by extension 'ignore_ament_install'
[0.893s] Level 1:colcon.colcon_core.package_identification:_identify(src) by extensions ['colcon_pkg']
[0.893s] Level 1:colcon.colcon_core.package_identification:_identify(src) by extension 'colcon_pkg'
[0.893s] Level 1:colcon.colcon_core.package_identification:_identify(src) by extensions ['colcon_meta']
[0.893s] Level 1:colcon.colcon_core.package_identification:_identify(src) by extension 'colcon_meta'
[0.893s] Level 1:colcon.colcon_core.package_identification:_identify(src) by extensions ['ros']
[0.893s] Level 1:colcon.colcon_core.package_identification:_identify(src) by extension 'ros'
[0.893s] Level 1:colcon.colcon_core.package_identification:_identify(src) by extensions ['cmake', 'python']
[0.893s] Level 1:colcon.colcon_core.package_identification:_identify(src) by extension 'cmake'
[0.894s] Level 1:colcon.colcon_core.package_identification:_identify(src) by extension 'python'
[0.894s] Level 1:colcon.colcon_core.package_identification:_identify(src) by extensions ['python_setup_py']
[0.894s] Level 1:colcon.colcon_core.package_identification:_identify(src) by extension 'python_setup_py'
[0.894s] Level 1:colcon.colcon_core.package_identification:_identify(src/my_cpp_publisher) by extensions ['ignore', 'ignore_ament_install']
[0.894s] Level 1:colcon.colcon_core.package_identification:_identify(src/my_cpp_publisher) by extension 'ignore'
[0.894s] Level 1:colcon.colcon_core.package_identification:_identify(src/my_cpp_publisher) by extension 'ignore_ament_install'
[0.894s] Level 1:colcon.colcon_core.package_identification:_identify(src/my_cpp_publisher) by extensions ['colcon_pkg']
[0.894s] Level 1:colcon.colcon_core.package_identification:_identify(src/my_cpp_publisher) by extension 'colcon_pkg'
[0.894s] Level 1:colcon.colcon_core.package_identification:_identify(src/my_cpp_publisher) by extensions ['colcon_meta']
[0.894s] Level 1:colcon.colcon_core.package_identification:_identify(src/my_cpp_publisher) by extension 'colcon_meta'
[0.894s] Level 1:colcon.colcon_core.package_identification:_identify(src/my_cpp_publisher) by extensions ['ros']
[0.894s] Level 1:colcon.colcon_core.package_identification:_identify(src/my_cpp_publisher) by extension 'ros'
[0.898s] DEBUG:colcon.colcon_core.package_identification:Package 'src/my_cpp_publisher' with type 'ros.ament_cmake' and name 'my_cpp_publisher'
[0.898s] Level 1:colcon.colcon_core.package_identification:_identify(src/my_msg_types) by extensions ['ignore', 'ignore_ament_install']
[0.899s] Level 1:colcon.colcon_core.package_identification:_identify(src/my_msg_types) by extension 'ignore'
[0.899s] Level 1:colcon.colcon_core.package_identification:_identify(src/my_msg_types) by extension 'ignore_ament_install'
[0.899s] Level 1:colcon.colcon_core.package_identification:_identify(src/my_msg_types) by extensions ['colcon_pkg']
[0.899s] Level 1:colcon.colcon_core.package_identification:_identify(src/my_msg_types) by extension 'colcon_pkg'
[0.899s] Level 1:colcon.colcon_core.package_identification:_identify(src/my_msg_types) by extensions ['colcon_meta']
[0.899s] Level 1:colcon.colcon_core.package_identification:_identify(src/my_msg_types) by extension 'colcon_meta'
[0.899s] Level 1:colcon.colcon_core.package_identification:_identify(src/my_msg_types) by extensions ['ros']
[0.899s] Level 1:colcon.colcon_core.package_identification:_identify(src/my_msg_types) by extension 'ros'
[0.900s] DEBUG:colcon.colcon_core.package_identification:Package 'src/my_msg_types' with type 'ros.ament_cmake' and name 'my_msg_types'
[0.900s] Level 1:colcon.colcon_core.package_identification:_identify(src/my_python_subscriber) by extensions ['ignore', 'ignore_ament_install']
[0.900s] Level 1:colcon.colcon_core.package_identification:_identify(src/my_python_subscriber) by extension 'ignore'
[0.900s] Level 1:colcon.colcon_core.package_identification:_identify(src/my_python_subscriber) by extension 'ignore_ament_install'
[0.900s] Level 1:colcon.colcon_core.package_identification:_identify(src/my_python_subscriber) by extensions ['colcon_pkg']
[0.900s] Level 1:colcon.colcon_core.package_identification:_identify(src/my_python_subscriber) by extension 'colcon_pkg'
[0.900s] Level 1:colcon.colcon_core.package_identification:_identify(src/my_python_subscriber) by extensions ['colcon_meta']
[0.900s] Level 1:colcon.colcon_core.package_identification:_identify(src/my_python_subscriber) by extension 'colcon_meta'
[0.900s] Level 1:colcon.colcon_core.package_identification:_identify(src/my_python_subscriber) by extensions ['ros']
[0.901s] Level 1:colcon.colcon_core.package_identification:_identify(src/my_python_subscriber) by extension 'ros'
[0.901s] DEBUG:colcon.colcon_core.package_identification:Package 'src/my_python_subscriber' with type 'ros.ament_python' and name 'my_python_subscriber'
[0.902s] Level 1:colcon.colcon_core.package_identification:_identify(src/my_robot_bringup) by extensions ['ignore', 'ignore_ament_install']
[0.902s] Level 1:colcon.colcon_core.package_identification:_identify(src/my_robot_bringup) by extension 'ignore'
[0.902s] Level 1:colcon.colcon_core.package_identification:_identify(src/my_robot_bringup) by extension 'ignore_ament_install'
[0.902s] Level 1:colcon.colcon_core.package_identification:_identify(src/my_robot_bringup) by extensions ['colcon_pkg']
[0.902s] Level 1:colcon.colcon_core.package_identification:_identify(src/my_robot_bringup) by extension 'colcon_pkg'
[0.902s] Level 1:colcon.colcon_core.package_identification:_identify(src/my_robot_bringup) by extensions ['colcon_meta']
[0.902s] Level 1:colcon.colcon_core.package_identification:_identify(src/my_robot_bringup) by extension 'colcon_meta'
[0.902s] Level 1:colcon.colcon_core.package_identification:_identify(src/my_robot_bringup) by extensions ['ros']
[0.902s] Level 1:colcon.colcon_core.package_identification:_identify(src/my_robot_bringup) by extension 'ros'
[0.903s] DEBUG:colcon.colcon_core.package_identification:Package 'src/my_robot_bringup' with type 'ros.ament_cmake' and name 'my_robot_bringup'
[0.903s] Level 1:colcon.colcon_core.package_discovery:discover_packages(recursive) using defaults
[0.903s] Level 1:colcon.colcon_core.package_discovery:discover_packages(ignore) discover
[0.903s] Level 1:colcon.colcon_core.package_discovery:discover_packages(ignore) using defaults
[0.903s] Level 1:colcon.colcon_core.package_discovery:discover_packages(path) discover
[0.903s] Level 1:colcon.colcon_core.package_discovery:discover_packages(path) using defaults
[0.933s] Level 1:colcon.colcon_core.package_discovery:discover_packages(prefix_path) check parameters
[0.933s] Level 1:colcon.colcon_core.package_discovery:discover_packages(prefix_path) discover
[0.937s] DEBUG:colcon.colcon_installed_package_information.package_discovery:Found 4 installed packages in /home/dev/ros2_ws/install
[0.939s] DEBUG:colcon.colcon_installed_package_information.package_discovery:Found 256 installed packages in /opt/ros/foxy
[0.941s] Level 1:colcon.colcon_core.package_discovery:discover_packages(prefix_path) using defaults
[1.044s] Level 5:colcon.colcon_core.verb:set package 'my_msg_types' build argument 'cmake_args' from command line to 'None'
[1.044s] Level 5:colcon.colcon_core.verb:set package 'my_msg_types' build argument 'cmake_target' from command line to 'None'
[1.044s] Level 5:colcon.colcon_core.verb:set package 'my_msg_types' build argument 'cmake_target_skip_unavailable' from command line to 'False'
[1.044s] Level 5:colcon.colcon_core.verb:set package 'my_msg_types' build argument 'cmake_clean_cache' from command line to 'False'
[1.044s] Level 5:colcon.colcon_core.verb:set package 'my_msg_types' build argument 'cmake_clean_first' from command line to 'False'
[1.044s] Level 5:colcon.colcon_core.verb:set package 'my_msg_types' build argument 'cmake_force_configure' from command line to 'False'
[1.044s] Level 5:colcon.colcon_core.verb:set package 'my_msg_types' build argument 'ament_cmake_args' from command line to 'None'
[1.045s] Level 5:colcon.colcon_core.verb:set package 'my_msg_types' build argument 'catkin_cmake_args' from command line to 'None'
[1.045s] Level 5:colcon.colcon_core.verb:set package 'my_msg_types' build argument 'catkin_skip_building_tests' from command line to 'False'
[1.045s] DEBUG:colcon.colcon_core.verb:Building package 'my_msg_types' with the following arguments: {'ament_cmake_args': None, 'build_base': '/home/dev/ros2_ws/build/my_msg_types', 'catkin_cmake_args': None, 'catkin_skip_building_tests': False, 'cmake_args': None, 'cmake_clean_cache': False, 'cmake_clean_first': False, 'cmake_force_configure': False, 'cmake_target': None, 'cmake_target_skip_unavailable': False, 'install_base': '/home/dev/ros2_ws/install/my_msg_types', 'merge_install': False, 'path': '/home/dev/ros2_ws/src/my_msg_types', 'symlink_install': False, 'test_result_base': None}
[1.047s] Level 5:colcon.colcon_core.verb:set package 'my_robot_bringup' build argument 'cmake_args' from command line to 'None'
[1.047s] Level 5:colcon.colcon_core.verb:set package 'my_robot_bringup' build argument 'cmake_target' from command line to 'None'
[1.047s] Level 5:colcon.colcon_core.verb:set package 'my_robot_bringup' build argument 'cmake_target_skip_unavailable' from command line to 'False'
[1.047s] Level 5:colcon.colcon_core.verb:set package 'my_robot_bringup' build argument 'cmake_clean_cache' from command line to 'False'
[1.047s] Level 5:colcon.colcon_core.verb:set package 'my_robot_bringup' build argument 'cmake_clean_first' from command line to 'False'
[1.047s] Level 5:colcon.colcon_core.verb:set package 'my_robot_bringup' build argument 'cmake_force_configure' from command line to 'False'
[1.047s] Level 5:colcon.colcon_core.verb:set package 'my_robot_bringup' build argument 'ament_cmake_args' from command line to 'None'
[1.047s] Level 5:colcon.colcon_core.verb:set package 'my_robot_bringup' build argument 'catkin_cmake_args' from command line to 'None'
[1.047s] Level 5:colcon.colcon_core.verb:set package 'my_robot_bringup' build argument 'catkin_skip_building_tests' from command line to 'False'
[1.047s] DEBUG:colcon.colcon_core.verb:Building package 'my_robot_bringup' with the following arguments: {'ament_cmake_args': None, 'build_base': '/home/dev/ros2_ws/build/my_robot_bringup', 'catkin_cmake_args': None, 'catkin_skip_building_tests': False, 'cmake_args': None, 'cmake_clean_cache': False, 'cmake_clean_first': False, 'cmake_force_configure': False, 'cmake_target': None, 'cmake_target_skip_unavailable': False, 'install_base': '/home/dev/ros2_ws/install/my_robot_bringup', 'merge_install': False, 'path': '/home/dev/ros2_ws/src/my_robot_bringup', 'symlink_install': False, 'test_result_base': None}
[1.049s] Level 5:colcon.colcon_core.verb:set package 'my_cpp_publisher' build argument 'cmake_args' from command line to 'None'
[1.049s] Level 5:colcon.colcon_core.verb:set package 'my_cpp_publisher' build argument 'cmake_target' from command line to 'None'
[1.049s] Level 5:colcon.colcon_core.verb:set package 'my_cpp_publisher' build argument 'cmake_target_skip_unavailable' from command line to 'False'
[1.049s] Level 5:colcon.colcon_core.verb:set package 'my_cpp_publisher' build argument 'cmake_clean_cache' from command line to 'False'
[1.049s] Level 5:colcon.colcon_core.verb:set package 'my_cpp_publisher' build argument 'cmake_clean_first' from command line to 'False'
[1.049s] Level 5:colcon.colcon_core.verb:set package 'my_cpp_publisher' build argument 'cmake_force_configure' from command line to 'False'
[1.049s] Level 5:colcon.colcon_core.verb:set package 'my_cpp_publisher' build argument 'ament_cmake_args' from command line to 'None'
[1.049s] Level 5:colcon.colcon_core.verb:set package 'my_cpp_publisher' build argument 'catkin_cmake_args' from command line to 'None'
[1.049s] Level 5:colcon.colcon_core.verb:set package 'my_cpp_publisher' build argument 'catkin_skip_building_tests' from command line to 'False'
[1.049s] DEBUG:colcon.colcon_core.verb:Building package 'my_cpp_publisher' with the following arguments: {'ament_cmake_args': None, 'build_base': '/home/dev/ros2_ws/build/my_cpp_publisher', 'catkin_cmake_args': None, 'catkin_skip_building_tests': False, 'cmake_args': None, 'cmake_clean_cache': False, 'cmake_clean_first': False, 'cmake_force_configure': False, 'cmake_target': None, 'cmake_target_skip_unavailable': False, 'install_base': '/home/dev/ros2_ws/install/my_cpp_publisher', 'merge_install': False, 'path': '/home/dev/ros2_ws/src/my_cpp_publisher', 'symlink_install': False, 'test_result_base': None}
[1.052s] Level 5:colcon.colcon_core.verb:set package 'my_python_subscriber' build argument 'cmake_args' from command line to 'None'
[1.052s] Level 5:colcon.colcon_core.verb:set package 'my_python_subscriber' build argument 'cmake_target' from command line to 'None'
[1.052s] Level 5:colcon.colcon_core.verb:set package 'my_python_subscriber' build argument 'cmake_target_skip_unavailable' from command line to 'False'
[1.052s] Level 5:colcon.colcon_core.verb:set package 'my_python_subscriber' build argument 'cmake_clean_cache' from command line to 'False'
[1.052s] Level 5:colcon.colcon_core.verb:set package 'my_python_subscriber' build argument 'cmake_clean_first' from command line to 'False'
[1.052s] Level 5:colcon.colcon_core.verb:set package 'my_python_subscriber' build argument 'cmake_force_configure' from command line to 'False'
[1.052s] Level 5:colcon.colcon_core.verb:set package 'my_python_subscriber' build argument 'ament_cmake_args' from command line to 'None'
[1.052s] Level 5:colcon.colcon_core.verb:set package 'my_python_subscriber' build argument 'catkin_cmake_args' from command line to 'None'
[1.052s] Level 5:colcon.colcon_core.verb:set package 'my_python_subscriber' build argument 'catkin_skip_building_tests' from command line to 'False'
[1.052s] DEBUG:colcon.colcon_core.verb:Building package 'my_python_subscriber' with the following arguments: {'ament_cmake_args': None, 'build_base': '/home/dev/ros2_ws/build/my_python_subscriber', 'catkin_cmake_args': None, 'catkin_skip_building_tests': False, 'cmake_args': None, 'cmake_clean_cache': False, 'cmake_clean_first': False, 'cmake_force_configure': False, 'cmake_target': None, 'cmake_target_skip_unavailable': False, 'install_base': '/home/dev/ros2_ws/install/my_python_subscriber', 'merge_install': False, 'path': '/home/dev/ros2_ws/src/my_python_subscriber', 'symlink_install': False, 'test_result_base': None}
[1.053s] INFO:colcon.colcon_core.executor:Executing jobs using 'parallel' executor
[1.060s] DEBUG:colcon.colcon_parallel_executor.executor.parallel:run_until_complete
[1.061s] INFO:colcon.colcon_ros.task.ament_cmake.build:Building ROS package in '/home/dev/ros2_ws/src/my_msg_types' with build type 'ament_cmake'
[1.061s] INFO:colcon.colcon_cmake.task.cmake.build:Building CMake package in '/home/dev/ros2_ws/src/my_msg_types'
[1.072s] INFO:colcon.colcon_core.plugin_system:Skipping extension 'colcon_core.shell.bat': Not used on non-Windows systems
[1.073s] INFO:colcon.colcon_core.shell:Skip shell extension 'powershell' for command environment: Not usable outside of PowerShell
[1.073s] DEBUG:colcon.colcon_core.shell:Skip shell extension 'dsv' for command environment
[1.088s] INFO:colcon.colcon_ros.task.ament_cmake.build:Building ROS package in '/home/dev/ros2_ws/src/my_robot_bringup' with build type 'ament_cmake'
[1.090s] INFO:colcon.colcon_cmake.task.cmake.build:Building CMake package in '/home/dev/ros2_ws/src/my_robot_bringup'
[1.094s] INFO:colcon.colcon_core.shell:Skip shell extension 'powershell' for command environment: Not usable outside of PowerShell
[1.094s] DEBUG:colcon.colcon_core.shell:Skip shell extension 'dsv' for command environment
[1.127s] DEBUG:colcon.colcon_core.event_handler.log_command:Invoking command in '/home/dev/ros2_ws/build/my_msg_types': CMAKE_PREFIX_PATH=${CMAKE_PREFIX_PATH}:/home/dev/ros2_ws/install/my_python_subscriber:/opt/ros/foxy /usr/bin/cmake --build /home/dev/ros2_ws/build/my_msg_types -- -j2 -l2
[1.144s] DEBUG:colcon.colcon_core.event_handler.log_command:Invoking command in '/home/dev/ros2_ws/build/my_robot_bringup': CMAKE_PREFIX_PATH=${CMAKE_PREFIX_PATH}:/home/dev/ros2_ws/install/my_python_subscriber:/opt/ros/foxy /usr/bin/cmake --build /home/dev/ros2_ws/build/my_robot_bringup -- -j2 -l2
[1.250s] DEBUG:colcon.colcon_core.event_handler.log_command:Invoked command in '/home/dev/ros2_ws/build/my_robot_bringup' returned '0': CMAKE_PREFIX_PATH=${CMAKE_PREFIX_PATH}:/home/dev/ros2_ws/install/my_python_subscriber:/opt/ros/foxy /usr/bin/cmake --build /home/dev/ros2_ws/build/my_robot_bringup -- -j2 -l2
[1.333s] DEBUG:colcon.colcon_core.event_handler.log_command:Invoking command in '/home/dev/ros2_ws/build/my_robot_bringup': CMAKE_PREFIX_PATH=${CMAKE_PREFIX_PATH}:/home/dev/ros2_ws/install/my_python_subscriber:/opt/ros/foxy /usr/bin/cmake --install /home/dev/ros2_ws/build/my_robot_bringup
[1.357s] Level 1:colcon.colcon_core.environment:create_environment_scripts_only(my_robot_bringup)
[1.368s] DEBUG:colcon.colcon_core.event_handler.log_command:Invoked command in '/home/dev/ros2_ws/build/my_robot_bringup' returned '0': CMAKE_PREFIX_PATH=${CMAKE_PREFIX_PATH}:/home/dev/ros2_ws/install/my_python_subscriber:/opt/ros/foxy /usr/bin/cmake --install /home/dev/ros2_ws/build/my_robot_bringup
[1.372s] Level 1:colcon.colcon_core.environment:checking '/home/dev/ros2_ws/install/my_robot_bringup' for CMake module files
[1.373s] Level 1:colcon.colcon_core.environment:checking '/home/dev/ros2_ws/install/my_robot_bringup' for CMake config files
[1.373s] Level 1:colcon.colcon_core.shell:create_environment_hook('my_robot_bringup', 'cmake_prefix_path')
[1.375s] INFO:colcon.colcon_core.shell:Creating environment hook '/home/dev/ros2_ws/install/my_robot_bringup/share/my_robot_bringup/hook/cmake_prefix_path.ps1'
[1.377s] INFO:colcon.colcon_core.shell:Creating environment descriptor '/home/dev/ros2_ws/install/my_robot_bringup/share/my_robot_bringup/hook/cmake_prefix_path.dsv'
[1.382s] INFO:colcon.colcon_core.shell:Creating environment hook '/home/dev/ros2_ws/install/my_robot_bringup/share/my_robot_bringup/hook/cmake_prefix_path.sh'
[1.383s] Level 1:colcon.colcon_core.environment:checking '/home/dev/ros2_ws/install/my_robot_bringup/bin'
[1.383s] Level 1:colcon.colcon_core.environment:checking '/home/dev/ros2_ws/install/my_robot_bringup/lib/pkgconfig/my_robot_bringup.pc'
[1.384s] Level 1:colcon.colcon_core.environment:checking '/home/dev/ros2_ws/install/my_robot_bringup/lib/python3.8/site-packages'
[1.384s] Level 1:colcon.colcon_core.environment:checking '/home/dev/ros2_ws/install/my_robot_bringup/bin'
[1.386s] INFO:colcon.colcon_core.shell:Creating package script '/home/dev/ros2_ws/install/my_robot_bringup/share/my_robot_bringup/package.ps1'
[1.387s] INFO:colcon.colcon_core.shell:Creating package descriptor '/home/dev/ros2_ws/install/my_robot_bringup/share/my_robot_bringup/package.dsv'
[1.388s] INFO:colcon.colcon_core.shell:Creating package script '/home/dev/ros2_ws/install/my_robot_bringup/share/my_robot_bringup/package.sh'
[1.391s] INFO:colcon.colcon_core.shell:Creating package script '/home/dev/ros2_ws/install/my_robot_bringup/share/my_robot_bringup/package.bash'
[1.393s] INFO:colcon.colcon_core.shell:Creating package script '/home/dev/ros2_ws/install/my_robot_bringup/share/my_robot_bringup/package.zsh'
[1.394s] Level 1:colcon.colcon_core.environment:create_file_with_runtime_dependencies(/home/dev/ros2_ws/install/my_robot_bringup/share/colcon-core/packages/my_robot_bringup)
[1.446s] Level 1:colcon.colcon_core.environment:create_environment_scripts_only(my_robot_bringup)
[1.450s] Level 1:colcon.colcon_core.environment:checking '/home/dev/ros2_ws/install/my_robot_bringup' for CMake module files
[1.451s] Level 1:colcon.colcon_core.environment:checking '/home/dev/ros2_ws/install/my_robot_bringup' for CMake config files
[1.451s] Level 1:colcon.colcon_core.shell:create_environment_hook('my_robot_bringup', 'cmake_prefix_path')
[1.453s] INFO:colcon.colcon_core.shell:Creating environment hook '/home/dev/ros2_ws/install/my_robot_bringup/share/my_robot_bringup/hook/cmake_prefix_path.ps1'
[1.454s] INFO:colcon.colcon_core.shell:Creating environment descriptor '/home/dev/ros2_ws/install/my_robot_bringup/share/my_robot_bringup/hook/cmake_prefix_path.dsv'
[1.455s] INFO:colcon.colcon_core.shell:Creating environment hook '/home/dev/ros2_ws/install/my_robot_bringup/share/my_robot_bringup/hook/cmake_prefix_path.sh'
[1.456s] Level 1:colcon.colcon_core.environment:checking '/home/dev/ros2_ws/install/my_robot_bringup/bin'
[1.456s] Level 1:colcon.colcon_core.environment:checking '/home/dev/ros2_ws/install/my_robot_bringup/lib/pkgconfig/my_robot_bringup.pc'
[1.457s] Level 1:colcon.colcon_core.environment:checking '/home/dev/ros2_ws/install/my_robot_bringup/lib/python3.8/site-packages'
[1.457s] Level 1:colcon.colcon_core.environment:checking '/home/dev/ros2_ws/install/my_robot_bringup/bin'
[1.460s] INFO:colcon.colcon_core.shell:Creating package script '/home/dev/ros2_ws/install/my_robot_bringup/share/my_robot_bringup/package.ps1'
[1.461s] INFO:colcon.colcon_core.shell:Creating package descriptor '/home/dev/ros2_ws/install/my_robot_bringup/share/my_robot_bringup/package.dsv'
[1.462s] INFO:colcon.colcon_core.shell:Creating package script '/home/dev/ros2_ws/install/my_robot_bringup/share/my_robot_bringup/package.sh'
[1.463s] INFO:colcon.colcon_core.shell:Creating package script '/home/dev/ros2_ws/install/my_robot_bringup/share/my_robot_bringup/package.bash'
[1.464s] INFO:colcon.colcon_core.shell:Creating package script '/home/dev/ros2_ws/install/my_robot_bringup/share/my_robot_bringup/package.zsh'
[1.464s] Level 1:colcon.colcon_core.environment:create_file_with_runtime_dependencies(/home/dev/ros2_ws/install/my_robot_bringup/share/colcon-core/packages/my_robot_bringup)
[1.685s] DEBUG:colcon.colcon_core.event_handler.log_command:Invoked command in '/home/dev/ros2_ws/build/my_msg_types' returned '0': CMAKE_PREFIX_PATH=${CMAKE_PREFIX_PATH}:/home/dev/ros2_ws/install/my_python_subscriber:/opt/ros/foxy /usr/bin/cmake --build /home/dev/ros2_ws/build/my_msg_types -- -j2 -l2
[1.798s] DEBUG:colcon.colcon_core.event_handler.log_command:Invoking command in '/home/dev/ros2_ws/build/my_msg_types': CMAKE_PREFIX_PATH=${CMAKE_PREFIX_PATH}:/home/dev/ros2_ws/install/my_python_subscriber:/opt/ros/foxy /usr/bin/cmake --install /home/dev/ros2_ws/build/my_msg_types
[1.899s] Level 1:colcon.colcon_core.environment:create_environment_scripts_only(my_msg_types)
[1.903s] Level 1:colcon.colcon_core.environment:checking '/home/dev/ros2_ws/install/my_msg_types' for CMake module files
[1.904s] DEBUG:colcon.colcon_core.event_handler.log_command:Invoked command in '/home/dev/ros2_ws/build/my_msg_types' returned '0': CMAKE_PREFIX_PATH=${CMAKE_PREFIX_PATH}:/home/dev/ros2_ws/install/my_python_subscriber:/opt/ros/foxy /usr/bin/cmake --install /home/dev/ros2_ws/build/my_msg_types
[1.905s] Level 1:colcon.colcon_core.environment:checking '/home/dev/ros2_ws/install/my_msg_types' for CMake config files
[1.906s] Level 1:colcon.colcon_core.shell:create_environment_hook('my_msg_types', 'cmake_prefix_path')
[1.908s] INFO:colcon.colcon_core.shell:Creating environment hook '/home/dev/ros2_ws/install/my_msg_types/share/my_msg_types/hook/cmake_prefix_path.ps1'
[1.909s] INFO:colcon.colcon_core.shell:Creating environment descriptor '/home/dev/ros2_ws/install/my_msg_types/share/my_msg_types/hook/cmake_prefix_path.dsv'
[1.910s] INFO:colcon.colcon_core.shell:Creating environment hook '/home/dev/ros2_ws/install/my_msg_types/share/my_msg_types/hook/cmake_prefix_path.sh'
[1.910s] Level 1:colcon.colcon_core.environment:checking '/home/dev/ros2_ws/install/my_msg_types/lib'
[1.911s] Level 1:colcon.colcon_core.shell:create_environment_hook('my_msg_types', 'ld_library_path_lib')
[1.913s] INFO:colcon.colcon_core.shell:Creating environment hook '/home/dev/ros2_ws/install/my_msg_types/share/my_msg_types/hook/ld_library_path_lib.ps1'
[1.913s] INFO:colcon.colcon_core.shell:Creating environment descriptor '/home/dev/ros2_ws/install/my_msg_types/share/my_msg_types/hook/ld_library_path_lib.dsv'
[1.914s] INFO:colcon.colcon_core.shell:Creating environment hook '/home/dev/ros2_ws/install/my_msg_types/share/my_msg_types/hook/ld_library_path_lib.sh'
[1.914s] Level 1:colcon.colcon_core.environment:checking '/home/dev/ros2_ws/install/my_msg_types/bin'
[1.915s] Level 1:colcon.colcon_core.environment:checking '/home/dev/ros2_ws/install/my_msg_types/lib/pkgconfig/my_msg_types.pc'
[1.915s] Level 1:colcon.colcon_core.environment:checking '/home/dev/ros2_ws/install/my_msg_types/lib/python3.8/site-packages'
[1.915s] Level 1:colcon.colcon_core.shell:create_environment_hook('my_msg_types', 'pythonpath')
[1.917s] INFO:colcon.colcon_core.shell:Creating environment hook '/home/dev/ros2_ws/install/my_msg_types/share/my_msg_types/hook/pythonpath.ps1'
[1.917s] INFO:colcon.colcon_core.shell:Creating environment descriptor '/home/dev/ros2_ws/install/my_msg_types/share/my_msg_types/hook/pythonpath.dsv'
[1.918s] INFO:colcon.colcon_core.shell:Creating environment hook '/home/dev/ros2_ws/install/my_msg_types/share/my_msg_types/hook/pythonpath.sh'
[1.919s] Level 1:colcon.colcon_core.environment:checking '/home/dev/ros2_ws/install/my_msg_types/bin'
[1.921s] INFO:colcon.colcon_core.shell:Creating package script '/home/dev/ros2_ws/install/my_msg_types/share/my_msg_types/package.ps1'
[1.922s] INFO:colcon.colcon_core.shell:Creating package descriptor '/home/dev/ros2_ws/install/my_msg_types/share/my_msg_types/package.dsv'
[1.922s] INFO:colcon.colcon_core.shell:Creating package script '/home/dev/ros2_ws/install/my_msg_types/share/my_msg_types/package.sh'
[1.923s] INFO:colcon.colcon_core.shell:Creating package script '/home/dev/ros2_ws/install/my_msg_types/share/my_msg_types/package.bash'
[1.924s] INFO:colcon.colcon_core.shell:Creating package script '/home/dev/ros2_ws/install/my_msg_types/share/my_msg_types/package.zsh'
[1.924s] Level 1:colcon.colcon_core.environment:create_file_with_runtime_dependencies(/home/dev/ros2_ws/install/my_msg_types/share/colcon-core/packages/my_msg_types)
[2.012s] Level 1:colcon.colcon_core.environment:create_environment_scripts_only(my_msg_types)
[2.017s] Level 1:colcon.colcon_core.environment:checking '/home/dev/ros2_ws/install/my_msg_types' for CMake module files
[2.018s] Level 1:colcon.colcon_core.environment:checking '/home/dev/ros2_ws/install/my_msg_types' for CMake config files
[2.019s] Level 1:colcon.colcon_core.shell:create_environment_hook('my_msg_types', 'cmake_prefix_path')
[2.021s] INFO:colcon.colcon_core.shell:Creating environment hook '/home/dev/ros2_ws/install/my_msg_types/share/my_msg_types/hook/cmake_prefix_path.ps1'
[2.023s] INFO:colcon.colcon_core.shell:Creating environment descriptor '/home/dev/ros2_ws/install/my_msg_types/share/my_msg_types/hook/cmake_prefix_path.dsv'
[2.023s] INFO:colcon.colcon_core.shell:Creating environment hook '/home/dev/ros2_ws/install/my_msg_types/share/my_msg_types/hook/cmake_prefix_path.sh'
[2.025s] Level 1:colcon.colcon_core.environment:checking '/home/dev/ros2_ws/install/my_msg_types/lib'
[2.025s] Level 1:colcon.colcon_core.shell:create_environment_hook('my_msg_types', 'ld_library_path_lib')
[2.027s] INFO:colcon.colcon_core.shell:Creating environment hook '/home/dev/ros2_ws/install/my_msg_types/share/my_msg_types/hook/ld_library_path_lib.ps1'
[2.028s] INFO:colcon.colcon_core.shell:Creating environment descriptor '/home/dev/ros2_ws/install/my_msg_types/share/my_msg_types/hook/ld_library_path_lib.dsv'
[2.028s] INFO:colcon.colcon_core.shell:Creating environment hook '/home/dev/ros2_ws/install/my_msg_types/share/my_msg_types/hook/ld_library_path_lib.sh'
[2.030s] Level 1:colcon.colcon_core.environment:checking '/home/dev/ros2_ws/install/my_msg_types/bin'
[2.030s] Level 1:colcon.colcon_core.environment:checking '/home/dev/ros2_ws/install/my_msg_types/lib/pkgconfig/my_msg_types.pc'
[2.030s] Level 1:colcon.colcon_core.environment:checking '/home/dev/ros2_ws/install/my_msg_types/lib/python3.8/site-packages'
[2.031s] Level 1:colcon.colcon_core.shell:create_environment_hook('my_msg_types', 'pythonpath')
[2.033s] INFO:colcon.colcon_core.shell:Creating environment hook '/home/dev/ros2_ws/install/my_msg_types/share/my_msg_types/hook/pythonpath.ps1'
[2.034s] INFO:colcon.colcon_core.shell:Creating environment descriptor '/home/dev/ros2_ws/install/my_msg_types/share/my_msg_types/hook/pythonpath.dsv'
[2.034s] INFO:colcon.colcon_core.shell:Creating environment hook '/home/dev/ros2_ws/install/my_msg_types/share/my_msg_types/hook/pythonpath.sh'
[2.035s] Level 1:colcon.colcon_core.environment:checking '/home/dev/ros2_ws/install/my_msg_types/bin'
[2.038s] INFO:colcon.colcon_core.shell:Creating package script '/home/dev/ros2_ws/install/my_msg_types/share/my_msg_types/package.ps1'
[2.039s] INFO:colcon.colcon_core.shell:Creating package descriptor '/home/dev/ros2_ws/install/my_msg_types/share/my_msg_types/package.dsv'
[2.041s] INFO:colcon.colcon_core.shell:Creating package script '/home/dev/ros2_ws/install/my_msg_types/share/my_msg_types/package.sh'
[2.041s] INFO:colcon.colcon_core.shell:Creating package script '/home/dev/ros2_ws/install/my_msg_types/share/my_msg_types/package.bash'
[2.042s] INFO:colcon.colcon_core.shell:Creating package script '/home/dev/ros2_ws/install/my_msg_types/share/my_msg_types/package.zsh'
[2.043s] Level 1:colcon.colcon_core.environment:create_file_with_runtime_dependencies(/home/dev/ros2_ws/install/my_msg_types/share/colcon-core/packages/my_msg_types)
[2.044s] INFO:colcon.colcon_ros.task.ament_cmake.build:Building ROS package in '/home/dev/ros2_ws/src/my_cpp_publisher' with build type 'ament_cmake'
[2.044s] INFO:colcon.colcon_cmake.task.cmake.build:Building CMake package in '/home/dev/ros2_ws/src/my_cpp_publisher'
[2.047s] INFO:colcon.colcon_core.shell:Skip shell extension 'powershell' for command environment: Not usable outside of PowerShell
[2.047s] DEBUG:colcon.colcon_core.shell:Skip shell extension 'dsv' for command environment
[2.064s] INFO:colcon.colcon_ros.task.ament_python.build:Building ROS package in '/home/dev/ros2_ws/src/my_python_subscriber' with build type 'ament_python'
[2.065s] Level 1:colcon.colcon_core.shell:create_environment_hook('my_python_subscriber', 'ament_prefix_path')
[2.069s] INFO:colcon.colcon_core.shell:Creating environment hook '/home/dev/ros2_ws/install/my_python_subscriber/share/my_python_subscriber/hook/ament_prefix_path.ps1'
[2.073s] INFO:colcon.colcon_core.shell:Creating environment descriptor '/home/dev/ros2_ws/install/my_python_subscriber/share/my_python_subscriber/hook/ament_prefix_path.dsv'
[2.074s] INFO:colcon.colcon_core.shell:Creating environment hook '/home/dev/ros2_ws/install/my_python_subscriber/share/my_python_subscriber/hook/ament_prefix_path.sh'
[2.082s] INFO:colcon.colcon_core.shell:Skip shell extension 'powershell' for command environment: Not usable outside of PowerShell
[2.082s] DEBUG:colcon.colcon_core.shell:Skip shell extension 'dsv' for command environment
[2.542s] DEBUG:colcon.colcon_core.event_handler.log_command:Invoking command in '/home/dev/ros2_ws/build/my_cpp_publisher': CMAKE_PREFIX_PATH=/home/dev/ros2_ws/install/my_msg_types:/home/dev/ros2_ws/install/my_robot_bringup:/home/dev/ros2_ws/install/my_cpp_publisher:/home/dev/ros2_ws/install/my_python_subscriber:/opt/ros/foxy PYTHONPATH=/home/dev/ros2_ws/install/my_msg_types/lib/python3.8/site-packages:/home/dev/ros2_ws/install/my_python_subscriber/lib/python3.8/site-packages:/opt/ros/foxy/lib/python3.8/site-packages /usr/bin/cmake --build /home/dev/ros2_ws/build/my_cpp_publisher -- -j2 -l2
[3.079s] INFO:colcon.colcon_core.task.python.build:Building Python package in '/home/dev/ros2_ws/src/my_python_subscriber'
[3.084s] INFO:colcon.colcon_core.shell:Skip shell extension 'powershell' for command environment: Not usable outside of PowerShell
[3.084s] DEBUG:colcon.colcon_core.shell:Skip shell extension 'dsv' for command environment
[3.103s] DEBUG:colcon.colcon_core.event_handler.log_command:Invoked command in '/home/dev/ros2_ws/build/my_cpp_publisher' returned '2': CMAKE_PREFIX_PATH=/home/dev/ros2_ws/install/my_msg_types:/home/dev/ros2_ws/install/my_robot_bringup:/home/dev/ros2_ws/install/my_cpp_publisher:/home/dev/ros2_ws/install/my_python_subscriber:/opt/ros/foxy PYTHONPATH=/home/dev/ros2_ws/install/my_msg_types/lib/python3.8/site-packages:/home/dev/ros2_ws/install/my_python_subscriber/lib/python3.8/site-packages:/opt/ros/foxy/lib/python3.8/site-packages /usr/bin/cmake --build /home/dev/ros2_ws/build/my_cpp_publisher -- -j2 -l2
[3.170s] Level 1:colcon.colcon_core.environment:create_environment_scripts_only(my_cpp_publisher)
[3.176s] Level 1:colcon.colcon_core.environment:checking '/home/dev/ros2_ws/install/my_cpp_publisher' for CMake module files
[3.178s] Level 1:colcon.colcon_core.environment:checking '/home/dev/ros2_ws/install/my_cpp_publisher' for CMake config files
[3.179s] Level 1:colcon.colcon_core.shell:create_environment_hook('my_cpp_publisher', 'cmake_prefix_path')
[3.183s] INFO:colcon.colcon_core.shell:Creating environment hook '/home/dev/ros2_ws/install/my_cpp_publisher/share/my_cpp_publisher/hook/cmake_prefix_path.ps1'
[3.184s] INFO:colcon.colcon_core.shell:Creating environment descriptor '/home/dev/ros2_ws/install/my_cpp_publisher/share/my_cpp_publisher/hook/cmake_prefix_path.dsv'
[3.185s] INFO:colcon.colcon_core.shell:Creating environment hook '/home/dev/ros2_ws/install/my_cpp_publisher/share/my_cpp_publisher/hook/cmake_prefix_path.sh'
[3.187s] Level 1:colcon.colcon_core.environment:checking '/home/dev/ros2_ws/install/my_cpp_publisher/lib'
[3.187s] Level 1:colcon.colcon_core.environment:checking '/home/dev/ros2_ws/install/my_cpp_publisher/bin'
[3.187s] Level 1:colcon.colcon_core.environment:checking '/home/dev/ros2_ws/install/my_cpp_publisher/lib/pkgconfig/my_cpp_publisher.pc'
[3.188s] Level 1:colcon.colcon_core.environment:checking '/home/dev/ros2_ws/install/my_cpp_publisher/lib/python3.8/site-packages'
[3.189s] Level 1:colcon.colcon_core.environment:checking '/home/dev/ros2_ws/install/my_cpp_publisher/bin'
[3.192s] INFO:colcon.colcon_core.shell:Creating package script '/home/dev/ros2_ws/install/my_cpp_publisher/share/my_cpp_publisher/package.ps1'
[3.194s] INFO:colcon.colcon_core.shell:Creating package descriptor '/home/dev/ros2_ws/install/my_cpp_publisher/share/my_cpp_publisher/package.dsv'
[3.195s] INFO:colcon.colcon_core.shell:Creating package script '/home/dev/ros2_ws/install/my_cpp_publisher/share/my_cpp_publisher/package.sh'
[3.197s] INFO:colcon.colcon_core.shell:Creating package script '/home/dev/ros2_ws/install/my_cpp_publisher/share/my_cpp_publisher/package.bash'
[3.198s] INFO:colcon.colcon_core.shell:Creating package script '/home/dev/ros2_ws/install/my_cpp_publisher/share/my_cpp_publisher/package.zsh'
[3.199s] Level 1:colcon.colcon_core.environment:create_file_with_runtime_dependencies(/home/dev/ros2_ws/install/my_cpp_publisher/share/colcon-core/packages/my_cpp_publisher)
[3.571s] DEBUG:colcon.colcon_parallel_executor.executor.parallel:closing loop
[3.572s] DEBUG:colcon.colcon_parallel_executor.executor.parallel:loop closed
[3.572s] DEBUG:colcon.colcon_parallel_executor.executor.parallel:run_until_complete finished with '2'
[3.573s] DEBUG:colcon.colcon_core.event_reactor:joining thread
[3.816s] INFO:colcon.colcon_core.plugin_system:Skipping extension 'colcon_notification.desktop_notification.notify_send': Could not find 'notify-send'
[3.817s] INFO:colcon.colcon_core.plugin_system:Skipping extension 'colcon_notification.desktop_notification.terminal_notifier': Not used on non-Darwin systems
[3.817s] INFO:colcon.colcon_core.plugin_system:Skipping extension 'colcon_notification.desktop_notification.win32': Not used on non-Windows systems
[3.817s] INFO:colcon.colcon_notification.desktop_notification:Sending desktop notification using 'notify2'
[3.840s] DEBUG:colcon.colcon_notification.desktop_notification.notify2:Failed to initialize notify2: org.freedesktop.DBus.Error.ServiceUnknown: The name org.freedesktop.Notifications was not provided by any .service files
[3.842s] DEBUG:colcon.colcon_core.event_reactor:joined thread
[3.849s] INFO:colcon.colcon_core.shell:Creating prefix script '/home/dev/ros2_ws/install/local_setup.ps1'
[3.854s] INFO:colcon.colcon_core.shell:Creating prefix util module '/home/dev/ros2_ws/install/_local_setup_util_ps1.py'
[3.858s] INFO:colcon.colcon_core.shell:Creating prefix chain script '/home/dev/ros2_ws/install/setup.ps1'
[3.864s] INFO:colcon.colcon_core.shell:Creating prefix script '/home/dev/ros2_ws/install/local_setup.sh'
[3.867s] INFO:colcon.colcon_core.shell:Creating prefix util module '/home/dev/ros2_ws/install/_local_setup_util_sh.py'
[3.868s] INFO:colcon.colcon_core.shell:Creating prefix chain script '/home/dev/ros2_ws/install/setup.sh'
[3.874s] INFO:colcon.colcon_core.shell:Creating prefix script '/home/dev/ros2_ws/install/local_setup.bash'
[3.876s] INFO:colcon.colcon_core.shell:Creating prefix chain script '/home/dev/ros2_ws/install/setup.bash'
[3.880s] INFO:colcon.colcon_core.shell:Creating prefix script '/home/dev/ros2_ws/install/local_setup.zsh'
[3.882s] INFO:colcon.colcon_core.shell:Creating prefix chain script '/home/dev/ros2_ws/install/setup.zsh'
