[0.938s] DEBUG:colcon:Command line arguments: ['/usr/bin/colcon', 'build']
[0.938s] DEBUG:colcon:Parsed command line arguments: Namespace(allow_overriding=[], ament_cmake_args=None, base_paths=['.'], build_base='build', catkin_cmake_args=None, catkin_skip_building_tests=False, cmake_args=None, cmake_clean_cache=False, cmake_clean_first=False, cmake_force_configure=False, cmake_target=None, cmake_target_skip_unavailable=False, continue_on_error=False, event_handlers=None, executor='parallel', ignore_user_meta=False, install_base='install', log_base=None, log_level=None, main=<bound method BuildVerb.main of <colcon_core.verb.build.BuildVerb object at 0x7fe446351760>>, merge_install=False, metas=['./colcon.meta'], packages_above=None, packages_above_and_dependencies=None, packages_above_depth=None, packages_end=None, packages_ignore=None, packages_ignore_regex=None, packages_select=None, packages_select_build_failed=False, packages_select_by_dep=None, packages_select_regex=None, packages_select_test_failures=False, packages_skip=None, packages_skip_build_finished=False, packages_skip_by_dep=None, packages_skip_regex=None, packages_skip_test_passed=False, packages_skip_up_to=None, packages_start=None, packages_up_to=None, packages_up_to_regex=None, parallel_workers=2, paths=None, symlink_install=False, test_result_base=None, verb_extension=<colcon_core.verb.build.BuildVerb object at 0x7fe446351760>, verb_name='build', verb_parser=<colcon_defaults.argument_parser.defaults.DefaultArgumentsDecorator object at 0x7fe446351ca0>)
[0.976s] Level 1:colcon.colcon_core.package_discovery:discover_packages(colcon_meta) check parameters
[0.977s] Level 1:colcon.colcon_core.package_discovery:discover_packages(recursive) check parameters
[0.977s] Level 1:colcon.colcon_core.package_discovery:discover_packages(ignore) check parameters
[0.977s] Level 1:colcon.colcon_core.package_discovery:discover_packages(path) check parameters
[0.977s] Level 1:colcon.colcon_core.package_discovery:discover_packages(colcon_meta) discover
[0.977s] Level 1:colcon.colcon_core.package_discovery:discover_packages(recursive) discover
[0.977s] INFO:colcon.colcon_core.package_discovery:Crawling recursively for packages in '/home/dev/ros2_ws'
[0.977s] Level 1:colcon.colcon_core.package_identification:_identify(.) by extensions ['ignore', 'ignore_ament_install']
[0.977s] Level 1:colcon.colcon_core.package_identification:_identify(.) by extension 'ignore'
[0.977s] Level 1:colcon.colcon_core.package_identification:_identify(.) by extension 'ignore_ament_install'
[0.977s] Level 1:colcon.colcon_core.package_identification:_identify(.) by extensions ['colcon_pkg']
[0.977s] Level 1:colcon.colcon_core.package_identification:_identify(.) by extension 'colcon_pkg'
[0.978s] Level 1:colcon.colcon_core.package_identification:_identify(.) by extensions ['colcon_meta']
[0.978s] Level 1:colcon.colcon_core.package_identification:_identify(.) by extension 'colcon_meta'
[0.978s] Level 1:colcon.colcon_core.package_identification:_identify(.) by extensions ['ros']
[0.978s] Level 1:colcon.colcon_core.package_identification:_identify(.) by extension 'ros'
[1.005s] Level 1:colcon.colcon_core.package_identification:_identify(.) by extensions ['cmake', 'python']
[1.005s] Level 1:colcon.colcon_core.package_identification:_identify(.) by extension 'cmake'
[1.005s] Level 1:colcon.colcon_core.package_identification:_identify(.) by extension 'python'
[1.005s] Level 1:colcon.colcon_core.package_identification:_identify(.) by extensions ['python_setup_py']
[1.005s] Level 1:colcon.colcon_core.package_identification:_identify(.) by extension 'python_setup_py'
[1.006s] Level 1:colcon.colcon_core.package_identification:_identify(build) by extensions ['ignore', 'ignore_ament_install']
[1.006s] Level 1:colcon.colcon_core.package_identification:_identify(build) by extension 'ignore'
[1.006s] Level 1:colcon.colcon_core.package_identification:_identify(build) ignored
[1.006s] Level 1:colcon.colcon_core.package_identification:_identify(install) by extensions ['ignore', 'ignore_ament_install']
[1.006s] Level 1:colcon.colcon_core.package_identification:_identify(install) by extension 'ignore'
[1.006s] Level 1:colcon.colcon_core.package_identification:_identify(install) ignored
[1.006s] Level 1:colcon.colcon_core.package_identification:_identify(log) by extensions ['ignore', 'ignore_ament_install']
[1.006s] Level 1:colcon.colcon_core.package_identification:_identify(log) by extension 'ignore'
[1.007s] Level 1:colcon.colcon_core.package_identification:_identify(log) ignored
[1.007s] Level 1:colcon.colcon_core.package_identification:_identify(src) by extensions ['ignore', 'ignore_ament_install']
[1.007s] Level 1:colcon.colcon_core.package_identification:_identify(src) by extension 'ignore'
[1.007s] Level 1:colcon.colcon_core.package_identification:_identify(src) by extension 'ignore_ament_install'
[1.007s] Level 1:colcon.colcon_core.package_identification:_identify(src) by extensions ['colcon_pkg']
[1.007s] Level 1:colcon.colcon_core.package_identification:_identify(src) by extension 'colcon_pkg'
[1.007s] Level 1:colcon.colcon_core.package_identification:_identify(src) by extensions ['colcon_meta']
[1.007s] Level 1:colcon.colcon_core.package_identification:_identify(src) by extension 'colcon_meta'
[1.007s] Level 1:colcon.colcon_core.package_identification:_identify(src) by extensions ['ros']
[1.007s] Level 1:colcon.colcon_core.package_identification:_identify(src) by extension 'ros'
[1.007s] Level 1:colcon.colcon_core.package_identification:_identify(src) by extensions ['cmake', 'python']
[1.007s] Level 1:colcon.colcon_core.package_identification:_identify(src) by extension 'cmake'
[1.008s] Level 1:colcon.colcon_core.package_identification:_identify(src) by extension 'python'
[1.008s] Level 1:colcon.colcon_core.package_identification:_identify(src) by extensions ['python_setup_py']
[1.008s] Level 1:colcon.colcon_core.package_identification:_identify(src) by extension 'python_setup_py'
[1.008s] Level 1:colcon.colcon_core.package_identification:_identify(src/my_cpp_publisher) by extensions ['ignore', 'ignore_ament_install']
[1.008s] Level 1:colcon.colcon_core.package_identification:_identify(src/my_cpp_publisher) by extension 'ignore'
[1.008s] Level 1:colcon.colcon_core.package_identification:_identify(src/my_cpp_publisher) by extension 'ignore_ament_install'
[1.008s] Level 1:colcon.colcon_core.package_identification:_identify(src/my_cpp_publisher) by extensions ['colcon_pkg']
[1.008s] Level 1:colcon.colcon_core.package_identification:_identify(src/my_cpp_publisher) by extension 'colcon_pkg'
[1.008s] Level 1:colcon.colcon_core.package_identification:_identify(src/my_cpp_publisher) by extensions ['colcon_meta']
[1.008s] Level 1:colcon.colcon_core.package_identification:_identify(src/my_cpp_publisher) by extension 'colcon_meta'
[1.008s] Level 1:colcon.colcon_core.package_identification:_identify(src/my_cpp_publisher) by extensions ['ros']
[1.008s] Level 1:colcon.colcon_core.package_identification:_identify(src/my_cpp_publisher) by extension 'ros'
[1.012s] DEBUG:colcon.colcon_core.package_identification:Package 'src/my_cpp_publisher' with type 'ros.ament_cmake' and name 'my_cpp_publisher'
[1.012s] Level 1:colcon.colcon_core.package_identification:_identify(src/my_msg_types) by extensions ['ignore', 'ignore_ament_install']
[1.012s] Level 1:colcon.colcon_core.package_identification:_identify(src/my_msg_types) by extension 'ignore'
[1.013s] Level 1:colcon.colcon_core.package_identification:_identify(src/my_msg_types) by extension 'ignore_ament_install'
[1.013s] Level 1:colcon.colcon_core.package_identification:_identify(src/my_msg_types) by extensions ['colcon_pkg']
[1.013s] Level 1:colcon.colcon_core.package_identification:_identify(src/my_msg_types) by extension 'colcon_pkg'
[1.013s] Level 1:colcon.colcon_core.package_identification:_identify(src/my_msg_types) by extensions ['colcon_meta']
[1.013s] Level 1:colcon.colcon_core.package_identification:_identify(src/my_msg_types) by extension 'colcon_meta'
[1.013s] Level 1:colcon.colcon_core.package_identification:_identify(src/my_msg_types) by extensions ['ros']
[1.013s] Level 1:colcon.colcon_core.package_identification:_identify(src/my_msg_types) by extension 'ros'
[1.014s] DEBUG:colcon.colcon_core.package_identification:Package 'src/my_msg_types' with type 'ros.ament_cmake' and name 'my_msg_types'
[1.014s] Level 1:colcon.colcon_core.package_identification:_identify(src/my_python_subscriber) by extensions ['ignore', 'ignore_ament_install']
[1.014s] Level 1:colcon.colcon_core.package_identification:_identify(src/my_python_subscriber) by extension 'ignore'
[1.014s] Level 1:colcon.colcon_core.package_identification:_identify(src/my_python_subscriber) by extension 'ignore_ament_install'
[1.014s] Level 1:colcon.colcon_core.package_identification:_identify(src/my_python_subscriber) by extensions ['colcon_pkg']
[1.014s] Level 1:colcon.colcon_core.package_identification:_identify(src/my_python_subscriber) by extension 'colcon_pkg'
[1.014s] Level 1:colcon.colcon_core.package_identification:_identify(src/my_python_subscriber) by extensions ['colcon_meta']
[1.014s] Level 1:colcon.colcon_core.package_identification:_identify(src/my_python_subscriber) by extension 'colcon_meta'
[1.014s] Level 1:colcon.colcon_core.package_identification:_identify(src/my_python_subscriber) by extensions ['ros']
[1.014s] Level 1:colcon.colcon_core.package_identification:_identify(src/my_python_subscriber) by extension 'ros'
[1.015s] DEBUG:colcon.colcon_core.package_identification:Package 'src/my_python_subscriber' with type 'ros.ament_python' and name 'my_python_subscriber'
[1.015s] Level 1:colcon.colcon_core.package_identification:_identify(src/my_robot_bringup) by extensions ['ignore', 'ignore_ament_install']
[1.016s] Level 1:colcon.colcon_core.package_identification:_identify(src/my_robot_bringup) by extension 'ignore'
[1.016s] Level 1:colcon.colcon_core.package_identification:_identify(src/my_robot_bringup) by extension 'ignore_ament_install'
[1.016s] Level 1:colcon.colcon_core.package_identification:_identify(src/my_robot_bringup) by extensions ['colcon_pkg']
[1.016s] Level 1:colcon.colcon_core.package_identification:_identify(src/my_robot_bringup) by extension 'colcon_pkg'
[1.016s] Level 1:colcon.colcon_core.package_identification:_identify(src/my_robot_bringup) by extensions ['colcon_meta']
[1.016s] Level 1:colcon.colcon_core.package_identification:_identify(src/my_robot_bringup) by extension 'colcon_meta'
[1.016s] Level 1:colcon.colcon_core.package_identification:_identify(src/my_robot_bringup) by extensions ['ros']
[1.016s] Level 1:colcon.colcon_core.package_identification:_identify(src/my_robot_bringup) by extension 'ros'
[1.017s] DEBUG:colcon.colcon_core.package_identification:Package 'src/my_robot_bringup' with type 'ros.ament_cmake' and name 'my_robot_bringup'
[1.017s] Level 1:colcon.colcon_core.package_discovery:discover_packages(recursive) using defaults
[1.017s] Level 1:colcon.colcon_core.package_discovery:discover_packages(ignore) discover
[1.017s] Level 1:colcon.colcon_core.package_discovery:discover_packages(ignore) using defaults
[1.017s] Level 1:colcon.colcon_core.package_discovery:discover_packages(path) discover
[1.017s] Level 1:colcon.colcon_core.package_discovery:discover_packages(path) using defaults
[1.046s] Level 1:colcon.colcon_core.package_discovery:discover_packages(prefix_path) check parameters
[1.046s] Level 1:colcon.colcon_core.package_discovery:discover_packages(prefix_path) discover
[1.050s] DEBUG:colcon.colcon_installed_package_information.package_discovery:Found 4 installed packages in /home/dev/ros2_ws/install
[1.053s] DEBUG:colcon.colcon_installed_package_information.package_discovery:Found 256 installed packages in /opt/ros/foxy
[1.055s] Level 1:colcon.colcon_core.package_discovery:discover_packages(prefix_path) using defaults
[1.155s] Level 5:colcon.colcon_core.verb:set package 'my_msg_types' build argument 'cmake_args' from command line to 'None'
[1.155s] Level 5:colcon.colcon_core.verb:set package 'my_msg_types' build argument 'cmake_target' from command line to 'None'
[1.155s] Level 5:colcon.colcon_core.verb:set package 'my_msg_types' build argument 'cmake_target_skip_unavailable' from command line to 'False'
[1.156s] Level 5:colcon.colcon_core.verb:set package 'my_msg_types' build argument 'cmake_clean_cache' from command line to 'False'
[1.156s] Level 5:colcon.colcon_core.verb:set package 'my_msg_types' build argument 'cmake_clean_first' from command line to 'False'
[1.156s] Level 5:colcon.colcon_core.verb:set package 'my_msg_types' build argument 'cmake_force_configure' from command line to 'False'
[1.156s] Level 5:colcon.colcon_core.verb:set package 'my_msg_types' build argument 'ament_cmake_args' from command line to 'None'
[1.156s] Level 5:colcon.colcon_core.verb:set package 'my_msg_types' build argument 'catkin_cmake_args' from command line to 'None'
[1.156s] Level 5:colcon.colcon_core.verb:set package 'my_msg_types' build argument 'catkin_skip_building_tests' from command line to 'False'
[1.156s] DEBUG:colcon.colcon_core.verb:Building package 'my_msg_types' with the following arguments: {'ament_cmake_args': None, 'build_base': '/home/dev/ros2_ws/build/my_msg_types', 'catkin_cmake_args': None, 'catkin_skip_building_tests': False, 'cmake_args': None, 'cmake_clean_cache': False, 'cmake_clean_first': False, 'cmake_force_configure': False, 'cmake_target': None, 'cmake_target_skip_unavailable': False, 'install_base': '/home/dev/ros2_ws/install/my_msg_types', 'merge_install': False, 'path': '/home/dev/ros2_ws/src/my_msg_types', 'symlink_install': False, 'test_result_base': None}
[1.157s] Level 5:colcon.colcon_core.verb:set package 'my_robot_bringup' build argument 'cmake_args' from command line to 'None'
[1.157s] Level 5:colcon.colcon_core.verb:set package 'my_robot_bringup' build argument 'cmake_target' from command line to 'None'
[1.157s] Level 5:colcon.colcon_core.verb:set package 'my_robot_bringup' build argument 'cmake_target_skip_unavailable' from command line to 'False'
[1.157s] Level 5:colcon.colcon_core.verb:set package 'my_robot_bringup' build argument 'cmake_clean_cache' from command line to 'False'
[1.157s] Level 5:colcon.colcon_core.verb:set package 'my_robot_bringup' build argument 'cmake_clean_first' from command line to 'False'
[1.157s] Level 5:colcon.colcon_core.verb:set package 'my_robot_bringup' build argument 'cmake_force_configure' from command line to 'False'
[1.157s] Level 5:colcon.colcon_core.verb:set package 'my_robot_bringup' build argument 'ament_cmake_args' from command line to 'None'
[1.157s] Level 5:colcon.colcon_core.verb:set package 'my_robot_bringup' build argument 'catkin_cmake_args' from command line to 'None'
[1.157s] Level 5:colcon.colcon_core.verb:set package 'my_robot_bringup' build argument 'catkin_skip_building_tests' from command line to 'False'
[1.158s] DEBUG:colcon.colcon_core.verb:Building package 'my_robot_bringup' with the following arguments: {'ament_cmake_args': None, 'build_base': '/home/dev/ros2_ws/build/my_robot_bringup', 'catkin_cmake_args': None, 'catkin_skip_building_tests': False, 'cmake_args': None, 'cmake_clean_cache': False, 'cmake_clean_first': False, 'cmake_force_configure': False, 'cmake_target': None, 'cmake_target_skip_unavailable': False, 'install_base': '/home/dev/ros2_ws/install/my_robot_bringup', 'merge_install': False, 'path': '/home/dev/ros2_ws/src/my_robot_bringup', 'symlink_install': False, 'test_result_base': None}
[1.159s] Level 5:colcon.colcon_core.verb:set package 'my_cpp_publisher' build argument 'cmake_args' from command line to 'None'
[1.159s] Level 5:colcon.colcon_core.verb:set package 'my_cpp_publisher' build argument 'cmake_target' from command line to 'None'
[1.159s] Level 5:colcon.colcon_core.verb:set package 'my_cpp_publisher' build argument 'cmake_target_skip_unavailable' from command line to 'False'
[1.159s] Level 5:colcon.colcon_core.verb:set package 'my_cpp_publisher' build argument 'cmake_clean_cache' from command line to 'False'
[1.159s] Level 5:colcon.colcon_core.verb:set package 'my_cpp_publisher' build argument 'cmake_clean_first' from command line to 'False'
[1.159s] Level 5:colcon.colcon_core.verb:set package 'my_cpp_publisher' build argument 'cmake_force_configure' from command line to 'False'
[1.159s] Level 5:colcon.colcon_core.verb:set package 'my_cpp_publisher' build argument 'ament_cmake_args' from command line to 'None'
[1.159s] Level 5:colcon.colcon_core.verb:set package 'my_cpp_publisher' build argument 'catkin_cmake_args' from command line to 'None'
[1.160s] Level 5:colcon.colcon_core.verb:set package 'my_cpp_publisher' build argument 'catkin_skip_building_tests' from command line to 'False'
[1.160s] DEBUG:colcon.colcon_core.verb:Building package 'my_cpp_publisher' with the following arguments: {'ament_cmake_args': None, 'build_base': '/home/dev/ros2_ws/build/my_cpp_publisher', 'catkin_cmake_args': None, 'catkin_skip_building_tests': False, 'cmake_args': None, 'cmake_clean_cache': False, 'cmake_clean_first': False, 'cmake_force_configure': False, 'cmake_target': None, 'cmake_target_skip_unavailable': False, 'install_base': '/home/dev/ros2_ws/install/my_cpp_publisher', 'merge_install': False, 'path': '/home/dev/ros2_ws/src/my_cpp_publisher', 'symlink_install': False, 'test_result_base': None}
[1.161s] Level 5:colcon.colcon_core.verb:set package 'my_python_subscriber' build argument 'cmake_args' from command line to 'None'
[1.161s] Level 5:colcon.colcon_core.verb:set package 'my_python_subscriber' build argument 'cmake_target' from command line to 'None'
[1.161s] Level 5:colcon.colcon_core.verb:set package 'my_python_subscriber' build argument 'cmake_target_skip_unavailable' from command line to 'False'
[1.161s] Level 5:colcon.colcon_core.verb:set package 'my_python_subscriber' build argument 'cmake_clean_cache' from command line to 'False'
[1.161s] Level 5:colcon.colcon_core.verb:set package 'my_python_subscriber' build argument 'cmake_clean_first' from command line to 'False'
[1.161s] Level 5:colcon.colcon_core.verb:set package 'my_python_subscriber' build argument 'cmake_force_configure' from command line to 'False'
[1.161s] Level 5:colcon.colcon_core.verb:set package 'my_python_subscriber' build argument 'ament_cmake_args' from command line to 'None'
[1.161s] Level 5:colcon.colcon_core.verb:set package 'my_python_subscriber' build argument 'catkin_cmake_args' from command line to 'None'
[1.161s] Level 5:colcon.colcon_core.verb:set package 'my_python_subscriber' build argument 'catkin_skip_building_tests' from command line to 'False'
[1.161s] DEBUG:colcon.colcon_core.verb:Building package 'my_python_subscriber' with the following arguments: {'ament_cmake_args': None, 'build_base': '/home/dev/ros2_ws/build/my_python_subscriber', 'catkin_cmake_args': None, 'catkin_skip_building_tests': False, 'cmake_args': None, 'cmake_clean_cache': False, 'cmake_clean_first': False, 'cmake_force_configure': False, 'cmake_target': None, 'cmake_target_skip_unavailable': False, 'install_base': '/home/dev/ros2_ws/install/my_python_subscriber', 'merge_install': False, 'path': '/home/dev/ros2_ws/src/my_python_subscriber', 'symlink_install': False, 'test_result_base': None}
[1.163s] INFO:colcon.colcon_core.executor:Executing jobs using 'parallel' executor
[1.168s] DEBUG:colcon.colcon_parallel_executor.executor.parallel:run_until_complete
[1.168s] INFO:colcon.colcon_ros.task.ament_cmake.build:Building ROS package in '/home/dev/ros2_ws/src/my_msg_types' with build type 'ament_cmake'
[1.169s] INFO:colcon.colcon_cmake.task.cmake.build:Building CMake package in '/home/dev/ros2_ws/src/my_msg_types'
[1.177s] INFO:colcon.colcon_core.plugin_system:Skipping extension 'colcon_core.shell.bat': Not used on non-Windows systems
[1.177s] INFO:colcon.colcon_core.shell:Skip shell extension 'powershell' for command environment: Not usable outside of PowerShell
[1.178s] DEBUG:colcon.colcon_core.shell:Skip shell extension 'dsv' for command environment
[1.191s] INFO:colcon.colcon_ros.task.ament_cmake.build:Building ROS package in '/home/dev/ros2_ws/src/my_robot_bringup' with build type 'ament_cmake'
[1.192s] INFO:colcon.colcon_cmake.task.cmake.build:Building CMake package in '/home/dev/ros2_ws/src/my_robot_bringup'
[1.197s] INFO:colcon.colcon_core.shell:Skip shell extension 'powershell' for command environment: Not usable outside of PowerShell
[1.197s] DEBUG:colcon.colcon_core.shell:Skip shell extension 'dsv' for command environment
[1.229s] DEBUG:colcon.colcon_core.event_handler.log_command:Invoking command in '/home/dev/ros2_ws/build/my_msg_types': CMAKE_PREFIX_PATH=${CMAKE_PREFIX_PATH}:/home/dev/ros2_ws/install/my_python_subscriber:/opt/ros/foxy /usr/bin/cmake --build /home/dev/ros2_ws/build/my_msg_types -- -j2 -l2
[1.246s] DEBUG:colcon.colcon_core.event_handler.log_command:Invoking command in '/home/dev/ros2_ws/build/my_robot_bringup': CMAKE_PREFIX_PATH=${CMAKE_PREFIX_PATH}:/home/dev/ros2_ws/install/my_python_subscriber:/opt/ros/foxy /usr/bin/cmake --build /home/dev/ros2_ws/build/my_robot_bringup -- -j2 -l2
[1.367s] DEBUG:colcon.colcon_core.event_handler.log_command:Invoked command in '/home/dev/ros2_ws/build/my_robot_bringup' returned '0': CMAKE_PREFIX_PATH=${CMAKE_PREFIX_PATH}:/home/dev/ros2_ws/install/my_python_subscriber:/opt/ros/foxy /usr/bin/cmake --build /home/dev/ros2_ws/build/my_robot_bringup -- -j2 -l2
[1.466s] DEBUG:colcon.colcon_core.event_handler.log_command:Invoking command in '/home/dev/ros2_ws/build/my_robot_bringup': CMAKE_PREFIX_PATH=${CMAKE_PREFIX_PATH}:/home/dev/ros2_ws/install/my_python_subscriber:/opt/ros/foxy /usr/bin/cmake --install /home/dev/ros2_ws/build/my_robot_bringup
[1.485s] Level 1:colcon.colcon_core.environment:create_environment_scripts_only(my_robot_bringup)
[1.495s] DEBUG:colcon.colcon_core.event_handler.log_command:Invoked command in '/home/dev/ros2_ws/build/my_robot_bringup' returned '0': CMAKE_PREFIX_PATH=${CMAKE_PREFIX_PATH}:/home/dev/ros2_ws/install/my_python_subscriber:/opt/ros/foxy /usr/bin/cmake --install /home/dev/ros2_ws/build/my_robot_bringup
[1.497s] Level 1:colcon.colcon_core.environment:checking '/home/dev/ros2_ws/install/my_robot_bringup' for CMake module files
[1.497s] Level 1:colcon.colcon_core.environment:checking '/home/dev/ros2_ws/install/my_robot_bringup' for CMake config files
[1.498s] Level 1:colcon.colcon_core.shell:create_environment_hook('my_robot_bringup', 'cmake_prefix_path')
[1.500s] INFO:colcon.colcon_core.shell:Creating environment hook '/home/dev/ros2_ws/install/my_robot_bringup/share/my_robot_bringup/hook/cmake_prefix_path.ps1'
[1.501s] INFO:colcon.colcon_core.shell:Creating environment descriptor '/home/dev/ros2_ws/install/my_robot_bringup/share/my_robot_bringup/hook/cmake_prefix_path.dsv'
[1.502s] INFO:colcon.colcon_core.shell:Creating environment hook '/home/dev/ros2_ws/install/my_robot_bringup/share/my_robot_bringup/hook/cmake_prefix_path.sh'
[1.503s] Level 1:colcon.colcon_core.environment:checking '/home/dev/ros2_ws/install/my_robot_bringup/bin'
[1.504s] Level 1:colcon.colcon_core.environment:checking '/home/dev/ros2_ws/install/my_robot_bringup/lib/pkgconfig/my_robot_bringup.pc'
[1.504s] Level 1:colcon.colcon_core.environment:checking '/home/dev/ros2_ws/install/my_robot_bringup/lib/python3.8/site-packages'
[1.504s] Level 1:colcon.colcon_core.environment:checking '/home/dev/ros2_ws/install/my_robot_bringup/bin'
[1.507s] INFO:colcon.colcon_core.shell:Creating package script '/home/dev/ros2_ws/install/my_robot_bringup/share/my_robot_bringup/package.ps1'
[1.508s] INFO:colcon.colcon_core.shell:Creating package descriptor '/home/dev/ros2_ws/install/my_robot_bringup/share/my_robot_bringup/package.dsv'
[1.509s] INFO:colcon.colcon_core.shell:Creating package script '/home/dev/ros2_ws/install/my_robot_bringup/share/my_robot_bringup/package.sh'
[1.510s] INFO:colcon.colcon_core.shell:Creating package script '/home/dev/ros2_ws/install/my_robot_bringup/share/my_robot_bringup/package.bash'
[1.511s] INFO:colcon.colcon_core.shell:Creating package script '/home/dev/ros2_ws/install/my_robot_bringup/share/my_robot_bringup/package.zsh'
[1.512s] Level 1:colcon.colcon_core.environment:create_file_with_runtime_dependencies(/home/dev/ros2_ws/install/my_robot_bringup/share/colcon-core/packages/my_robot_bringup)
[1.547s] Level 1:colcon.colcon_core.environment:create_environment_scripts_only(my_robot_bringup)
[1.550s] Level 1:colcon.colcon_core.environment:checking '/home/dev/ros2_ws/install/my_robot_bringup' for CMake module files
[1.551s] Level 1:colcon.colcon_core.environment:checking '/home/dev/ros2_ws/install/my_robot_bringup' for CMake config files
[1.551s] Level 1:colcon.colcon_core.shell:create_environment_hook('my_robot_bringup', 'cmake_prefix_path')
[1.553s] INFO:colcon.colcon_core.shell:Creating environment hook '/home/dev/ros2_ws/install/my_robot_bringup/share/my_robot_bringup/hook/cmake_prefix_path.ps1'
[1.554s] INFO:colcon.colcon_core.shell:Creating environment descriptor '/home/dev/ros2_ws/install/my_robot_bringup/share/my_robot_bringup/hook/cmake_prefix_path.dsv'
[1.555s] INFO:colcon.colcon_core.shell:Creating environment hook '/home/dev/ros2_ws/install/my_robot_bringup/share/my_robot_bringup/hook/cmake_prefix_path.sh'
[1.556s] Level 1:colcon.colcon_core.environment:checking '/home/dev/ros2_ws/install/my_robot_bringup/bin'
[1.556s] Level 1:colcon.colcon_core.environment:checking '/home/dev/ros2_ws/install/my_robot_bringup/lib/pkgconfig/my_robot_bringup.pc'
[1.556s] Level 1:colcon.colcon_core.environment:checking '/home/dev/ros2_ws/install/my_robot_bringup/lib/python3.8/site-packages'
[1.556s] Level 1:colcon.colcon_core.environment:checking '/home/dev/ros2_ws/install/my_robot_bringup/bin'
[1.558s] INFO:colcon.colcon_core.shell:Creating package script '/home/dev/ros2_ws/install/my_robot_bringup/share/my_robot_bringup/package.ps1'
[1.559s] INFO:colcon.colcon_core.shell:Creating package descriptor '/home/dev/ros2_ws/install/my_robot_bringup/share/my_robot_bringup/package.dsv'
[1.560s] INFO:colcon.colcon_core.shell:Creating package script '/home/dev/ros2_ws/install/my_robot_bringup/share/my_robot_bringup/package.sh'
[1.560s] INFO:colcon.colcon_core.shell:Creating package script '/home/dev/ros2_ws/install/my_robot_bringup/share/my_robot_bringup/package.bash'
[1.561s] INFO:colcon.colcon_core.shell:Creating package script '/home/dev/ros2_ws/install/my_robot_bringup/share/my_robot_bringup/package.zsh'
[1.561s] Level 1:colcon.colcon_core.environment:create_file_with_runtime_dependencies(/home/dev/ros2_ws/install/my_robot_bringup/share/colcon-core/packages/my_robot_bringup)
[1.816s] DEBUG:colcon.colcon_core.event_handler.log_command:Invoked command in '/home/dev/ros2_ws/build/my_msg_types' returned '0': CMAKE_PREFIX_PATH=${CMAKE_PREFIX_PATH}:/home/dev/ros2_ws/install/my_python_subscriber:/opt/ros/foxy /usr/bin/cmake --build /home/dev/ros2_ws/build/my_msg_types -- -j2 -l2
[1.901s] DEBUG:colcon.colcon_core.event_handler.log_command:Invoking command in '/home/dev/ros2_ws/build/my_msg_types': CMAKE_PREFIX_PATH=${CMAKE_PREFIX_PATH}:/home/dev/ros2_ws/install/my_python_subscriber:/opt/ros/foxy /usr/bin/cmake --install /home/dev/ros2_ws/build/my_msg_types
[1.990s] Level 1:colcon.colcon_core.environment:create_environment_scripts_only(my_msg_types)
[1.996s] DEBUG:colcon.colcon_core.event_handler.log_command:Invoked command in '/home/dev/ros2_ws/build/my_msg_types' returned '0': CMAKE_PREFIX_PATH=${CMAKE_PREFIX_PATH}:/home/dev/ros2_ws/install/my_python_subscriber:/opt/ros/foxy /usr/bin/cmake --install /home/dev/ros2_ws/build/my_msg_types
[1.997s] Level 1:colcon.colcon_core.environment:checking '/home/dev/ros2_ws/install/my_msg_types' for CMake module files
[1.998s] Level 1:colcon.colcon_core.environment:checking '/home/dev/ros2_ws/install/my_msg_types' for CMake config files
[1.999s] Level 1:colcon.colcon_core.shell:create_environment_hook('my_msg_types', 'cmake_prefix_path')
[2.004s] INFO:colcon.colcon_core.shell:Creating environment hook '/home/dev/ros2_ws/install/my_msg_types/share/my_msg_types/hook/cmake_prefix_path.ps1'
[2.005s] INFO:colcon.colcon_core.shell:Creating environment descriptor '/home/dev/ros2_ws/install/my_msg_types/share/my_msg_types/hook/cmake_prefix_path.dsv'
[2.006s] INFO:colcon.colcon_core.shell:Creating environment hook '/home/dev/ros2_ws/install/my_msg_types/share/my_msg_types/hook/cmake_prefix_path.sh'
[2.007s] Level 1:colcon.colcon_core.environment:checking '/home/dev/ros2_ws/install/my_msg_types/lib'
[2.008s] Level 1:colcon.colcon_core.shell:create_environment_hook('my_msg_types', 'ld_library_path_lib')
[2.011s] INFO:colcon.colcon_core.shell:Creating environment hook '/home/dev/ros2_ws/install/my_msg_types/share/my_msg_types/hook/ld_library_path_lib.ps1'
[2.012s] INFO:colcon.colcon_core.shell:Creating environment descriptor '/home/dev/ros2_ws/install/my_msg_types/share/my_msg_types/hook/ld_library_path_lib.dsv'
[2.013s] INFO:colcon.colcon_core.shell:Creating environment hook '/home/dev/ros2_ws/install/my_msg_types/share/my_msg_types/hook/ld_library_path_lib.sh'
[2.014s] Level 1:colcon.colcon_core.environment:checking '/home/dev/ros2_ws/install/my_msg_types/bin'
[2.014s] Level 1:colcon.colcon_core.environment:checking '/home/dev/ros2_ws/install/my_msg_types/lib/pkgconfig/my_msg_types.pc'
[2.014s] Level 1:colcon.colcon_core.environment:checking '/home/dev/ros2_ws/install/my_msg_types/lib/python3.8/site-packages'
[2.014s] Level 1:colcon.colcon_core.shell:create_environment_hook('my_msg_types', 'pythonpath')
[2.018s] INFO:colcon.colcon_core.shell:Creating environment hook '/home/dev/ros2_ws/install/my_msg_types/share/my_msg_types/hook/pythonpath.ps1'
[2.019s] INFO:colcon.colcon_core.shell:Creating environment descriptor '/home/dev/ros2_ws/install/my_msg_types/share/my_msg_types/hook/pythonpath.dsv'
[2.020s] INFO:colcon.colcon_core.shell:Creating environment hook '/home/dev/ros2_ws/install/my_msg_types/share/my_msg_types/hook/pythonpath.sh'
[2.021s] Level 1:colcon.colcon_core.environment:checking '/home/dev/ros2_ws/install/my_msg_types/bin'
[2.025s] INFO:colcon.colcon_core.shell:Creating package script '/home/dev/ros2_ws/install/my_msg_types/share/my_msg_types/package.ps1'
[2.026s] INFO:colcon.colcon_core.shell:Creating package descriptor '/home/dev/ros2_ws/install/my_msg_types/share/my_msg_types/package.dsv'
[2.027s] INFO:colcon.colcon_core.shell:Creating package script '/home/dev/ros2_ws/install/my_msg_types/share/my_msg_types/package.sh'
[2.028s] INFO:colcon.colcon_core.shell:Creating package script '/home/dev/ros2_ws/install/my_msg_types/share/my_msg_types/package.bash'
[2.028s] INFO:colcon.colcon_core.shell:Creating package script '/home/dev/ros2_ws/install/my_msg_types/share/my_msg_types/package.zsh'
[2.029s] Level 1:colcon.colcon_core.environment:create_file_with_runtime_dependencies(/home/dev/ros2_ws/install/my_msg_types/share/colcon-core/packages/my_msg_types)
[2.150s] Level 1:colcon.colcon_core.environment:create_environment_scripts_only(my_msg_types)
[2.155s] Level 1:colcon.colcon_core.environment:checking '/home/dev/ros2_ws/install/my_msg_types' for CMake module files
[2.156s] Level 1:colcon.colcon_core.environment:checking '/home/dev/ros2_ws/install/my_msg_types' for CMake config files
[2.157s] Level 1:colcon.colcon_core.shell:create_environment_hook('my_msg_types', 'cmake_prefix_path')
[2.160s] INFO:colcon.colcon_core.shell:Creating environment hook '/home/dev/ros2_ws/install/my_msg_types/share/my_msg_types/hook/cmake_prefix_path.ps1'
[2.162s] INFO:colcon.colcon_core.shell:Creating environment descriptor '/home/dev/ros2_ws/install/my_msg_types/share/my_msg_types/hook/cmake_prefix_path.dsv'
[2.163s] INFO:colcon.colcon_core.shell:Creating environment hook '/home/dev/ros2_ws/install/my_msg_types/share/my_msg_types/hook/cmake_prefix_path.sh'
[2.164s] Level 1:colcon.colcon_core.environment:checking '/home/dev/ros2_ws/install/my_msg_types/lib'
[2.164s] Level 1:colcon.colcon_core.shell:create_environment_hook('my_msg_types', 'ld_library_path_lib')
[2.167s] INFO:colcon.colcon_core.shell:Creating environment hook '/home/dev/ros2_ws/install/my_msg_types/share/my_msg_types/hook/ld_library_path_lib.ps1'
[2.168s] INFO:colcon.colcon_core.shell:Creating environment descriptor '/home/dev/ros2_ws/install/my_msg_types/share/my_msg_types/hook/ld_library_path_lib.dsv'
[2.168s] INFO:colcon.colcon_core.shell:Creating environment hook '/home/dev/ros2_ws/install/my_msg_types/share/my_msg_types/hook/ld_library_path_lib.sh'
[2.169s] Level 1:colcon.colcon_core.environment:checking '/home/dev/ros2_ws/install/my_msg_types/bin'
[2.169s] Level 1:colcon.colcon_core.environment:checking '/home/dev/ros2_ws/install/my_msg_types/lib/pkgconfig/my_msg_types.pc'
[2.170s] Level 1:colcon.colcon_core.environment:checking '/home/dev/ros2_ws/install/my_msg_types/lib/python3.8/site-packages'
[2.170s] Level 1:colcon.colcon_core.shell:create_environment_hook('my_msg_types', 'pythonpath')
[2.173s] INFO:colcon.colcon_core.shell:Creating environment hook '/home/dev/ros2_ws/install/my_msg_types/share/my_msg_types/hook/pythonpath.ps1'
[2.176s] INFO:colcon.colcon_core.shell:Creating environment descriptor '/home/dev/ros2_ws/install/my_msg_types/share/my_msg_types/hook/pythonpath.dsv'
[2.177s] INFO:colcon.colcon_core.shell:Creating environment hook '/home/dev/ros2_ws/install/my_msg_types/share/my_msg_types/hook/pythonpath.sh'
[2.178s] Level 1:colcon.colcon_core.environment:checking '/home/dev/ros2_ws/install/my_msg_types/bin'
[2.181s] INFO:colcon.colcon_core.shell:Creating package script '/home/dev/ros2_ws/install/my_msg_types/share/my_msg_types/package.ps1'
[2.183s] INFO:colcon.colcon_core.shell:Creating package descriptor '/home/dev/ros2_ws/install/my_msg_types/share/my_msg_types/package.dsv'
[2.184s] INFO:colcon.colcon_core.shell:Creating package script '/home/dev/ros2_ws/install/my_msg_types/share/my_msg_types/package.sh'
[2.186s] INFO:colcon.colcon_core.shell:Creating package script '/home/dev/ros2_ws/install/my_msg_types/share/my_msg_types/package.bash'
[2.186s] INFO:colcon.colcon_core.shell:Creating package script '/home/dev/ros2_ws/install/my_msg_types/share/my_msg_types/package.zsh'
[2.187s] Level 1:colcon.colcon_core.environment:create_file_with_runtime_dependencies(/home/dev/ros2_ws/install/my_msg_types/share/colcon-core/packages/my_msg_types)
[2.189s] INFO:colcon.colcon_ros.task.ament_cmake.build:Building ROS package in '/home/dev/ros2_ws/src/my_cpp_publisher' with build type 'ament_cmake'
[2.189s] INFO:colcon.colcon_cmake.task.cmake.build:Building CMake package in '/home/dev/ros2_ws/src/my_cpp_publisher'
[2.193s] INFO:colcon.colcon_core.shell:Skip shell extension 'powershell' for command environment: Not usable outside of PowerShell
[2.193s] DEBUG:colcon.colcon_core.shell:Skip shell extension 'dsv' for command environment
[2.211s] INFO:colcon.colcon_ros.task.ament_python.build:Building ROS package in '/home/dev/ros2_ws/src/my_python_subscriber' with build type 'ament_python'
[2.212s] Level 1:colcon.colcon_core.shell:create_environment_hook('my_python_subscriber', 'ament_prefix_path')
[2.218s] INFO:colcon.colcon_core.shell:Creating environment hook '/home/dev/ros2_ws/install/my_python_subscriber/share/my_python_subscriber/hook/ament_prefix_path.ps1'
[2.222s] INFO:colcon.colcon_core.shell:Creating environment descriptor '/home/dev/ros2_ws/install/my_python_subscriber/share/my_python_subscriber/hook/ament_prefix_path.dsv'
[2.224s] INFO:colcon.colcon_core.shell:Creating environment hook '/home/dev/ros2_ws/install/my_python_subscriber/share/my_python_subscriber/hook/ament_prefix_path.sh'
[2.229s] INFO:colcon.colcon_core.shell:Skip shell extension 'powershell' for command environment: Not usable outside of PowerShell
[2.229s] DEBUG:colcon.colcon_core.shell:Skip shell extension 'dsv' for command environment
[2.662s] DEBUG:colcon.colcon_core.event_handler.log_command:Invoking command in '/home/dev/ros2_ws/build/my_cpp_publisher': CMAKE_PREFIX_PATH=/home/dev/ros2_ws/install/my_msg_types:/home/dev/ros2_ws/install/my_robot_bringup:/home/dev/ros2_ws/install/my_cpp_publisher:/home/dev/ros2_ws/install/my_python_subscriber:/opt/ros/foxy PYTHONPATH=/home/dev/ros2_ws/install/my_msg_types/lib/python3.8/site-packages:/home/dev/ros2_ws/install/my_python_subscriber/lib/python3.8/site-packages:/opt/ros/foxy/lib/python3.8/site-packages /usr/bin/cmake --build /home/dev/ros2_ws/build/my_cpp_publisher -- -j2 -l2
[3.127s] INFO:colcon.colcon_core.task.python.build:Building Python package in '/home/dev/ros2_ws/src/my_python_subscriber'
[3.130s] INFO:colcon.colcon_core.shell:Skip shell extension 'powershell' for command environment: Not usable outside of PowerShell
[3.130s] DEBUG:colcon.colcon_core.shell:Skip shell extension 'dsv' for command environment
[3.866s] DEBUG:colcon.colcon_core.event_handler.log_command:Invoked command in '/home/dev/ros2_ws/build/my_cpp_publisher' returned '0': CMAKE_PREFIX_PATH=/home/dev/ros2_ws/install/my_msg_types:/home/dev/ros2_ws/install/my_robot_bringup:/home/dev/ros2_ws/install/my_cpp_publisher:/home/dev/ros2_ws/install/my_python_subscriber:/opt/ros/foxy PYTHONPATH=/home/dev/ros2_ws/install/my_msg_types/lib/python3.8/site-packages:/home/dev/ros2_ws/install/my_python_subscriber/lib/python3.8/site-packages:/opt/ros/foxy/lib/python3.8/site-packages /usr/bin/cmake --build /home/dev/ros2_ws/build/my_cpp_publisher -- -j2 -l2
[3.909s] DEBUG:colcon.colcon_core.event_handler.log_command:Invoking command in '/home/dev/ros2_ws/build/my_cpp_publisher': CMAKE_PREFIX_PATH=/home/dev/ros2_ws/install/my_msg_types:/home/dev/ros2_ws/install/my_robot_bringup:/home/dev/ros2_ws/install/my_cpp_publisher:/home/dev/ros2_ws/install/my_python_subscriber:/opt/ros/foxy PYTHONPATH=/home/dev/ros2_ws/install/my_msg_types/lib/python3.8/site-packages:/home/dev/ros2_ws/install/my_python_subscriber/lib/python3.8/site-packages:/opt/ros/foxy/lib/python3.8/site-packages /usr/bin/cmake --install /home/dev/ros2_ws/build/my_cpp_publisher
[3.937s] Level 1:colcon.colcon_core.environment:create_environment_scripts_only(my_cpp_publisher)
[3.942s] Level 1:colcon.colcon_core.environment:checking '/home/dev/ros2_ws/install/my_cpp_publisher' for CMake module files
[3.943s] DEBUG:colcon.colcon_core.event_handler.log_command:Invoked command in '/home/dev/ros2_ws/build/my_cpp_publisher' returned '0': CMAKE_PREFIX_PATH=/home/dev/ros2_ws/install/my_msg_types:/home/dev/ros2_ws/install/my_robot_bringup:/home/dev/ros2_ws/install/my_cpp_publisher:/home/dev/ros2_ws/install/my_python_subscriber:/opt/ros/foxy PYTHONPATH=/home/dev/ros2_ws/install/my_msg_types/lib/python3.8/site-packages:/home/dev/ros2_ws/install/my_python_subscriber/lib/python3.8/site-packages:/opt/ros/foxy/lib/python3.8/site-packages /usr/bin/cmake --install /home/dev/ros2_ws/build/my_cpp_publisher
[3.944s] Level 1:colcon.colcon_core.environment:checking '/home/dev/ros2_ws/install/my_cpp_publisher' for CMake config files
[3.944s] Level 1:colcon.colcon_core.shell:create_environment_hook('my_cpp_publisher', 'cmake_prefix_path')
[3.947s] INFO:colcon.colcon_core.shell:Creating environment hook '/home/dev/ros2_ws/install/my_cpp_publisher/share/my_cpp_publisher/hook/cmake_prefix_path.ps1'
[3.948s] INFO:colcon.colcon_core.shell:Creating environment descriptor '/home/dev/ros2_ws/install/my_cpp_publisher/share/my_cpp_publisher/hook/cmake_prefix_path.dsv'
[3.948s] INFO:colcon.colcon_core.shell:Creating environment hook '/home/dev/ros2_ws/install/my_cpp_publisher/share/my_cpp_publisher/hook/cmake_prefix_path.sh'
[3.949s] Level 1:colcon.colcon_core.environment:checking '/home/dev/ros2_ws/install/my_cpp_publisher/lib'
[3.949s] Level 1:colcon.colcon_core.environment:checking '/home/dev/ros2_ws/install/my_cpp_publisher/bin'
[3.949s] Level 1:colcon.colcon_core.environment:checking '/home/dev/ros2_ws/install/my_cpp_publisher/lib/pkgconfig/my_cpp_publisher.pc'
[3.950s] Level 1:colcon.colcon_core.environment:checking '/home/dev/ros2_ws/install/my_cpp_publisher/lib/python3.8/site-packages'
[3.950s] Level 1:colcon.colcon_core.environment:checking '/home/dev/ros2_ws/install/my_cpp_publisher/bin'
[3.953s] INFO:colcon.colcon_core.shell:Creating package script '/home/dev/ros2_ws/install/my_cpp_publisher/share/my_cpp_publisher/package.ps1'
[3.953s] INFO:colcon.colcon_core.shell:Creating package descriptor '/home/dev/ros2_ws/install/my_cpp_publisher/share/my_cpp_publisher/package.dsv'
[3.954s] INFO:colcon.colcon_core.shell:Creating package script '/home/dev/ros2_ws/install/my_cpp_publisher/share/my_cpp_publisher/package.sh'
[3.955s] INFO:colcon.colcon_core.shell:Creating package script '/home/dev/ros2_ws/install/my_cpp_publisher/share/my_cpp_publisher/package.bash'
[3.955s] INFO:colcon.colcon_core.shell:Creating package script '/home/dev/ros2_ws/install/my_cpp_publisher/share/my_cpp_publisher/package.zsh'
[3.956s] Level 1:colcon.colcon_core.environment:create_file_with_runtime_dependencies(/home/dev/ros2_ws/install/my_cpp_publisher/share/colcon-core/packages/my_cpp_publisher)
[3.997s] Level 1:colcon.colcon_core.environment:create_environment_scripts_only(my_cpp_publisher)
[4.000s] Level 1:colcon.colcon_core.environment:checking '/home/dev/ros2_ws/install/my_cpp_publisher' for CMake module files
[4.001s] Level 1:colcon.colcon_core.environment:checking '/home/dev/ros2_ws/install/my_cpp_publisher' for CMake config files
[4.001s] Level 1:colcon.colcon_core.shell:create_environment_hook('my_cpp_publisher', 'cmake_prefix_path')
[4.003s] INFO:colcon.colcon_core.shell:Creating environment hook '/home/dev/ros2_ws/install/my_cpp_publisher/share/my_cpp_publisher/hook/cmake_prefix_path.ps1'
[4.004s] INFO:colcon.colcon_core.shell:Creating environment descriptor '/home/dev/ros2_ws/install/my_cpp_publisher/share/my_cpp_publisher/hook/cmake_prefix_path.dsv'
[4.004s] INFO:colcon.colcon_core.shell:Creating environment hook '/home/dev/ros2_ws/install/my_cpp_publisher/share/my_cpp_publisher/hook/cmake_prefix_path.sh'
[4.005s] Level 1:colcon.colcon_core.environment:checking '/home/dev/ros2_ws/install/my_cpp_publisher/lib'
[4.005s] Level 1:colcon.colcon_core.environment:checking '/home/dev/ros2_ws/install/my_cpp_publisher/bin'
[4.006s] Level 1:colcon.colcon_core.environment:checking '/home/dev/ros2_ws/install/my_cpp_publisher/lib/pkgconfig/my_cpp_publisher.pc'
[4.006s] Level 1:colcon.colcon_core.environment:checking '/home/dev/ros2_ws/install/my_cpp_publisher/lib/python3.8/site-packages'
[4.006s] Level 1:colcon.colcon_core.environment:checking '/home/dev/ros2_ws/install/my_cpp_publisher/bin'
[4.008s] INFO:colcon.colcon_core.shell:Creating package script '/home/dev/ros2_ws/install/my_cpp_publisher/share/my_cpp_publisher/package.ps1'
[4.009s] INFO:colcon.colcon_core.shell:Creating package descriptor '/home/dev/ros2_ws/install/my_cpp_publisher/share/my_cpp_publisher/package.dsv'
[4.010s] INFO:colcon.colcon_core.shell:Creating package script '/home/dev/ros2_ws/install/my_cpp_publisher/share/my_cpp_publisher/package.sh'
[4.010s] INFO:colcon.colcon_core.shell:Creating package script '/home/dev/ros2_ws/install/my_cpp_publisher/share/my_cpp_publisher/package.bash'
[4.011s] INFO:colcon.colcon_core.shell:Creating package script '/home/dev/ros2_ws/install/my_cpp_publisher/share/my_cpp_publisher/package.zsh'
[4.012s] Level 1:colcon.colcon_core.environment:create_file_with_runtime_dependencies(/home/dev/ros2_ws/install/my_cpp_publisher/share/colcon-core/packages/my_cpp_publisher)
[4.260s] DEBUG:colcon.colcon_core.event_handler.log_command:Invoking command in '/home/dev/ros2_ws/src/my_python_subscriber': CMAKE_PREFIX_PATH=/home/dev/ros2_ws/install/my_msg_types:/home/dev/ros2_ws/install/my_robot_bringup:/home/dev/ros2_ws/install/my_cpp_publisher PYTHONPATH=/home/dev/ros2_ws/build/my_python_subscriber/prefix_override:/home/dev/ros2_ws/install/my_python_subscriber/lib/python3.8/site-packages:/home/dev/ros2_ws/install/my_msg_types/lib/python3.8/site-packages:/home/dev/ros2_ws/install/my_python_subscriber/lib/python3.8/site-packages:/opt/ros/foxy/lib/python3.8/site-packages /usr/bin/python3 setup.py egg_info --egg-base ../../build/my_python_subscriber build --build-base /home/dev/ros2_ws/build/my_python_subscriber/build install --record /home/dev/ros2_ws/build/my_python_subscriber/install.log --install-scripts $base/lib/my_python_subscriber --single-version-externally-managed
[4.876s] DEBUG:colcon.colcon_core.event_handler.log_command:Invoked command in '/home/dev/ros2_ws/src/my_python_subscriber' returned '0': CMAKE_PREFIX_PATH=/home/dev/ros2_ws/install/my_msg_types:/home/dev/ros2_ws/install/my_robot_bringup:/home/dev/ros2_ws/install/my_cpp_publisher PYTHONPATH=/home/dev/ros2_ws/build/my_python_subscriber/prefix_override:/home/dev/ros2_ws/install/my_python_subscriber/lib/python3.8/site-packages:/home/dev/ros2_ws/install/my_msg_types/lib/python3.8/site-packages:/home/dev/ros2_ws/install/my_python_subscriber/lib/python3.8/site-packages:/opt/ros/foxy/lib/python3.8/site-packages /usr/bin/python3 setup.py egg_info --egg-base ../../build/my_python_subscriber build --build-base /home/dev/ros2_ws/build/my_python_subscriber/build install --record /home/dev/ros2_ws/build/my_python_subscriber/install.log --install-scripts $base/lib/my_python_subscriber --single-version-externally-managed
[4.877s] Level 1:colcon.colcon_core.environment:checking '/home/dev/ros2_ws/install/my_python_subscriber' for CMake module files
[4.878s] Level 1:colcon.colcon_core.environment:checking '/home/dev/ros2_ws/install/my_python_subscriber' for CMake config files
[4.879s] Level 1:colcon.colcon_core.environment:checking '/home/dev/ros2_ws/install/my_python_subscriber/lib'
[4.880s] Level 1:colcon.colcon_core.environment:checking '/home/dev/ros2_ws/install/my_python_subscriber/bin'
[4.880s] Level 1:colcon.colcon_core.environment:checking '/home/dev/ros2_ws/install/my_python_subscriber/lib/pkgconfig/my_python_subscriber.pc'
[4.880s] Level 1:colcon.colcon_core.environment:checking '/home/dev/ros2_ws/install/my_python_subscriber/lib/python3.8/site-packages'
[4.880s] Level 1:colcon.colcon_core.shell:create_environment_hook('my_python_subscriber', 'pythonpath')
[4.884s] INFO:colcon.colcon_core.shell:Creating environment hook '/home/dev/ros2_ws/install/my_python_subscriber/share/my_python_subscriber/hook/pythonpath.ps1'
[4.885s] INFO:colcon.colcon_core.shell:Creating environment descriptor '/home/dev/ros2_ws/install/my_python_subscriber/share/my_python_subscriber/hook/pythonpath.dsv'
[4.886s] INFO:colcon.colcon_core.shell:Creating environment hook '/home/dev/ros2_ws/install/my_python_subscriber/share/my_python_subscriber/hook/pythonpath.sh'
[4.887s] Level 1:colcon.colcon_core.environment:checking '/home/dev/ros2_ws/install/my_python_subscriber/bin'
[4.887s] Level 1:colcon.colcon_core.environment:create_environment_scripts_only(my_python_subscriber)
[4.890s] INFO:colcon.colcon_core.shell:Creating package script '/home/dev/ros2_ws/install/my_python_subscriber/share/my_python_subscriber/package.ps1'
[4.892s] INFO:colcon.colcon_core.shell:Creating package descriptor '/home/dev/ros2_ws/install/my_python_subscriber/share/my_python_subscriber/package.dsv'
[4.893s] INFO:colcon.colcon_core.shell:Creating package script '/home/dev/ros2_ws/install/my_python_subscriber/share/my_python_subscriber/package.sh'
[4.894s] INFO:colcon.colcon_core.shell:Creating package script '/home/dev/ros2_ws/install/my_python_subscriber/share/my_python_subscriber/package.bash'
[4.895s] INFO:colcon.colcon_core.shell:Creating package script '/home/dev/ros2_ws/install/my_python_subscriber/share/my_python_subscriber/package.zsh'
[4.896s] Level 1:colcon.colcon_core.environment:create_file_with_runtime_dependencies(/home/dev/ros2_ws/install/my_python_subscriber/share/colcon-core/packages/my_python_subscriber)
[4.898s] DEBUG:colcon.colcon_parallel_executor.executor.parallel:closing loop
[4.899s] DEBUG:colcon.colcon_parallel_executor.executor.parallel:loop closed
[4.899s] DEBUG:colcon.colcon_parallel_executor.executor.parallel:run_until_complete finished with '0'
[4.899s] DEBUG:colcon.colcon_core.event_reactor:joining thread
[5.063s] INFO:colcon.colcon_core.plugin_system:Skipping extension 'colcon_notification.desktop_notification.notify_send': Could not find 'notify-send'
[5.064s] INFO:colcon.colcon_core.plugin_system:Skipping extension 'colcon_notification.desktop_notification.terminal_notifier': Not used on non-Darwin systems
[5.064s] INFO:colcon.colcon_core.plugin_system:Skipping extension 'colcon_notification.desktop_notification.win32': Not used on non-Windows systems
[5.064s] INFO:colcon.colcon_notification.desktop_notification:Sending desktop notification using 'notify2'
[5.082s] DEBUG:colcon.colcon_notification.desktop_notification.notify2:Failed to initialize notify2: org.freedesktop.DBus.Error.ServiceUnknown: The name org.freedesktop.Notifications was not provided by any .service files
[5.083s] DEBUG:colcon.colcon_core.event_reactor:joined thread
[5.090s] INFO:colcon.colcon_core.shell:Creating prefix script '/home/dev/ros2_ws/install/local_setup.ps1'
[5.094s] INFO:colcon.colcon_core.shell:Creating prefix util module '/home/dev/ros2_ws/install/_local_setup_util_ps1.py'
[5.099s] INFO:colcon.colcon_core.shell:Creating prefix chain script '/home/dev/ros2_ws/install/setup.ps1'
[5.105s] INFO:colcon.colcon_core.shell:Creating prefix script '/home/dev/ros2_ws/install/local_setup.sh'
[5.108s] INFO:colcon.colcon_core.shell:Creating prefix util module '/home/dev/ros2_ws/install/_local_setup_util_sh.py'
[5.110s] INFO:colcon.colcon_core.shell:Creating prefix chain script '/home/dev/ros2_ws/install/setup.sh'
[5.115s] INFO:colcon.colcon_core.shell:Creating prefix script '/home/dev/ros2_ws/install/local_setup.bash'
[5.117s] INFO:colcon.colcon_core.shell:Creating prefix chain script '/home/dev/ros2_ws/install/setup.bash'
[5.123s] INFO:colcon.colcon_core.shell:Creating prefix script '/home/dev/ros2_ws/install/local_setup.zsh'
[5.125s] INFO:colcon.colcon_core.shell:Creating prefix chain script '/home/dev/ros2_ws/install/setup.zsh'
