[0.007s] Invoking command in '/home/jos/Documents/ros_ws/build/my_robot_bringup': CMAKE_PREFIX_PATH=${CMAKE_PREFIX_PATH}:/opt/ros/humble /usr/bin/cmake --build /home/jos/Documents/ros_ws/build/my_robot_bringup -- -j20 -l20
[0.024s] Invoked command in '/home/jos/Documents/ros_ws/build/my_robot_bringup' returned '0': CMAKE_PREFIX_PATH=${CMAKE_PREFIX_PATH}:/opt/ros/humble /usr/bin/cmake --build /home/jos/Documents/ros_ws/build/my_robot_bringup -- -j20 -l20
[0.039s] Invoking command in '/home/jos/Documents/ros_ws/build/my_robot_bringup': CMAKE_PREFIX_PATH=${CMAKE_PREFIX_PATH}:/opt/ros/humble /usr/bin/cmake --install /home/jos/Documents/ros_ws/build/my_robot_bringup
[0.042s] -- Install configuration: ""
[0.042s] -- Up-to-date: /home/jos/Documents/ros_ws/install/my_robot_bringup/share/ament_index/resource_index/package_run_dependencies/my_robot_bringup
[0.042s] -- Up-to-date: /home/jos/Documents/ros_ws/install/my_robot_bringup/share/ament_index/resource_index/parent_prefix_path/my_robot_bringup
[0.042s] -- Up-to-date: /home/jos/Documents/ros_ws/install/my_robot_bringup/share/my_robot_bringup/environment/ament_prefix_path.sh
[0.042s] -- Up-to-date: /home/jos/Documents/ros_ws/install/my_robot_bringup/share/my_robot_bringup/environment/ament_prefix_path.dsv
[0.042s] -- Up-to-date: /home/jos/Documents/ros_ws/install/my_robot_bringup/share/my_robot_bringup/environment/path.sh
[0.042s] -- Up-to-date: /home/jos/Documents/ros_ws/install/my_robot_bringup/share/my_robot_bringup/environment/path.dsv
[0.042s] -- Up-to-date: /home/jos/Documents/ros_ws/install/my_robot_bringup/share/my_robot_bringup/local_setup.bash
[0.042s] -- Up-to-date: /home/jos/Documents/ros_ws/install/my_robot_bringup/share/my_robot_bringup/local_setup.sh
[0.042s] -- Up-to-date: /home/jos/Documents/ros_ws/install/my_robot_bringup/share/my_robot_bringup/local_setup.zsh
[0.042s] -- Up-to-date: /home/jos/Documents/ros_ws/install/my_robot_bringup/share/my_robot_bringup/local_setup.dsv
[0.042s] -- Up-to-date: /home/jos/Documents/ros_ws/install/my_robot_bringup/share/my_robot_bringup/package.dsv
[0.042s] -- Up-to-date: /home/jos/Documents/ros_ws/install/my_robot_bringup/share/ament_index/resource_index/packages/my_robot_bringup
[0.042s] -- Up-to-date: /home/jos/Documents/ros_ws/install/my_robot_bringup/share/my_robot_bringup/cmake/my_robot_bringupConfig.cmake
[0.042s] -- Up-to-date: /home/jos/Documents/ros_ws/install/my_robot_bringup/share/my_robot_bringup/cmake/my_robot_bringupConfig-version.cmake
[0.042s] -- Up-to-date: /home/jos/Documents/ros_ws/install/my_robot_bringup/share/my_robot_bringup/package.xml
[0.043s] Invoked command in '/home/jos/Documents/ros_ws/build/my_robot_bringup' returned '0': CMAKE_PREFIX_PATH=${CMAKE_PREFIX_PATH}:/opt/ros/humble /usr/bin/cmake --install /home/jos/Documents/ros_ws/build/my_robot_bringup
