[0.010s] Invoking command in '/home/jos/Documents/ros_ws/build/my_cpp_publisher': CMAKE_PREFIX_PATH=/home/jos/Documents/ros_ws/install/my_msg_types:/home/jos/Documents/ros_ws/install/my_robot_bringup:/home/jos/Documents/ros_ws/install/my_cpp_publisher:/opt/ros/humble /usr/bin/cmake --build /home/jos/Documents/ros_ws/build/my_cpp_publisher -- -j20 -l20
[0.028s] [35m[1mConsolidate compiler generated dependencies of target my_cpp_publisher_node[0m
[0.037s] [100%] Built target my_cpp_publisher_node
[0.134s] Invoked command in '/home/jos/Documents/ros_ws/build/my_cpp_publisher' returned '0': CMAKE_PREFIX_PATH=/home/jos/Documents/ros_ws/install/my_msg_types:/home/jos/Documents/ros_ws/install/my_robot_bringup:/home/jos/Documents/ros_ws/install/my_cpp_publisher:/opt/ros/humble /usr/bin/cmake --build /home/jos/Documents/ros_ws/build/my_cpp_publisher -- -j20 -l20
[0.145s] Invoking command in '/home/jos/Documents/ros_ws/build/my_cpp_publisher': CMAKE_PREFIX_PATH=/home/jos/Documents/ros_ws/install/my_msg_types:/home/jos/Documents/ros_ws/install/my_robot_bringup:/home/jos/Documents/ros_ws/install/my_cpp_publisher:/opt/ros/humble /usr/bin/cmake --install /home/jos/Documents/ros_ws/build/my_cpp_publisher
[0.148s] -- Install configuration: ""
[0.148s] -- Up-to-date: /home/jos/Documents/ros_ws/install/my_cpp_publisher/lib/my_cpp_publisher/my_cpp_publisher_node
[0.149s] -- Up-to-date: /home/jos/Documents/ros_ws/install/my_cpp_publisher/share/ament_index/resource_index/package_run_dependencies/my_cpp_publisher
[0.149s] -- Up-to-date: /home/jos/Documents/ros_ws/install/my_cpp_publisher/share/ament_index/resource_index/parent_prefix_path/my_cpp_publisher
[0.149s] -- Up-to-date: /home/jos/Documents/ros_ws/install/my_cpp_publisher/share/my_cpp_publisher/environment/ament_prefix_path.sh
[0.149s] -- Up-to-date: /home/jos/Documents/ros_ws/install/my_cpp_publisher/share/my_cpp_publisher/environment/ament_prefix_path.dsv
[0.149s] -- Up-to-date: /home/jos/Documents/ros_ws/install/my_cpp_publisher/share/my_cpp_publisher/environment/path.sh
[0.149s] -- Up-to-date: /home/jos/Documents/ros_ws/install/my_cpp_publisher/share/my_cpp_publisher/environment/path.dsv
[0.149s] -- Up-to-date: /home/jos/Documents/ros_ws/install/my_cpp_publisher/share/my_cpp_publisher/local_setup.bash
[0.149s] -- Up-to-date: /home/jos/Documents/ros_ws/install/my_cpp_publisher/share/my_cpp_publisher/local_setup.sh
[0.149s] -- Up-to-date: /home/jos/Documents/ros_ws/install/my_cpp_publisher/share/my_cpp_publisher/local_setup.zsh
[0.149s] -- Up-to-date: /home/jos/Documents/ros_ws/install/my_cpp_publisher/share/my_cpp_publisher/local_setup.dsv
[0.149s] -- Installing: /home/jos/Documents/ros_ws/install/my_cpp_publisher/share/my_cpp_publisher/package.dsv
[0.150s] -- Up-to-date: /home/jos/Documents/ros_ws/install/my_cpp_publisher/share/ament_index/resource_index/packages/my_cpp_publisher
[0.152s] -- Up-to-date: /home/jos/Documents/ros_ws/install/my_cpp_publisher/share/my_cpp_publisher/cmake/my_cpp_publisherConfig.cmake
[0.152s] -- Up-to-date: /home/jos/Documents/ros_ws/install/my_cpp_publisher/share/my_cpp_publisher/cmake/my_cpp_publisherConfig-version.cmake
[0.152s] -- Up-to-date: /home/jos/Documents/ros_ws/install/my_cpp_publisher/share/my_cpp_publisher/package.xml
[0.152s] Invoked command in '/home/jos/Documents/ros_ws/build/my_cpp_publisher' returned '0': CMAKE_PREFIX_PATH=/home/jos/Documents/ros_ws/install/my_msg_types:/home/jos/Documents/ros_ws/install/my_robot_bringup:/home/jos/Documents/ros_ws/install/my_cpp_publisher:/opt/ros/humble /usr/bin/cmake --install /home/jos/Documents/ros_ws/build/my_cpp_publisher
