[0.050s] Invoking command in '/home/dev/ros2_ws/build/my_robot_bringup': CMAKE_PREFIX_PATH=/opt/ros/foxy /usr/bin/cmake --build /home/dev/ros2_ws/build/my_robot_bringup -- -j2 -l2
[0.139s] Invoked command in '/home/dev/ros2_ws/build/my_robot_bringup' returned '0': CMAKE_PREFIX_PATH=/opt/ros/foxy /usr/bin/cmake --build /home/dev/ros2_ws/build/my_robot_bringup -- -j2 -l2
[0.236s] Invoking command in '/home/dev/ros2_ws/build/my_robot_bringup': CMAKE_PREFIX_PATH=/opt/ros/foxy /usr/bin/cmake --install /home/dev/ros2_ws/build/my_robot_bringup
[0.273s] -- Install configuration: ""
[0.278s] -- Up-to-date: /home/dev/ros2_ws/install/my_robot_bringup/share/ament_index/resource_index/package_run_dependencies/my_robot_bringup
[0.278s] -- Up-to-date: /home/dev/ros2_ws/install/my_robot_bringup/share/ament_index/resource_index/parent_prefix_path/my_robot_bringup
[0.279s] -- Up-to-date: /home/dev/ros2_ws/install/my_robot_bringup/share/my_robot_bringup/environment/ament_prefix_path.sh
[0.279s] -- Up-to-date: /home/dev/ros2_ws/install/my_robot_bringup/share/my_robot_bringup/environment/ament_prefix_path.dsv
[0.280s] -- Up-to-date: /home/dev/ros2_ws/install/my_robot_bringup/share/my_robot_bringup/environment/path.sh
[0.280s] -- Up-to-date: /home/dev/ros2_ws/install/my_robot_bringup/share/my_robot_bringup/environment/path.dsv
[0.281s] -- Up-to-date: /home/dev/ros2_ws/install/my_robot_bringup/share/my_robot_bringup/local_setup.bash
[0.281s] -- Up-to-date: /home/dev/ros2_ws/install/my_robot_bringup/share/my_robot_bringup/local_setup.sh
[0.282s] -- Up-to-date: /home/dev/ros2_ws/install/my_robot_bringup/share/my_robot_bringup/local_setup.zsh
[0.282s] -- Up-to-date: /home/dev/ros2_ws/install/my_robot_bringup/share/my_robot_bringup/local_setup.dsv
[0.283s] -- Installing: /home/dev/ros2_ws/install/my_robot_bringup/share/my_robot_bringup/package.dsv
[0.284s] -- Up-to-date: /home/dev/ros2_ws/install/my_robot_bringup/share/ament_index/resource_index/packages/my_robot_bringup
[0.284s] -- Up-to-date: /home/dev/ros2_ws/install/my_robot_bringup/share/my_robot_bringup/cmake/my_robot_bringupConfig.cmake
[0.284s] -- Up-to-date: /home/dev/ros2_ws/install/my_robot_bringup/share/my_robot_bringup/cmake/my_robot_bringupConfig-version.cmake
[0.285s] -- Up-to-date: /home/dev/ros2_ws/install/my_robot_bringup/share/my_robot_bringup/package.xml
[0.303s] Invoked command in '/home/dev/ros2_ws/build/my_robot_bringup' returned '0': CMAKE_PREFIX_PATH=/opt/ros/foxy /usr/bin/cmake --install /home/dev/ros2_ws/build/my_robot_bringup
