[0.063s] Invoking command in '/home/dev/ros2_ws/build/my_msg_types': CMAKE_PREFIX_PATH=${CMAKE_PREFIX_PATH}:/home/dev/ros2_ws/install/my_python_subscriber:/opt/ros/foxy /usr/bin/cmake --build /home/dev/ros2_ws/build/my_msg_types -- -j2 -l2
[0.194s] [ 12%] Built target my_msg_types__cpp
[0.200s] [ 12%] Built target my_msg_types__rosidl_generator_c
[0.234s] [ 22%] Built target my_msg_types__rosidl_typesupport_introspection_cpp
[0.250s] [ 32%] Built target my_msg_types__rosidl_typesupport_cpp
[0.309s] [ 41%] Built target my_msg_types__rosidl_typesupport_introspection_c
[0.318s] [ 51%] Built target my_msg_types__rosidl_typesupport_fastrtps_cpp
[0.347s] [ 61%] Built target my_msg_types__rosidl_typesupport_c
[0.375s] [ 70%] Built target my_msg_types__rosidl_typesupport_fastrtps_c
[0.410s] [ 70%] Built target my_msg_types
[0.446s] [ 74%] Built target my_msg_types__py
[0.493s] [ 80%] Built target my_msg_types__python
[0.536s] [ 93%] Built target my_msg_types__rosidl_typesupport_introspection_c__pyext
[0.536s] [ 93%] Built target my_msg_types__rosidl_typesupport_c__pyext
[0.590s] [100%] Built target my_msg_types__rosidl_typesupport_fastrtps_c__pyext
[0.618s] Invoked command in '/home/dev/ros2_ws/build/my_msg_types' returned '0': CMAKE_PREFIX_PATH=${CMAKE_PREFIX_PATH}:/home/dev/ros2_ws/install/my_python_subscriber:/opt/ros/foxy /usr/bin/cmake --build /home/dev/ros2_ws/build/my_msg_types -- -j2 -l2
[0.734s] Invoking command in '/home/dev/ros2_ws/build/my_msg_types': CMAKE_PREFIX_PATH=${CMAKE_PREFIX_PATH}:/home/dev/ros2_ws/install/my_python_subscriber:/opt/ros/foxy /usr/bin/cmake --install /home/dev/ros2_ws/build/my_msg_types
[0.755s] -- Install configuration: ""
[0.755s] -- Up-to-date: /home/dev/ros2_ws/install/my_msg_types/share/ament_index/resource_index/rosidl_interfaces/my_msg_types
[0.756s] -- Up-to-date: /home/dev/ros2_ws/install/my_msg_types/include/my_msg_types
[0.756s] -- Up-to-date: /home/dev/ros2_ws/install/my_msg_types/include/my_msg_types/msg
[0.756s] -- Up-to-date: /home/dev/ros2_ws/install/my_msg_types/include/my_msg_types/msg/my_msg.h
[0.756s] -- Up-to-date: /home/dev/ros2_ws/install/my_msg_types/include/my_msg_types/msg/rosidl_generator_c__visibility_control.h
[0.756s] -- Up-to-date: /home/dev/ros2_ws/install/my_msg_types/include/my_msg_types/msg/detail
[0.756s] -- Up-to-date: /home/dev/ros2_ws/install/my_msg_types/include/my_msg_types/msg/detail/my_msg__type_support.h
[0.757s] -- Up-to-date: /home/dev/ros2_ws/install/my_msg_types/include/my_msg_types/msg/detail/my_msg__functions.h
[0.757s] -- Up-to-date: /home/dev/ros2_ws/install/my_msg_types/include/my_msg_types/msg/detail/my_msg__struct.h
[0.757s] -- Up-to-date: /home/dev/ros2_ws/install/my_msg_types/include/my_msg_types/msg/detail/my_msg__functions.c
[0.757s] -- Up-to-date: /home/dev/ros2_ws/install/my_msg_types/share/my_msg_types/environment/library_path.sh
[0.757s] -- Up-to-date: /home/dev/ros2_ws/install/my_msg_types/share/my_msg_types/environment/library_path.dsv
[0.758s] -- Up-to-date: /home/dev/ros2_ws/install/my_msg_types/lib/libmy_msg_types__rosidl_generator_c.so
[0.758s] -- Up-to-date: /home/dev/ros2_ws/install/my_msg_types/include/my_msg_types
[0.758s] -- Up-to-date: /home/dev/ros2_ws/install/my_msg_types/include/my_msg_types/msg
[0.758s] -- Up-to-date: /home/dev/ros2_ws/install/my_msg_types/include/my_msg_types/msg/rosidl_typesupport_fastrtps_c__visibility_control.h
[0.758s] -- Up-to-date: /home/dev/ros2_ws/install/my_msg_types/include/my_msg_types/msg/detail
[0.759s] -- Up-to-date: /home/dev/ros2_ws/install/my_msg_types/include/my_msg_types/msg/detail/my_msg__rosidl_typesupport_fastrtps_c.h
[0.759s] -- Up-to-date: /home/dev/ros2_ws/install/my_msg_types/lib/libmy_msg_types__rosidl_typesupport_fastrtps_c.so
[0.759s] -- Up-to-date: /home/dev/ros2_ws/install/my_msg_types/include/my_msg_types
[0.759s] -- Up-to-date: /home/dev/ros2_ws/install/my_msg_types/include/my_msg_types/msg
[0.760s] -- Up-to-date: /home/dev/ros2_ws/install/my_msg_types/include/my_msg_types/msg/detail
[0.760s] -- Up-to-date: /home/dev/ros2_ws/install/my_msg_types/include/my_msg_types/msg/detail/dds_fastrtps
[0.761s] -- Up-to-date: /home/dev/ros2_ws/install/my_msg_types/include/my_msg_types/msg/detail/my_msg__rosidl_typesupport_fastrtps_cpp.hpp
[0.761s] -- Up-to-date: /home/dev/ros2_ws/install/my_msg_types/include/my_msg_types/msg/rosidl_typesupport_fastrtps_cpp__visibility_control.h
[0.761s] -- Up-to-date: /home/dev/ros2_ws/install/my_msg_types/lib/libmy_msg_types__rosidl_typesupport_fastrtps_cpp.so
[0.761s] -- Up-to-date: /home/dev/ros2_ws/install/my_msg_types/include/my_msg_types
[0.762s] -- Up-to-date: /home/dev/ros2_ws/install/my_msg_types/include/my_msg_types/msg
[0.762s] -- Up-to-date: /home/dev/ros2_ws/install/my_msg_types/include/my_msg_types/msg/rosidl_typesupport_introspection_c__visibility_control.h
[0.762s] -- Up-to-date: /home/dev/ros2_ws/install/my_msg_types/include/my_msg_types/msg/detail
[0.762s] -- Up-to-date: /home/dev/ros2_ws/install/my_msg_types/include/my_msg_types/msg/detail/my_msg__rosidl_typesupport_introspection_c.h
[0.762s] -- Up-to-date: /home/dev/ros2_ws/install/my_msg_types/include/my_msg_types/msg/detail/my_msg__type_support.c
[0.762s] -- Up-to-date: /home/dev/ros2_ws/install/my_msg_types/lib/libmy_msg_types__rosidl_typesupport_introspection_c.so
[0.763s] -- Up-to-date: /home/dev/ros2_ws/install/my_msg_types/lib/libmy_msg_types__rosidl_typesupport_c.so
[0.763s] -- Up-to-date: /home/dev/ros2_ws/install/my_msg_types/include/my_msg_types
[0.764s] -- Up-to-date: /home/dev/ros2_ws/install/my_msg_types/include/my_msg_types/msg
[0.764s] -- Up-to-date: /home/dev/ros2_ws/install/my_msg_types/include/my_msg_types/msg/my_msg.hpp
[0.764s] -- Up-to-date: /home/dev/ros2_ws/install/my_msg_types/include/my_msg_types/msg/detail
[0.764s] -- Up-to-date: /home/dev/ros2_ws/install/my_msg_types/include/my_msg_types/msg/detail/my_msg__builder.hpp
[0.765s] -- Up-to-date: /home/dev/ros2_ws/install/my_msg_types/include/my_msg_types/msg/detail/my_msg__struct.hpp
[0.765s] -- Up-to-date: /home/dev/ros2_ws/install/my_msg_types/include/my_msg_types/msg/detail/my_msg__traits.hpp
[0.765s] -- Up-to-date: /home/dev/ros2_ws/install/my_msg_types/include/my_msg_types
[0.765s] -- Up-to-date: /home/dev/ros2_ws/install/my_msg_types/include/my_msg_types/msg
[0.765s] -- Up-to-date: /home/dev/ros2_ws/install/my_msg_types/include/my_msg_types/msg/detail
[0.766s] -- Up-to-date: /home/dev/ros2_ws/install/my_msg_types/include/my_msg_types/msg/detail/my_msg__rosidl_typesupport_introspection_cpp.hpp
[0.766s] -- Up-to-date: /home/dev/ros2_ws/install/my_msg_types/include/my_msg_types/msg/detail/my_msg__type_support.cpp
[0.766s] -- Up-to-date: /home/dev/ros2_ws/install/my_msg_types/lib/libmy_msg_types__rosidl_typesupport_introspection_cpp.so
[0.766s] -- Up-to-date: /home/dev/ros2_ws/install/my_msg_types/lib/libmy_msg_types__rosidl_typesupport_cpp.so
[0.766s] -- Up-to-date: /home/dev/ros2_ws/install/my_msg_types/share/my_msg_types/environment/pythonpath.sh
[0.767s] -- Up-to-date: /home/dev/ros2_ws/install/my_msg_types/share/my_msg_types/environment/pythonpath.dsv
[0.767s] -- Up-to-date: /home/dev/ros2_ws/install/my_msg_types/lib/python3.8/site-packages/my_msg_types/__init__.py
[0.824s] -- Up-to-date: /home/dev/ros2_ws/install/my_msg_types/lib/python3.8/site-packages/my_msg_types/msg
[0.825s] -- Up-to-date: /home/dev/ros2_ws/install/my_msg_types/lib/python3.8/site-packages/my_msg_types/msg/__init__.py
[0.825s] -- Up-to-date: /home/dev/ros2_ws/install/my_msg_types/lib/python3.8/site-packages/my_msg_types/msg/_my_msg_s.c
[0.825s] -- Up-to-date: /home/dev/ros2_ws/install/my_msg_types/lib/python3.8/site-packages/my_msg_types/msg/_my_msg.py
[0.825s] -- Up-to-date: /home/dev/ros2_ws/install/my_msg_types/lib/python3.8/site-packages/my_msg_types/my_msg_types_s__rosidl_typesupport_fastrtps_c.cpython-38-x86_64-linux-gnu.so
[0.826s] -- Up-to-date: /home/dev/ros2_ws/install/my_msg_types/lib/python3.8/site-packages/my_msg_types/my_msg_types_s__rosidl_typesupport_introspection_c.cpython-38-x86_64-linux-gnu.so
[0.827s] -- Up-to-date: /home/dev/ros2_ws/install/my_msg_types/lib/python3.8/site-packages/my_msg_types/my_msg_types_s__rosidl_typesupport_c.cpython-38-x86_64-linux-gnu.so
[0.828s] -- Up-to-date: /home/dev/ros2_ws/install/my_msg_types/lib/libmy_msg_types__python.so
[0.829s] -- Up-to-date: /home/dev/ros2_ws/install/my_msg_types/share/my_msg_types/msg/MyMsg.idl
[0.829s] -- Up-to-date: /home/dev/ros2_ws/install/my_msg_types/share/my_msg_types/msg/MyMsg.msg
[0.829s] -- Up-to-date: /home/dev/ros2_ws/install/my_msg_types/share/ament_index/resource_index/package_run_dependencies/my_msg_types
[0.829s] -- Up-to-date: /home/dev/ros2_ws/install/my_msg_types/share/ament_index/resource_index/parent_prefix_path/my_msg_types
[0.830s] -- Up-to-date: /home/dev/ros2_ws/install/my_msg_types/share/my_msg_types/environment/ament_prefix_path.sh
[0.830s] -- Up-to-date: /home/dev/ros2_ws/install/my_msg_types/share/my_msg_types/environment/ament_prefix_path.dsv
[0.830s] -- Up-to-date: /home/dev/ros2_ws/install/my_msg_types/share/my_msg_types/environment/path.sh
[0.830s] -- Up-to-date: /home/dev/ros2_ws/install/my_msg_types/share/my_msg_types/environment/path.dsv
[0.830s] -- Up-to-date: /home/dev/ros2_ws/install/my_msg_types/share/my_msg_types/local_setup.bash
[0.830s] -- Up-to-date: /home/dev/ros2_ws/install/my_msg_types/share/my_msg_types/local_setup.sh
[0.830s] -- Up-to-date: /home/dev/ros2_ws/install/my_msg_types/share/my_msg_types/local_setup.zsh
[0.830s] -- Up-to-date: /home/dev/ros2_ws/install/my_msg_types/share/my_msg_types/local_setup.dsv
[0.831s] -- Installing: /home/dev/ros2_ws/install/my_msg_types/share/my_msg_types/package.dsv
[0.831s] -- Up-to-date: /home/dev/ros2_ws/install/my_msg_types/share/ament_index/resource_index/packages/my_msg_types
[0.831s] -- Up-to-date: /home/dev/ros2_ws/install/my_msg_types/share/my_msg_types/cmake/my_msg_types__rosidl_generator_cExport.cmake
[0.831s] -- Up-to-date: /home/dev/ros2_ws/install/my_msg_types/share/my_msg_types/cmake/my_msg_types__rosidl_generator_cExport-noconfig.cmake
[0.831s] -- Up-to-date: /home/dev/ros2_ws/install/my_msg_types/share/my_msg_types/cmake/my_msg_types__rosidl_typesupport_introspection_cExport.cmake
[0.831s] -- Up-to-date: /home/dev/ros2_ws/install/my_msg_types/share/my_msg_types/cmake/my_msg_types__rosidl_typesupport_introspection_cExport-noconfig.cmake
[0.831s] -- Up-to-date: /home/dev/ros2_ws/install/my_msg_types/share/my_msg_types/cmake/my_msg_types__rosidl_typesupport_cExport.cmake
[0.832s] -- Up-to-date: /home/dev/ros2_ws/install/my_msg_types/share/my_msg_types/cmake/my_msg_types__rosidl_typesupport_cExport-noconfig.cmake
[0.832s] -- Up-to-date: /home/dev/ros2_ws/install/my_msg_types/share/my_msg_types/cmake/my_msg_types__rosidl_generator_cppExport.cmake
[0.832s] -- Up-to-date: /home/dev/ros2_ws/install/my_msg_types/share/my_msg_types/cmake/my_msg_types__rosidl_typesupport_introspection_cppExport.cmake
[0.832s] -- Up-to-date: /home/dev/ros2_ws/install/my_msg_types/share/my_msg_types/cmake/my_msg_types__rosidl_typesupport_introspection_cppExport-noconfig.cmake
[0.832s] -- Up-to-date: /home/dev/ros2_ws/install/my_msg_types/share/my_msg_types/cmake/my_msg_types__rosidl_typesupport_cppExport.cmake
[0.832s] -- Up-to-date: /home/dev/ros2_ws/install/my_msg_types/share/my_msg_types/cmake/my_msg_types__rosidl_typesupport_cppExport-noconfig.cmake
[0.833s] -- Up-to-date: /home/dev/ros2_ws/install/my_msg_types/share/my_msg_types/cmake/rosidl_cmake-extras.cmake
[0.833s] -- Up-to-date: /home/dev/ros2_ws/install/my_msg_types/share/my_msg_types/cmake/ament_cmake_export_dependencies-extras.cmake
[0.833s] -- Up-to-date: /home/dev/ros2_ws/install/my_msg_types/share/my_msg_types/cmake/ament_cmake_export_libraries-extras.cmake
[0.833s] -- Up-to-date: /home/dev/ros2_ws/install/my_msg_types/share/my_msg_types/cmake/ament_cmake_export_targets-extras.cmake
[0.833s] -- Up-to-date: /home/dev/ros2_ws/install/my_msg_types/share/my_msg_types/cmake/ament_cmake_export_include_directories-extras.cmake
[0.833s] -- Up-to-date: /home/dev/ros2_ws/install/my_msg_types/share/my_msg_types/cmake/rosidl_cmake_export_typesupport_libraries-extras.cmake
[0.833s] -- Up-to-date: /home/dev/ros2_ws/install/my_msg_types/share/my_msg_types/cmake/rosidl_cmake_export_typesupport_targets-extras.cmake
[0.833s] -- Up-to-date: /home/dev/ros2_ws/install/my_msg_types/share/my_msg_types/cmake/my_msg_typesConfig.cmake
[0.833s] -- Up-to-date: /home/dev/ros2_ws/install/my_msg_types/share/my_msg_types/cmake/my_msg_typesConfig-version.cmake
[0.834s] -- Up-to-date: /home/dev/ros2_ws/install/my_msg_types/share/my_msg_types/package.xml
[0.841s] Invoked command in '/home/dev/ros2_ws/build/my_msg_types' returned '0': CMAKE_PREFIX_PATH=${CMAKE_PREFIX_PATH}:/home/dev/ros2_ws/install/my_python_subscriber:/opt/ros/foxy /usr/bin/cmake --install /home/dev/ros2_ws/build/my_msg_types
