[35m[1mScanning dependencies of target my_cpp_publisher_node[0m
[ 50%] [32mBuilding CXX object CMakeFiles/my_cpp_publisher_node.dir/src/my_cpp_publisher_node.cpp.o[0m
[100%] [32m[1mLinking CXX executable my_cpp_publisher_node[0m
[100%] Built target my_cpp_publisher_node
-- Install configuration: ""
-- Installing: /home/dev/ros2_ws/install/my_cpp_publisher/lib/my_cpp_publisher/my_cpp_publisher_node
-- Set runtime path of "/home/dev/ros2_ws/install/my_cpp_publisher/lib/my_cpp_publisher/my_cpp_publisher_node" to ""
-- Installing: /home/dev/ros2_ws/install/my_cpp_publisher/share/ament_index/resource_index/package_run_dependencies/my_cpp_publisher
-- Installing: /home/dev/ros2_ws/install/my_cpp_publisher/share/ament_index/resource_index/parent_prefix_path/my_cpp_publisher
-- Installing: /home/dev/ros2_ws/install/my_cpp_publisher/share/my_cpp_publisher/environment/ament_prefix_path.sh
-- Installing: /home/dev/ros2_ws/install/my_cpp_publisher/share/my_cpp_publisher/environment/ament_prefix_path.dsv
-- Installing: /home/dev/ros2_ws/install/my_cpp_publisher/share/my_cpp_publisher/environment/path.sh
-- Installing: /home/dev/ros2_ws/install/my_cpp_publisher/share/my_cpp_publisher/environment/path.dsv
-- Installing: /home/dev/ros2_ws/install/my_cpp_publisher/share/my_cpp_publisher/local_setup.bash
-- Installing: /home/dev/ros2_ws/install/my_cpp_publisher/share/my_cpp_publisher/local_setup.sh
-- Installing: /home/dev/ros2_ws/install/my_cpp_publisher/share/my_cpp_publisher/local_setup.zsh
-- Installing: /home/dev/ros2_ws/install/my_cpp_publisher/share/my_cpp_publisher/local_setup.dsv
-- Installing: /home/dev/ros2_ws/install/my_cpp_publisher/share/my_cpp_publisher/package.dsv
-- Installing: /home/dev/ros2_ws/install/my_cpp_publisher/share/ament_index/resource_index/packages/my_cpp_publisher
-- Installing: /home/dev/ros2_ws/install/my_cpp_publisher/share/my_cpp_publisher/cmake/my_cpp_publisherConfig.cmake
-- Installing: /home/dev/ros2_ws/install/my_cpp_publisher/share/my_cpp_publisher/cmake/my_cpp_publisherConfig-version.cmake
-- Installing: /home/dev/ros2_ws/install/my_cpp_publisher/share/my_cpp_publisher/package.xml
