[0.025s] Invoking command in '/home/dev/ros2_ws/build/my_robot_bringup': CMAKE_PREFIX_PATH=/opt/ros/foxy /usr/bin/cmake /home/dev/ros2_ws/src/my_robot_bringup -DCMAKE_INSTALL_PREFIX=/home/dev/ros2_ws/install/my_robot_bringup
[0.858s] -- The C compiler identification is GNU 9.4.0
[2.423s] -- The CXX compiler identification is GNU 9.4.0
[2.986s] -- Check for working C compiler: /usr/bin/cc
[3.626s] -- Check for working C compiler: /usr/bin/cc -- works
[3.631s] -- Detecting C compiler ABI info
[4.323s] -- Detecting C compiler ABI info - done
[4.385s] -- Detecting C compile features
[4.387s] -- Detecting C compile features - done
[4.400s] -- Check for working CXX compiler: /usr/bin/c++
[5.158s] -- Check for working CXX compiler: /usr/bin/c++ -- works
[5.163s] -- Detecting CXX compiler ABI info
[6.035s] -- Detecting CXX compiler ABI info - done
[6.094s] -- Detecting CXX compile features
[6.097s] -- Detecting CXX compile features - done
[6.106s] -- Found ament_cmake: 0.9.11 (/opt/ros/foxy/share/ament_cmake/cmake)
[6.205s] -- Found PythonInterp: /usr/bin/python3 (found suitable version "3.8.10", minimum required is "3") 
[6.205s] -- Using PYTHON_EXECUTABLE: /usr/bin/python3
[6.597s] -- Found ament_lint_auto: 0.9.7 (/opt/ros/foxy/share/ament_lint_auto/cmake)
[6.738s] -- Added test 'copyright' to check source files copyright and LICENSE
[6.742s] -- Added test 'lint_cmake' to check CMake code style
[6.744s] -- Added test 'xmllint' to check XML markup files
[6.748s] -- Configuring done
[6.754s] -- Generating done
[6.756s] -- Build files have been written to: /home/dev/ros2_ws/build/my_robot_bringup
[6.762s] Invoked command in '/home/dev/ros2_ws/build/my_robot_bringup' returned '0': CMAKE_PREFIX_PATH=/opt/ros/foxy /usr/bin/cmake /home/dev/ros2_ws/src/my_robot_bringup -DCMAKE_INSTALL_PREFIX=/home/dev/ros2_ws/install/my_robot_bringup
[6.769s] Invoking command in '/home/dev/ros2_ws/build/my_robot_bringup': CMAKE_PREFIX_PATH=/opt/ros/foxy /usr/bin/cmake --build /home/dev/ros2_ws/build/my_robot_bringup -- -j2 -l2
[6.870s] Invoked command in '/home/dev/ros2_ws/build/my_robot_bringup' returned '0': CMAKE_PREFIX_PATH=/opt/ros/foxy /usr/bin/cmake --build /home/dev/ros2_ws/build/my_robot_bringup -- -j2 -l2
[6.930s] Invoking command in '/home/dev/ros2_ws/build/my_robot_bringup': CMAKE_PREFIX_PATH=/opt/ros/foxy /usr/bin/cmake --install /home/dev/ros2_ws/build/my_robot_bringup
[6.951s] -- Install configuration: ""
[6.953s] -- Installing: /home/dev/ros2_ws/install/my_robot_bringup/share/ament_index/resource_index/package_run_dependencies/my_robot_bringup
[6.955s] -- Installing: /home/dev/ros2_ws/install/my_robot_bringup/share/ament_index/resource_index/parent_prefix_path/my_robot_bringup
[6.957s] -- Installing: /home/dev/ros2_ws/install/my_robot_bringup/share/my_robot_bringup/environment/ament_prefix_path.sh
[6.958s] -- Installing: /home/dev/ros2_ws/install/my_robot_bringup/share/my_robot_bringup/environment/ament_prefix_path.dsv
[6.958s] -- Installing: /home/dev/ros2_ws/install/my_robot_bringup/share/my_robot_bringup/environment/path.sh
[6.958s] -- Installing: /home/dev/ros2_ws/install/my_robot_bringup/share/my_robot_bringup/environment/path.dsv
[6.958s] -- Installing: /home/dev/ros2_ws/install/my_robot_bringup/share/my_robot_bringup/local_setup.bash
[6.959s] -- Installing: /home/dev/ros2_ws/install/my_robot_bringup/share/my_robot_bringup/local_setup.sh
[6.959s] -- Installing: /home/dev/ros2_ws/install/my_robot_bringup/share/my_robot_bringup/local_setup.zsh
[6.960s] -- Installing: /home/dev/ros2_ws/install/my_robot_bringup/share/my_robot_bringup/local_setup.dsv
[6.960s] -- Installing: /home/dev/ros2_ws/install/my_robot_bringup/share/my_robot_bringup/package.dsv
[6.961s] -- Installing: /home/dev/ros2_ws/install/my_robot_bringup/share/ament_index/resource_index/packages/my_robot_bringup
[6.962s] -- Installing: /home/dev/ros2_ws/install/my_robot_bringup/share/my_robot_bringup/cmake/my_robot_bringupConfig.cmake
[6.963s] -- Installing: /home/dev/ros2_ws/install/my_robot_bringup/share/my_robot_bringup/cmake/my_robot_bringupConfig-version.cmake
[6.963s] -- Installing: /home/dev/ros2_ws/install/my_robot_bringup/share/my_robot_bringup/package.xml
[6.974s] Invoked command in '/home/dev/ros2_ws/build/my_robot_bringup' returned '0': CMAKE_PREFIX_PATH=/opt/ros/foxy /usr/bin/cmake --install /home/dev/ros2_ws/build/my_robot_bringup
