[0.368s] Invoking command in '/home/dev/ros2_ws/build/my_cpp_publisher': CMAKE_PREFIX_PATH=/home/dev/ros2_ws/install/my_msg_types:/home/dev/ros2_ws/install/my_robot_bringup:/home/dev/ros2_ws/install/my_cpp_publisher:/home/dev/ros2_ws/install/my_python_subscriber:/opt/ros/foxy PYTHONPATH=/home/dev/ros2_ws/install/my_msg_types/lib/python3.8/site-packages:/home/dev/ros2_ws/install/my_python_subscriber/lib/python3.8/site-packages:/opt/ros/foxy/lib/python3.8/site-packages /usr/bin/cmake --build /home/dev/ros2_ws/build/my_cpp_publisher -- -j2 -l2
[0.555s] [100%] Built target my_cpp_publisher_node
[0.580s] Invoked command in '/home/dev/ros2_ws/build/my_cpp_publisher' returned '0': CMAKE_PREFIX_PATH=/home/dev/ros2_ws/install/my_msg_types:/home/dev/ros2_ws/install/my_robot_bringup:/home/dev/ros2_ws/install/my_cpp_publisher:/home/dev/ros2_ws/install/my_python_subscriber:/opt/ros/foxy PYTHONPATH=/home/dev/ros2_ws/install/my_msg_types/lib/python3.8/site-packages:/home/dev/ros2_ws/install/my_python_subscriber/lib/python3.8/site-packages:/opt/ros/foxy/lib/python3.8/site-packages /usr/bin/cmake --build /home/dev/ros2_ws/build/my_cpp_publisher -- -j2 -l2
[0.635s] Invoking command in '/home/dev/ros2_ws/build/my_cpp_publisher': CMAKE_PREFIX_PATH=/home/dev/ros2_ws/install/my_msg_types:/home/dev/ros2_ws/install/my_robot_bringup:/home/dev/ros2_ws/install/my_cpp_publisher:/home/dev/ros2_ws/install/my_python_subscriber:/opt/ros/foxy PYTHONPATH=/home/dev/ros2_ws/install/my_msg_types/lib/python3.8/site-packages:/home/dev/ros2_ws/install/my_python_subscriber/lib/python3.8/site-packages:/opt/ros/foxy/lib/python3.8/site-packages /usr/bin/cmake --install /home/dev/ros2_ws/build/my_cpp_publisher
[0.661s] -- Install configuration: "RelWithDebInfo"
[0.662s] -- Execute custom install script
[0.664s] -- Up-to-date symlink: /home/dev/ros2_ws/install/my_cpp_publisher/lib/my_cpp_publisher/my_cpp_publisher_node
[0.665s] -- Up-to-date symlink: /home/dev/ros2_ws/install/my_cpp_publisher/share/ament_index/resource_index/package_run_dependencies/my_cpp_publisher
[0.668s] -- Up-to-date symlink: /home/dev/ros2_ws/install/my_cpp_publisher/share/ament_index/resource_index/parent_prefix_path/my_cpp_publisher
[0.670s] -- Up-to-date symlink: /home/dev/ros2_ws/install/my_cpp_publisher/share/my_cpp_publisher/environment/ament_prefix_path.sh
[0.672s] -- Up-to-date symlink: /home/dev/ros2_ws/install/my_cpp_publisher/share/my_cpp_publisher/environment/ament_prefix_path.dsv
[0.674s] -- Up-to-date symlink: /home/dev/ros2_ws/install/my_cpp_publisher/share/my_cpp_publisher/environment/path.sh
[0.676s] -- Up-to-date symlink: /home/dev/ros2_ws/install/my_cpp_publisher/share/my_cpp_publisher/environment/path.dsv
[0.678s] -- Up-to-date symlink: /home/dev/ros2_ws/install/my_cpp_publisher/share/my_cpp_publisher/local_setup.bash
[0.680s] -- Up-to-date symlink: /home/dev/ros2_ws/install/my_cpp_publisher/share/my_cpp_publisher/local_setup.sh
[0.682s] -- Up-to-date symlink: /home/dev/ros2_ws/install/my_cpp_publisher/share/my_cpp_publisher/local_setup.zsh
[0.684s] -- Up-to-date symlink: /home/dev/ros2_ws/install/my_cpp_publisher/share/my_cpp_publisher/local_setup.dsv
[0.686s] -- Symlinking: /home/dev/ros2_ws/install/my_cpp_publisher/share/my_cpp_publisher/package.dsv
[0.708s] -- Up-to-date symlink: /home/dev/ros2_ws/install/my_cpp_publisher/share/ament_index/resource_index/packages/my_cpp_publisher
[0.708s] -- Up-to-date symlink: /home/dev/ros2_ws/install/my_cpp_publisher/share/my_cpp_publisher/cmake/my_cpp_publisherConfig.cmake
[0.708s] -- Up-to-date symlink: /home/dev/ros2_ws/install/my_cpp_publisher/share/my_cpp_publisher/cmake/my_cpp_publisherConfig-version.cmake
[0.708s] -- Up-to-date symlink: /home/dev/ros2_ws/install/my_cpp_publisher/share/my_cpp_publisher/package.xml
[0.720s] Invoked command in '/home/dev/ros2_ws/build/my_cpp_publisher' returned '0': CMAKE_PREFIX_PATH=/home/dev/ros2_ws/install/my_msg_types:/home/dev/ros2_ws/install/my_robot_bringup:/home/dev/ros2_ws/install/my_cpp_publisher:/home/dev/ros2_ws/install/my_python_subscriber:/opt/ros/foxy PYTHONPATH=/home/dev/ros2_ws/install/my_msg_types/lib/python3.8/site-packages:/home/dev/ros2_ws/install/my_python_subscriber/lib/python3.8/site-packages:/opt/ros/foxy/lib/python3.8/site-packages /usr/bin/cmake --install /home/dev/ros2_ws/build/my_cpp_publisher
