[0.042s] Invoking command in '/home/dev/ros2_ws/build/my_msg_types': CMAKE_PREFIX_PATH=/opt/ros/foxy /usr/bin/cmake /home/dev/ros2_ws/src/my_msg_types -DCMAKE_INSTALL_PREFIX=/home/dev/ros2_ws/install/my_msg_types
[0.089s] -- Found ament_cmake: 0.9.11 (/opt/ros/foxy/share/ament_cmake/cmake)
[0.137s] -- Found PythonInterp: /usr/bin/python3 (found suitable version "3.8.10", minimum required is "3") 
[0.137s] -- Using PYTHON_EXECUTABLE: /usr/bin/python3
[0.432s] -- Found rosidl_default_generators: 1.0.1 (/opt/ros/foxy/share/rosidl_default_generators/cmake)
[0.436s] -- Using all available rosidl_typesupport_c: rosidl_typesupport_fastrtps_c;rosidl_typesupport_introspection_c
[0.442s] -- Found rosidl_adapter: 1.3.0 (/opt/ros/foxy/share/rosidl_adapter/cmake)
[18.551s] -- Using all available rosidl_typesupport_cpp: rosidl_typesupport_fastrtps_cpp;rosidl_typesupport_introspection_cpp
[18.626s] -- Found PythonInterp: /usr/bin/python3 (found version "3.8.10") 
[18.809s] -- Found ament_cmake_ros: 0.9.2 (/opt/ros/foxy/share/ament_cmake_ros/cmake)
[36.908s] -- Using all available rosidl_typesupport_c: rosidl_typesupport_fastrtps_c;rosidl_typesupport_introspection_c
[36.925s] -- Using all available rosidl_typesupport_cpp: rosidl_typesupport_fastrtps_cpp;rosidl_typesupport_introspection_cpp
[36.978s] -- Found PythonInterp: /usr/bin/python3 (found suitable version "3.8.10", minimum required is "3.5") 
[36.982s] -- Found python_cmake_module: 0.8.1 (/opt/ros/foxy/share/python_cmake_module/cmake)
[38.743s] -- Found PythonLibs: /usr/lib/x86_64-linux-gnu/libpython3.8.so (found suitable version "3.8.10", minimum required is "3.5") 
[38.743s] -- Using PYTHON_EXECUTABLE: /usr/bin/python3
[38.744s] -- Using PYTHON_INCLUDE_DIRS: /usr/include/python3.8
[38.744s] -- Using PYTHON_LIBRARIES: /usr/lib/x86_64-linux-gnu/libpython3.8.so
[38.822s] -- Found PythonExtra: .so  
[39.253s] -- Found ament_lint_auto: 0.9.7 (/opt/ros/foxy/share/ament_lint_auto/cmake)
[39.339s] -- Added test 'copyright' to check source files copyright and LICENSE
[39.349s] -- Added test 'lint_cmake' to check CMake code style
[39.354s] -- Added test 'xmllint' to check XML markup files
[39.367s] -- Configuring done
[39.450s] -- Generating done
[39.457s] -- Build files have been written to: /home/dev/ros2_ws/build/my_msg_types
[39.473s] Invoked command in '/home/dev/ros2_ws/build/my_msg_types' returned '0': CMAKE_PREFIX_PATH=/opt/ros/foxy /usr/bin/cmake /home/dev/ros2_ws/src/my_msg_types -DCMAKE_INSTALL_PREFIX=/home/dev/ros2_ws/install/my_msg_types
[39.480s] Invoking command in '/home/dev/ros2_ws/build/my_msg_types': CMAKE_PREFIX_PATH=/opt/ros/foxy /usr/bin/cmake --build /home/dev/ros2_ws/build/my_msg_types -- -j2 -l2
[39.571s] [  3%] [34m[1mGenerating C code for ROS interfaces[0m
[39.572s] [35m[1mScanning dependencies of target my_msg_types__cpp[0m
[39.597s] [  6%] [34m[1mGenerating C++ code for ROS interfaces[0m
[39.979s] [  6%] Built target my_msg_types__cpp
[40.002s] [  9%] [34m[1mGenerating C++ introspection for ROS interfaces[0m
[40.003s] [35m[1mScanning dependencies of target my_msg_types__rosidl_generator_c[0m
[40.033s] [ 12%] [32mBuilding C object CMakeFiles/my_msg_types__rosidl_generator_c.dir/rosidl_generator_c/my_msg_types/msg/detail/my_msg__functions.c.o[0m
[40.134s] [ 16%] [32m[1mLinking C shared library libmy_msg_types__rosidl_generator_c.so[0m
[40.365s] [ 16%] Built target my_msg_types__rosidl_generator_c
[40.381s] [ 19%] [34m[1mGenerating C++ type support dispatch for ROS interfaces[0m
[40.384s] [35m[1mScanning dependencies of target my_msg_types__rosidl_typesupport_introspection_cpp[0m
[40.410s] [ 22%] [32mBuilding CXX object CMakeFiles/my_msg_types__rosidl_typesupport_introspection_cpp.dir/rosidl_typesupport_introspection_cpp/my_msg_types/msg/detail/my_msg__type_support.cpp.o[0m
[40.668s] [35m[1mScanning dependencies of target my_msg_types__rosidl_typesupport_cpp[0m
[40.688s] [ 25%] [32mBuilding CXX object CMakeFiles/my_msg_types__rosidl_typesupport_cpp.dir/rosidl_typesupport_cpp/my_msg_types/msg/my_msg__type_support.cpp.o[0m
[40.934s] [ 29%] [32m[1mLinking CXX shared library libmy_msg_types__rosidl_typesupport_introspection_cpp.so[0m
[41.115s] [ 32%] [32m[1mLinking CXX shared library libmy_msg_types__rosidl_typesupport_cpp.so[0m
[41.229s] [ 32%] Built target my_msg_types__rosidl_typesupport_introspection_cpp
[41.252s] [ 35%] [34m[1mGenerating C++ type support for eProsima Fast-RTPS[0m
[41.401s] [ 35%] Built target my_msg_types__rosidl_typesupport_cpp
[41.417s] [ 38%] [34m[1mGenerating C introspection for ROS interfaces[0m
[41.683s] [35m[1mScanning dependencies of target my_msg_types__rosidl_typesupport_fastrtps_cpp[0m
[41.727s] [ 41%] [32mBuilding CXX object CMakeFiles/my_msg_types__rosidl_typesupport_fastrtps_cpp.dir/rosidl_typesupport_fastrtps_cpp/my_msg_types/msg/detail/dds_fastrtps/my_msg__type_support.cpp.o[0m
[41.815s] [35m[1mScanning dependencies of target my_msg_types__rosidl_typesupport_introspection_c[0m
[41.835s] [ 45%] [32mBuilding C object CMakeFiles/my_msg_types__rosidl_typesupport_introspection_c.dir/rosidl_typesupport_introspection_c/my_msg_types/msg/detail/my_msg__type_support.c.o[0m
[41.888s] [ 48%] [32m[1mLinking C shared library libmy_msg_types__rosidl_typesupport_introspection_c.so[0m
[42.118s] [ 48%] Built target my_msg_types__rosidl_typesupport_introspection_c
[42.134s] [ 51%] [34m[1mGenerating C type support dispatch for ROS interfaces[0m
[42.408s] [ 54%] [32m[1mLinking CXX shared library libmy_msg_types__rosidl_typesupport_fastrtps_cpp.so[0m
[42.426s] [35m[1mScanning dependencies of target my_msg_types__rosidl_typesupport_c[0m
[42.450s] [ 58%] [32mBuilding CXX object CMakeFiles/my_msg_types__rosidl_typesupport_c.dir/rosidl_typesupport_c/my_msg_types/msg/my_msg__type_support.cpp.o[0m
[42.517s] [ 61%] [32m[1mLinking CXX shared library libmy_msg_types__rosidl_typesupport_c.so[0m
[42.801s] [ 61%] Built target my_msg_types__rosidl_typesupport_fastrtps_cpp
[42.802s] [ 61%] Built target my_msg_types__rosidl_typesupport_c
[42.818s] [ 64%] [34m[1mGenerating C type support for eProsima Fast-RTPS[0m
[43.182s] [35m[1mScanning dependencies of target my_msg_types__rosidl_typesupport_fastrtps_c[0m
[43.236s] [ 67%] [32mBuilding CXX object CMakeFiles/my_msg_types__rosidl_typesupport_fastrtps_c.dir/rosidl_typesupport_fastrtps_c/my_msg_types/msg/detail/my_msg__type_support_c.cpp.o[0m
[43.826s] [ 70%] [32m[1mLinking CXX shared library libmy_msg_types__rosidl_typesupport_fastrtps_c.so[0m
[44.445s] [ 70%] Built target my_msg_types__rosidl_typesupport_fastrtps_c
[44.469s] [35m[1mScanning dependencies of target my_msg_types[0m
[44.496s] [ 70%] Built target my_msg_types
[44.521s] [35m[1mScanning dependencies of target my_msg_types__py[0m
[44.548s] [ 74%] [34m[1mGenerating Python code for ROS interfaces[0m
[45.605s] [ 74%] Built target my_msg_types__py
[45.625s] [35m[1mScanning dependencies of target my_msg_types__python[0m
[45.767s] [ 77%] [32mBuilding C object CMakeFiles/my_msg_types__python.dir/rosidl_generator_py/my_msg_types/msg/_my_msg_s.c.o[0m
[46.036s] [ 80%] [32m[1mLinking C shared library rosidl_generator_py/my_msg_types/libmy_msg_types__python.so[0m
[46.455s] [ 80%] Built target my_msg_types__python
[46.486s] [35m[1mScanning dependencies of target my_msg_types__rosidl_typesupport_introspection_c__pyext[0m
[46.487s] [35m[1mScanning dependencies of target my_msg_types__rosidl_typesupport_c__pyext[0m
[46.550s] [ 83%] [32mBuilding C object CMakeFiles/my_msg_types__rosidl_typesupport_introspection_c__pyext.dir/rosidl_generator_py/my_msg_types/_my_msg_types_s.ep.rosidl_typesupport_introspection_c.c.o[0m
[46.556s] [ 87%] [32mBuilding C object CMakeFiles/my_msg_types__rosidl_typesupport_c__pyext.dir/rosidl_generator_py/my_msg_types/_my_msg_types_s.ep.rosidl_typesupport_c.c.o[0m
[46.728s] [ 90%] [32m[1mLinking C shared library rosidl_generator_py/my_msg_types/my_msg_types_s__rosidl_typesupport_introspection_c.cpython-38-x86_64-linux-gnu.so[0m
[46.732s] [ 93%] [32m[1mLinking C shared library rosidl_generator_py/my_msg_types/my_msg_types_s__rosidl_typesupport_c.cpython-38-x86_64-linux-gnu.so[0m
[46.964s] [ 93%] Built target my_msg_types__rosidl_typesupport_introspection_c__pyext
[46.966s] [ 93%] Built target my_msg_types__rosidl_typesupport_c__pyext
[46.989s] [35m[1mScanning dependencies of target my_msg_types__rosidl_typesupport_fastrtps_c__pyext[0m
[47.017s] [ 96%] [32mBuilding C object CMakeFiles/my_msg_types__rosidl_typesupport_fastrtps_c__pyext.dir/rosidl_generator_py/my_msg_types/_my_msg_types_s.ep.rosidl_typesupport_fastrtps_c.c.o[0m
[47.153s] [100%] [32m[1mLinking CXX shared library rosidl_generator_py/my_msg_types/my_msg_types_s__rosidl_typesupport_fastrtps_c.cpython-38-x86_64-linux-gnu.so[0m
[47.663s] [100%] Built target my_msg_types__rosidl_typesupport_fastrtps_c__pyext
[47.691s] Invoked command in '/home/dev/ros2_ws/build/my_msg_types' returned '0': CMAKE_PREFIX_PATH=/opt/ros/foxy /usr/bin/cmake --build /home/dev/ros2_ws/build/my_msg_types -- -j2 -l2
[47.810s] Invoking command in '/home/dev/ros2_ws/build/my_msg_types': CMAKE_PREFIX_PATH=/opt/ros/foxy /usr/bin/cmake --install /home/dev/ros2_ws/build/my_msg_types
[47.830s] -- Install configuration: ""
[47.830s] -- Installing: /home/dev/ros2_ws/install/my_msg_types/share/ament_index/resource_index/rosidl_interfaces/my_msg_types
[47.831s] -- Installing: /home/dev/ros2_ws/install/my_msg_types/include/my_msg_types
[47.832s] -- Installing: /home/dev/ros2_ws/install/my_msg_types/include/my_msg_types/msg
[47.832s] -- Installing: /home/dev/ros2_ws/install/my_msg_types/include/my_msg_types/msg/my_msg.h
[47.832s] -- Installing: /home/dev/ros2_ws/install/my_msg_types/include/my_msg_types/msg/rosidl_generator_c__visibility_control.h
[47.832s] -- Installing: /home/dev/ros2_ws/install/my_msg_types/include/my_msg_types/msg/detail
[47.833s] -- Installing: /home/dev/ros2_ws/install/my_msg_types/include/my_msg_types/msg/detail/my_msg__type_support.h
[47.833s] -- Installing: /home/dev/ros2_ws/install/my_msg_types/include/my_msg_types/msg/detail/my_msg__functions.h
[47.834s] -- Installing: /home/dev/ros2_ws/install/my_msg_types/include/my_msg_types/msg/detail/my_msg__struct.h
[47.834s] -- Installing: /home/dev/ros2_ws/install/my_msg_types/include/my_msg_types/msg/detail/my_msg__functions.c
[47.834s] -- Installing: /home/dev/ros2_ws/install/my_msg_types/share/my_msg_types/environment/library_path.sh
[47.835s] -- Installing: /home/dev/ros2_ws/install/my_msg_types/share/my_msg_types/environment/library_path.dsv
[47.836s] -- Installing: /home/dev/ros2_ws/install/my_msg_types/lib/libmy_msg_types__rosidl_generator_c.so
[47.837s] -- Set runtime path of "/home/dev/ros2_ws/install/my_msg_types/lib/libmy_msg_types__rosidl_generator_c.so" to ""
[47.837s] -- Up-to-date: /home/dev/ros2_ws/install/my_msg_types/include/my_msg_types
[47.837s] -- Up-to-date: /home/dev/ros2_ws/install/my_msg_types/include/my_msg_types/msg
[47.838s] -- Installing: /home/dev/ros2_ws/install/my_msg_types/include/my_msg_types/msg/rosidl_typesupport_fastrtps_c__visibility_control.h
[47.838s] -- Up-to-date: /home/dev/ros2_ws/install/my_msg_types/include/my_msg_types/msg/detail
[47.838s] -- Installing: /home/dev/ros2_ws/install/my_msg_types/include/my_msg_types/msg/detail/my_msg__rosidl_typesupport_fastrtps_c.h
[47.838s] -- Installing: /home/dev/ros2_ws/install/my_msg_types/lib/libmy_msg_types__rosidl_typesupport_fastrtps_c.so
[47.839s] -- Set runtime path of "/home/dev/ros2_ws/install/my_msg_types/lib/libmy_msg_types__rosidl_typesupport_fastrtps_c.so" to ""
[47.839s] -- Up-to-date: /home/dev/ros2_ws/install/my_msg_types/include/my_msg_types
[47.840s] -- Up-to-date: /home/dev/ros2_ws/install/my_msg_types/include/my_msg_types/msg
[47.840s] -- Up-to-date: /home/dev/ros2_ws/install/my_msg_types/include/my_msg_types/msg/detail
[47.840s] -- Installing: /home/dev/ros2_ws/install/my_msg_types/include/my_msg_types/msg/detail/dds_fastrtps
[47.840s] -- Installing: /home/dev/ros2_ws/install/my_msg_types/include/my_msg_types/msg/detail/my_msg__rosidl_typesupport_fastrtps_cpp.hpp
[47.840s] -- Installing: /home/dev/ros2_ws/install/my_msg_types/include/my_msg_types/msg/rosidl_typesupport_fastrtps_cpp__visibility_control.h
[47.841s] -- Installing: /home/dev/ros2_ws/install/my_msg_types/lib/libmy_msg_types__rosidl_typesupport_fastrtps_cpp.so
[47.842s] -- Set runtime path of "/home/dev/ros2_ws/install/my_msg_types/lib/libmy_msg_types__rosidl_typesupport_fastrtps_cpp.so" to ""
[47.842s] -- Up-to-date: /home/dev/ros2_ws/install/my_msg_types/include/my_msg_types
[47.842s] -- Up-to-date: /home/dev/ros2_ws/install/my_msg_types/include/my_msg_types/msg
[47.842s] -- Installing: /home/dev/ros2_ws/install/my_msg_types/include/my_msg_types/msg/rosidl_typesupport_introspection_c__visibility_control.h
[47.843s] -- Up-to-date: /home/dev/ros2_ws/install/my_msg_types/include/my_msg_types/msg/detail
[47.843s] -- Installing: /home/dev/ros2_ws/install/my_msg_types/include/my_msg_types/msg/detail/my_msg__rosidl_typesupport_introspection_c.h
[47.843s] -- Installing: /home/dev/ros2_ws/install/my_msg_types/include/my_msg_types/msg/detail/my_msg__type_support.c
[47.843s] -- Installing: /home/dev/ros2_ws/install/my_msg_types/lib/libmy_msg_types__rosidl_typesupport_introspection_c.so
[47.844s] -- Set runtime path of "/home/dev/ros2_ws/install/my_msg_types/lib/libmy_msg_types__rosidl_typesupport_introspection_c.so" to ""
[47.844s] -- Installing: /home/dev/ros2_ws/install/my_msg_types/lib/libmy_msg_types__rosidl_typesupport_c.so
[47.846s] -- Set runtime path of "/home/dev/ros2_ws/install/my_msg_types/lib/libmy_msg_types__rosidl_typesupport_c.so" to ""
[47.846s] -- Up-to-date: /home/dev/ros2_ws/install/my_msg_types/include/my_msg_types
[47.846s] -- Up-to-date: /home/dev/ros2_ws/install/my_msg_types/include/my_msg_types/msg
[47.846s] -- Installing: /home/dev/ros2_ws/install/my_msg_types/include/my_msg_types/msg/my_msg.hpp
[47.847s] -- Up-to-date: /home/dev/ros2_ws/install/my_msg_types/include/my_msg_types/msg/detail
[47.847s] -- Installing: /home/dev/ros2_ws/install/my_msg_types/include/my_msg_types/msg/detail/my_msg__builder.hpp
[47.847s] -- Installing: /home/dev/ros2_ws/install/my_msg_types/include/my_msg_types/msg/detail/my_msg__struct.hpp
[47.847s] -- Installing: /home/dev/ros2_ws/install/my_msg_types/include/my_msg_types/msg/detail/my_msg__traits.hpp
[47.848s] -- Up-to-date: /home/dev/ros2_ws/install/my_msg_types/include/my_msg_types
[47.848s] -- Up-to-date: /home/dev/ros2_ws/install/my_msg_types/include/my_msg_types/msg
[47.848s] -- Up-to-date: /home/dev/ros2_ws/install/my_msg_types/include/my_msg_types/msg/detail
[47.848s] -- Installing: /home/dev/ros2_ws/install/my_msg_types/include/my_msg_types/msg/detail/my_msg__rosidl_typesupport_introspection_cpp.hpp
[47.848s] -- Installing: /home/dev/ros2_ws/install/my_msg_types/include/my_msg_types/msg/detail/my_msg__type_support.cpp
[47.849s] -- Installing: /home/dev/ros2_ws/install/my_msg_types/lib/libmy_msg_types__rosidl_typesupport_introspection_cpp.so
[47.849s] -- Set runtime path of "/home/dev/ros2_ws/install/my_msg_types/lib/libmy_msg_types__rosidl_typesupport_introspection_cpp.so" to ""
[47.849s] -- Installing: /home/dev/ros2_ws/install/my_msg_types/lib/libmy_msg_types__rosidl_typesupport_cpp.so
[47.850s] -- Set runtime path of "/home/dev/ros2_ws/install/my_msg_types/lib/libmy_msg_types__rosidl_typesupport_cpp.so" to ""
[47.851s] -- Installing: /home/dev/ros2_ws/install/my_msg_types/share/my_msg_types/environment/pythonpath.sh
[47.851s] -- Installing: /home/dev/ros2_ws/install/my_msg_types/share/my_msg_types/environment/pythonpath.dsv
[47.852s] -- Installing: /home/dev/ros2_ws/install/my_msg_types/lib/python3.8/site-packages/my_msg_types/__init__.py
[47.926s] Compiling '/home/dev/ros2_ws/install/my_msg_types/lib/python3.8/site-packages/my_msg_types/__init__.py'...
[47.934s] -- Installing: /home/dev/ros2_ws/install/my_msg_types/lib/python3.8/site-packages/my_msg_types/msg
[47.935s] -- Installing: /home/dev/ros2_ws/install/my_msg_types/lib/python3.8/site-packages/my_msg_types/msg/__init__.py
[47.935s] -- Installing: /home/dev/ros2_ws/install/my_msg_types/lib/python3.8/site-packages/my_msg_types/msg/_my_msg_s.c
[47.935s] -- Installing: /home/dev/ros2_ws/install/my_msg_types/lib/python3.8/site-packages/my_msg_types/msg/_my_msg.py
[47.936s] -- Installing: /home/dev/ros2_ws/install/my_msg_types/lib/python3.8/site-packages/my_msg_types/my_msg_types_s__rosidl_typesupport_fastrtps_c.cpython-38-x86_64-linux-gnu.so
[47.938s] -- Set runtime path of "/home/dev/ros2_ws/install/my_msg_types/lib/python3.8/site-packages/my_msg_types/my_msg_types_s__rosidl_typesupport_fastrtps_c.cpython-38-x86_64-linux-gnu.so" to ""
[47.938s] -- Installing: /home/dev/ros2_ws/install/my_msg_types/lib/python3.8/site-packages/my_msg_types/my_msg_types_s__rosidl_typesupport_introspection_c.cpython-38-x86_64-linux-gnu.so
[47.939s] -- Set runtime path of "/home/dev/ros2_ws/install/my_msg_types/lib/python3.8/site-packages/my_msg_types/my_msg_types_s__rosidl_typesupport_introspection_c.cpython-38-x86_64-linux-gnu.so" to ""
[47.940s] -- Installing: /home/dev/ros2_ws/install/my_msg_types/lib/python3.8/site-packages/my_msg_types/my_msg_types_s__rosidl_typesupport_c.cpython-38-x86_64-linux-gnu.so
[47.941s] -- Set runtime path of "/home/dev/ros2_ws/install/my_msg_types/lib/python3.8/site-packages/my_msg_types/my_msg_types_s__rosidl_typesupport_c.cpython-38-x86_64-linux-gnu.so" to ""
[47.941s] -- Installing: /home/dev/ros2_ws/install/my_msg_types/lib/libmy_msg_types__python.so
[47.942s] -- Set runtime path of "/home/dev/ros2_ws/install/my_msg_types/lib/libmy_msg_types__python.so" to ""
[47.943s] -- Installing: /home/dev/ros2_ws/install/my_msg_types/share/my_msg_types/msg/MyMsg.idl
[47.943s] -- Installing: /home/dev/ros2_ws/install/my_msg_types/share/my_msg_types/msg/MyMsg.msg
[47.944s] -- Installing: /home/dev/ros2_ws/install/my_msg_types/share/ament_index/resource_index/package_run_dependencies/my_msg_types
[47.945s] -- Installing: /home/dev/ros2_ws/install/my_msg_types/share/ament_index/resource_index/parent_prefix_path/my_msg_types
[47.945s] -- Installing: /home/dev/ros2_ws/install/my_msg_types/share/my_msg_types/environment/ament_prefix_path.sh
[47.945s] -- Installing: /home/dev/ros2_ws/install/my_msg_types/share/my_msg_types/environment/ament_prefix_path.dsv
[47.946s] -- Installing: /home/dev/ros2_ws/install/my_msg_types/share/my_msg_types/environment/path.sh
[47.946s] -- Installing: /home/dev/ros2_ws/install/my_msg_types/share/my_msg_types/environment/path.dsv
[47.946s] -- Installing: /home/dev/ros2_ws/install/my_msg_types/share/my_msg_types/local_setup.bash
[47.947s] -- Installing: /home/dev/ros2_ws/install/my_msg_types/share/my_msg_types/local_setup.sh
[47.947s] -- Installing: /home/dev/ros2_ws/install/my_msg_types/share/my_msg_types/local_setup.zsh
[47.947s] -- Installing: /home/dev/ros2_ws/install/my_msg_types/share/my_msg_types/local_setup.dsv
[47.948s] -- Installing: /home/dev/ros2_ws/install/my_msg_types/share/my_msg_types/package.dsv
[47.948s] -- Installing: /home/dev/ros2_ws/install/my_msg_types/share/ament_index/resource_index/packages/my_msg_types
[47.949s] -- Installing: /home/dev/ros2_ws/install/my_msg_types/share/my_msg_types/cmake/my_msg_types__rosidl_generator_cExport.cmake
[47.949s] -- Installing: /home/dev/ros2_ws/install/my_msg_types/share/my_msg_types/cmake/my_msg_types__rosidl_generator_cExport-noconfig.cmake
[47.950s] -- Installing: /home/dev/ros2_ws/install/my_msg_types/share/my_msg_types/cmake/my_msg_types__rosidl_typesupport_introspection_cExport.cmake
[47.951s] -- Installing: /home/dev/ros2_ws/install/my_msg_types/share/my_msg_types/cmake/my_msg_types__rosidl_typesupport_introspection_cExport-noconfig.cmake
[47.951s] -- Installing: /home/dev/ros2_ws/install/my_msg_types/share/my_msg_types/cmake/my_msg_types__rosidl_typesupport_cExport.cmake
[47.951s] -- Installing: /home/dev/ros2_ws/install/my_msg_types/share/my_msg_types/cmake/my_msg_types__rosidl_typesupport_cExport-noconfig.cmake
[47.952s] -- Installing: /home/dev/ros2_ws/install/my_msg_types/share/my_msg_types/cmake/my_msg_types__rosidl_generator_cppExport.cmake
[47.952s] -- Installing: /home/dev/ros2_ws/install/my_msg_types/share/my_msg_types/cmake/my_msg_types__rosidl_typesupport_introspection_cppExport.cmake
[47.953s] -- Installing: /home/dev/ros2_ws/install/my_msg_types/share/my_msg_types/cmake/my_msg_types__rosidl_typesupport_introspection_cppExport-noconfig.cmake
[47.953s] -- Installing: /home/dev/ros2_ws/install/my_msg_types/share/my_msg_types/cmake/my_msg_types__rosidl_typesupport_cppExport.cmake
[47.953s] -- Installing: /home/dev/ros2_ws/install/my_msg_types/share/my_msg_types/cmake/my_msg_types__rosidl_typesupport_cppExport-noconfig.cmake
[47.954s] -- Installing: /home/dev/ros2_ws/install/my_msg_types/share/my_msg_types/cmake/rosidl_cmake-extras.cmake
[47.954s] -- Installing: /home/dev/ros2_ws/install/my_msg_types/share/my_msg_types/cmake/ament_cmake_export_dependencies-extras.cmake
[47.955s] -- Installing: /home/dev/ros2_ws/install/my_msg_types/share/my_msg_types/cmake/ament_cmake_export_libraries-extras.cmake
[47.955s] -- Installing: /home/dev/ros2_ws/install/my_msg_types/share/my_msg_types/cmake/ament_cmake_export_targets-extras.cmake
[47.955s] -- Installing: /home/dev/ros2_ws/install/my_msg_types/share/my_msg_types/cmake/ament_cmake_export_include_directories-extras.cmake
[47.956s] -- Installing: /home/dev/ros2_ws/install/my_msg_types/share/my_msg_types/cmake/rosidl_cmake_export_typesupport_libraries-extras.cmake
[47.956s] -- Installing: /home/dev/ros2_ws/install/my_msg_types/share/my_msg_types/cmake/rosidl_cmake_export_typesupport_targets-extras.cmake
[47.956s] -- Installing: /home/dev/ros2_ws/install/my_msg_types/share/my_msg_types/cmake/my_msg_typesConfig.cmake
[47.957s] -- Installing: /home/dev/ros2_ws/install/my_msg_types/share/my_msg_types/cmake/my_msg_typesConfig-version.cmake
[47.957s] -- Installing: /home/dev/ros2_ws/install/my_msg_types/share/my_msg_types/package.xml
[47.968s] Invoked command in '/home/dev/ros2_ws/build/my_msg_types' returned '0': CMAKE_PREFIX_PATH=/opt/ros/foxy /usr/bin/cmake --install /home/dev/ros2_ws/build/my_msg_types
